[0.166s] Invoking command in '/home/lorena/my_ros2_ws/build/turtlebot3_navigation2': CMAKE_PREFIX_PATH=${CMAKE_PREFIX_PATH}:/home/lorena/my_ros2_ws/install/turtlebot3_teleop:/home/lorena/my_ros2_ws/install/turtlebot3_example:/home/lorena/my_ros2_ws/install/control_pkg:/opt/ros/foxy /usr/bin/cmake --build /home/lorena/my_ros2_ws/build/turtlebot3_navigation2 -- -j12 -l12
[1.928s] Invoked command in '/home/lorena/my_ros2_ws/build/turtlebot3_navigation2' returned '0': CMAKE_PREFIX_PATH=${CMAKE_PREFIX_PATH}:/home/lorena/my_ros2_ws/install/turtlebot3_teleop:/home/lorena/my_ros2_ws/install/turtlebot3_example:/home/lorena/my_ros2_ws/install/control_pkg:/opt/ros/foxy /usr/bin/cmake --build /home/lorena/my_ros2_ws/build/turtlebot3_navigation2 -- -j12 -l12
[1.993s] Invoking command in '/home/lorena/my_ros2_ws/build/turtlebot3_navigation2': CMAKE_PREFIX_PATH=${CMAKE_PREFIX_PATH}:/home/lorena/my_ros2_ws/install/turtlebot3_teleop:/home/lorena/my_ros2_ws/install/turtlebot3_example:/home/lorena/my_ros2_ws/install/control_pkg:/opt/ros/foxy /usr/bin/cmake --install /home/lorena/my_ros2_ws/build/turtlebot3_navigation2
[2.034s] -- Install configuration: ""
[2.035s] -- Up-to-date: /home/lorena/my_ros2_ws/install/turtlebot3_navigation2/share/turtlebot3_navigation2/launch
[2.035s] -- Up-to-date: /home/lorena/my_ros2_ws/install/turtlebot3_navigation2/share/turtlebot3_navigation2/launch/navigation2.launch.py
[2.035s] -- Up-to-date: /home/lorena/my_ros2_ws/install/turtlebot3_navigation2/share/turtlebot3_navigation2/map
[2.035s] -- Up-to-date: /home/lorena/my_ros2_ws/install/turtlebot3_navigation2/share/turtlebot3_navigation2/map/turtlebot3_world.yaml
[2.035s] -- Up-to-date: /home/lorena/my_ros2_ws/install/turtlebot3_navigation2/share/turtlebot3_navigation2/map/turtlebot3_world.pgm
[2.035s] -- Up-to-date: /home/lorena/my_ros2_ws/install/turtlebot3_navigation2/share/turtlebot3_navigation2/param
[2.035s] -- Up-to-date: /home/lorena/my_ros2_ws/install/turtlebot3_navigation2/share/turtlebot3_navigation2/param/burger.yaml
[2.035s] -- Up-to-date: /home/lorena/my_ros2_ws/install/turtlebot3_navigation2/share/turtlebot3_navigation2/param/waffle_pi.yaml
[2.035s] -- Up-to-date: /home/lorena/my_ros2_ws/install/turtlebot3_navigation2/share/turtlebot3_navigation2/param/waffle.yaml
[2.035s] -- Up-to-date: /home/lorena/my_ros2_ws/install/turtlebot3_navigation2/share/turtlebot3_navigation2/rviz
[2.035s] -- Up-to-date: /home/lorena/my_ros2_ws/install/turtlebot3_navigation2/share/turtlebot3_navigation2/rviz/tb3_navigation2.rviz
[2.035s] -- Up-to-date: /home/lorena/my_ros2_ws/install/turtlebot3_navigation2/share/ament_index/resource_index/package_run_dependencies/turtlebot3_navigation2
[2.035s] -- Up-to-date: /home/lorena/my_ros2_ws/install/turtlebot3_navigation2/share/ament_index/resource_index/parent_prefix_path/turtlebot3_navigation2
[2.035s] -- Up-to-date: /home/lorena/my_ros2_ws/install/turtlebot3_navigation2/share/turtlebot3_navigation2/environment/ament_prefix_path.sh
[2.035s] -- Up-to-date: /home/lorena/my_ros2_ws/install/turtlebot3_navigation2/share/turtlebot3_navigation2/environment/ament_prefix_path.dsv
[2.035s] -- Up-to-date: /home/lorena/my_ros2_ws/install/turtlebot3_navigation2/share/turtlebot3_navigation2/environment/path.sh
[2.035s] -- Up-to-date: /home/lorena/my_ros2_ws/install/turtlebot3_navigation2/share/turtlebot3_navigation2/environment/path.dsv
[2.036s] -- Up-to-date: /home/lorena/my_ros2_ws/install/turtlebot3_navigation2/share/turtlebot3_navigation2/local_setup.bash
[2.036s] -- Up-to-date: /home/lorena/my_ros2_ws/install/turtlebot3_navigation2/share/turtlebot3_navigation2/local_setup.sh
[2.036s] -- Up-to-date: /home/lorena/my_ros2_ws/install/turtlebot3_navigation2/share/turtlebot3_navigation2/local_setup.zsh
[2.036s] -- Up-to-date: /home/lorena/my_ros2_ws/install/turtlebot3_navigation2/share/turtlebot3_navigation2/local_setup.dsv
[2.036s] -- Up-to-date: /home/lorena/my_ros2_ws/install/turtlebot3_navigation2/share/turtlebot3_navigation2/package.dsv
[2.036s] -- Up-to-date: /home/lorena/my_ros2_ws/install/turtlebot3_navigation2/share/ament_index/resource_index/packages/turtlebot3_navigation2
[2.036s] -- Up-to-date: /home/lorena/my_ros2_ws/install/turtlebot3_navigation2/share/turtlebot3_navigation2/cmake/turtlebot3_navigation2Config.cmake
[2.036s] -- Up-to-date: /home/lorena/my_ros2_ws/install/turtlebot3_navigation2/share/turtlebot3_navigation2/cmake/turtlebot3_navigation2Config-version.cmake
[2.036s] -- Up-to-date: /home/lorena/my_ros2_ws/install/turtlebot3_navigation2/share/turtlebot3_navigation2/package.xml
[2.134s] Invoked command in '/home/lorena/my_ros2_ws/build/turtlebot3_navigation2' returned '0': CMAKE_PREFIX_PATH=${CMAKE_PREFIX_PATH}:/home/lorena/my_ros2_ws/install/turtlebot3_teleop:/home/lorena/my_ros2_ws/install/turtlebot3_example:/home/lorena/my_ros2_ws/install/control_pkg:/opt/ros/foxy /usr/bin/cmake --install /home/lorena/my_ros2_ws/build/turtlebot3_navigation2
