[0.228s] Invoking command in '/home/lorena/my_ros2_ws/build/provant_simulator_interfaces': CMAKE_PREFIX_PATH=/home/lorena/my_ros2_ws/install/provant_simulator_linters:/home/lorena/my_ros2_ws/install/turtlebot3:/home/lorena/my_ros2_ws/install/turtlebot3_simulations:/home/lorena/my_ros2_ws/install/turtlebot3_bringup:/home/lorena/my_ros2_ws/install/turtlebot3_node:/home/lorena/my_ros2_ws/install/turtlebot3_navigation2:/home/lorena/my_ros2_ws/install/turtlebot3_fake_node:/home/lorena/my_ros2_ws/install/turtlebot3_msgs:/home/lorena/my_ros2_ws/install/turtlebot3_gazebo:/home/lorena/my_ros2_ws/install/turtlebot3_description:/home/lorena/my_ros2_ws/install/turtlebot3_cartographer:/home/lorena/my_ros2_ws/install/dynamixel_sdk:/home/lorena/my_ros2_ws/install/MYROBOT_gazebo:/home/lorena/my_ros2_ws/install/MYROBOT_description:/home/lorena/my_ros2_ws/install/turtlebot3_teleop:/home/lorena/my_ros2_ws/install/turtlebot3_example:/home/lorena/my_ros2_ws/install/control_pkg:/opt/ros/foxy /usr/bin/cmake /home/lorena/my_ros2_ws/src/provant_simulator/provant_simulator_interfaces -DCMAKE_INSTALL_PREFIX=/home/lorena/my_ros2_ws/install/provant_simulator_interfaces
[0.366s] -- Found ament_cmake: 0.9.11 (/opt/ros/foxy/share/ament_cmake/cmake)
[0.366s] -- Found PythonInterp: /usr/bin/python3 (found suitable version "3.8.10", minimum required is "3") 
[0.366s] -- Using PYTHON_EXECUTABLE: /usr/bin/python3
[0.787s] -- Found rosidl_default_generators: 1.0.1 (/opt/ros/foxy/share/rosidl_default_generators/cmake)
[0.798s] -- Using all available rosidl_typesupport_c: rosidl_typesupport_fastrtps_c;rosidl_typesupport_introspection_c
[0.809s] -- Found rosidl_adapter: 1.3.0 (/opt/ros/foxy/share/rosidl_adapter/cmake)
[1.297s] -- Using all available rosidl_typesupport_cpp: rosidl_typesupport_fastrtps_cpp;rosidl_typesupport_introspection_cpp
[1.341s] -- Found builtin_interfaces: 1.0.0 (/opt/ros/foxy/share/builtin_interfaces/cmake)
[1.416s] -- Found PythonInterp: /usr/bin/python3 (found version "3.8.10") 
[1.747s] -- Found ament_cmake_cppcheck: 0.9.7 (/opt/ros/foxy/share/ament_cmake_cppcheck/cmake)
[1.748s] -- Found ament_cmake_cpplint: 0.9.7 (/opt/ros/foxy/share/ament_cmake_cpplint/cmake)
[1.750s] -- Found ament_cmake_uncrustify: 0.9.7 (/opt/ros/foxy/share/ament_cmake_uncrustify/cmake)
[1.752s] -- Found ament_cmake_ros: 0.9.2 (/opt/ros/foxy/share/ament_cmake_ros/cmake)
[1.930s] -- Using all available rosidl_typesupport_c: rosidl_typesupport_fastrtps_c;rosidl_typesupport_introspection_c
[1.963s] -- Using all available rosidl_typesupport_cpp: rosidl_typesupport_fastrtps_cpp;rosidl_typesupport_introspection_cpp
[1.998s] -- Found PythonInterp: /usr/bin/python3 (found suitable version "3.8.10", minimum required is "3.5") 
[1.999s] -- Found python_cmake_module: 0.8.1 (/opt/ros/foxy/share/python_cmake_module/cmake)
[2.035s] -- Using PYTHON_EXECUTABLE: /usr/bin/python3
[2.036s] -- Using PYTHON_INCLUDE_DIRS: /usr/include/python3.8
[2.036s] -- Using PYTHON_LIBRARIES: /usr/lib/x86_64-linux-gnu/libpython3.8.so
[2.075s] -- Found ament_cmake_flake8: 0.9.7 (/opt/ros/foxy/share/ament_cmake_flake8/cmake)
[2.077s] -- Found ament_cmake_pep257: 0.9.7 (/opt/ros/foxy/share/ament_cmake_pep257/cmake)
[2.079s] -- Found ament_lint_auto: 0.9.7 (/opt/ros/foxy/share/ament_lint_auto/cmake)
[2.101s] [31mCMake Error at /home/lorena/my_ros2_ws/install/provant_simulator_linters/share/provant_simulator_linters/cmake/ament_cmake_export_dependencies-extras.cmake:21 (find_package):
[2.101s]   By not providing "Findament_cmake_clang_format.cmake" in CMAKE_MODULE_PATH
[2.101s]   this project has asked CMake to find a package configuration file provided
[2.101s]   by "ament_cmake_clang_format", but CMake did not find one.
[2.101s] 
[2.101s]   Could not find a package configuration file provided by
[2.101s]   "ament_cmake_clang_format" with any of the following names:
[2.102s] 
[2.102s]     ament_cmake_clang_formatConfig.cmake
[2.102s]     ament_cmake_clang_format-config.cmake
[2.102s] 
[2.102s]   Add the installation prefix of "ament_cmake_clang_format" to
[2.102s]   CMAKE_PREFIX_PATH or set "ament_cmake_clang_format_DIR" to a directory
[2.102s]   containing one of the above files.  If "ament_cmake_clang_format" provides
[2.102s]   a separate development package or SDK, be sure it has been installed.
[2.102s] Call Stack (most recent call first):
[2.102s]   /home/lorena/my_ros2_ws/install/provant_simulator_linters/share/provant_simulator_linters/cmake/provant_simulator_lintersConfig.cmake:41 (include)
[2.102s]   /opt/ros/foxy/share/ament_lint_auto/cmake/ament_lint_auto_find_test_dependencies.cmake:36 (find_package)
[2.102s]   CMakeLists.txt:29 (ament_lint_auto_find_test_dependencies)
[2.102s] 
[2.102s] [0m
[2.102s] -- Configuring incomplete, errors occurred!
