[0.033s] Invoking command in '/home/lorena/my_ros2_ws/build/turtlebot3_node': AMENT_PREFIX_PATH=/home/lorena/my_ros2_ws/install/turtlebot3_msgs:/home/lorena/my_ros2_ws/install/dynamixel_sdk:${AMENT_PREFIX_PATH} CMAKE_PREFIX_PATH=/home/lorena/my_ros2_ws/install/turtlebot3_msgs:/home/lorena/my_ros2_ws/install/dynamixel_sdk:/opt/ros/foxy LD_LIBRARY_PATH=/home/lorena/my_ros2_ws/install/turtlebot3_msgs/lib:/home/lorena/my_ros2_ws/install/dynamixel_sdk/lib:${LD_LIBRARY_PATH} PYTHONPATH=/home/lorena/my_ros2_ws/install/turtlebot3_msgs/lib/python3.8/site-packages:${PYTHONPATH} /usr/bin/cmake /home/lorena/my_ros2_ws/src/turtlebot3/turtlebot3_node -DCMAKE_INSTALL_PREFIX=/home/lorena/my_ros2_ws/install/turtlebot3_node
[0.394s] -- The C compiler identification is GNU 9.4.0
[0.395s] -- The CXX compiler identification is GNU 9.4.0
[0.397s] -- Check for working C compiler: /usr/bin/cc
[0.398s] -- Check for working C compiler: /usr/bin/cc -- works
[0.399s] -- Detecting C compiler ABI info
[0.399s] -- Detecting C compiler ABI info - done
[0.399s] -- Detecting C compile features
[0.399s] -- Detecting C compile features - done
[0.399s] -- Check for working CXX compiler: /usr/bin/c++
[0.399s] -- Check for working CXX compiler: /usr/bin/c++ -- works
[0.401s] -- Detecting CXX compiler ABI info
[0.436s] -- Detecting CXX compiler ABI info - done
[0.444s] -- Detecting CXX compile features
[0.444s] -- Detecting CXX compile features - done
[0.455s] -- Found ament_cmake: 0.9.11 (/opt/ros/foxy/share/ament_cmake/cmake)
[0.491s] -- Found PythonInterp: /usr/bin/python3 (found suitable version "3.8.10", minimum required is "3") 
[0.491s] -- Using PYTHON_EXECUTABLE: /usr/bin/python3
[0.745s] -- Found dynamixel_sdk: 3.7.30 (/home/lorena/my_ros2_ws/install/dynamixel_sdk/share/dynamixel_sdk/cmake)
[0.748s] -- Found geometry_msgs: 2.0.5 (/opt/ros/foxy/share/geometry_msgs/cmake)
[0.786s] -- Using all available rosidl_typesupport_c: rosidl_typesupport_fastrtps_c;rosidl_typesupport_introspection_c
[0.796s] -- Found rosidl_adapter: 1.3.0 (/opt/ros/foxy/share/rosidl_adapter/cmake)
[0.891s] -- Found OpenSSL: /usr/lib/x86_64-linux-gnu/libcrypto.so (found version "1.1.1f")  
[0.932s] -- Found FastRTPS: /opt/ros/foxy/include  
[1.031s] -- Using all available rosidl_typesupport_cpp: rosidl_typesupport_fastrtps_cpp;rosidl_typesupport_introspection_cpp
[1.141s] -- Found message_filters: 3.2.5 (/opt/ros/foxy/share/message_filters/cmake)
[1.146s] -- Found nav_msgs: 2.0.5 (/opt/ros/foxy/share/nav_msgs/cmake)
[1.240s] -- Found rclcpp: 2.4.2 (/opt/ros/foxy/share/rclcpp/cmake)
[1.297s] -- Found rmw_implementation_cmake: 1.0.3 (/opt/ros/foxy/share/rmw_implementation_cmake/cmake)
[1.300s] -- Using RMW implementation 'rmw_fastrtps_cpp' as default
[1.301s] -- Looking for pthread.h
[1.369s] -- Looking for pthread.h - found
[1.370s] -- Performing Test CMAKE_HAVE_LIBC_PTHREAD
[1.434s] -- Performing Test CMAKE_HAVE_LIBC_PTHREAD - Failed
[1.434s] -- Looking for pthread_create in pthreads
[1.492s] -- Looking for pthread_create in pthreads - not found
[1.492s] -- Looking for pthread_create in pthread
[1.554s] -- Looking for pthread_create in pthread - found
[1.555s] -- Found Threads: TRUE  
[1.713s] -- Found sensor_msgs: 2.0.5 (/opt/ros/foxy/share/sensor_msgs/cmake)
[1.800s] -- Found std_srvs: 2.0.5 (/opt/ros/foxy/share/std_srvs/cmake)
[1.813s] -- Found tf2: 0.13.13 (/opt/ros/foxy/share/tf2/cmake)
[1.827s] -- Found tf2_ros: 0.13.13 (/opt/ros/foxy/share/tf2_ros/cmake)
[2.158s] -- Found turtlebot3_msgs: 2.2.1 (/home/lorena/my_ros2_ws/install/turtlebot3_msgs/share/turtlebot3_msgs/cmake)
[2.313s] -- Configuring done
[2.377s] -- Generating done
[2.379s] -- Build files have been written to: /home/lorena/my_ros2_ws/build/turtlebot3_node
[2.396s] Invoked command in '/home/lorena/my_ros2_ws/build/turtlebot3_node' returned '0': AMENT_PREFIX_PATH=/home/lorena/my_ros2_ws/install/turtlebot3_msgs:/home/lorena/my_ros2_ws/install/dynamixel_sdk:${AMENT_PREFIX_PATH} CMAKE_PREFIX_PATH=/home/lorena/my_ros2_ws/install/turtlebot3_msgs:/home/lorena/my_ros2_ws/install/dynamixel_sdk:/opt/ros/foxy LD_LIBRARY_PATH=/home/lorena/my_ros2_ws/install/turtlebot3_msgs/lib:/home/lorena/my_ros2_ws/install/dynamixel_sdk/lib:${LD_LIBRARY_PATH} PYTHONPATH=/home/lorena/my_ros2_ws/install/turtlebot3_msgs/lib/python3.8/site-packages:${PYTHONPATH} /usr/bin/cmake /home/lorena/my_ros2_ws/src/turtlebot3/turtlebot3_node -DCMAKE_INSTALL_PREFIX=/home/lorena/my_ros2_ws/install/turtlebot3_node
[2.399s] Invoking command in '/home/lorena/my_ros2_ws/build/turtlebot3_node': AMENT_PREFIX_PATH=/home/lorena/my_ros2_ws/install/turtlebot3_msgs:/home/lorena/my_ros2_ws/install/dynamixel_sdk:${AMENT_PREFIX_PATH} CMAKE_PREFIX_PATH=/home/lorena/my_ros2_ws/install/turtlebot3_msgs:/home/lorena/my_ros2_ws/install/dynamixel_sdk:/opt/ros/foxy LD_LIBRARY_PATH=/home/lorena/my_ros2_ws/install/turtlebot3_msgs/lib:/home/lorena/my_ros2_ws/install/dynamixel_sdk/lib:${LD_LIBRARY_PATH} PYTHONPATH=/home/lorena/my_ros2_ws/install/turtlebot3_msgs/lib/python3.8/site-packages:${PYTHONPATH} /usr/bin/cmake --build /home/lorena/my_ros2_ws/build/turtlebot3_node -- -j12 -l12
[2.434s] [35m[1mScanning dependencies of target turtlebot3_node_lib[0m
[2.493s] [ 21%] [32mBuilding CXX object CMakeFiles/turtlebot3_node_lib.dir/src/devices/reset.cpp.o[0m
[2.494s] [ 21%] [32mBuilding CXX object CMakeFiles/turtlebot3_node_lib.dir/src/devices/sound.cpp.o[0m
[2.494s] [ 21%] [32mBuilding CXX object CMakeFiles/turtlebot3_node_lib.dir/src/devices/motor_power.cpp.o[0m
[2.495s] [ 28%] [32mBuilding CXX object CMakeFiles/turtlebot3_node_lib.dir/src/diff_drive_controller.cpp.o[0m
[2.496s] [ 35%] [32mBuilding CXX object CMakeFiles/turtlebot3_node_lib.dir/src/odometry.cpp.o[0m
[2.497s] [ 42%] [32mBuilding CXX object CMakeFiles/turtlebot3_node_lib.dir/src/dynamixel_sdk_wrapper.cpp.o[0m
[2.498s] [ 50%] [32mBuilding CXX object CMakeFiles/turtlebot3_node_lib.dir/src/sensors/battery_state.cpp.o[0m
[2.503s] [ 57%] [32mBuilding CXX object CMakeFiles/turtlebot3_node_lib.dir/src/turtlebot3.cpp.o[0m
[2.504s] [ 64%] [32mBuilding CXX object CMakeFiles/turtlebot3_node_lib.dir/src/sensors/joint_state.cpp.o[0m
[2.504s] [ 71%] [32mBuilding CXX object CMakeFiles/turtlebot3_node_lib.dir/src/sensors/imu.cpp.o[0m
[2.633s] [ 78%] [32mBuilding CXX object CMakeFiles/turtlebot3_node_lib.dir/src/sensors/sensor_state.cpp.o[0m
[137.111s] [ 85%] [32m[1mLinking CXX static library libturtlebot3_node_lib.a[0m
[137.324s] [ 85%] Built target turtlebot3_node_lib
[137.332s] [35m[1mScanning dependencies of target turtlebot3_ros[0m
[137.417s] [ 92%] [32mBuilding CXX object CMakeFiles/turtlebot3_ros.dir/src/node_main.cpp.o[0m
[138.965s] [100%] [32m[1mLinking CXX executable turtlebot3_ros[0m
[139.676s] [100%] Built target turtlebot3_ros
[139.684s] Invoked command in '/home/lorena/my_ros2_ws/build/turtlebot3_node' returned '0': AMENT_PREFIX_PATH=/home/lorena/my_ros2_ws/install/turtlebot3_msgs:/home/lorena/my_ros2_ws/install/dynamixel_sdk:${AMENT_PREFIX_PATH} CMAKE_PREFIX_PATH=/home/lorena/my_ros2_ws/install/turtlebot3_msgs:/home/lorena/my_ros2_ws/install/dynamixel_sdk:/opt/ros/foxy LD_LIBRARY_PATH=/home/lorena/my_ros2_ws/install/turtlebot3_msgs/lib:/home/lorena/my_ros2_ws/install/dynamixel_sdk/lib:${LD_LIBRARY_PATH} PYTHONPATH=/home/lorena/my_ros2_ws/install/turtlebot3_msgs/lib/python3.8/site-packages:${PYTHONPATH} /usr/bin/cmake --build /home/lorena/my_ros2_ws/build/turtlebot3_node -- -j12 -l12
[139.712s] Invoking command in '/home/lorena/my_ros2_ws/build/turtlebot3_node': AMENT_PREFIX_PATH=/home/lorena/my_ros2_ws/install/turtlebot3_msgs:/home/lorena/my_ros2_ws/install/dynamixel_sdk:${AMENT_PREFIX_PATH} CMAKE_PREFIX_PATH=/home/lorena/my_ros2_ws/install/turtlebot3_msgs:/home/lorena/my_ros2_ws/install/dynamixel_sdk:/opt/ros/foxy LD_LIBRARY_PATH=/home/lorena/my_ros2_ws/install/turtlebot3_msgs/lib:/home/lorena/my_ros2_ws/install/dynamixel_sdk/lib:${LD_LIBRARY_PATH} PYTHONPATH=/home/lorena/my_ros2_ws/install/turtlebot3_msgs/lib/python3.8/site-packages:${PYTHONPATH} /usr/bin/cmake --install /home/lorena/my_ros2_ws/build/turtlebot3_node
[139.719s] -- Install configuration: ""
[139.719s] -- Installing: /home/lorena/my_ros2_ws/install/turtlebot3_node/share/turtlebot3_node/param
[139.719s] -- Installing: /home/lorena/my_ros2_ws/install/turtlebot3_node/share/turtlebot3_node/param/burger.yaml
[139.719s] -- Installing: /home/lorena/my_ros2_ws/install/turtlebot3_node/share/turtlebot3_node/param/waffle_pi.yaml
[139.719s] -- Installing: /home/lorena/my_ros2_ws/install/turtlebot3_node/share/turtlebot3_node/param/waffle.yaml
[139.719s] -- Installing: /home/lorena/my_ros2_ws/install/turtlebot3_node/lib/turtlebot3_node/turtlebot3_ros
[139.723s] -- Set runtime path of "/home/lorena/my_ros2_ws/install/turtlebot3_node/lib/turtlebot3_node/turtlebot3_ros" to ""
[139.725s] -- Installing: /home/lorena/my_ros2_ws/install/turtlebot3_node/share/ament_index/resource_index/package_run_dependencies/turtlebot3_node
[139.725s] -- Installing: /home/lorena/my_ros2_ws/install/turtlebot3_node/share/ament_index/resource_index/parent_prefix_path/turtlebot3_node
[139.725s] -- Installing: /home/lorena/my_ros2_ws/install/turtlebot3_node/share/turtlebot3_node/environment/ament_prefix_path.sh
[139.725s] -- Installing: /home/lorena/my_ros2_ws/install/turtlebot3_node/share/turtlebot3_node/environment/ament_prefix_path.dsv
[139.725s] -- Installing: /home/lorena/my_ros2_ws/install/turtlebot3_node/share/turtlebot3_node/environment/path.sh
[139.725s] -- Installing: /home/lorena/my_ros2_ws/install/turtlebot3_node/share/turtlebot3_node/environment/path.dsv
[139.726s] -- Installing: /home/lorena/my_ros2_ws/install/turtlebot3_node/share/turtlebot3_node/local_setup.bash
[139.726s] -- Installing: /home/lorena/my_ros2_ws/install/turtlebot3_node/share/turtlebot3_node/local_setup.sh
[139.726s] -- Installing: /home/lorena/my_ros2_ws/install/turtlebot3_node/share/turtlebot3_node/local_setup.zsh
[139.726s] -- Installing: /home/lorena/my_ros2_ws/install/turtlebot3_node/share/turtlebot3_node/local_setup.dsv
[139.726s] -- Installing: /home/lorena/my_ros2_ws/install/turtlebot3_node/share/turtlebot3_node/package.dsv
[139.726s] -- Installing: /home/lorena/my_ros2_ws/install/turtlebot3_node/share/ament_index/resource_index/packages/turtlebot3_node
[139.727s] -- Installing: /home/lorena/my_ros2_ws/install/turtlebot3_node/share/turtlebot3_node/cmake/ament_cmake_export_include_directories-extras.cmake
[139.727s] -- Installing: /home/lorena/my_ros2_ws/install/turtlebot3_node/share/turtlebot3_node/cmake/turtlebot3_nodeConfig.cmake
[139.727s] -- Installing: /home/lorena/my_ros2_ws/install/turtlebot3_node/share/turtlebot3_node/cmake/turtlebot3_nodeConfig-version.cmake
[139.727s] -- Installing: /home/lorena/my_ros2_ws/install/turtlebot3_node/share/turtlebot3_node/package.xml
[139.730s] Invoked command in '/home/lorena/my_ros2_ws/build/turtlebot3_node' returned '0': AMENT_PREFIX_PATH=/home/lorena/my_ros2_ws/install/turtlebot3_msgs:/home/lorena/my_ros2_ws/install/dynamixel_sdk:${AMENT_PREFIX_PATH} CMAKE_PREFIX_PATH=/home/lorena/my_ros2_ws/install/turtlebot3_msgs:/home/lorena/my_ros2_ws/install/dynamixel_sdk:/opt/ros/foxy LD_LIBRARY_PATH=/home/lorena/my_ros2_ws/install/turtlebot3_msgs/lib:/home/lorena/my_ros2_ws/install/dynamixel_sdk/lib:${LD_LIBRARY_PATH} PYTHONPATH=/home/lorena/my_ros2_ws/install/turtlebot3_msgs/lib/python3.8/site-packages:${PYTHONPATH} /usr/bin/cmake --install /home/lorena/my_ros2_ws/build/turtlebot3_node
