[0.080s] Invoking command in '/home/lorena/my_ros2_ws/build/provant_simulator_linters': CMAKE_PREFIX_PATH=${CMAKE_PREFIX_PATH}:/home/lorena/my_ros2_ws/install/turtlebot3_teleop:/home/lorena/my_ros2_ws/install/turtlebot3_example:/home/lorena/my_ros2_ws/install/control_pkg:/opt/ros/foxy /usr/bin/cmake /home/lorena/my_ros2_ws/src/provant_simulator/provant_simulator_linters -DCMAKE_INSTALL_PREFIX=/home/lorena/my_ros2_ws/install/provant_simulator_linters
[0.662s] -- Found ament_cmake_core: 0.9.11 (/opt/ros/foxy/share/ament_cmake_core/cmake)
[0.662s] -- Found PythonInterp: /usr/bin/python3 (found suitable version "3.8.10", minimum required is "3") 
[0.662s] -- Using PYTHON_EXECUTABLE: /usr/bin/python3
[0.662s] -- Found ament_cmake_export_dependencies: 0.9.11 (/opt/ros/foxy/share/ament_cmake_export_dependencies/cmake)
[0.662s] -- Configuring done (0.2s)
[0.662s] -- Generating done (0.0s)
[0.662s] -- Build files have been written to: /home/lorena/my_ros2_ws/build/provant_simulator_linters
[0.683s] Invoked command in '/home/lorena/my_ros2_ws/build/provant_simulator_linters' returned '0': CMAKE_PREFIX_PATH=${CMAKE_PREFIX_PATH}:/home/lorena/my_ros2_ws/install/turtlebot3_teleop:/home/lorena/my_ros2_ws/install/turtlebot3_example:/home/lorena/my_ros2_ws/install/control_pkg:/opt/ros/foxy /usr/bin/cmake /home/lorena/my_ros2_ws/src/provant_simulator/provant_simulator_linters -DCMAKE_INSTALL_PREFIX=/home/lorena/my_ros2_ws/install/provant_simulator_linters
[0.684s] Invoking command in '/home/lorena/my_ros2_ws/build/provant_simulator_linters': CMAKE_PREFIX_PATH=${CMAKE_PREFIX_PATH}:/home/lorena/my_ros2_ws/install/turtlebot3_teleop:/home/lorena/my_ros2_ws/install/turtlebot3_example:/home/lorena/my_ros2_ws/install/control_pkg:/opt/ros/foxy /usr/bin/cmake --build /home/lorena/my_ros2_ws/build/provant_simulator_linters -- -j12 -l12
[0.696s] Invoked command in '/home/lorena/my_ros2_ws/build/provant_simulator_linters' returned '0': CMAKE_PREFIX_PATH=${CMAKE_PREFIX_PATH}:/home/lorena/my_ros2_ws/install/turtlebot3_teleop:/home/lorena/my_ros2_ws/install/turtlebot3_example:/home/lorena/my_ros2_ws/install/control_pkg:/opt/ros/foxy /usr/bin/cmake --build /home/lorena/my_ros2_ws/build/provant_simulator_linters -- -j12 -l12
[0.722s] Invoking command in '/home/lorena/my_ros2_ws/build/provant_simulator_linters': CMAKE_PREFIX_PATH=${CMAKE_PREFIX_PATH}:/home/lorena/my_ros2_ws/install/turtlebot3_teleop:/home/lorena/my_ros2_ws/install/turtlebot3_example:/home/lorena/my_ros2_ws/install/control_pkg:/opt/ros/foxy /usr/bin/cmake --install /home/lorena/my_ros2_ws/build/provant_simulator_linters
[0.726s] -- Install configuration: ""
[0.727s] -- Installing: /home/lorena/my_ros2_ws/install/provant_simulator_linters/share/ament_index/resource_index/package_run_dependencies/provant_simulator_linters
[0.727s] -- Installing: /home/lorena/my_ros2_ws/install/provant_simulator_linters/share/ament_index/resource_index/parent_prefix_path/provant_simulator_linters
[0.727s] -- Installing: /home/lorena/my_ros2_ws/install/provant_simulator_linters/share/provant_simulator_linters/environment/ament_prefix_path.sh
[0.727s] -- Installing: /home/lorena/my_ros2_ws/install/provant_simulator_linters/share/provant_simulator_linters/environment/ament_prefix_path.dsv
[0.727s] -- Installing: /home/lorena/my_ros2_ws/install/provant_simulator_linters/share/provant_simulator_linters/environment/path.sh
[0.727s] -- Installing: /home/lorena/my_ros2_ws/install/provant_simulator_linters/share/provant_simulator_linters/environment/path.dsv
[0.728s] -- Installing: /home/lorena/my_ros2_ws/install/provant_simulator_linters/share/provant_simulator_linters/local_setup.bash
[0.728s] -- Installing: /home/lorena/my_ros2_ws/install/provant_simulator_linters/share/provant_simulator_linters/local_setup.sh
[0.728s] -- Installing: /home/lorena/my_ros2_ws/install/provant_simulator_linters/share/provant_simulator_linters/local_setup.zsh
[0.728s] -- Installing: /home/lorena/my_ros2_ws/install/provant_simulator_linters/share/provant_simulator_linters/local_setup.dsv
[0.728s] -- Installing: /home/lorena/my_ros2_ws/install/provant_simulator_linters/share/provant_simulator_linters/package.dsv
[0.728s] -- Installing: /home/lorena/my_ros2_ws/install/provant_simulator_linters/share/ament_index/resource_index/packages/provant_simulator_linters
[0.728s] -- Installing: /home/lorena/my_ros2_ws/install/provant_simulator_linters/share/provant_simulator_linters/cmake/ament_cmake_export_dependencies-extras.cmake
[0.728s] -- Installing: /home/lorena/my_ros2_ws/install/provant_simulator_linters/share/provant_simulator_linters/cmake/provant_simulator_lintersConfig.cmake
[0.728s] -- Installing: /home/lorena/my_ros2_ws/install/provant_simulator_linters/share/provant_simulator_linters/cmake/provant_simulator_lintersConfig-version.cmake
[0.728s] -- Installing: /home/lorena/my_ros2_ws/install/provant_simulator_linters/share/provant_simulator_linters/package.xml
[0.731s] Invoked command in '/home/lorena/my_ros2_ws/build/provant_simulator_linters' returned '0': CMAKE_PREFIX_PATH=${CMAKE_PREFIX_PATH}:/home/lorena/my_ros2_ws/install/turtlebot3_teleop:/home/lorena/my_ros2_ws/install/turtlebot3_example:/home/lorena/my_ros2_ws/install/control_pkg:/opt/ros/foxy /usr/bin/cmake --install /home/lorena/my_ros2_ws/build/provant_simulator_linters
