[1.379s] Invoking command in '/home/lorena/my_ros2_ws/src/turtlebot3/turtlebot3_teleop': PYTHONPATH=/home/lorena/my_ros2_ws/build/turtlebot3_teleop/prefix_override:/home/lorena/my_ros2_ws/install/turtlebot3_teleop/lib/python3.8/site-packages:${PYTHONPATH} /usr/bin/python3 setup.py egg_info --egg-base ../../../build/turtlebot3_teleop build --build-base /home/lorena/my_ros2_ws/build/turtlebot3_teleop/build install --record /home/lorena/my_ros2_ws/build/turtlebot3_teleop/install.log --single-version-externally-managed
[1.543s] running egg_info
[1.543s] writing ../../../build/turtlebot3_teleop/turtlebot3_teleop.egg-info/PKG-INFO
[1.543s] writing dependency_links to ../../../build/turtlebot3_teleop/turtlebot3_teleop.egg-info/dependency_links.txt
[1.543s] writing entry points to ../../../build/turtlebot3_teleop/turtlebot3_teleop.egg-info/entry_points.txt
[1.543s] writing requirements to ../../../build/turtlebot3_teleop/turtlebot3_teleop.egg-info/requires.txt
[1.543s] writing top-level names to ../../../build/turtlebot3_teleop/turtlebot3_teleop.egg-info/top_level.txt
[1.574s] reading manifest file '../../../build/turtlebot3_teleop/turtlebot3_teleop.egg-info/SOURCES.txt'
[1.575s] writing manifest file '../../../build/turtlebot3_teleop/turtlebot3_teleop.egg-info/SOURCES.txt'
[1.575s] running build
[1.575s] running build_py
[1.576s] running install
[1.576s] running install_lib
[1.581s] running install_data
[1.581s] running install_egg_info
[1.582s] removing '/home/lorena/my_ros2_ws/install/turtlebot3_teleop/lib/python3.8/site-packages/turtlebot3_teleop-2.1.4-py3.8.egg-info' (and everything under it)
[1.582s] Copying ../../../build/turtlebot3_teleop/turtlebot3_teleop.egg-info to /home/lorena/my_ros2_ws/install/turtlebot3_teleop/lib/python3.8/site-packages/turtlebot3_teleop-2.1.4-py3.8.egg-info
[1.582s] running install_scripts
[1.604s] Installing teleop_keyboard script to /home/lorena/my_ros2_ws/install/turtlebot3_teleop/lib/turtlebot3_teleop
[1.604s] writing list of installed files to '/home/lorena/my_ros2_ws/build/turtlebot3_teleop/install.log'
[1.645s] Invoked command in '/home/lorena/my_ros2_ws/src/turtlebot3/turtlebot3_teleop' returned '0': PYTHONPATH=/home/lorena/my_ros2_ws/build/turtlebot3_teleop/prefix_override:/home/lorena/my_ros2_ws/install/turtlebot3_teleop/lib/python3.8/site-packages:${PYTHONPATH} /usr/bin/python3 setup.py egg_info --egg-base ../../../build/turtlebot3_teleop build --build-base /home/lorena/my_ros2_ws/build/turtlebot3_teleop/build install --record /home/lorena/my_ros2_ws/build/turtlebot3_teleop/install.log --single-version-externally-managed
