[0.384s] Invoking command in '/home/lorena/my_ros2_ws/build/turtlebot3_fake_node': AMENT_PREFIX_PATH=/home/lorena/my_ros2_ws/install/turtlebot3_msgs:${AMENT_PREFIX_PATH} CMAKE_PREFIX_PATH=/home/lorena/my_ros2_ws/install/turtlebot3_msgs:/opt/ros/foxy LD_LIBRARY_PATH=/home/lorena/my_ros2_ws/install/turtlebot3_msgs/lib:${LD_LIBRARY_PATH} PYTHONPATH=/home/lorena/my_ros2_ws/install/turtlebot3_msgs/lib/python3.8/site-packages:${PYTHONPATH} /usr/bin/cmake /home/lorena/my_ros2_ws/src/turtlebot3_simulations/turtlebot3_fake_node -DCMAKE_INSTALL_PREFIX=/home/lorena/my_ros2_ws/install/turtlebot3_fake_node
[0.434s] -- The C compiler identification is GNU 9.4.0
[0.493s] -- The CXX compiler identification is GNU 9.4.0
[0.497s] -- Check for working C compiler: /usr/bin/cc
[0.570s] -- Check for working C compiler: /usr/bin/cc -- works
[0.571s] -- Detecting C compiler ABI info
[0.629s] -- Detecting C compiler ABI info - done
[0.637s] -- Detecting C compile features
[0.638s] -- Detecting C compile features - done
[0.639s] -- Check for working CXX compiler: /usr/bin/c++
[0.708s] -- Check for working CXX compiler: /usr/bin/c++ -- works
[0.709s] -- Detecting CXX compiler ABI info
[0.780s] -- Detecting CXX compiler ABI info - done
[0.792s] -- Detecting CXX compile features
[0.792s] -- Detecting CXX compile features - done
[0.794s] -- Found ament_cmake: 0.9.11 (/opt/ros/foxy/share/ament_cmake/cmake)
[0.818s] -- Found PythonInterp: /usr/bin/python3 (found suitable version "3.8.10", minimum required is "3") 
[0.818s] -- Using PYTHON_EXECUTABLE: /usr/bin/python3
[0.990s] -- Found geometry_msgs: 2.0.5 (/opt/ros/foxy/share/geometry_msgs/cmake)
[1.025s] -- Using all available rosidl_typesupport_c: rosidl_typesupport_fastrtps_c;rosidl_typesupport_introspection_c
[1.032s] -- Found rosidl_adapter: 1.3.0 (/opt/ros/foxy/share/rosidl_adapter/cmake)
[1.111s] -- Found OpenSSL: /usr/lib/x86_64-linux-gnu/libcrypto.so (found version "1.1.1f")  
[1.145s] -- Found FastRTPS: /opt/ros/foxy/include  
[1.209s] -- Using all available rosidl_typesupport_cpp: rosidl_typesupport_fastrtps_cpp;rosidl_typesupport_introspection_cpp
[1.278s] -- Found nav_msgs: 2.0.5 (/opt/ros/foxy/share/nav_msgs/cmake)
[1.333s] -- Found rclcpp: 2.4.2 (/opt/ros/foxy/share/rclcpp/cmake)
[1.371s] -- Found rmw_implementation_cmake: 1.0.3 (/opt/ros/foxy/share/rmw_implementation_cmake/cmake)
[1.372s] -- Using RMW implementation 'rmw_fastrtps_cpp' as default
[1.373s] -- Looking for pthread.h
[1.428s] -- Looking for pthread.h - found
[1.428s] -- Performing Test CMAKE_HAVE_LIBC_PTHREAD
[1.488s] -- Performing Test CMAKE_HAVE_LIBC_PTHREAD - Failed
[1.488s] -- Looking for pthread_create in pthreads
[1.534s] -- Looking for pthread_create in pthreads - not found
[1.535s] -- Looking for pthread_create in pthread
[1.598s] -- Looking for pthread_create in pthread - found
[1.599s] -- Found Threads: TRUE  
[1.707s] -- Found sensor_msgs: 2.0.5 (/opt/ros/foxy/share/sensor_msgs/cmake)
[1.764s] -- Found tf2: 0.13.13 (/opt/ros/foxy/share/tf2/cmake)
[1.773s] -- Found tf2_msgs: 0.13.13 (/opt/ros/foxy/share/tf2_msgs/cmake)
[1.910s] -- Found turtlebot3_msgs: 2.2.1 (/home/lorena/my_ros2_ws/install/turtlebot3_msgs/share/turtlebot3_msgs/cmake)
[2.038s] -- Configuring done
[2.051s] -- Generating done
[2.051s] -- Build files have been written to: /home/lorena/my_ros2_ws/build/turtlebot3_fake_node
[2.059s] Invoked command in '/home/lorena/my_ros2_ws/build/turtlebot3_fake_node' returned '0': AMENT_PREFIX_PATH=/home/lorena/my_ros2_ws/install/turtlebot3_msgs:${AMENT_PREFIX_PATH} CMAKE_PREFIX_PATH=/home/lorena/my_ros2_ws/install/turtlebot3_msgs:/opt/ros/foxy LD_LIBRARY_PATH=/home/lorena/my_ros2_ws/install/turtlebot3_msgs/lib:${LD_LIBRARY_PATH} PYTHONPATH=/home/lorena/my_ros2_ws/install/turtlebot3_msgs/lib/python3.8/site-packages:${PYTHONPATH} /usr/bin/cmake /home/lorena/my_ros2_ws/src/turtlebot3_simulations/turtlebot3_fake_node -DCMAKE_INSTALL_PREFIX=/home/lorena/my_ros2_ws/install/turtlebot3_fake_node
[2.060s] Invoking command in '/home/lorena/my_ros2_ws/build/turtlebot3_fake_node': AMENT_PREFIX_PATH=/home/lorena/my_ros2_ws/install/turtlebot3_msgs:${AMENT_PREFIX_PATH} CMAKE_PREFIX_PATH=/home/lorena/my_ros2_ws/install/turtlebot3_msgs:/opt/ros/foxy LD_LIBRARY_PATH=/home/lorena/my_ros2_ws/install/turtlebot3_msgs/lib:${LD_LIBRARY_PATH} PYTHONPATH=/home/lorena/my_ros2_ws/install/turtlebot3_msgs/lib/python3.8/site-packages:${PYTHONPATH} /usr/bin/cmake --build /home/lorena/my_ros2_ws/build/turtlebot3_fake_node -- -j12 -l12
[2.094s] [35m[1mScanning dependencies of target turtlebot3_fake_node[0m
[2.169s] [ 50%] [32mBuilding CXX object CMakeFiles/turtlebot3_fake_node.dir/src/turtlebot3_fake_node.cpp.o[0m
[134.498s] [100%] [32m[1mLinking CXX executable turtlebot3_fake_node[0m
[134.761s] [100%] Built target turtlebot3_fake_node
[134.771s] Invoked command in '/home/lorena/my_ros2_ws/build/turtlebot3_fake_node' returned '0': AMENT_PREFIX_PATH=/home/lorena/my_ros2_ws/install/turtlebot3_msgs:${AMENT_PREFIX_PATH} CMAKE_PREFIX_PATH=/home/lorena/my_ros2_ws/install/turtlebot3_msgs:/opt/ros/foxy LD_LIBRARY_PATH=/home/lorena/my_ros2_ws/install/turtlebot3_msgs/lib:${LD_LIBRARY_PATH} PYTHONPATH=/home/lorena/my_ros2_ws/install/turtlebot3_msgs/lib/python3.8/site-packages:${PYTHONPATH} /usr/bin/cmake --build /home/lorena/my_ros2_ws/build/turtlebot3_fake_node -- -j12 -l12
[134.789s] Invoking command in '/home/lorena/my_ros2_ws/build/turtlebot3_fake_node': AMENT_PREFIX_PATH=/home/lorena/my_ros2_ws/install/turtlebot3_msgs:${AMENT_PREFIX_PATH} CMAKE_PREFIX_PATH=/home/lorena/my_ros2_ws/install/turtlebot3_msgs:/opt/ros/foxy LD_LIBRARY_PATH=/home/lorena/my_ros2_ws/install/turtlebot3_msgs/lib:${LD_LIBRARY_PATH} PYTHONPATH=/home/lorena/my_ros2_ws/install/turtlebot3_msgs/lib/python3.8/site-packages:${PYTHONPATH} /usr/bin/cmake --install /home/lorena/my_ros2_ws/build/turtlebot3_fake_node
[134.795s] -- Install configuration: ""
[134.795s] -- Installing: /home/lorena/my_ros2_ws/install/turtlebot3_fake_node/lib/turtlebot3_fake_node/turtlebot3_fake_node
[134.796s] -- Set runtime path of "/home/lorena/my_ros2_ws/install/turtlebot3_fake_node/lib/turtlebot3_fake_node/turtlebot3_fake_node" to ""
[134.796s] -- Installing: /home/lorena/my_ros2_ws/install/turtlebot3_fake_node/share/turtlebot3_fake_node/launch
[134.797s] -- Installing: /home/lorena/my_ros2_ws/install/turtlebot3_fake_node/share/turtlebot3_fake_node/launch/turtlebot3_fake_node.launch.py
[134.797s] -- Installing: /home/lorena/my_ros2_ws/install/turtlebot3_fake_node/share/turtlebot3_fake_node/launch/rviz2.launch.py
[134.797s] -- Installing: /home/lorena/my_ros2_ws/install/turtlebot3_fake_node/share/turtlebot3_fake_node/param
[134.797s] -- Installing: /home/lorena/my_ros2_ws/install/turtlebot3_fake_node/share/turtlebot3_fake_node/param/burger.yaml
[134.797s] -- Installing: /home/lorena/my_ros2_ws/install/turtlebot3_fake_node/share/turtlebot3_fake_node/param/waffle_pi.yaml
[134.798s] -- Installing: /home/lorena/my_ros2_ws/install/turtlebot3_fake_node/share/turtlebot3_fake_node/param/waffle.yaml
[134.798s] -- Installing: /home/lorena/my_ros2_ws/install/turtlebot3_fake_node/share/turtlebot3_fake_node/rviz
[134.798s] -- Installing: /home/lorena/my_ros2_ws/install/turtlebot3_fake_node/share/turtlebot3_fake_node/rviz/model.rviz
[134.798s] -- Installing: /home/lorena/my_ros2_ws/install/turtlebot3_fake_node/include/
[134.798s] -- Installing: /home/lorena/my_ros2_ws/install/turtlebot3_fake_node/include//turtlebot3_fake_node
[134.798s] -- Installing: /home/lorena/my_ros2_ws/install/turtlebot3_fake_node/include//turtlebot3_fake_node/turtlebot3_fake_node.hpp
[134.799s] -- Installing: /home/lorena/my_ros2_ws/install/turtlebot3_fake_node/share/ament_index/resource_index/package_run_dependencies/turtlebot3_fake_node
[134.799s] -- Installing: /home/lorena/my_ros2_ws/install/turtlebot3_fake_node/share/ament_index/resource_index/parent_prefix_path/turtlebot3_fake_node
[134.800s] -- Installing: /home/lorena/my_ros2_ws/install/turtlebot3_fake_node/share/turtlebot3_fake_node/environment/ament_prefix_path.sh
[134.800s] -- Installing: /home/lorena/my_ros2_ws/install/turtlebot3_fake_node/share/turtlebot3_fake_node/environment/ament_prefix_path.dsv
[134.800s] -- Installing: /home/lorena/my_ros2_ws/install/turtlebot3_fake_node/share/turtlebot3_fake_node/environment/path.sh
[134.800s] -- Installing: /home/lorena/my_ros2_ws/install/turtlebot3_fake_node/share/turtlebot3_fake_node/environment/path.dsv
[134.800s] -- Installing: /home/lorena/my_ros2_ws/install/turtlebot3_fake_node/share/turtlebot3_fake_node/local_setup.bash
[134.800s] -- Installing: /home/lorena/my_ros2_ws/install/turtlebot3_fake_node/share/turtlebot3_fake_node/local_setup.sh
[134.801s] -- Installing: /home/lorena/my_ros2_ws/install/turtlebot3_fake_node/share/turtlebot3_fake_node/local_setup.zsh
[134.801s] -- Installing: /home/lorena/my_ros2_ws/install/turtlebot3_fake_node/share/turtlebot3_fake_node/local_setup.dsv
[134.801s] -- Installing: /home/lorena/my_ros2_ws/install/turtlebot3_fake_node/share/turtlebot3_fake_node/package.dsv
[134.801s] -- Installing: /home/lorena/my_ros2_ws/install/turtlebot3_fake_node/share/ament_index/resource_index/packages/turtlebot3_fake_node
[134.801s] -- Installing: /home/lorena/my_ros2_ws/install/turtlebot3_fake_node/share/turtlebot3_fake_node/cmake/ament_cmake_export_include_directories-extras.cmake
[134.802s] -- Installing: /home/lorena/my_ros2_ws/install/turtlebot3_fake_node/share/turtlebot3_fake_node/cmake/ament_cmake_export_dependencies-extras.cmake
[134.802s] -- Installing: /home/lorena/my_ros2_ws/install/turtlebot3_fake_node/share/turtlebot3_fake_node/cmake/turtlebot3_fake_nodeConfig.cmake
[134.802s] -- Installing: /home/lorena/my_ros2_ws/install/turtlebot3_fake_node/share/turtlebot3_fake_node/cmake/turtlebot3_fake_nodeConfig-version.cmake
[134.802s] -- Installing: /home/lorena/my_ros2_ws/install/turtlebot3_fake_node/share/turtlebot3_fake_node/package.xml
[134.805s] Invoked command in '/home/lorena/my_ros2_ws/build/turtlebot3_fake_node' returned '0': AMENT_PREFIX_PATH=/home/lorena/my_ros2_ws/install/turtlebot3_msgs:${AMENT_PREFIX_PATH} CMAKE_PREFIX_PATH=/home/lorena/my_ros2_ws/install/turtlebot3_msgs:/opt/ros/foxy LD_LIBRARY_PATH=/home/lorena/my_ros2_ws/install/turtlebot3_msgs/lib:${LD_LIBRARY_PATH} PYTHONPATH=/home/lorena/my_ros2_ws/install/turtlebot3_msgs/lib/python3.8/site-packages:${PYTHONPATH} /usr/bin/cmake --install /home/lorena/my_ros2_ws/build/turtlebot3_fake_node
