[0.075s] Invoking command in '/home/lorena/my_ros2_ws/build/turtlebot3_cartographer': CMAKE_PREFIX_PATH=${CMAKE_PREFIX_PATH}:/home/lorena/my_ros2_ws/install/turtlebot3_teleop:/home/lorena/my_ros2_ws/install/turtlebot3_example:/home/lorena/my_ros2_ws/install/control_pkg:/opt/ros/foxy /usr/bin/cmake --build /home/lorena/my_ros2_ws/build/turtlebot3_cartographer -- -j12 -l12
[0.403s] Invoked command in '/home/lorena/my_ros2_ws/build/turtlebot3_cartographer' returned '0': CMAKE_PREFIX_PATH=${CMAKE_PREFIX_PATH}:/home/lorena/my_ros2_ws/install/turtlebot3_teleop:/home/lorena/my_ros2_ws/install/turtlebot3_example:/home/lorena/my_ros2_ws/install/control_pkg:/opt/ros/foxy /usr/bin/cmake --build /home/lorena/my_ros2_ws/build/turtlebot3_cartographer -- -j12 -l12
[0.433s] Invoking command in '/home/lorena/my_ros2_ws/build/turtlebot3_cartographer': CMAKE_PREFIX_PATH=${CMAKE_PREFIX_PATH}:/home/lorena/my_ros2_ws/install/turtlebot3_teleop:/home/lorena/my_ros2_ws/install/turtlebot3_example:/home/lorena/my_ros2_ws/install/control_pkg:/opt/ros/foxy /usr/bin/cmake --install /home/lorena/my_ros2_ws/build/turtlebot3_cartographer
[0.441s] -- Install configuration: ""
[0.442s] -- Up-to-date: /home/lorena/my_ros2_ws/install/turtlebot3_cartographer/share/turtlebot3_cartographer/config
[0.443s] -- Up-to-date: /home/lorena/my_ros2_ws/install/turtlebot3_cartographer/share/turtlebot3_cartographer/config/turtlebot3_lds_2d.lua
[0.443s] -- Up-to-date: /home/lorena/my_ros2_ws/install/turtlebot3_cartographer/share/turtlebot3_cartographer/launch
[0.443s] -- Up-to-date: /home/lorena/my_ros2_ws/install/turtlebot3_cartographer/share/turtlebot3_cartographer/launch/occupancy_grid.launch.py
[0.443s] -- Up-to-date: /home/lorena/my_ros2_ws/install/turtlebot3_cartographer/share/turtlebot3_cartographer/launch/cartographer.launch.py
[0.443s] -- Up-to-date: /home/lorena/my_ros2_ws/install/turtlebot3_cartographer/share/turtlebot3_cartographer/rviz
[0.443s] -- Up-to-date: /home/lorena/my_ros2_ws/install/turtlebot3_cartographer/share/turtlebot3_cartographer/rviz/tb3_cartographer.rviz
[0.443s] -- Up-to-date: /home/lorena/my_ros2_ws/install/turtlebot3_cartographer/share/ament_index/resource_index/package_run_dependencies/turtlebot3_cartographer
[0.443s] -- Up-to-date: /home/lorena/my_ros2_ws/install/turtlebot3_cartographer/share/ament_index/resource_index/parent_prefix_path/turtlebot3_cartographer
[0.443s] -- Up-to-date: /home/lorena/my_ros2_ws/install/turtlebot3_cartographer/share/turtlebot3_cartographer/environment/ament_prefix_path.sh
[0.443s] -- Up-to-date: /home/lorena/my_ros2_ws/install/turtlebot3_cartographer/share/turtlebot3_cartographer/environment/ament_prefix_path.dsv
[0.443s] -- Up-to-date: /home/lorena/my_ros2_ws/install/turtlebot3_cartographer/share/turtlebot3_cartographer/environment/path.sh
[0.443s] -- Up-to-date: /home/lorena/my_ros2_ws/install/turtlebot3_cartographer/share/turtlebot3_cartographer/environment/path.dsv
[0.444s] -- Up-to-date: /home/lorena/my_ros2_ws/install/turtlebot3_cartographer/share/turtlebot3_cartographer/local_setup.bash
[0.444s] -- Up-to-date: /home/lorena/my_ros2_ws/install/turtlebot3_cartographer/share/turtlebot3_cartographer/local_setup.sh
[0.444s] -- Up-to-date: /home/lorena/my_ros2_ws/install/turtlebot3_cartographer/share/turtlebot3_cartographer/local_setup.zsh
[0.444s] -- Up-to-date: /home/lorena/my_ros2_ws/install/turtlebot3_cartographer/share/turtlebot3_cartographer/local_setup.dsv
[0.444s] -- Installing: /home/lorena/my_ros2_ws/install/turtlebot3_cartographer/share/turtlebot3_cartographer/package.dsv
[0.444s] -- Up-to-date: /home/lorena/my_ros2_ws/install/turtlebot3_cartographer/share/ament_index/resource_index/packages/turtlebot3_cartographer
[0.444s] -- Up-to-date: /home/lorena/my_ros2_ws/install/turtlebot3_cartographer/share/turtlebot3_cartographer/cmake/turtlebot3_cartographerConfig.cmake
[0.444s] -- Up-to-date: /home/lorena/my_ros2_ws/install/turtlebot3_cartographer/share/turtlebot3_cartographer/cmake/turtlebot3_cartographerConfig-version.cmake
[0.444s] -- Up-to-date: /home/lorena/my_ros2_ws/install/turtlebot3_cartographer/share/turtlebot3_cartographer/package.xml
[0.459s] Invoked command in '/home/lorena/my_ros2_ws/build/turtlebot3_cartographer' returned '0': CMAKE_PREFIX_PATH=${CMAKE_PREFIX_PATH}:/home/lorena/my_ros2_ws/install/turtlebot3_teleop:/home/lorena/my_ros2_ws/install/turtlebot3_example:/home/lorena/my_ros2_ws/install/control_pkg:/opt/ros/foxy /usr/bin/cmake --install /home/lorena/my_ros2_ws/build/turtlebot3_cartographer
