[0.138s] Invoking command in '/home/lorena/my_ros2_ws/build/turtlebot3_msgs': CMAKE_PREFIX_PATH=${CMAKE_PREFIX_PATH}:/home/lorena/my_ros2_ws/install/turtlebot3_teleop:/home/lorena/my_ros2_ws/install/turtlebot3_example:/home/lorena/my_ros2_ws/install/control_pkg:/opt/ros/foxy /usr/bin/cmake --build /home/lorena/my_ros2_ws/build/turtlebot3_msgs -- -j12 -l12
[0.691s] [  1%] Built target turtlebot3_msgs__cpp
[0.691s] [ 12%] Built target turtlebot3_msgs__rosidl_generator_c
[0.691s] [ 35%] Built target turtlebot3_msgs__rosidl_typesupport_cpp
[0.691s] [ 35%] Built target turtlebot3_msgs__rosidl_typesupport_introspection_cpp
[0.691s] [ 46%] Built target turtlebot3_msgs__rosidl_typesupport_fastrtps_cpp
[0.691s] [ 57%] Built target turtlebot3_msgs__rosidl_typesupport_c
[0.692s] [ 69%] Built target turtlebot3_msgs__rosidl_typesupport_introspection_c
[0.692s] [ 80%] Built target turtlebot3_msgs__rosidl_typesupport_fastrtps_c
[0.692s] [ 80%] Built target turtlebot3_msgs
[0.692s] [ 81%] Built target turtlebot3_msgs__py
[0.692s] [ 91%] Built target turtlebot3_msgs__python
[0.692s] [100%] Built target turtlebot3_msgs__rosidl_typesupport_fastrtps_c__pyext
[0.692s] [100%] Built target turtlebot3_msgs__rosidl_typesupport_introspection_c__pyext
[0.692s] [100%] Built target turtlebot3_msgs__rosidl_typesupport_c__pyext
[0.697s] Invoked command in '/home/lorena/my_ros2_ws/build/turtlebot3_msgs' returned '0': CMAKE_PREFIX_PATH=${CMAKE_PREFIX_PATH}:/home/lorena/my_ros2_ws/install/turtlebot3_teleop:/home/lorena/my_ros2_ws/install/turtlebot3_example:/home/lorena/my_ros2_ws/install/control_pkg:/opt/ros/foxy /usr/bin/cmake --build /home/lorena/my_ros2_ws/build/turtlebot3_msgs -- -j12 -l12
[1.001s] Invoking command in '/home/lorena/my_ros2_ws/build/turtlebot3_msgs': CMAKE_PREFIX_PATH=${CMAKE_PREFIX_PATH}:/home/lorena/my_ros2_ws/install/turtlebot3_teleop:/home/lorena/my_ros2_ws/install/turtlebot3_example:/home/lorena/my_ros2_ws/install/control_pkg:/opt/ros/foxy /usr/bin/cmake --install /home/lorena/my_ros2_ws/build/turtlebot3_msgs
[1.052s] -- Install configuration: ""
[1.052s] -- Up-to-date: /home/lorena/my_ros2_ws/install/turtlebot3_msgs/share/ament_index/resource_index/rosidl_interfaces/turtlebot3_msgs
[1.052s] -- Up-to-date: /home/lorena/my_ros2_ws/install/turtlebot3_msgs/include/turtlebot3_msgs
[1.052s] -- Up-to-date: /home/lorena/my_ros2_ws/install/turtlebot3_msgs/include/turtlebot3_msgs/srv
[1.052s] -- Up-to-date: /home/lorena/my_ros2_ws/install/turtlebot3_msgs/include/turtlebot3_msgs/srv/sound.h
[1.052s] -- Up-to-date: /home/lorena/my_ros2_ws/install/turtlebot3_msgs/include/turtlebot3_msgs/srv/detail
[1.052s] -- Up-to-date: /home/lorena/my_ros2_ws/install/turtlebot3_msgs/include/turtlebot3_msgs/srv/detail/dqn__functions.h
[1.052s] -- Up-to-date: /home/lorena/my_ros2_ws/install/turtlebot3_msgs/include/turtlebot3_msgs/srv/detail/sound__type_support.h
[1.053s] -- Up-to-date: /home/lorena/my_ros2_ws/install/turtlebot3_msgs/include/turtlebot3_msgs/srv/detail/sound__functions.c
[1.053s] -- Up-to-date: /home/lorena/my_ros2_ws/install/turtlebot3_msgs/include/turtlebot3_msgs/srv/detail/sound__struct.h
[1.053s] -- Up-to-date: /home/lorena/my_ros2_ws/install/turtlebot3_msgs/include/turtlebot3_msgs/srv/detail/sound__functions.h
[1.053s] -- Up-to-date: /home/lorena/my_ros2_ws/install/turtlebot3_msgs/include/turtlebot3_msgs/srv/detail/dqn__struct.h
[1.053s] -- Up-to-date: /home/lorena/my_ros2_ws/install/turtlebot3_msgs/include/turtlebot3_msgs/srv/detail/dqn__type_support.h
[1.053s] -- Up-to-date: /home/lorena/my_ros2_ws/install/turtlebot3_msgs/include/turtlebot3_msgs/srv/detail/dqn__functions.c
[1.053s] -- Up-to-date: /home/lorena/my_ros2_ws/install/turtlebot3_msgs/include/turtlebot3_msgs/srv/dqn.h
[1.053s] -- Up-to-date: /home/lorena/my_ros2_ws/install/turtlebot3_msgs/include/turtlebot3_msgs/msg
[1.053s] -- Up-to-date: /home/lorena/my_ros2_ws/install/turtlebot3_msgs/include/turtlebot3_msgs/msg/sound.h
[1.053s] -- Up-to-date: /home/lorena/my_ros2_ws/install/turtlebot3_msgs/include/turtlebot3_msgs/msg/rosidl_generator_c__visibility_control.h
[1.053s] -- Up-to-date: /home/lorena/my_ros2_ws/install/turtlebot3_msgs/include/turtlebot3_msgs/msg/detail
[1.053s] -- Up-to-date: /home/lorena/my_ros2_ws/install/turtlebot3_msgs/include/turtlebot3_msgs/msg/detail/version_info__struct.h
[1.053s] -- Up-to-date: /home/lorena/my_ros2_ws/install/turtlebot3_msgs/include/turtlebot3_msgs/msg/detail/sound__type_support.h
[1.053s] -- Up-to-date: /home/lorena/my_ros2_ws/install/turtlebot3_msgs/include/turtlebot3_msgs/msg/detail/sound__functions.c
[1.053s] -- Up-to-date: /home/lorena/my_ros2_ws/install/turtlebot3_msgs/include/turtlebot3_msgs/msg/detail/sound__struct.h
[1.053s] -- Up-to-date: /home/lorena/my_ros2_ws/install/turtlebot3_msgs/include/turtlebot3_msgs/msg/detail/version_info__functions.c
[1.054s] -- Up-to-date: /home/lorena/my_ros2_ws/install/turtlebot3_msgs/include/turtlebot3_msgs/msg/detail/sound__functions.h
[1.054s] -- Up-to-date: /home/lorena/my_ros2_ws/install/turtlebot3_msgs/include/turtlebot3_msgs/msg/detail/version_info__type_support.h
[1.054s] -- Up-to-date: /home/lorena/my_ros2_ws/install/turtlebot3_msgs/include/turtlebot3_msgs/msg/detail/sensor_state__functions.h
[1.054s] -- Up-to-date: /home/lorena/my_ros2_ws/install/turtlebot3_msgs/include/turtlebot3_msgs/msg/detail/sensor_state__type_support.h
[1.054s] -- Up-to-date: /home/lorena/my_ros2_ws/install/turtlebot3_msgs/include/turtlebot3_msgs/msg/detail/sensor_state__struct.h
[1.054s] -- Up-to-date: /home/lorena/my_ros2_ws/install/turtlebot3_msgs/include/turtlebot3_msgs/msg/detail/version_info__functions.h
[1.054s] -- Up-to-date: /home/lorena/my_ros2_ws/install/turtlebot3_msgs/include/turtlebot3_msgs/msg/detail/sensor_state__functions.c
[1.054s] -- Up-to-date: /home/lorena/my_ros2_ws/install/turtlebot3_msgs/include/turtlebot3_msgs/msg/version_info.h
[1.054s] -- Up-to-date: /home/lorena/my_ros2_ws/install/turtlebot3_msgs/include/turtlebot3_msgs/msg/sensor_state.h
[1.054s] -- Up-to-date: /home/lorena/my_ros2_ws/install/turtlebot3_msgs/include/turtlebot3_msgs/action
[1.054s] -- Up-to-date: /home/lorena/my_ros2_ws/install/turtlebot3_msgs/include/turtlebot3_msgs/action/detail
[1.054s] -- Up-to-date: /home/lorena/my_ros2_ws/install/turtlebot3_msgs/include/turtlebot3_msgs/action/detail/patrol__functions.h
[1.054s] -- Up-to-date: /home/lorena/my_ros2_ws/install/turtlebot3_msgs/include/turtlebot3_msgs/action/detail/patrol__struct.h
[1.054s] -- Up-to-date: /home/lorena/my_ros2_ws/install/turtlebot3_msgs/include/turtlebot3_msgs/action/detail/patrol__functions.c
[1.054s] -- Up-to-date: /home/lorena/my_ros2_ws/install/turtlebot3_msgs/include/turtlebot3_msgs/action/detail/patrol__type_support.h
[1.055s] -- Up-to-date: /home/lorena/my_ros2_ws/install/turtlebot3_msgs/include/turtlebot3_msgs/action/patrol.h
[1.055s] -- Up-to-date: /home/lorena/my_ros2_ws/install/turtlebot3_msgs/share/turtlebot3_msgs/environment/library_path.sh
[1.055s] -- Up-to-date: /home/lorena/my_ros2_ws/install/turtlebot3_msgs/share/turtlebot3_msgs/environment/library_path.dsv
[1.055s] -- Up-to-date: /home/lorena/my_ros2_ws/install/turtlebot3_msgs/lib/libturtlebot3_msgs__rosidl_generator_c.so
[1.055s] -- Up-to-date: /home/lorena/my_ros2_ws/install/turtlebot3_msgs/include/turtlebot3_msgs
[1.055s] -- Up-to-date: /home/lorena/my_ros2_ws/install/turtlebot3_msgs/include/turtlebot3_msgs/srv
[1.055s] -- Up-to-date: /home/lorena/my_ros2_ws/install/turtlebot3_msgs/include/turtlebot3_msgs/srv/detail
[1.055s] -- Up-to-date: /home/lorena/my_ros2_ws/install/turtlebot3_msgs/include/turtlebot3_msgs/srv/detail/dqn__rosidl_typesupport_fastrtps_c.h
[1.055s] -- Up-to-date: /home/lorena/my_ros2_ws/install/turtlebot3_msgs/include/turtlebot3_msgs/srv/detail/sound__rosidl_typesupport_fastrtps_c.h
[1.055s] -- Up-to-date: /home/lorena/my_ros2_ws/install/turtlebot3_msgs/include/turtlebot3_msgs/msg
[1.055s] -- Up-to-date: /home/lorena/my_ros2_ws/install/turtlebot3_msgs/include/turtlebot3_msgs/msg/rosidl_typesupport_fastrtps_c__visibility_control.h
[1.055s] -- Up-to-date: /home/lorena/my_ros2_ws/install/turtlebot3_msgs/include/turtlebot3_msgs/msg/detail
[1.055s] -- Up-to-date: /home/lorena/my_ros2_ws/install/turtlebot3_msgs/include/turtlebot3_msgs/msg/detail/sensor_state__rosidl_typesupport_fastrtps_c.h
[1.055s] -- Up-to-date: /home/lorena/my_ros2_ws/install/turtlebot3_msgs/include/turtlebot3_msgs/msg/detail/version_info__rosidl_typesupport_fastrtps_c.h
[1.055s] -- Up-to-date: /home/lorena/my_ros2_ws/install/turtlebot3_msgs/include/turtlebot3_msgs/msg/detail/sound__rosidl_typesupport_fastrtps_c.h
[1.055s] -- Up-to-date: /home/lorena/my_ros2_ws/install/turtlebot3_msgs/include/turtlebot3_msgs/action
[1.055s] -- Up-to-date: /home/lorena/my_ros2_ws/install/turtlebot3_msgs/include/turtlebot3_msgs/action/detail
[1.055s] -- Up-to-date: /home/lorena/my_ros2_ws/install/turtlebot3_msgs/include/turtlebot3_msgs/action/detail/patrol__rosidl_typesupport_fastrtps_c.h
[1.055s] -- Up-to-date: /home/lorena/my_ros2_ws/install/turtlebot3_msgs/lib/libturtlebot3_msgs__rosidl_typesupport_fastrtps_c.so
[1.055s] -- Up-to-date: /home/lorena/my_ros2_ws/install/turtlebot3_msgs/include/turtlebot3_msgs
[1.056s] -- Up-to-date: /home/lorena/my_ros2_ws/install/turtlebot3_msgs/include/turtlebot3_msgs/srv
[1.056s] -- Up-to-date: /home/lorena/my_ros2_ws/install/turtlebot3_msgs/include/turtlebot3_msgs/srv/detail
[1.056s] -- Up-to-date: /home/lorena/my_ros2_ws/install/turtlebot3_msgs/include/turtlebot3_msgs/srv/detail/dqn__rosidl_typesupport_fastrtps_cpp.hpp
[1.056s] -- Up-to-date: /home/lorena/my_ros2_ws/install/turtlebot3_msgs/include/turtlebot3_msgs/srv/detail/sound__rosidl_typesupport_fastrtps_cpp.hpp
[1.056s] -- Up-to-date: /home/lorena/my_ros2_ws/install/turtlebot3_msgs/include/turtlebot3_msgs/srv/detail/dds_fastrtps
[1.056s] -- Up-to-date: /home/lorena/my_ros2_ws/install/turtlebot3_msgs/include/turtlebot3_msgs/msg
[1.056s] -- Up-to-date: /home/lorena/my_ros2_ws/install/turtlebot3_msgs/include/turtlebot3_msgs/msg/detail
[1.056s] -- Up-to-date: /home/lorena/my_ros2_ws/install/turtlebot3_msgs/include/turtlebot3_msgs/msg/detail/sound__rosidl_typesupport_fastrtps_cpp.hpp
[1.056s] -- Up-to-date: /home/lorena/my_ros2_ws/install/turtlebot3_msgs/include/turtlebot3_msgs/msg/detail/dds_fastrtps
[1.056s] -- Up-to-date: /home/lorena/my_ros2_ws/install/turtlebot3_msgs/include/turtlebot3_msgs/msg/detail/version_info__rosidl_typesupport_fastrtps_cpp.hpp
[1.059s] -- Up-to-date: /home/lorena/my_ros2_ws/install/turtlebot3_msgs/include/turtlebot3_msgs/msg/detail/sensor_state__rosidl_typesupport_fastrtps_cpp.hpp
[1.059s] -- Up-to-date: /home/lorena/my_ros2_ws/install/turtlebot3_msgs/include/turtlebot3_msgs/msg/rosidl_typesupport_fastrtps_cpp__visibility_control.h
[1.060s] -- Up-to-date: /home/lorena/my_ros2_ws/install/turtlebot3_msgs/include/turtlebot3_msgs/action
[1.060s] -- Up-to-date: /home/lorena/my_ros2_ws/install/turtlebot3_msgs/include/turtlebot3_msgs/action/detail
[1.060s] -- Up-to-date: /home/lorena/my_ros2_ws/install/turtlebot3_msgs/include/turtlebot3_msgs/action/detail/patrol__rosidl_typesupport_fastrtps_cpp.hpp
[1.060s] -- Up-to-date: /home/lorena/my_ros2_ws/install/turtlebot3_msgs/include/turtlebot3_msgs/action/detail/dds_fastrtps
[1.060s] -- Up-to-date: /home/lorena/my_ros2_ws/install/turtlebot3_msgs/lib/libturtlebot3_msgs__rosidl_typesupport_fastrtps_cpp.so
[1.060s] -- Up-to-date: /home/lorena/my_ros2_ws/install/turtlebot3_msgs/include/turtlebot3_msgs
[1.060s] -- Up-to-date: /home/lorena/my_ros2_ws/install/turtlebot3_msgs/include/turtlebot3_msgs/srv
[1.060s] -- Up-to-date: /home/lorena/my_ros2_ws/install/turtlebot3_msgs/include/turtlebot3_msgs/srv/detail
[1.060s] -- Up-to-date: /home/lorena/my_ros2_ws/install/turtlebot3_msgs/include/turtlebot3_msgs/srv/detail/sound__rosidl_typesupport_introspection_c.h
[1.061s] -- Up-to-date: /home/lorena/my_ros2_ws/install/turtlebot3_msgs/include/turtlebot3_msgs/srv/detail/sound__type_support.c
[1.061s] -- Up-to-date: /home/lorena/my_ros2_ws/install/turtlebot3_msgs/include/turtlebot3_msgs/srv/detail/dqn__type_support.c
[1.061s] -- Up-to-date: /home/lorena/my_ros2_ws/install/turtlebot3_msgs/include/turtlebot3_msgs/srv/detail/dqn__rosidl_typesupport_introspection_c.h
[1.061s] -- Up-to-date: /home/lorena/my_ros2_ws/install/turtlebot3_msgs/include/turtlebot3_msgs/msg
[1.061s] -- Up-to-date: /home/lorena/my_ros2_ws/install/turtlebot3_msgs/include/turtlebot3_msgs/msg/detail
[1.062s] -- Up-to-date: /home/lorena/my_ros2_ws/install/turtlebot3_msgs/include/turtlebot3_msgs/msg/detail/version_info__rosidl_typesupport_introspection_c.h
[1.063s] -- Up-to-date: /home/lorena/my_ros2_ws/install/turtlebot3_msgs/include/turtlebot3_msgs/msg/detail/sound__rosidl_typesupport_introspection_c.h
[1.063s] -- Up-to-date: /home/lorena/my_ros2_ws/install/turtlebot3_msgs/include/turtlebot3_msgs/msg/detail/sound__type_support.c
[1.063s] -- Up-to-date: /home/lorena/my_ros2_ws/install/turtlebot3_msgs/include/turtlebot3_msgs/msg/detail/sensor_state__type_support.c
[1.063s] -- Up-to-date: /home/lorena/my_ros2_ws/install/turtlebot3_msgs/include/turtlebot3_msgs/msg/detail/version_info__type_support.c
[1.063s] -- Up-to-date: /home/lorena/my_ros2_ws/install/turtlebot3_msgs/include/turtlebot3_msgs/msg/detail/sensor_state__rosidl_typesupport_introspection_c.h
[1.063s] -- Up-to-date: /home/lorena/my_ros2_ws/install/turtlebot3_msgs/include/turtlebot3_msgs/msg/rosidl_typesupport_introspection_c__visibility_control.h
[1.063s] -- Up-to-date: /home/lorena/my_ros2_ws/install/turtlebot3_msgs/include/turtlebot3_msgs/action
[1.063s] -- Up-to-date: /home/lorena/my_ros2_ws/install/turtlebot3_msgs/include/turtlebot3_msgs/action/detail
[1.063s] -- Up-to-date: /home/lorena/my_ros2_ws/install/turtlebot3_msgs/include/turtlebot3_msgs/action/detail/patrol__type_support.c
[1.064s] -- Up-to-date: /home/lorena/my_ros2_ws/install/turtlebot3_msgs/include/turtlebot3_msgs/action/detail/patrol__rosidl_typesupport_introspection_c.h
[1.064s] -- Up-to-date: /home/lorena/my_ros2_ws/install/turtlebot3_msgs/lib/libturtlebot3_msgs__rosidl_typesupport_introspection_c.so
[1.065s] -- Up-to-date: /home/lorena/my_ros2_ws/install/turtlebot3_msgs/lib/libturtlebot3_msgs__rosidl_typesupport_c.so
[1.065s] -- Up-to-date: /home/lorena/my_ros2_ws/install/turtlebot3_msgs/include/turtlebot3_msgs
[1.065s] -- Up-to-date: /home/lorena/my_ros2_ws/install/turtlebot3_msgs/include/turtlebot3_msgs/srv
[1.065s] -- Up-to-date: /home/lorena/my_ros2_ws/install/turtlebot3_msgs/include/turtlebot3_msgs/srv/detail
[1.065s] -- Up-to-date: /home/lorena/my_ros2_ws/install/turtlebot3_msgs/include/turtlebot3_msgs/srv/detail/dqn__traits.hpp
[1.065s] -- Up-to-date: /home/lorena/my_ros2_ws/install/turtlebot3_msgs/include/turtlebot3_msgs/srv/detail/sound__builder.hpp
[1.065s] -- Up-to-date: /home/lorena/my_ros2_ws/install/turtlebot3_msgs/include/turtlebot3_msgs/srv/detail/sound__traits.hpp
[1.066s] -- Up-to-date: /home/lorena/my_ros2_ws/install/turtlebot3_msgs/include/turtlebot3_msgs/srv/detail/sound__struct.hpp
[1.066s] -- Up-to-date: /home/lorena/my_ros2_ws/install/turtlebot3_msgs/include/turtlebot3_msgs/srv/detail/dqn__struct.hpp
[1.066s] -- Up-to-date: /home/lorena/my_ros2_ws/install/turtlebot3_msgs/include/turtlebot3_msgs/srv/detail/dqn__builder.hpp
[1.066s] -- Up-to-date: /home/lorena/my_ros2_ws/install/turtlebot3_msgs/include/turtlebot3_msgs/srv/sound.hpp
[1.066s] -- Up-to-date: /home/lorena/my_ros2_ws/install/turtlebot3_msgs/include/turtlebot3_msgs/srv/dqn.hpp
[1.066s] -- Up-to-date: /home/lorena/my_ros2_ws/install/turtlebot3_msgs/include/turtlebot3_msgs/msg
[1.066s] -- Up-to-date: /home/lorena/my_ros2_ws/install/turtlebot3_msgs/include/turtlebot3_msgs/msg/sensor_state.hpp
[1.066s] -- Up-to-date: /home/lorena/my_ros2_ws/install/turtlebot3_msgs/include/turtlebot3_msgs/msg/detail
[1.066s] -- Up-to-date: /home/lorena/my_ros2_ws/install/turtlebot3_msgs/include/turtlebot3_msgs/msg/detail/version_info__traits.hpp
[1.066s] -- Up-to-date: /home/lorena/my_ros2_ws/install/turtlebot3_msgs/include/turtlebot3_msgs/msg/detail/version_info__builder.hpp
[1.067s] -- Up-to-date: /home/lorena/my_ros2_ws/install/turtlebot3_msgs/include/turtlebot3_msgs/msg/detail/sensor_state__builder.hpp
[1.067s] -- Up-to-date: /home/lorena/my_ros2_ws/install/turtlebot3_msgs/include/turtlebot3_msgs/msg/detail/sensor_state__struct.hpp
[1.070s] -- Up-to-date: /home/lorena/my_ros2_ws/install/turtlebot3_msgs/include/turtlebot3_msgs/msg/detail/sound__builder.hpp
[1.070s] -- Up-to-date: /home/lorena/my_ros2_ws/install/turtlebot3_msgs/include/turtlebot3_msgs/msg/detail/sound__traits.hpp
[1.071s] -- Up-to-date: /home/lorena/my_ros2_ws/install/turtlebot3_msgs/include/turtlebot3_msgs/msg/detail/sound__struct.hpp
[1.071s] -- Up-to-date: /home/lorena/my_ros2_ws/install/turtlebot3_msgs/include/turtlebot3_msgs/msg/detail/version_info__struct.hpp
[1.071s] -- Up-to-date: /home/lorena/my_ros2_ws/install/turtlebot3_msgs/include/turtlebot3_msgs/msg/detail/sensor_state__traits.hpp
[1.072s] -- Up-to-date: /home/lorena/my_ros2_ws/install/turtlebot3_msgs/include/turtlebot3_msgs/msg/sound.hpp
[1.072s] -- Up-to-date: /home/lorena/my_ros2_ws/install/turtlebot3_msgs/include/turtlebot3_msgs/msg/version_info.hpp
[1.072s] -- Up-to-date: /home/lorena/my_ros2_ws/install/turtlebot3_msgs/include/turtlebot3_msgs/action
[1.072s] -- Up-to-date: /home/lorena/my_ros2_ws/install/turtlebot3_msgs/include/turtlebot3_msgs/action/patrol.hpp
[1.072s] -- Up-to-date: /home/lorena/my_ros2_ws/install/turtlebot3_msgs/include/turtlebot3_msgs/action/detail
[1.072s] -- Up-to-date: /home/lorena/my_ros2_ws/install/turtlebot3_msgs/include/turtlebot3_msgs/action/detail/patrol__struct.hpp
[1.072s] -- Up-to-date: /home/lorena/my_ros2_ws/install/turtlebot3_msgs/include/turtlebot3_msgs/action/detail/patrol__builder.hpp
[1.072s] -- Up-to-date: /home/lorena/my_ros2_ws/install/turtlebot3_msgs/include/turtlebot3_msgs/action/detail/patrol__traits.hpp
[1.072s] -- Up-to-date: /home/lorena/my_ros2_ws/install/turtlebot3_msgs/include/turtlebot3_msgs
[1.072s] -- Up-to-date: /home/lorena/my_ros2_ws/install/turtlebot3_msgs/include/turtlebot3_msgs/srv
[1.072s] -- Up-to-date: /home/lorena/my_ros2_ws/install/turtlebot3_msgs/include/turtlebot3_msgs/srv/detail
[1.072s] -- Up-to-date: /home/lorena/my_ros2_ws/install/turtlebot3_msgs/include/turtlebot3_msgs/srv/detail/sound__rosidl_typesupport_introspection_cpp.hpp
[1.072s] -- Up-to-date: /home/lorena/my_ros2_ws/install/turtlebot3_msgs/include/turtlebot3_msgs/srv/detail/dqn__type_support.cpp
[1.073s] -- Up-to-date: /home/lorena/my_ros2_ws/install/turtlebot3_msgs/include/turtlebot3_msgs/srv/detail/dqn__rosidl_typesupport_introspection_cpp.hpp
[1.073s] -- Up-to-date: /home/lorena/my_ros2_ws/install/turtlebot3_msgs/include/turtlebot3_msgs/srv/detail/sound__type_support.cpp
[1.073s] -- Up-to-date: /home/lorena/my_ros2_ws/install/turtlebot3_msgs/include/turtlebot3_msgs/msg
[1.073s] -- Up-to-date: /home/lorena/my_ros2_ws/install/turtlebot3_msgs/include/turtlebot3_msgs/msg/detail
[1.073s] -- Up-to-date: /home/lorena/my_ros2_ws/install/turtlebot3_msgs/include/turtlebot3_msgs/msg/detail/sound__rosidl_typesupport_introspection_cpp.hpp
[1.073s] -- Up-to-date: /home/lorena/my_ros2_ws/install/turtlebot3_msgs/include/turtlebot3_msgs/msg/detail/version_info__rosidl_typesupport_introspection_cpp.hpp
[1.073s] -- Up-to-date: /home/lorena/my_ros2_ws/install/turtlebot3_msgs/include/turtlebot3_msgs/msg/detail/sensor_state__type_support.cpp
[1.075s] -- Up-to-date: /home/lorena/my_ros2_ws/install/turtlebot3_msgs/include/turtlebot3_msgs/msg/detail/sound__type_support.cpp
[1.076s] -- Up-to-date: /home/lorena/my_ros2_ws/install/turtlebot3_msgs/include/turtlebot3_msgs/msg/detail/version_info__type_support.cpp
[1.076s] -- Up-to-date: /home/lorena/my_ros2_ws/install/turtlebot3_msgs/include/turtlebot3_msgs/msg/detail/sensor_state__rosidl_typesupport_introspection_cpp.hpp
[1.076s] -- Up-to-date: /home/lorena/my_ros2_ws/install/turtlebot3_msgs/include/turtlebot3_msgs/action
[1.077s] -- Up-to-date: /home/lorena/my_ros2_ws/install/turtlebot3_msgs/include/turtlebot3_msgs/action/detail
[1.077s] -- Up-to-date: /home/lorena/my_ros2_ws/install/turtlebot3_msgs/include/turtlebot3_msgs/action/detail/patrol__type_support.cpp
[1.077s] -- Up-to-date: /home/lorena/my_ros2_ws/install/turtlebot3_msgs/include/turtlebot3_msgs/action/detail/patrol__rosidl_typesupport_introspection_cpp.hpp
[1.077s] -- Up-to-date: /home/lorena/my_ros2_ws/install/turtlebot3_msgs/lib/libturtlebot3_msgs__rosidl_typesupport_introspection_cpp.so
[1.078s] -- Up-to-date: /home/lorena/my_ros2_ws/install/turtlebot3_msgs/lib/libturtlebot3_msgs__rosidl_typesupport_cpp.so
[1.078s] -- Up-to-date: /home/lorena/my_ros2_ws/install/turtlebot3_msgs/share/turtlebot3_msgs/environment/pythonpath.sh
[1.078s] -- Up-to-date: /home/lorena/my_ros2_ws/install/turtlebot3_msgs/share/turtlebot3_msgs/environment/pythonpath.dsv
[1.079s] -- Up-to-date: /home/lorena/my_ros2_ws/install/turtlebot3_msgs/lib/python3.8/site-packages/turtlebot3_msgs/__init__.py
[1.082s] -- Up-to-date: /home/lorena/my_ros2_ws/install/turtlebot3_msgs/lib/python3.8/site-packages/turtlebot3_msgs/msg
[1.082s] -- Up-to-date: /home/lorena/my_ros2_ws/install/turtlebot3_msgs/lib/python3.8/site-packages/turtlebot3_msgs/msg/_sound_s.c
[1.082s] -- Up-to-date: /home/lorena/my_ros2_ws/install/turtlebot3_msgs/lib/python3.8/site-packages/turtlebot3_msgs/msg/_sound.py
[1.083s] -- Up-to-date: /home/lorena/my_ros2_ws/install/turtlebot3_msgs/lib/python3.8/site-packages/turtlebot3_msgs/msg/__init__.py
[1.083s] -- Up-to-date: /home/lorena/my_ros2_ws/install/turtlebot3_msgs/lib/python3.8/site-packages/turtlebot3_msgs/msg/_version_info_s.c
[1.083s] -- Up-to-date: /home/lorena/my_ros2_ws/install/turtlebot3_msgs/lib/python3.8/site-packages/turtlebot3_msgs/msg/_sensor_state_s.c
[1.083s] -- Up-to-date: /home/lorena/my_ros2_ws/install/turtlebot3_msgs/lib/python3.8/site-packages/turtlebot3_msgs/msg/_sensor_state.py
[1.083s] -- Up-to-date: /home/lorena/my_ros2_ws/install/turtlebot3_msgs/lib/python3.8/site-packages/turtlebot3_msgs/msg/_version_info.py
[1.083s] -- Up-to-date: /home/lorena/my_ros2_ws/install/turtlebot3_msgs/lib/python3.8/site-packages/turtlebot3_msgs/srv
[1.083s] -- Up-to-date: /home/lorena/my_ros2_ws/install/turtlebot3_msgs/lib/python3.8/site-packages/turtlebot3_msgs/srv/_dqn.py
[1.083s] -- Up-to-date: /home/lorena/my_ros2_ws/install/turtlebot3_msgs/lib/python3.8/site-packages/turtlebot3_msgs/srv/_sound_s.c
[1.083s] -- Up-to-date: /home/lorena/my_ros2_ws/install/turtlebot3_msgs/lib/python3.8/site-packages/turtlebot3_msgs/srv/_sound.py
[1.083s] -- Up-to-date: /home/lorena/my_ros2_ws/install/turtlebot3_msgs/lib/python3.8/site-packages/turtlebot3_msgs/srv/_dqn_s.c
[1.083s] -- Up-to-date: /home/lorena/my_ros2_ws/install/turtlebot3_msgs/lib/python3.8/site-packages/turtlebot3_msgs/srv/__init__.py
[1.083s] -- Up-to-date: /home/lorena/my_ros2_ws/install/turtlebot3_msgs/lib/python3.8/site-packages/turtlebot3_msgs/action
[1.083s] -- Up-to-date: /home/lorena/my_ros2_ws/install/turtlebot3_msgs/lib/python3.8/site-packages/turtlebot3_msgs/action/_patrol.py
[1.083s] -- Up-to-date: /home/lorena/my_ros2_ws/install/turtlebot3_msgs/lib/python3.8/site-packages/turtlebot3_msgs/action/__init__.py
[1.083s] -- Up-to-date: /home/lorena/my_ros2_ws/install/turtlebot3_msgs/lib/python3.8/site-packages/turtlebot3_msgs/action/_patrol_s.c
[1.083s] -- Up-to-date: /home/lorena/my_ros2_ws/install/turtlebot3_msgs/lib/python3.8/site-packages/turtlebot3_msgs/turtlebot3_msgs_s__rosidl_typesupport_fastrtps_c.cpython-38-x86_64-linux-gnu.so
[1.083s] -- Up-to-date: /home/lorena/my_ros2_ws/install/turtlebot3_msgs/lib/python3.8/site-packages/turtlebot3_msgs/turtlebot3_msgs_s__rosidl_typesupport_introspection_c.cpython-38-x86_64-linux-gnu.so
[1.083s] -- Up-to-date: /home/lorena/my_ros2_ws/install/turtlebot3_msgs/lib/python3.8/site-packages/turtlebot3_msgs/turtlebot3_msgs_s__rosidl_typesupport_c.cpython-38-x86_64-linux-gnu.so
[1.084s] -- Up-to-date: /home/lorena/my_ros2_ws/install/turtlebot3_msgs/lib/libturtlebot3_msgs__python.so
[1.084s] -- Up-to-date: /home/lorena/my_ros2_ws/install/turtlebot3_msgs/share/turtlebot3_msgs/msg/SensorState.idl
[1.084s] -- Up-to-date: /home/lorena/my_ros2_ws/install/turtlebot3_msgs/share/turtlebot3_msgs/msg/Sound.idl
[1.084s] -- Up-to-date: /home/lorena/my_ros2_ws/install/turtlebot3_msgs/share/turtlebot3_msgs/msg/VersionInfo.idl
[1.084s] -- Up-to-date: /home/lorena/my_ros2_ws/install/turtlebot3_msgs/share/turtlebot3_msgs/srv/Sound.idl
[1.085s] -- Up-to-date: /home/lorena/my_ros2_ws/install/turtlebot3_msgs/share/turtlebot3_msgs/srv/Dqn.idl
[1.085s] -- Up-to-date: /home/lorena/my_ros2_ws/install/turtlebot3_msgs/share/turtlebot3_msgs/action/Patrol.idl
[1.085s] -- Up-to-date: /home/lorena/my_ros2_ws/install/turtlebot3_msgs/share/turtlebot3_msgs/msg/SensorState.msg
[1.085s] -- Up-to-date: /home/lorena/my_ros2_ws/install/turtlebot3_msgs/share/turtlebot3_msgs/msg/Sound.msg
[1.085s] -- Up-to-date: /home/lorena/my_ros2_ws/install/turtlebot3_msgs/share/turtlebot3_msgs/msg/VersionInfo.msg
[1.085s] -- Up-to-date: /home/lorena/my_ros2_ws/install/turtlebot3_msgs/share/turtlebot3_msgs/srv/Sound.srv
[1.085s] -- Up-to-date: /home/lorena/my_ros2_ws/install/turtlebot3_msgs/share/turtlebot3_msgs/srv/Sound_Request.msg
[1.085s] -- Up-to-date: /home/lorena/my_ros2_ws/install/turtlebot3_msgs/share/turtlebot3_msgs/srv/Sound_Response.msg
[1.085s] -- Up-to-date: /home/lorena/my_ros2_ws/install/turtlebot3_msgs/share/turtlebot3_msgs/srv/Dqn.srv
[1.085s] -- Up-to-date: /home/lorena/my_ros2_ws/install/turtlebot3_msgs/share/turtlebot3_msgs/srv/Dqn_Request.msg
[1.085s] -- Up-to-date: /home/lorena/my_ros2_ws/install/turtlebot3_msgs/share/turtlebot3_msgs/srv/Dqn_Response.msg
[1.086s] -- Up-to-date: /home/lorena/my_ros2_ws/install/turtlebot3_msgs/share/turtlebot3_msgs/action/Patrol.action
[1.086s] -- Up-to-date: /home/lorena/my_ros2_ws/install/turtlebot3_msgs/share/ament_index/resource_index/package_run_dependencies/turtlebot3_msgs
[1.086s] -- Up-to-date: /home/lorena/my_ros2_ws/install/turtlebot3_msgs/share/ament_index/resource_index/parent_prefix_path/turtlebot3_msgs
[1.086s] -- Up-to-date: /home/lorena/my_ros2_ws/install/turtlebot3_msgs/share/turtlebot3_msgs/environment/ament_prefix_path.sh
[1.086s] -- Up-to-date: /home/lorena/my_ros2_ws/install/turtlebot3_msgs/share/turtlebot3_msgs/environment/ament_prefix_path.dsv
[1.086s] -- Up-to-date: /home/lorena/my_ros2_ws/install/turtlebot3_msgs/share/turtlebot3_msgs/environment/path.sh
[1.086s] -- Up-to-date: /home/lorena/my_ros2_ws/install/turtlebot3_msgs/share/turtlebot3_msgs/environment/path.dsv
[1.086s] -- Up-to-date: /home/lorena/my_ros2_ws/install/turtlebot3_msgs/share/turtlebot3_msgs/local_setup.bash
[1.086s] -- Up-to-date: /home/lorena/my_ros2_ws/install/turtlebot3_msgs/share/turtlebot3_msgs/local_setup.sh
[1.086s] -- Up-to-date: /home/lorena/my_ros2_ws/install/turtlebot3_msgs/share/turtlebot3_msgs/local_setup.zsh
[1.086s] -- Up-to-date: /home/lorena/my_ros2_ws/install/turtlebot3_msgs/share/turtlebot3_msgs/local_setup.dsv
[1.086s] -- Installing: /home/lorena/my_ros2_ws/install/turtlebot3_msgs/share/turtlebot3_msgs/package.dsv
[1.086s] -- Up-to-date: /home/lorena/my_ros2_ws/install/turtlebot3_msgs/share/ament_index/resource_index/packages/turtlebot3_msgs
[1.086s] -- Up-to-date: /home/lorena/my_ros2_ws/install/turtlebot3_msgs/share/turtlebot3_msgs/cmake/turtlebot3_msgs__rosidl_generator_cExport.cmake
[1.086s] -- Up-to-date: /home/lorena/my_ros2_ws/install/turtlebot3_msgs/share/turtlebot3_msgs/cmake/turtlebot3_msgs__rosidl_generator_cExport-noconfig.cmake
[1.087s] -- Up-to-date: /home/lorena/my_ros2_ws/install/turtlebot3_msgs/share/turtlebot3_msgs/cmake/turtlebot3_msgs__rosidl_typesupport_introspection_cExport.cmake
[1.087s] -- Up-to-date: /home/lorena/my_ros2_ws/install/turtlebot3_msgs/share/turtlebot3_msgs/cmake/turtlebot3_msgs__rosidl_typesupport_introspection_cExport-noconfig.cmake
[1.087s] -- Up-to-date: /home/lorena/my_ros2_ws/install/turtlebot3_msgs/share/turtlebot3_msgs/cmake/turtlebot3_msgs__rosidl_typesupport_cExport.cmake
[1.087s] -- Up-to-date: /home/lorena/my_ros2_ws/install/turtlebot3_msgs/share/turtlebot3_msgs/cmake/turtlebot3_msgs__rosidl_typesupport_cExport-noconfig.cmake
[1.087s] -- Up-to-date: /home/lorena/my_ros2_ws/install/turtlebot3_msgs/share/turtlebot3_msgs/cmake/turtlebot3_msgs__rosidl_generator_cppExport.cmake
[1.087s] -- Up-to-date: /home/lorena/my_ros2_ws/install/turtlebot3_msgs/share/turtlebot3_msgs/cmake/turtlebot3_msgs__rosidl_typesupport_introspection_cppExport.cmake
[1.087s] -- Up-to-date: /home/lorena/my_ros2_ws/install/turtlebot3_msgs/share/turtlebot3_msgs/cmake/turtlebot3_msgs__rosidl_typesupport_introspection_cppExport-noconfig.cmake
[1.087s] -- Up-to-date: /home/lorena/my_ros2_ws/install/turtlebot3_msgs/share/turtlebot3_msgs/cmake/turtlebot3_msgs__rosidl_typesupport_cppExport.cmake
[1.087s] -- Up-to-date: /home/lorena/my_ros2_ws/install/turtlebot3_msgs/share/turtlebot3_msgs/cmake/turtlebot3_msgs__rosidl_typesupport_cppExport-noconfig.cmake
[1.087s] -- Up-to-date: /home/lorena/my_ros2_ws/install/turtlebot3_msgs/share/turtlebot3_msgs/cmake/rosidl_cmake-extras.cmake
[1.087s] -- Up-to-date: /home/lorena/my_ros2_ws/install/turtlebot3_msgs/share/turtlebot3_msgs/cmake/ament_cmake_export_dependencies-extras.cmake
[1.087s] -- Up-to-date: /home/lorena/my_ros2_ws/install/turtlebot3_msgs/share/turtlebot3_msgs/cmake/ament_cmake_export_libraries-extras.cmake
[1.087s] -- Up-to-date: /home/lorena/my_ros2_ws/install/turtlebot3_msgs/share/turtlebot3_msgs/cmake/ament_cmake_export_targets-extras.cmake
[1.087s] -- Up-to-date: /home/lorena/my_ros2_ws/install/turtlebot3_msgs/share/turtlebot3_msgs/cmake/ament_cmake_export_include_directories-extras.cmake
[1.087s] -- Up-to-date: /home/lorena/my_ros2_ws/install/turtlebot3_msgs/share/turtlebot3_msgs/cmake/rosidl_cmake_export_typesupport_libraries-extras.cmake
[1.088s] -- Up-to-date: /home/lorena/my_ros2_ws/install/turtlebot3_msgs/share/turtlebot3_msgs/cmake/rosidl_cmake_export_typesupport_targets-extras.cmake
[1.088s] -- Up-to-date: /home/lorena/my_ros2_ws/install/turtlebot3_msgs/share/turtlebot3_msgs/cmake/turtlebot3_msgsConfig.cmake
[1.088s] -- Up-to-date: /home/lorena/my_ros2_ws/install/turtlebot3_msgs/share/turtlebot3_msgs/cmake/turtlebot3_msgsConfig-version.cmake
[1.088s] -- Up-to-date: /home/lorena/my_ros2_ws/install/turtlebot3_msgs/share/turtlebot3_msgs/package.xml
[1.169s] Invoked command in '/home/lorena/my_ros2_ws/build/turtlebot3_msgs' returned '0': CMAKE_PREFIX_PATH=${CMAKE_PREFIX_PATH}:/home/lorena/my_ros2_ws/install/turtlebot3_teleop:/home/lorena/my_ros2_ws/install/turtlebot3_example:/home/lorena/my_ros2_ws/install/control_pkg:/opt/ros/foxy /usr/bin/cmake --install /home/lorena/my_ros2_ws/build/turtlebot3_msgs
