[0.819s] Invoking command in '/home/lorena/my_ros2_ws/build/MYROBOT_gazebo': CMAKE_PREFIX_PATH=${CMAKE_PREFIX_PATH}:/home/lorena/my_ros2_ws/install/turtlebot3_teleop:/home/lorena/my_ros2_ws/install/turtlebot3_example:/home/lorena/my_ros2_ws/install/control_pkg:/opt/ros/foxy /usr/bin/cmake --build /home/lorena/my_ros2_ws/build/MYROBOT_gazebo -- -j12 -l12
[1.881s] Invoked command in '/home/lorena/my_ros2_ws/build/MYROBOT_gazebo' returned '0': CMAKE_PREFIX_PATH=${CMAKE_PREFIX_PATH}:/home/lorena/my_ros2_ws/install/turtlebot3_teleop:/home/lorena/my_ros2_ws/install/turtlebot3_example:/home/lorena/my_ros2_ws/install/control_pkg:/opt/ros/foxy /usr/bin/cmake --build /home/lorena/my_ros2_ws/build/MYROBOT_gazebo -- -j12 -l12
[1.963s] Invoking command in '/home/lorena/my_ros2_ws/build/MYROBOT_gazebo': CMAKE_PREFIX_PATH=${CMAKE_PREFIX_PATH}:/home/lorena/my_ros2_ws/install/turtlebot3_teleop:/home/lorena/my_ros2_ws/install/turtlebot3_example:/home/lorena/my_ros2_ws/install/control_pkg:/opt/ros/foxy /usr/bin/cmake --install /home/lorena/my_ros2_ws/build/MYROBOT_gazebo
[1.994s] -- Install configuration: ""
[1.994s] -- Up-to-date: /home/lorena/my_ros2_ws/install/MYROBOT_gazebo/share/MYROBOT_gazebo/worlds
[1.994s] -- Up-to-date: /home/lorena/my_ros2_ws/install/MYROBOT_gazebo/share/MYROBOT_gazebo/worlds/MYROBOT.world
[1.994s] -- Up-to-date: /home/lorena/my_ros2_ws/install/MYROBOT_gazebo/share/MYROBOT_gazebo/launch
[1.994s] -- Up-to-date: /home/lorena/my_ros2_ws/install/MYROBOT_gazebo/share/MYROBOT_gazebo/launch/gazebo.launch.py
[1.995s] -- Up-to-date: /home/lorena/my_ros2_ws/install/MYROBOT_gazebo/share/MYROBOT_gazebo/launch/MYROBOT.launch.py
[1.996s] -- Up-to-date: /home/lorena/my_ros2_ws/install/MYROBOT_gazebo/share/ament_index/resource_index/package_run_dependencies/MYROBOT_gazebo
[1.997s] -- Up-to-date: /home/lorena/my_ros2_ws/install/MYROBOT_gazebo/share/ament_index/resource_index/parent_prefix_path/MYROBOT_gazebo
[1.997s] -- Up-to-date: /home/lorena/my_ros2_ws/install/MYROBOT_gazebo/share/MYROBOT_gazebo/environment/ament_prefix_path.sh
[1.997s] -- Up-to-date: /home/lorena/my_ros2_ws/install/MYROBOT_gazebo/share/MYROBOT_gazebo/environment/ament_prefix_path.dsv
[1.998s] -- Up-to-date: /home/lorena/my_ros2_ws/install/MYROBOT_gazebo/share/MYROBOT_gazebo/environment/path.sh
[1.998s] -- Up-to-date: /home/lorena/my_ros2_ws/install/MYROBOT_gazebo/share/MYROBOT_gazebo/environment/path.dsv
[1.999s] -- Up-to-date: /home/lorena/my_ros2_ws/install/MYROBOT_gazebo/share/MYROBOT_gazebo/local_setup.bash
[2.001s] -- Up-to-date: /home/lorena/my_ros2_ws/install/MYROBOT_gazebo/share/MYROBOT_gazebo/local_setup.sh
[2.002s] -- Up-to-date: /home/lorena/my_ros2_ws/install/MYROBOT_gazebo/share/MYROBOT_gazebo/local_setup.zsh
[2.003s] -- Up-to-date: /home/lorena/my_ros2_ws/install/MYROBOT_gazebo/share/MYROBOT_gazebo/local_setup.dsv
[2.003s] -- Up-to-date: /home/lorena/my_ros2_ws/install/MYROBOT_gazebo/share/MYROBOT_gazebo/package.dsv
[2.003s] -- Up-to-date: /home/lorena/my_ros2_ws/install/MYROBOT_gazebo/share/ament_index/resource_index/packages/MYROBOT_gazebo
[2.003s] -- Up-to-date: /home/lorena/my_ros2_ws/install/MYROBOT_gazebo/share/MYROBOT_gazebo/cmake/MYROBOT_gazeboConfig.cmake
[2.003s] -- Up-to-date: /home/lorena/my_ros2_ws/install/MYROBOT_gazebo/share/MYROBOT_gazebo/cmake/MYROBOT_gazeboConfig-version.cmake
[2.003s] -- Up-to-date: /home/lorena/my_ros2_ws/install/MYROBOT_gazebo/share/MYROBOT_gazebo/package.xml
[2.137s] Invoked command in '/home/lorena/my_ros2_ws/build/MYROBOT_gazebo' returned '0': CMAKE_PREFIX_PATH=${CMAKE_PREFIX_PATH}:/home/lorena/my_ros2_ws/install/turtlebot3_teleop:/home/lorena/my_ros2_ws/install/turtlebot3_example:/home/lorena/my_ros2_ws/install/control_pkg:/opt/ros/foxy /usr/bin/cmake --install /home/lorena/my_ros2_ws/build/MYROBOT_gazebo
