[ 10%] [32mBuilding CXX object CMakeFiles/dynamixel_sdk.dir/src/dynamixel_sdk/group_sync_read.cpp.o[0m
[ 20%] [32mBuilding CXX object CMakeFiles/dynamixel_sdk.dir/src/dynamixel_sdk/group_sync_write.cpp.o[0m
[ 30%] [32mBuilding CXX object CMakeFiles/dynamixel_sdk.dir/src/dynamixel_sdk/group_bulk_write.cpp.o[0m
[ 40%] [32mBuilding CXX object CMakeFiles/dynamixel_sdk.dir/src/dynamixel_sdk/group_bulk_read.cpp.o[0m
[ 50%] [32mBuilding CXX object CMakeFiles/dynamixel_sdk.dir/src/dynamixel_sdk/port_handler_linux.cpp.o[0m
[ 60%] [32m[1mLinking CXX shared library libdynamixel_sdk.so[0m
[100%] Built target dynamixel_sdk
[01m[K/home/lorena/my_ros2_ws/DynamixelSDK/dynamixel_sdk/src/dynamixel_sdk/group_bulk_read.cpp:[m[K In member function ‘[01m[Kbool dynamixel::GroupBulkRead::getError(uint8_t, uint8_t*)[m[K’:
[01m[K/home/lorena/my_ros2_ws/DynamixelSDK/dynamixel_sdk/src/dynamixel_sdk/group_bulk_read.cpp:235:19:[m[K [01;35m[Kwarning: [m[Ksuggest parentheses around assignment used as truth value [[01;35m[K-Wparentheses[m[K]
  235 |   return [01;35m[Kerror[0] = error_list_[id][0][m[K;
      |          [01;35m[K~~~~~~~~~^~~~~~~~~~~~~~~~~~~~[m[K
[01m[K/home/lorena/my_ros2_ws/DynamixelSDK/dynamixel_sdk/src/dynamixel_sdk/group_sync_read.cpp:[m[K In member function ‘[01m[Kbool dynamixel::GroupSyncRead::getError(uint8_t, uint8_t*)[m[K’:
[01m[K/home/lorena/my_ros2_ws/DynamixelSDK/dynamixel_sdk/src/dynamixel_sdk/group_sync_read.cpp:204:19:[m[K [01;35m[Kwarning: [m[Ksuggest parentheses around assignment used as truth value [[01;35m[K-Wparentheses[m[K]
  204 |   return [01;35m[Kerror[0] = error_list_[id][0][m[K;
      |          [01;35m[K~~~~~~~~~^~~~~~~~~~~~~~~~~~~~[m[K
-- Install configuration: ""
-- Up-to-date: /home/lorena/my_ros2_ws/install/dynamixel_sdk/include/
-- Up-to-date: /home/lorena/my_ros2_ws/install/dynamixel_sdk/include//dynamixel_sdk
-- Up-to-date: /home/lorena/my_ros2_ws/install/dynamixel_sdk/include//dynamixel_sdk/port_handler_arduino.h
-- Up-to-date: /home/lorena/my_ros2_ws/install/dynamixel_sdk/include//dynamixel_sdk/dynamixel_sdk.h
-- Up-to-date: /home/lorena/my_ros2_ws/install/dynamixel_sdk/include//dynamixel_sdk/group_bulk_read.h
-- Up-to-date: /home/lorena/my_ros2_ws/install/dynamixel_sdk/include//dynamixel_sdk/protocol1_packet_handler.h
-- Up-to-date: /home/lorena/my_ros2_ws/install/dynamixel_sdk/include//dynamixel_sdk/protocol2_packet_handler.h
-- Up-to-date: /home/lorena/my_ros2_ws/install/dynamixel_sdk/include//dynamixel_sdk/group_sync_write.h
-- Up-to-date: /home/lorena/my_ros2_ws/install/dynamixel_sdk/include//dynamixel_sdk/group_bulk_write.h
-- Up-to-date: /home/lorena/my_ros2_ws/install/dynamixel_sdk/include//dynamixel_sdk/packet_handler.h
-- Up-to-date: /home/lorena/my_ros2_ws/install/dynamixel_sdk/include//dynamixel_sdk/port_handler_linux.h
-- Up-to-date: /home/lorena/my_ros2_ws/install/dynamixel_sdk/include//dynamixel_sdk/port_handler_mac.h
-- Up-to-date: /home/lorena/my_ros2_ws/install/dynamixel_sdk/include//dynamixel_sdk/port_handler.h
-- Up-to-date: /home/lorena/my_ros2_ws/install/dynamixel_sdk/include//dynamixel_sdk/group_sync_read.h
-- Up-to-date: /home/lorena/my_ros2_ws/install/dynamixel_sdk/include//dynamixel_sdk/port_handler_windows.h
-- Installing: /home/lorena/my_ros2_ws/install/dynamixel_sdk/lib/libdynamixel_sdk.so
-- Up-to-date: /home/lorena/my_ros2_ws/install/dynamixel_sdk/share/dynamixel_sdk/environment/library_path.sh
-- Installing: /home/lorena/my_ros2_ws/install/dynamixel_sdk/share/dynamixel_sdk/environment/library_path.dsv
-- Up-to-date: /home/lorena/my_ros2_ws/install/dynamixel_sdk/share/ament_index/resource_index/package_run_dependencies/dynamixel_sdk
-- Installing: /home/lorena/my_ros2_ws/install/dynamixel_sdk/share/ament_index/resource_index/parent_prefix_path/dynamixel_sdk
-- Up-to-date: /home/lorena/my_ros2_ws/install/dynamixel_sdk/share/dynamixel_sdk/environment/ament_prefix_path.sh
-- Installing: /home/lorena/my_ros2_ws/install/dynamixel_sdk/share/dynamixel_sdk/environment/ament_prefix_path.dsv
-- Up-to-date: /home/lorena/my_ros2_ws/install/dynamixel_sdk/share/dynamixel_sdk/environment/path.sh
-- Installing: /home/lorena/my_ros2_ws/install/dynamixel_sdk/share/dynamixel_sdk/environment/path.dsv
-- Up-to-date: /home/lorena/my_ros2_ws/install/dynamixel_sdk/share/dynamixel_sdk/local_setup.bash
-- Up-to-date: /home/lorena/my_ros2_ws/install/dynamixel_sdk/share/dynamixel_sdk/local_setup.sh
-- Up-to-date: /home/lorena/my_ros2_ws/install/dynamixel_sdk/share/dynamixel_sdk/local_setup.zsh
-- Installing: /home/lorena/my_ros2_ws/install/dynamixel_sdk/share/dynamixel_sdk/local_setup.dsv
-- Installing: /home/lorena/my_ros2_ws/install/dynamixel_sdk/share/dynamixel_sdk/package.dsv
-- Up-to-date: /home/lorena/my_ros2_ws/install/dynamixel_sdk/share/ament_index/resource_index/packages/dynamixel_sdk
-- Up-to-date: /home/lorena/my_ros2_ws/install/dynamixel_sdk/share/dynamixel_sdk/cmake/ament_cmake_export_include_directories-extras.cmake
-- Up-to-date: /home/lorena/my_ros2_ws/install/dynamixel_sdk/share/dynamixel_sdk/cmake/ament_cmake_export_libraries-extras.cmake
-- Up-to-date: /home/lorena/my_ros2_ws/install/dynamixel_sdk/share/dynamixel_sdk/cmake/dynamixel_sdkConfig.cmake
-- Up-to-date: /home/lorena/my_ros2_ws/install/dynamixel_sdk/share/dynamixel_sdk/cmake/dynamixel_sdkConfig-version.cmake
-- Up-to-date: /home/lorena/my_ros2_ws/install/dynamixel_sdk/share/dynamixel_sdk/package.xml
