[0.175s] Invoking command in '/home/lorena/my_ros2_ws/build/dynamixel_sdk': CMAKE_PREFIX_PATH=${CMAKE_PREFIX_PATH}:/home/lorena/my_ros2_ws/install/turtlebot3_teleop:/home/lorena/my_ros2_ws/install/turtlebot3_example:/home/lorena/my_ros2_ws/install/control_pkg:/opt/ros/foxy /usr/bin/cmake --build /home/lorena/my_ros2_ws/build/dynamixel_sdk -- -j12 -l12
[1.939s] [ 10%] [32mBuilding CXX object CMakeFiles/dynamixel_sdk.dir/src/dynamixel_sdk/group_sync_read.cpp.o[0m
[1.940s] [ 20%] [32mBuilding CXX object CMakeFiles/dynamixel_sdk.dir/src/dynamixel_sdk/group_sync_write.cpp.o[0m
[1.940s] [ 30%] [32mBuilding CXX object CMakeFiles/dynamixel_sdk.dir/src/dynamixel_sdk/group_bulk_write.cpp.o[0m
[1.940s] [ 40%] [32mBuilding CXX object CMakeFiles/dynamixel_sdk.dir/src/dynamixel_sdk/group_bulk_read.cpp.o[0m
[1.940s] [ 50%] [32mBuilding CXX object CMakeFiles/dynamixel_sdk.dir/src/dynamixel_sdk/port_handler_linux.cpp.o[0m
[1.940s] [ 60%] [32m[1mLinking CXX shared library libdynamixel_sdk.so[0m
[1.940s] [100%] Built target dynamixel_sdk
[1.940s] [01m[K/home/lorena/my_ros2_ws/DynamixelSDK/dynamixel_sdk/src/dynamixel_sdk/group_bulk_read.cpp:[m[K In member function ‘[01m[Kbool dynamixel::GroupBulkRead::getError(uint8_t, uint8_t*)[m[K’:
[1.940s] [01m[K/home/lorena/my_ros2_ws/DynamixelSDK/dynamixel_sdk/src/dynamixel_sdk/group_bulk_read.cpp:235:19:[m[K [01;35m[Kwarning: [m[Ksuggest parentheses around assignment used as truth value [[01;35m[K-Wparentheses[m[K]
[1.940s]   235 |   return [01;35m[Kerror[0] = error_list_[id][0][m[K;
[1.940s]       |          [01;35m[K~~~~~~~~~^~~~~~~~~~~~~~~~~~~~[m[K
[1.940s] [01m[K/home/lorena/my_ros2_ws/DynamixelSDK/dynamixel_sdk/src/dynamixel_sdk/group_sync_read.cpp:[m[K In member function ‘[01m[Kbool dynamixel::GroupSyncRead::getError(uint8_t, uint8_t*)[m[K’:
[1.940s] [01m[K/home/lorena/my_ros2_ws/DynamixelSDK/dynamixel_sdk/src/dynamixel_sdk/group_sync_read.cpp:204:19:[m[K [01;35m[Kwarning: [m[Ksuggest parentheses around assignment used as truth value [[01;35m[K-Wparentheses[m[K]
[1.941s]   204 |   return [01;35m[Kerror[0] = error_list_[id][0][m[K;
[1.941s]       |          [01;35m[K~~~~~~~~~^~~~~~~~~~~~~~~~~~~~[m[K
[1.947s] Invoked command in '/home/lorena/my_ros2_ws/build/dynamixel_sdk' returned '0': CMAKE_PREFIX_PATH=${CMAKE_PREFIX_PATH}:/home/lorena/my_ros2_ws/install/turtlebot3_teleop:/home/lorena/my_ros2_ws/install/turtlebot3_example:/home/lorena/my_ros2_ws/install/control_pkg:/opt/ros/foxy /usr/bin/cmake --build /home/lorena/my_ros2_ws/build/dynamixel_sdk -- -j12 -l12
[2.031s] Invoking command in '/home/lorena/my_ros2_ws/build/dynamixel_sdk': CMAKE_PREFIX_PATH=${CMAKE_PREFIX_PATH}:/home/lorena/my_ros2_ws/install/turtlebot3_teleop:/home/lorena/my_ros2_ws/install/turtlebot3_example:/home/lorena/my_ros2_ws/install/control_pkg:/opt/ros/foxy /usr/bin/cmake --install /home/lorena/my_ros2_ws/build/dynamixel_sdk
[2.067s] -- Install configuration: ""
[2.067s] -- Up-to-date: /home/lorena/my_ros2_ws/install/dynamixel_sdk/include/
[2.068s] -- Up-to-date: /home/lorena/my_ros2_ws/install/dynamixel_sdk/include//dynamixel_sdk
[2.068s] -- Up-to-date: /home/lorena/my_ros2_ws/install/dynamixel_sdk/include//dynamixel_sdk/port_handler_arduino.h
[2.068s] -- Up-to-date: /home/lorena/my_ros2_ws/install/dynamixel_sdk/include//dynamixel_sdk/dynamixel_sdk.h
[2.068s] -- Up-to-date: /home/lorena/my_ros2_ws/install/dynamixel_sdk/include//dynamixel_sdk/group_bulk_read.h
[2.068s] -- Up-to-date: /home/lorena/my_ros2_ws/install/dynamixel_sdk/include//dynamixel_sdk/protocol1_packet_handler.h
[2.069s] -- Up-to-date: /home/lorena/my_ros2_ws/install/dynamixel_sdk/include//dynamixel_sdk/protocol2_packet_handler.h
[2.069s] -- Up-to-date: /home/lorena/my_ros2_ws/install/dynamixel_sdk/include//dynamixel_sdk/group_sync_write.h
[2.069s] -- Up-to-date: /home/lorena/my_ros2_ws/install/dynamixel_sdk/include//dynamixel_sdk/group_bulk_write.h
[2.069s] -- Up-to-date: /home/lorena/my_ros2_ws/install/dynamixel_sdk/include//dynamixel_sdk/packet_handler.h
[2.069s] -- Up-to-date: /home/lorena/my_ros2_ws/install/dynamixel_sdk/include//dynamixel_sdk/port_handler_linux.h
[2.069s] -- Up-to-date: /home/lorena/my_ros2_ws/install/dynamixel_sdk/include//dynamixel_sdk/port_handler_mac.h
[2.069s] -- Up-to-date: /home/lorena/my_ros2_ws/install/dynamixel_sdk/include//dynamixel_sdk/port_handler.h
[2.069s] -- Up-to-date: /home/lorena/my_ros2_ws/install/dynamixel_sdk/include//dynamixel_sdk/group_sync_read.h
[2.069s] -- Up-to-date: /home/lorena/my_ros2_ws/install/dynamixel_sdk/include//dynamixel_sdk/port_handler_windows.h
[2.069s] -- Installing: /home/lorena/my_ros2_ws/install/dynamixel_sdk/lib/libdynamixel_sdk.so
[2.069s] -- Up-to-date: /home/lorena/my_ros2_ws/install/dynamixel_sdk/share/dynamixel_sdk/environment/library_path.sh
[2.069s] -- Installing: /home/lorena/my_ros2_ws/install/dynamixel_sdk/share/dynamixel_sdk/environment/library_path.dsv
[2.069s] -- Up-to-date: /home/lorena/my_ros2_ws/install/dynamixel_sdk/share/ament_index/resource_index/package_run_dependencies/dynamixel_sdk
[2.069s] -- Installing: /home/lorena/my_ros2_ws/install/dynamixel_sdk/share/ament_index/resource_index/parent_prefix_path/dynamixel_sdk
[2.069s] -- Up-to-date: /home/lorena/my_ros2_ws/install/dynamixel_sdk/share/dynamixel_sdk/environment/ament_prefix_path.sh
[2.069s] -- Installing: /home/lorena/my_ros2_ws/install/dynamixel_sdk/share/dynamixel_sdk/environment/ament_prefix_path.dsv
[2.070s] -- Up-to-date: /home/lorena/my_ros2_ws/install/dynamixel_sdk/share/dynamixel_sdk/environment/path.sh
[2.070s] -- Installing: /home/lorena/my_ros2_ws/install/dynamixel_sdk/share/dynamixel_sdk/environment/path.dsv
[2.070s] -- Up-to-date: /home/lorena/my_ros2_ws/install/dynamixel_sdk/share/dynamixel_sdk/local_setup.bash
[2.070s] -- Up-to-date: /home/lorena/my_ros2_ws/install/dynamixel_sdk/share/dynamixel_sdk/local_setup.sh
[2.070s] -- Up-to-date: /home/lorena/my_ros2_ws/install/dynamixel_sdk/share/dynamixel_sdk/local_setup.zsh
[2.070s] -- Installing: /home/lorena/my_ros2_ws/install/dynamixel_sdk/share/dynamixel_sdk/local_setup.dsv
[2.070s] -- Installing: /home/lorena/my_ros2_ws/install/dynamixel_sdk/share/dynamixel_sdk/package.dsv
[2.071s] -- Up-to-date: /home/lorena/my_ros2_ws/install/dynamixel_sdk/share/ament_index/resource_index/packages/dynamixel_sdk
[2.071s] -- Up-to-date: /home/lorena/my_ros2_ws/install/dynamixel_sdk/share/dynamixel_sdk/cmake/ament_cmake_export_include_directories-extras.cmake
[2.071s] -- Up-to-date: /home/lorena/my_ros2_ws/install/dynamixel_sdk/share/dynamixel_sdk/cmake/ament_cmake_export_libraries-extras.cmake
[2.071s] -- Up-to-date: /home/lorena/my_ros2_ws/install/dynamixel_sdk/share/dynamixel_sdk/cmake/dynamixel_sdkConfig.cmake
[2.072s] -- Up-to-date: /home/lorena/my_ros2_ws/install/dynamixel_sdk/share/dynamixel_sdk/cmake/dynamixel_sdkConfig-version.cmake
[2.072s] -- Up-to-date: /home/lorena/my_ros2_ws/install/dynamixel_sdk/share/dynamixel_sdk/package.xml
[2.191s] Invoked command in '/home/lorena/my_ros2_ws/build/dynamixel_sdk' returned '0': CMAKE_PREFIX_PATH=${CMAKE_PREFIX_PATH}:/home/lorena/my_ros2_ws/install/turtlebot3_teleop:/home/lorena/my_ros2_ws/install/turtlebot3_example:/home/lorena/my_ros2_ws/install/control_pkg:/opt/ros/foxy /usr/bin/cmake --install /home/lorena/my_ros2_ws/build/dynamixel_sdk
