[0.592s] Invoking command in '/home/lorena/my_ros2_ws/src/turtlebot3/turtlebot3_example': CMAKE_PREFIX_PATH=/home/lorena/my_ros2_ws/install/turtlebot3_msgs:/home/lorena/my_ros2_ws/install/turtlebot3:/home/lorena/my_ros2_ws/install/turtlebot3_simulations:/home/lorena/my_ros2_ws/install/turtlebot3_bringup:/home/lorena/my_ros2_ws/install/turtlebot3_node:/home/lorena/my_ros2_ws/install/turtlebot3_navigation2:/home/lorena/my_ros2_ws/install/turtlebot3_fake_node:/home/lorena/my_ros2_ws/install/turtlebot3_gazebo:/home/lorena/my_ros2_ws/install/turtlebot3_description:/home/lorena/my_ros2_ws/install/turtlebot3_cartographer:/home/lorena/my_ros2_ws/install/dynamixel_sdk:/home/lorena/my_ros2_ws/install/MYROBOT_gazebo:/home/lorena/my_ros2_ws/install/MYROBOT_description PYTHONPATH=/home/lorena/my_ros2_ws/build/turtlebot3_example/prefix_override:/home/lorena/my_ros2_ws/install/turtlebot3_example/lib/python3.8/site-packages:/home/lorena/my_ros2_ws/install/turtlebot3_msgs/lib/python3.8/site-packages:/home/lorena/my_ros2_ws/install/turtlebot3_teleop/lib/python3.8/site-packages:/home/lorena/my_ros2_ws/install/turtlebot3_example/lib/python3.8/site-packages:/home/lorena/my_ros2_ws/install/control_pkg/lib/python3.8/site-packages:/opt/ros/foxy/lib/python3.8/site-packages /usr/bin/python3 setup.py egg_info --egg-base ../../../build/turtlebot3_example build --build-base /home/lorena/my_ros2_ws/build/turtlebot3_example/build install --record /home/lorena/my_ros2_ws/build/turtlebot3_example/install.log --single-version-externally-managed
[0.721s] running egg_info
[0.722s] writing ../../../build/turtlebot3_example/turtlebot3_example.egg-info/PKG-INFO
[0.722s] writing dependency_links to ../../../build/turtlebot3_example/turtlebot3_example.egg-info/dependency_links.txt
[0.722s] writing entry points to ../../../build/turtlebot3_example/turtlebot3_example.egg-info/entry_points.txt
[0.722s] writing requirements to ../../../build/turtlebot3_example/turtlebot3_example.egg-info/requires.txt
[0.722s] writing top-level names to ../../../build/turtlebot3_example/turtlebot3_example.egg-info/top_level.txt
[0.743s] reading manifest file '../../../build/turtlebot3_example/turtlebot3_example.egg-info/SOURCES.txt'
[0.744s] writing manifest file '../../../build/turtlebot3_example/turtlebot3_example.egg-info/SOURCES.txt'
[0.744s] running build
[0.744s] running build_py
[0.745s] running install
[0.745s] running install_lib
[0.747s] running install_data
[0.747s] running install_egg_info
[0.748s] removing '/home/lorena/my_ros2_ws/install/turtlebot3_example/lib/python3.8/site-packages/turtlebot3_example-2.1.4-py3.8.egg-info' (and everything under it)
[0.748s] Copying ../../../build/turtlebot3_example/turtlebot3_example.egg-info to /home/lorena/my_ros2_ws/install/turtlebot3_example/lib/python3.8/site-packages/turtlebot3_example-2.1.4-py3.8.egg-info
[0.749s] running install_scripts
[0.760s] Installing turtlebot3_obstacle_detection script to /home/lorena/my_ros2_ws/install/turtlebot3_example/lib/turtlebot3_example
[0.761s] Installing turtlebot3_patrol_client script to /home/lorena/my_ros2_ws/install/turtlebot3_example/lib/turtlebot3_example
[0.761s] Installing turtlebot3_patrol_server script to /home/lorena/my_ros2_ws/install/turtlebot3_example/lib/turtlebot3_example
[0.761s] Installing turtlebot3_position_control script to /home/lorena/my_ros2_ws/install/turtlebot3_example/lib/turtlebot3_example
[0.761s] writing list of installed files to '/home/lorena/my_ros2_ws/build/turtlebot3_example/install.log'
[0.777s] Invoked command in '/home/lorena/my_ros2_ws/src/turtlebot3/turtlebot3_example' returned '0': CMAKE_PREFIX_PATH=/home/lorena/my_ros2_ws/install/turtlebot3_msgs:/home/lorena/my_ros2_ws/install/turtlebot3:/home/lorena/my_ros2_ws/install/turtlebot3_simulations:/home/lorena/my_ros2_ws/install/turtlebot3_bringup:/home/lorena/my_ros2_ws/install/turtlebot3_node:/home/lorena/my_ros2_ws/install/turtlebot3_navigation2:/home/lorena/my_ros2_ws/install/turtlebot3_fake_node:/home/lorena/my_ros2_ws/install/turtlebot3_gazebo:/home/lorena/my_ros2_ws/install/turtlebot3_description:/home/lorena/my_ros2_ws/install/turtlebot3_cartographer:/home/lorena/my_ros2_ws/install/dynamixel_sdk:/home/lorena/my_ros2_ws/install/MYROBOT_gazebo:/home/lorena/my_ros2_ws/install/MYROBOT_description PYTHONPATH=/home/lorena/my_ros2_ws/build/turtlebot3_example/prefix_override:/home/lorena/my_ros2_ws/install/turtlebot3_example/lib/python3.8/site-packages:/home/lorena/my_ros2_ws/install/turtlebot3_msgs/lib/python3.8/site-packages:/home/lorena/my_ros2_ws/install/turtlebot3_teleop/lib/python3.8/site-packages:/home/lorena/my_ros2_ws/install/turtlebot3_example/lib/python3.8/site-packages:/home/lorena/my_ros2_ws/install/control_pkg/lib/python3.8/site-packages:/opt/ros/foxy/lib/python3.8/site-packages /usr/bin/python3 setup.py egg_info --egg-base ../../../build/turtlebot3_example build --build-base /home/lorena/my_ros2_ws/build/turtlebot3_example/build install --record /home/lorena/my_ros2_ws/build/turtlebot3_example/install.log --single-version-externally-managed
