[0.058s] Invoking command in '/home/lorena/my_ros2_ws/src/build/provant_simulator_xml_reader': /usr/bin/cmake /home/lorena/my_ros2_ws/src/ProVANT-Simulator_Developer/provant_simulator_utils/provant_simulator_xml_reader -DCATKIN_INSTALL_INTO_PREFIX_ROOT=0 -DCMAKE_INSTALL_PREFIX=/home/lorena/my_ros2_ws/src/install/provant_simulator_xml_reader
[0.380s] -- The C compiler identification is GNU 9.4.0
[0.380s] -- The CXX compiler identification is GNU 9.4.0
[0.380s] -- Check for working C compiler: /usr/bin/cc
[0.380s] -- Check for working C compiler: /usr/bin/cc -- works
[0.380s] -- Detecting C compiler ABI info
[0.406s] -- Detecting C compiler ABI info - done
[0.416s] -- Detecting C compile features
[0.416s] -- Detecting C compile features - done
[0.426s] -- Check for working CXX compiler: /usr/bin/c++
[0.504s] -- Check for working CXX compiler: /usr/bin/c++ -- works
[0.504s] -- Detecting CXX compiler ABI info
[0.598s] -- Detecting CXX compiler ABI info - done
[0.614s] -- Detecting CXX compile features
[0.615s] -- Detecting CXX compile features - done
[0.633s] CMake Error at CMakeLists.txt:11 (find_package):
[0.633s]   By not providing "Findcatkin.cmake" in CMAKE_MODULE_PATH this project has
[0.633s]   asked CMake to find a package configuration file provided by "catkin", but
[0.633s]   CMake did not find one.
[0.633s] 
[0.633s]   Could not find a package configuration file provided by "catkin" with any
[0.633s]   of the following names:
[0.633s] 
[0.634s]     catkinConfig.cmake
[0.634s]     catkin-config.cmake
[0.634s] 
[0.634s]   Add the installation prefix of "catkin" to CMAKE_PREFIX_PATH or set
[0.634s]   "catkin_DIR" to a directory containing one of the above files.  If "catkin"
[0.634s]   provides a separate development package or SDK, be sure it has been
[0.634s]   installed.
[0.634s] 
[0.634s] 
[0.634s] -- Configuring incomplete, errors occurred!
[0.634s] See also "/home/lorena/my_ros2_ws/src/build/provant_simulator_xml_reader/CMakeFiles/CMakeOutput.log".
[0.651s] Invoked command in '/home/lorena/my_ros2_ws/src/build/provant_simulator_xml_reader' returned '1': /usr/bin/cmake /home/lorena/my_ros2_ws/src/ProVANT-Simulator_Developer/provant_simulator_utils/provant_simulator_xml_reader -DCATKIN_INSTALL_INTO_PREFIX_ROOT=0 -DCMAKE_INSTALL_PREFIX=/home/lorena/my_ros2_ws/src/install/provant_simulator_xml_reader
