[0.184s] Invoking command in '/home/lorena/my_ros2_ws/build/provant_simulator_linters': CMAKE_PREFIX_PATH=${CMAKE_PREFIX_PATH}:/home/lorena/my_ros2_ws/install/turtlebot3_teleop:/home/lorena/my_ros2_ws/install/turtlebot3_example:/home/lorena/my_ros2_ws/install/control_pkg:/opt/ros/foxy /usr/bin/cmake --build /home/lorena/my_ros2_ws/build/provant_simulator_linters -- -j12 -l12
[1.989s] Invoked command in '/home/lorena/my_ros2_ws/build/provant_simulator_linters' returned '0': CMAKE_PREFIX_PATH=${CMAKE_PREFIX_PATH}:/home/lorena/my_ros2_ws/install/turtlebot3_teleop:/home/lorena/my_ros2_ws/install/turtlebot3_example:/home/lorena/my_ros2_ws/install/control_pkg:/opt/ros/foxy /usr/bin/cmake --build /home/lorena/my_ros2_ws/build/provant_simulator_linters -- -j12 -l12
[2.051s] Invoking command in '/home/lorena/my_ros2_ws/build/provant_simulator_linters': CMAKE_PREFIX_PATH=${CMAKE_PREFIX_PATH}:/home/lorena/my_ros2_ws/install/turtlebot3_teleop:/home/lorena/my_ros2_ws/install/turtlebot3_example:/home/lorena/my_ros2_ws/install/control_pkg:/opt/ros/foxy /usr/bin/cmake --install /home/lorena/my_ros2_ws/build/provant_simulator_linters
[2.093s] -- Install configuration: ""
[2.095s] -- Up-to-date: /home/lorena/my_ros2_ws/install/provant_simulator_linters/share/ament_index/resource_index/package_run_dependencies/provant_simulator_linters
[2.096s] -- Up-to-date: /home/lorena/my_ros2_ws/install/provant_simulator_linters/share/ament_index/resource_index/parent_prefix_path/provant_simulator_linters
[2.096s] -- Up-to-date: /home/lorena/my_ros2_ws/install/provant_simulator_linters/share/provant_simulator_linters/environment/ament_prefix_path.sh
[2.096s] -- Up-to-date: /home/lorena/my_ros2_ws/install/provant_simulator_linters/share/provant_simulator_linters/environment/ament_prefix_path.dsv
[2.098s] -- Up-to-date: /home/lorena/my_ros2_ws/install/provant_simulator_linters/share/provant_simulator_linters/environment/path.sh
[2.099s] -- Up-to-date: /home/lorena/my_ros2_ws/install/provant_simulator_linters/share/provant_simulator_linters/environment/path.dsv
[2.099s] -- Up-to-date: /home/lorena/my_ros2_ws/install/provant_simulator_linters/share/provant_simulator_linters/local_setup.bash
[2.099s] -- Up-to-date: /home/lorena/my_ros2_ws/install/provant_simulator_linters/share/provant_simulator_linters/local_setup.sh
[2.099s] -- Up-to-date: /home/lorena/my_ros2_ws/install/provant_simulator_linters/share/provant_simulator_linters/local_setup.zsh
[2.099s] -- Up-to-date: /home/lorena/my_ros2_ws/install/provant_simulator_linters/share/provant_simulator_linters/local_setup.dsv
[2.099s] -- Up-to-date: /home/lorena/my_ros2_ws/install/provant_simulator_linters/share/provant_simulator_linters/package.dsv
[2.099s] -- Up-to-date: /home/lorena/my_ros2_ws/install/provant_simulator_linters/share/ament_index/resource_index/packages/provant_simulator_linters
[2.099s] -- Up-to-date: /home/lorena/my_ros2_ws/install/provant_simulator_linters/share/provant_simulator_linters/cmake/ament_cmake_export_dependencies-extras.cmake
[2.099s] -- Up-to-date: /home/lorena/my_ros2_ws/install/provant_simulator_linters/share/provant_simulator_linters/cmake/provant_simulator_lintersConfig.cmake
[2.102s] -- Up-to-date: /home/lorena/my_ros2_ws/install/provant_simulator_linters/share/provant_simulator_linters/cmake/provant_simulator_lintersConfig-version.cmake
[2.102s] -- Up-to-date: /home/lorena/my_ros2_ws/install/provant_simulator_linters/share/provant_simulator_linters/package.xml
[2.141s] Invoked command in '/home/lorena/my_ros2_ws/build/provant_simulator_linters' returned '0': CMAKE_PREFIX_PATH=${CMAKE_PREFIX_PATH}:/home/lorena/my_ros2_ws/install/turtlebot3_teleop:/home/lorena/my_ros2_ws/install/turtlebot3_example:/home/lorena/my_ros2_ws/install/control_pkg:/opt/ros/foxy /usr/bin/cmake --install /home/lorena/my_ros2_ws/build/provant_simulator_linters
