[0.191s] Invoking command in '/home/lorena/my_ros2_ws/src/build/MYROBOT_gazebo': CMAKE_PREFIX_PATH=${CMAKE_PREFIX_PATH}:/home/lorena/my_ros2_ws/install/turtlebot3_teleop:/home/lorena/my_ros2_ws/install/turtlebot3_example:/home/lorena/my_ros2_ws/install/control_pkg:/opt/ros/foxy /usr/bin/cmake /home/lorena/my_ros2_ws/src/MYROBOT_gazebo -DCMAKE_INSTALL_PREFIX=/home/lorena/my_ros2_ws/src/install/MYROBOT_gazebo
[0.504s] -- The C compiler identification is GNU 9.4.0
[0.504s] -- The CXX compiler identification is GNU 9.4.0
[0.504s] -- Check for working C compiler: /usr/bin/cc
[0.504s] -- Check for working C compiler: /usr/bin/cc -- works
[0.504s] -- Detecting C compiler ABI info
[0.504s] -- Detecting C compiler ABI info - done
[0.504s] -- Detecting C compile features
[0.504s] -- Detecting C compile features - done
[0.504s] -- Check for working CXX compiler: /usr/bin/c++
[0.504s] -- Check for working CXX compiler: /usr/bin/c++ -- works
[0.505s] -- Detecting CXX compiler ABI info
[0.505s] -- Detecting CXX compiler ABI info - done
[0.505s] -- Detecting CXX compile features
[0.505s] -- Detecting CXX compile features - done
[0.505s] -- Found ament_cmake: 0.9.11 (/opt/ros/foxy/share/ament_cmake/cmake)
[0.521s] -- Found PythonInterp: /usr/bin/python3 (found suitable version "3.8.10", minimum required is "3") 
[0.521s] -- Using PYTHON_EXECUTABLE: /usr/bin/python3
[0.761s] -- Found ament_lint_auto: 0.9.7 (/opt/ros/foxy/share/ament_lint_auto/cmake)
[0.824s] WARNING: Package name "MYROBOT_gazebo" does not follow the naming conventions. It should start with a lower case letter and only contain lower case letters, digits, underscores, and dashes.
[0.862s] -- Added test 'copyright' to check source files copyright and LICENSE
[0.868s] -- Added test 'flake8' to check Python code syntax and style conventions
[0.868s] -- Added test 'lint_cmake' to check CMake code style
[0.868s] -- Added test 'pep257' to check Python code against some of the style conventions in PEP 257
[0.868s] -- Added test 'xmllint' to check XML markup files
[0.874s] -- Configuring done
[0.874s] -- Generating done
[0.874s] -- Build files have been written to: /home/lorena/my_ros2_ws/src/build/MYROBOT_gazebo
[0.920s] Invoked command in '/home/lorena/my_ros2_ws/src/build/MYROBOT_gazebo' returned '0': CMAKE_PREFIX_PATH=${CMAKE_PREFIX_PATH}:/home/lorena/my_ros2_ws/install/turtlebot3_teleop:/home/lorena/my_ros2_ws/install/turtlebot3_example:/home/lorena/my_ros2_ws/install/control_pkg:/opt/ros/foxy /usr/bin/cmake /home/lorena/my_ros2_ws/src/MYROBOT_gazebo -DCMAKE_INSTALL_PREFIX=/home/lorena/my_ros2_ws/src/install/MYROBOT_gazebo
[0.921s] Invoking command in '/home/lorena/my_ros2_ws/src/build/MYROBOT_gazebo': CMAKE_PREFIX_PATH=${CMAKE_PREFIX_PATH}:/home/lorena/my_ros2_ws/install/turtlebot3_teleop:/home/lorena/my_ros2_ws/install/turtlebot3_example:/home/lorena/my_ros2_ws/install/control_pkg:/opt/ros/foxy /usr/bin/cmake --build /home/lorena/my_ros2_ws/src/build/MYROBOT_gazebo -- -j12 -l12
