[0.049s] Invoking command in '/home/lorena/my_ros2_ws/build/turtlebot3_cartographer': CMAKE_PREFIX_PATH=/opt/ros/foxy /usr/bin/cmake /home/lorena/my_ros2_ws/src/turtlebot3/turtlebot3_cartographer -DCMAKE_INSTALL_PREFIX=/home/lorena/my_ros2_ws/install/turtlebot3_cartographer
[0.524s] -- The C compiler identification is GNU 9.4.0
[0.525s] -- The CXX compiler identification is GNU 9.4.0
[0.525s] -- Check for working C compiler: /usr/bin/cc
[0.525s] -- Check for working C compiler: /usr/bin/cc -- works
[0.525s] -- Detecting C compiler ABI info
[0.525s] -- Detecting C compiler ABI info - done
[0.525s] -- Detecting C compile features
[0.525s] -- Detecting C compile features - done
[0.526s] -- Check for working CXX compiler: /usr/bin/c++
[0.526s] -- Check for working CXX compiler: /usr/bin/c++ -- works
[0.526s] -- Detecting CXX compiler ABI info
[0.526s] -- Detecting CXX compiler ABI info - done
[0.526s] -- Detecting CXX compile features
[0.526s] -- Detecting CXX compile features - done
[0.526s] -- Found ament_cmake: 0.9.11 (/opt/ros/foxy/share/ament_cmake/cmake)
[0.526s] -- Found PythonInterp: /usr/bin/python3 (found suitable version "3.8.10", minimum required is "3") 
[0.526s] -- Using PYTHON_EXECUTABLE: /usr/bin/python3
[0.763s] -- Configuring done
[0.765s] -- Generating done
[0.766s] -- Build files have been written to: /home/lorena/my_ros2_ws/build/turtlebot3_cartographer
[0.771s] Invoked command in '/home/lorena/my_ros2_ws/build/turtlebot3_cartographer' returned '0': CMAKE_PREFIX_PATH=/opt/ros/foxy /usr/bin/cmake /home/lorena/my_ros2_ws/src/turtlebot3/turtlebot3_cartographer -DCMAKE_INSTALL_PREFIX=/home/lorena/my_ros2_ws/install/turtlebot3_cartographer
[0.775s] Invoking command in '/home/lorena/my_ros2_ws/build/turtlebot3_cartographer': CMAKE_PREFIX_PATH=/opt/ros/foxy /usr/bin/cmake --build /home/lorena/my_ros2_ws/build/turtlebot3_cartographer -- -j12 -l12
[0.827s] Invoked command in '/home/lorena/my_ros2_ws/build/turtlebot3_cartographer' returned '0': CMAKE_PREFIX_PATH=/opt/ros/foxy /usr/bin/cmake --build /home/lorena/my_ros2_ws/build/turtlebot3_cartographer -- -j12 -l12
[0.941s] Invoking command in '/home/lorena/my_ros2_ws/build/turtlebot3_cartographer': CMAKE_PREFIX_PATH=/opt/ros/foxy /usr/bin/cmake --install /home/lorena/my_ros2_ws/build/turtlebot3_cartographer
[0.957s] -- Install configuration: ""
[0.957s] -- Installing: /home/lorena/my_ros2_ws/install/turtlebot3_cartographer/share/turtlebot3_cartographer/config
[0.957s] -- Installing: /home/lorena/my_ros2_ws/install/turtlebot3_cartographer/share/turtlebot3_cartographer/config/turtlebot3_lds_2d.lua
[0.957s] -- Installing: /home/lorena/my_ros2_ws/install/turtlebot3_cartographer/share/turtlebot3_cartographer/launch
[0.958s] -- Installing: /home/lorena/my_ros2_ws/install/turtlebot3_cartographer/share/turtlebot3_cartographer/launch/occupancy_grid.launch.py
[0.962s] -- Installing: /home/lorena/my_ros2_ws/install/turtlebot3_cartographer/share/turtlebot3_cartographer/launch/cartographer.launch.py
[0.963s] -- Installing: /home/lorena/my_ros2_ws/install/turtlebot3_cartographer/share/turtlebot3_cartographer/rviz
[0.963s] -- Installing: /home/lorena/my_ros2_ws/install/turtlebot3_cartographer/share/turtlebot3_cartographer/rviz/tb3_cartographer.rviz
[0.963s] -- Installing: /home/lorena/my_ros2_ws/install/turtlebot3_cartographer/share/ament_index/resource_index/package_run_dependencies/turtlebot3_cartographer
[0.964s] -- Installing: /home/lorena/my_ros2_ws/install/turtlebot3_cartographer/share/ament_index/resource_index/parent_prefix_path/turtlebot3_cartographer
[0.964s] -- Installing: /home/lorena/my_ros2_ws/install/turtlebot3_cartographer/share/turtlebot3_cartographer/environment/ament_prefix_path.sh
[0.964s] -- Installing: /home/lorena/my_ros2_ws/install/turtlebot3_cartographer/share/turtlebot3_cartographer/environment/ament_prefix_path.dsv
[0.964s] -- Installing: /home/lorena/my_ros2_ws/install/turtlebot3_cartographer/share/turtlebot3_cartographer/environment/path.sh
[0.964s] -- Installing: /home/lorena/my_ros2_ws/install/turtlebot3_cartographer/share/turtlebot3_cartographer/environment/path.dsv
[0.964s] -- Installing: /home/lorena/my_ros2_ws/install/turtlebot3_cartographer/share/turtlebot3_cartographer/local_setup.bash
[0.965s] -- Installing: /home/lorena/my_ros2_ws/install/turtlebot3_cartographer/share/turtlebot3_cartographer/local_setup.sh
[0.965s] -- Installing: /home/lorena/my_ros2_ws/install/turtlebot3_cartographer/share/turtlebot3_cartographer/local_setup.zsh
[0.965s] -- Installing: /home/lorena/my_ros2_ws/install/turtlebot3_cartographer/share/turtlebot3_cartographer/local_setup.dsv
[0.965s] -- Installing: /home/lorena/my_ros2_ws/install/turtlebot3_cartographer/share/turtlebot3_cartographer/package.dsv
[0.965s] -- Installing: /home/lorena/my_ros2_ws/install/turtlebot3_cartographer/share/ament_index/resource_index/packages/turtlebot3_cartographer
[0.966s] -- Installing: /home/lorena/my_ros2_ws/install/turtlebot3_cartographer/share/turtlebot3_cartographer/cmake/turtlebot3_cartographerConfig.cmake
[0.966s] -- Installing: /home/lorena/my_ros2_ws/install/turtlebot3_cartographer/share/turtlebot3_cartographer/cmake/turtlebot3_cartographerConfig-version.cmake
[0.966s] -- Installing: /home/lorena/my_ros2_ws/install/turtlebot3_cartographer/share/turtlebot3_cartographer/package.xml
[1.008s] Invoked command in '/home/lorena/my_ros2_ws/build/turtlebot3_cartographer' returned '0': CMAKE_PREFIX_PATH=/opt/ros/foxy /usr/bin/cmake --install /home/lorena/my_ros2_ws/build/turtlebot3_cartographer
