[0.059s] Invoking command in '/home/lorena/my_ros2_ws/build/turtlebot3_msgs': CMAKE_PREFIX_PATH=/opt/ros/foxy /usr/bin/cmake /home/lorena/my_ros2_ws/src/turtlebot3_msgs -DCMAKE_INSTALL_PREFIX=/home/lorena/my_ros2_ws/install/turtlebot3_msgs
[0.531s] -- The C compiler identification is GNU 9.4.0
[0.532s] -- The CXX compiler identification is GNU 9.4.0
[0.532s] -- Check for working C compiler: /usr/bin/cc
[0.532s] -- Check for working C compiler: /usr/bin/cc -- works
[0.533s] -- Detecting C compiler ABI info
[0.533s] -- Detecting C compiler ABI info - done
[0.533s] -- Detecting C compile features
[0.533s] -- Detecting C compile features - done
[0.533s] -- Check for working CXX compiler: /usr/bin/c++
[0.533s] -- Check for working CXX compiler: /usr/bin/c++ -- works
[0.533s] -- Detecting CXX compiler ABI info
[0.533s] -- Detecting CXX compiler ABI info - done
[0.533s] -- Detecting CXX compile features
[0.533s] -- Detecting CXX compile features - done
[0.533s] -- Found action_msgs: 1.0.0 (/opt/ros/foxy/share/action_msgs/cmake)
[0.533s] -- Found PythonInterp: /usr/bin/python3 (found suitable version "3.8.10", minimum required is "3") 
[0.533s] -- Using PYTHON_EXECUTABLE: /usr/bin/python3
[0.762s] -- Using all available rosidl_typesupport_c: rosidl_typesupport_fastrtps_c;rosidl_typesupport_introspection_c
[0.776s] -- Found rosidl_adapter: 1.3.0 (/opt/ros/foxy/share/rosidl_adapter/cmake)
[0.961s] -- Found OpenSSL: /usr/lib/x86_64-linux-gnu/libcrypto.so (found version "1.1.1f")  
[1.015s] -- Found FastRTPS: /opt/ros/foxy/include  
[1.164s] -- Using all available rosidl_typesupport_cpp: rosidl_typesupport_fastrtps_cpp;rosidl_typesupport_introspection_cpp
[1.271s] -- Found rosidl_default_generators: 1.0.1 (/opt/ros/foxy/share/rosidl_default_generators/cmake)
[1.281s] -- Found std_msgs: 2.0.5 (/opt/ros/foxy/share/std_msgs/cmake)
[1.338s] -- Found PythonInterp: /usr/bin/python3 (found version "3.8.10") 
[1.551s] -- Found ament_cmake_cppcheck: 0.9.7 (/opt/ros/foxy/share/ament_cmake_cppcheck/cmake)
[1.553s] -- Found ament_cmake_cpplint: 0.9.7 (/opt/ros/foxy/share/ament_cmake_cpplint/cmake)
[1.555s] -- Found ament_cmake_uncrustify: 0.9.7 (/opt/ros/foxy/share/ament_cmake_uncrustify/cmake)
[1.557s] -- Found ament_cmake_ros: 0.9.2 (/opt/ros/foxy/share/ament_cmake_ros/cmake)
[1.710s] -- Using all available rosidl_typesupport_c: rosidl_typesupport_fastrtps_c;rosidl_typesupport_introspection_c
[1.761s] -- Using all available rosidl_typesupport_cpp: rosidl_typesupport_fastrtps_cpp;rosidl_typesupport_introspection_cpp
[1.779s] -- Found PythonInterp: /usr/bin/python3 (found suitable version "3.8.10", minimum required is "3.5") 
[1.780s] -- Found python_cmake_module: 0.8.1 (/opt/ros/foxy/share/python_cmake_module/cmake)
[1.800s] -- Found PythonLibs: /usr/lib/x86_64-linux-gnu/libpython3.8.so (found suitable version "3.8.10", minimum required is "3.5") 
[1.800s] -- Using PYTHON_EXECUTABLE: /usr/bin/python3
[1.800s] -- Using PYTHON_INCLUDE_DIRS: /usr/include/python3.8
[1.800s] -- Using PYTHON_LIBRARIES: /usr/lib/x86_64-linux-gnu/libpython3.8.so
[1.814s] -- Found PythonExtra: .so  
[1.860s] -- Found ament_cmake_flake8: 0.9.7 (/opt/ros/foxy/share/ament_cmake_flake8/cmake)
[1.861s] -- Found ament_cmake_pep257: 0.9.7 (/opt/ros/foxy/share/ament_cmake_pep257/cmake)
[1.869s] -- Configuring done
[1.916s] -- Generating done
[1.918s] -- Build files have been written to: /home/lorena/my_ros2_ws/build/turtlebot3_msgs
[1.925s] Invoked command in '/home/lorena/my_ros2_ws/build/turtlebot3_msgs' returned '0': CMAKE_PREFIX_PATH=/opt/ros/foxy /usr/bin/cmake /home/lorena/my_ros2_ws/src/turtlebot3_msgs -DCMAKE_INSTALL_PREFIX=/home/lorena/my_ros2_ws/install/turtlebot3_msgs
[1.926s] Invoking command in '/home/lorena/my_ros2_ws/build/turtlebot3_msgs': CMAKE_PREFIX_PATH=/opt/ros/foxy /usr/bin/cmake --build /home/lorena/my_ros2_ws/build/turtlebot3_msgs -- -j12 -l12
[1.958s] [35m[1mScanning dependencies of target turtlebot3_msgs__cpp[0m
[1.959s] [  1%] [34m[1mGenerating C code for ROS interfaces[0m
[1.968s] [  2%] [34m[1mGenerating C++ code for ROS interfaces[0m
[2.591s] [  2%] Built target turtlebot3_msgs__cpp
[2.601s] [  5%] [34m[1mGenerating C++ type support dispatch for ROS interfaces[0m
[2.601s] [  5%] [34m[1mGenerating C++ type support for eProsima Fast-RTPS[0m
[2.603s] [35m[1mScanning dependencies of target turtlebot3_msgs__rosidl_generator_c[0m
[2.604s] [  7%] [34m[1mGenerating C++ introspection for ROS interfaces[0m
[2.618s] [  8%] [32mBuilding C object CMakeFiles/turtlebot3_msgs__rosidl_generator_c.dir/rosidl_generator_c/turtlebot3_msgs/action/detail/patrol__functions.c.o[0m
[2.618s] [ 11%] [32mBuilding C object CMakeFiles/turtlebot3_msgs__rosidl_generator_c.dir/rosidl_generator_c/turtlebot3_msgs/srv/detail/dqn__functions.c.o[0m
[2.619s] [ 12%] [32mBuilding C object CMakeFiles/turtlebot3_msgs__rosidl_generator_c.dir/rosidl_generator_c/turtlebot3_msgs/msg/detail/sensor_state__functions.c.o[0m
[2.619s] [ 12%] [32mBuilding C object CMakeFiles/turtlebot3_msgs__rosidl_generator_c.dir/rosidl_generator_c/turtlebot3_msgs/srv/detail/sound__functions.c.o[0m
[2.619s] [ 14%] [32mBuilding C object CMakeFiles/turtlebot3_msgs__rosidl_generator_c.dir/rosidl_generator_c/turtlebot3_msgs/msg/detail/sound__functions.c.o[0m
[2.619s] [ 15%] [32mBuilding C object CMakeFiles/turtlebot3_msgs__rosidl_generator_c.dir/rosidl_generator_c/turtlebot3_msgs/msg/detail/version_info__functions.c.o[0m
[2.730s] [ 16%] [32m[1mLinking C shared library libturtlebot3_msgs__rosidl_generator_c.so[0m
[2.770s] [ 16%] Built target turtlebot3_msgs__rosidl_generator_c
[2.778s] [ 19%] [34m[1mGenerating C introspection for ROS interfaces[0m
[2.778s] [ 19%] [34m[1mGenerating C type support dispatch for ROS interfaces[0m
[3.041s] [35m[1mScanning dependencies of target turtlebot3_msgs__rosidl_typesupport_cpp[0m
[3.056s] [ 21%] [32mBuilding CXX object CMakeFiles/turtlebot3_msgs__rosidl_typesupport_cpp.dir/rosidl_typesupport_cpp/turtlebot3_msgs/srv/dqn__type_support.cpp.o[0m
[3.056s] [ 22%] [32mBuilding CXX object CMakeFiles/turtlebot3_msgs__rosidl_typesupport_cpp.dir/rosidl_typesupport_cpp/turtlebot3_msgs/action/patrol__type_support.cpp.o[0m
[3.057s] [ 23%] [32mBuilding CXX object CMakeFiles/turtlebot3_msgs__rosidl_typesupport_cpp.dir/rosidl_typesupport_cpp/turtlebot3_msgs/srv/sound__type_support.cpp.o[0m
[3.057s] [ 25%] [32mBuilding CXX object CMakeFiles/turtlebot3_msgs__rosidl_typesupport_cpp.dir/rosidl_typesupport_cpp/turtlebot3_msgs/msg/sound__type_support.cpp.o[0m
[3.057s] [ 26%] [32mBuilding CXX object CMakeFiles/turtlebot3_msgs__rosidl_typesupport_cpp.dir/rosidl_typesupport_cpp/turtlebot3_msgs/msg/sensor_state__type_support.cpp.o[0m
[3.057s] [ 28%] [32mBuilding CXX object CMakeFiles/turtlebot3_msgs__rosidl_typesupport_cpp.dir/rosidl_typesupport_cpp/turtlebot3_msgs/msg/version_info__type_support.cpp.o[0m
[3.218s] [35m[1mScanning dependencies of target turtlebot3_msgs__rosidl_typesupport_introspection_cpp[0m
[3.253s] [ 29%] [32mBuilding CXX object CMakeFiles/turtlebot3_msgs__rosidl_typesupport_introspection_cpp.dir/rosidl_typesupport_introspection_cpp/turtlebot3_msgs/msg/detail/sensor_state__type_support.cpp.o[0m
[3.260s] [ 30%] [32mBuilding CXX object CMakeFiles/turtlebot3_msgs__rosidl_typesupport_introspection_cpp.dir/rosidl_typesupport_introspection_cpp/turtlebot3_msgs/msg/detail/sound__type_support.cpp.o[0m
[3.274s] [ 32%] [32mBuilding CXX object CMakeFiles/turtlebot3_msgs__rosidl_typesupport_introspection_cpp.dir/rosidl_typesupport_introspection_cpp/turtlebot3_msgs/msg/detail/version_info__type_support.cpp.o[0m
[3.396s] [ 33%] [32mBuilding CXX object CMakeFiles/turtlebot3_msgs__rosidl_typesupport_introspection_cpp.dir/rosidl_typesupport_introspection_cpp/turtlebot3_msgs/srv/detail/sound__type_support.cpp.o[0m
[3.399s] [35m[1mScanning dependencies of target turtlebot3_msgs__rosidl_typesupport_c[0m
[3.405s] [ 35%] [32mBuilding CXX object CMakeFiles/turtlebot3_msgs__rosidl_typesupport_introspection_cpp.dir/rosidl_typesupport_introspection_cpp/turtlebot3_msgs/action/detail/patrol__type_support.cpp.o[0m
[3.405s] [ 36%] [32mBuilding CXX object CMakeFiles/turtlebot3_msgs__rosidl_typesupport_introspection_cpp.dir/rosidl_typesupport_introspection_cpp/turtlebot3_msgs/srv/detail/dqn__type_support.cpp.o[0m
[3.410s] [35m[1mScanning dependencies of target turtlebot3_msgs__rosidl_typesupport_fastrtps_cpp[0m
[3.433s] [ 38%] [32m[1mLinking CXX shared library libturtlebot3_msgs__rosidl_typesupport_cpp.so[0m
[3.442s] [ 39%] [32mBuilding CXX object CMakeFiles/turtlebot3_msgs__rosidl_typesupport_fastrtps_cpp.dir/rosidl_typesupport_fastrtps_cpp/turtlebot3_msgs/msg/detail/dds_fastrtps/version_info__type_support.cpp.o[0m
[3.443s] [ 40%] [32mBuilding CXX object CMakeFiles/turtlebot3_msgs__rosidl_typesupport_fastrtps_cpp.dir/rosidl_typesupport_fastrtps_cpp/turtlebot3_msgs/msg/detail/dds_fastrtps/sound__type_support.cpp.o[0m
[3.447s] [ 42%] [32mBuilding CXX object CMakeFiles/turtlebot3_msgs__rosidl_typesupport_fastrtps_cpp.dir/rosidl_typesupport_fastrtps_cpp/turtlebot3_msgs/msg/detail/dds_fastrtps/sensor_state__type_support.cpp.o[0m
[3.460s] [ 43%] [32mBuilding CXX object CMakeFiles/turtlebot3_msgs__rosidl_typesupport_c.dir/rosidl_typesupport_c/turtlebot3_msgs/msg/sensor_state__type_support.cpp.o[0m
[3.497s] [ 45%] [32mBuilding CXX object CMakeFiles/turtlebot3_msgs__rosidl_typesupport_c.dir/rosidl_typesupport_c/turtlebot3_msgs/msg/sound__type_support.cpp.o[0m
[3.531s] [ 46%] [32mBuilding CXX object CMakeFiles/turtlebot3_msgs__rosidl_typesupport_c.dir/rosidl_typesupport_c/turtlebot3_msgs/msg/version_info__type_support.cpp.o[0m
[3.563s] [ 46%] Built target turtlebot3_msgs__rosidl_typesupport_cpp
[3.576s] [ 47%] [32mBuilding CXX object CMakeFiles/turtlebot3_msgs__rosidl_typesupport_c.dir/rosidl_typesupport_c/turtlebot3_msgs/srv/sound__type_support.cpp.o[0m
[3.578s] [ 49%] [32mBuilding CXX object CMakeFiles/turtlebot3_msgs__rosidl_typesupport_fastrtps_cpp.dir/rosidl_typesupport_fastrtps_cpp/turtlebot3_msgs/srv/detail/dds_fastrtps/sound__type_support.cpp.o[0m
[3.646s] [ 50%] [32mBuilding CXX object CMakeFiles/turtlebot3_msgs__rosidl_typesupport_fastrtps_cpp.dir/rosidl_typesupport_fastrtps_cpp/turtlebot3_msgs/srv/detail/dds_fastrtps/dqn__type_support.cpp.o[0m
[3.649s] [ 52%] [32mBuilding CXX object CMakeFiles/turtlebot3_msgs__rosidl_typesupport_c.dir/rosidl_typesupport_c/turtlebot3_msgs/srv/dqn__type_support.cpp.o[0m
[3.660s] [ 53%] [32mBuilding CXX object CMakeFiles/turtlebot3_msgs__rosidl_typesupport_c.dir/rosidl_typesupport_c/turtlebot3_msgs/action/patrol__type_support.cpp.o[0m
[3.664s] [35m[1mScanning dependencies of target turtlebot3_msgs__rosidl_typesupport_introspection_c[0m
[3.667s] [ 54%] [32mBuilding CXX object CMakeFiles/turtlebot3_msgs__rosidl_typesupport_fastrtps_cpp.dir/rosidl_typesupport_fastrtps_cpp/turtlebot3_msgs/action/detail/dds_fastrtps/patrol__type_support.cpp.o[0m
[3.717s] [ 56%] [32m[1mLinking CXX shared library libturtlebot3_msgs__rosidl_typesupport_c.so[0m
[3.718s] [ 57%] [32mBuilding C object CMakeFiles/turtlebot3_msgs__rosidl_typesupport_introspection_c.dir/rosidl_typesupport_introspection_c/turtlebot3_msgs/msg/detail/sensor_state__type_support.c.o[0m
[3.724s] [ 59%] [32mBuilding C object CMakeFiles/turtlebot3_msgs__rosidl_typesupport_introspection_c.dir/rosidl_typesupport_introspection_c/turtlebot3_msgs/msg/detail/sound__type_support.c.o[0m
[3.728s] [ 60%] [32mBuilding C object CMakeFiles/turtlebot3_msgs__rosidl_typesupport_introspection_c.dir/rosidl_typesupport_introspection_c/turtlebot3_msgs/msg/detail/version_info__type_support.c.o[0m
[3.778s] [ 61%] [32mBuilding C object CMakeFiles/turtlebot3_msgs__rosidl_typesupport_introspection_c.dir/rosidl_typesupport_introspection_c/turtlebot3_msgs/srv/detail/sound__type_support.c.o[0m
[3.778s] [ 63%] [32mBuilding C object CMakeFiles/turtlebot3_msgs__rosidl_typesupport_introspection_c.dir/rosidl_typesupport_introspection_c/turtlebot3_msgs/action/detail/patrol__type_support.c.o[0m
[3.783s] [ 64%] [32mBuilding C object CMakeFiles/turtlebot3_msgs__rosidl_typesupport_introspection_c.dir/rosidl_typesupport_introspection_c/turtlebot3_msgs/srv/detail/dqn__type_support.c.o[0m
[3.789s] [ 64%] Built target turtlebot3_msgs__rosidl_typesupport_c
[3.829s] [ 66%] [32m[1mLinking C shared library libturtlebot3_msgs__rosidl_typesupport_introspection_c.so[0m
[3.864s] [ 66%] Built target turtlebot3_msgs__rosidl_typesupport_introspection_c
[3.881s] [ 67%] [32m[1mLinking CXX shared library libturtlebot3_msgs__rosidl_typesupport_introspection_cpp.so[0m
[3.962s] [ 67%] Built target turtlebot3_msgs__rosidl_typesupport_introspection_cpp
[4.136s] [ 69%] [32m[1mLinking CXX shared library libturtlebot3_msgs__rosidl_typesupport_fastrtps_cpp.so[0m
[4.213s] [ 69%] Built target turtlebot3_msgs__rosidl_typesupport_fastrtps_cpp
[4.224s] [ 70%] [34m[1mGenerating C type support for eProsima Fast-RTPS[0m
[4.943s] [35m[1mScanning dependencies of target turtlebot3_msgs__rosidl_typesupport_fastrtps_c[0m
[4.966s] [ 76%] [32mBuilding CXX object CMakeFiles/turtlebot3_msgs__rosidl_typesupport_fastrtps_c.dir/rosidl_typesupport_fastrtps_c/turtlebot3_msgs/srv/detail/sound__type_support_c.cpp.o[0m
[4.966s] [ 76%] [32mBuilding CXX object CMakeFiles/turtlebot3_msgs__rosidl_typesupport_fastrtps_c.dir/rosidl_typesupport_fastrtps_c/turtlebot3_msgs/msg/detail/version_info__type_support_c.cpp.o[0m
[4.966s] [ 76%] [32mBuilding CXX object CMakeFiles/turtlebot3_msgs__rosidl_typesupport_fastrtps_c.dir/rosidl_typesupport_fastrtps_c/turtlebot3_msgs/msg/detail/sensor_state__type_support_c.cpp.o[0m
[4.966s] [ 76%] [32mBuilding CXX object CMakeFiles/turtlebot3_msgs__rosidl_typesupport_fastrtps_c.dir/rosidl_typesupport_fastrtps_c/turtlebot3_msgs/srv/detail/dqn__type_support_c.cpp.o[0m
[4.966s] [ 77%] [32mBuilding CXX object CMakeFiles/turtlebot3_msgs__rosidl_typesupport_fastrtps_c.dir/rosidl_typesupport_fastrtps_c/turtlebot3_msgs/msg/detail/sound__type_support_c.cpp.o[0m
[4.970s] [ 78%] [32mBuilding CXX object CMakeFiles/turtlebot3_msgs__rosidl_typesupport_fastrtps_c.dir/rosidl_typesupport_fastrtps_c/turtlebot3_msgs/action/detail/patrol__type_support_c.cpp.o[0m
[5.450s] [ 80%] [32m[1mLinking CXX shared library libturtlebot3_msgs__rosidl_typesupport_fastrtps_c.so[0m
[5.526s] [ 80%] Built target turtlebot3_msgs__rosidl_typesupport_fastrtps_c
[5.534s] [35m[1mScanning dependencies of target turtlebot3_msgs[0m
[5.543s] [ 80%] Built target turtlebot3_msgs
[5.553s] [35m[1mScanning dependencies of target turtlebot3_msgs__py[0m
[5.562s] [ 81%] [34m[1mGenerating Python code for ROS interfaces[0m
[6.994s] [ 81%] Built target turtlebot3_msgs__py
[7.003s] [35m[1mScanning dependencies of target turtlebot3_msgs__python[0m
[7.039s] [ 84%] [32mBuilding C object CMakeFiles/turtlebot3_msgs__python.dir/rosidl_generator_py/turtlebot3_msgs/srv/_dqn_s.c.o[0m
[7.039s] [ 88%] [32mBuilding C object CMakeFiles/turtlebot3_msgs__python.dir/rosidl_generator_py/turtlebot3_msgs/msg/_sound_s.c.o[0m
[7.039s] [ 88%] [32mBuilding C object CMakeFiles/turtlebot3_msgs__python.dir/rosidl_generator_py/turtlebot3_msgs/srv/_sound_s.c.o[0m
[7.039s] [ 88%] [32mBuilding C object CMakeFiles/turtlebot3_msgs__python.dir/rosidl_generator_py/turtlebot3_msgs/msg/_version_info_s.c.o[0m
[7.039s] [ 87%] [32mBuilding C object CMakeFiles/turtlebot3_msgs__python.dir/rosidl_generator_py/turtlebot3_msgs/msg/_sensor_state_s.c.o[0m
[7.042s] [ 90%] [32mBuilding C object CMakeFiles/turtlebot3_msgs__python.dir/rosidl_generator_py/turtlebot3_msgs/action/_patrol_s.c.o[0m
[7.194s] [ 91%] [32m[1mLinking C shared library rosidl_generator_py/turtlebot3_msgs/libturtlebot3_msgs__python.so[0m
[7.244s] [ 91%] Built target turtlebot3_msgs__python
[7.263s] [35m[1mScanning dependencies of target turtlebot3_msgs__rosidl_typesupport_fastrtps_c__pyext[0m
[7.297s] [ 92%] [32mBuilding C object CMakeFiles/turtlebot3_msgs__rosidl_typesupport_fastrtps_c__pyext.dir/rosidl_generator_py/turtlebot3_msgs/_turtlebot3_msgs_s.ep.rosidl_typesupport_fastrtps_c.c.o[0m
[7.297s] [35m[1mScanning dependencies of target turtlebot3_msgs__rosidl_typesupport_introspection_c__pyext[0m
[7.321s] [35m[1mScanning dependencies of target turtlebot3_msgs__rosidl_typesupport_c__pyext[0m
[7.375s] [ 94%] [32mBuilding C object CMakeFiles/turtlebot3_msgs__rosidl_typesupport_introspection_c__pyext.dir/rosidl_generator_py/turtlebot3_msgs/_turtlebot3_msgs_s.ep.rosidl_typesupport_introspection_c.c.o[0m
[7.380s] [ 95%] [32mBuilding C object CMakeFiles/turtlebot3_msgs__rosidl_typesupport_c__pyext.dir/rosidl_generator_py/turtlebot3_msgs/_turtlebot3_msgs_s.ep.rosidl_typesupport_c.c.o[0m
[7.440s] [ 97%] [32m[1mLinking CXX shared library rosidl_generator_py/turtlebot3_msgs/turtlebot3_msgs_s__rosidl_typesupport_fastrtps_c.cpython-38-x86_64-linux-gnu.so[0m
[7.508s] [ 97%] Built target turtlebot3_msgs__rosidl_typesupport_fastrtps_c__pyext
[7.526s] [ 98%] [32m[1mLinking C shared library rosidl_generator_py/turtlebot3_msgs/turtlebot3_msgs_s__rosidl_typesupport_introspection_c.cpython-38-x86_64-linux-gnu.so[0m
[7.540s] [100%] [32m[1mLinking C shared library rosidl_generator_py/turtlebot3_msgs/turtlebot3_msgs_s__rosidl_typesupport_c.cpython-38-x86_64-linux-gnu.so[0m
[7.560s] [100%] Built target turtlebot3_msgs__rosidl_typesupport_introspection_c__pyext
[7.574s] [100%] Built target turtlebot3_msgs__rosidl_typesupport_c__pyext
[7.585s] Invoked command in '/home/lorena/my_ros2_ws/build/turtlebot3_msgs' returned '0': CMAKE_PREFIX_PATH=/opt/ros/foxy /usr/bin/cmake --build /home/lorena/my_ros2_ws/build/turtlebot3_msgs -- -j12 -l12
[7.669s] Invoking command in '/home/lorena/my_ros2_ws/build/turtlebot3_msgs': CMAKE_PREFIX_PATH=/opt/ros/foxy /usr/bin/cmake --install /home/lorena/my_ros2_ws/build/turtlebot3_msgs
[7.678s] -- Install configuration: ""
[7.678s] -- Installing: /home/lorena/my_ros2_ws/install/turtlebot3_msgs/share/ament_index/resource_index/rosidl_interfaces/turtlebot3_msgs
[7.678s] -- Installing: /home/lorena/my_ros2_ws/install/turtlebot3_msgs/include/turtlebot3_msgs
[7.679s] -- Installing: /home/lorena/my_ros2_ws/install/turtlebot3_msgs/include/turtlebot3_msgs/srv
[7.679s] -- Installing: /home/lorena/my_ros2_ws/install/turtlebot3_msgs/include/turtlebot3_msgs/srv/sound.h
[7.679s] -- Installing: /home/lorena/my_ros2_ws/install/turtlebot3_msgs/include/turtlebot3_msgs/srv/detail
[7.679s] -- Installing: /home/lorena/my_ros2_ws/install/turtlebot3_msgs/include/turtlebot3_msgs/srv/detail/dqn__functions.h
[7.679s] -- Installing: /home/lorena/my_ros2_ws/install/turtlebot3_msgs/include/turtlebot3_msgs/srv/detail/sound__type_support.h
[7.679s] -- Installing: /home/lorena/my_ros2_ws/install/turtlebot3_msgs/include/turtlebot3_msgs/srv/detail/sound__functions.c
[7.679s] -- Installing: /home/lorena/my_ros2_ws/install/turtlebot3_msgs/include/turtlebot3_msgs/srv/detail/sound__struct.h
[7.679s] -- Installing: /home/lorena/my_ros2_ws/install/turtlebot3_msgs/include/turtlebot3_msgs/srv/detail/sound__functions.h
[7.679s] -- Installing: /home/lorena/my_ros2_ws/install/turtlebot3_msgs/include/turtlebot3_msgs/srv/detail/dqn__struct.h
[7.679s] -- Installing: /home/lorena/my_ros2_ws/install/turtlebot3_msgs/include/turtlebot3_msgs/srv/detail/dqn__type_support.h
[7.679s] -- Installing: /home/lorena/my_ros2_ws/install/turtlebot3_msgs/include/turtlebot3_msgs/srv/detail/dqn__functions.c
[7.679s] -- Installing: /home/lorena/my_ros2_ws/install/turtlebot3_msgs/include/turtlebot3_msgs/srv/dqn.h
[7.679s] -- Installing: /home/lorena/my_ros2_ws/install/turtlebot3_msgs/include/turtlebot3_msgs/msg
[7.680s] -- Installing: /home/lorena/my_ros2_ws/install/turtlebot3_msgs/include/turtlebot3_msgs/msg/sound.h
[7.680s] -- Installing: /home/lorena/my_ros2_ws/install/turtlebot3_msgs/include/turtlebot3_msgs/msg/rosidl_generator_c__visibility_control.h
[7.680s] -- Installing: /home/lorena/my_ros2_ws/install/turtlebot3_msgs/include/turtlebot3_msgs/msg/detail
[7.680s] -- Installing: /home/lorena/my_ros2_ws/install/turtlebot3_msgs/include/turtlebot3_msgs/msg/detail/version_info__struct.h
[7.680s] -- Installing: /home/lorena/my_ros2_ws/install/turtlebot3_msgs/include/turtlebot3_msgs/msg/detail/sound__type_support.h
[7.680s] -- Installing: /home/lorena/my_ros2_ws/install/turtlebot3_msgs/include/turtlebot3_msgs/msg/detail/sound__functions.c
[7.680s] -- Installing: /home/lorena/my_ros2_ws/install/turtlebot3_msgs/include/turtlebot3_msgs/msg/detail/sound__struct.h
[7.680s] -- Installing: /home/lorena/my_ros2_ws/install/turtlebot3_msgs/include/turtlebot3_msgs/msg/detail/version_info__functions.c
[7.680s] -- Installing: /home/lorena/my_ros2_ws/install/turtlebot3_msgs/include/turtlebot3_msgs/msg/detail/sound__functions.h
[7.680s] -- Installing: /home/lorena/my_ros2_ws/install/turtlebot3_msgs/include/turtlebot3_msgs/msg/detail/version_info__type_support.h
[7.680s] -- Installing: /home/lorena/my_ros2_ws/install/turtlebot3_msgs/include/turtlebot3_msgs/msg/detail/sensor_state__functions.h
[7.680s] -- Installing: /home/lorena/my_ros2_ws/install/turtlebot3_msgs/include/turtlebot3_msgs/msg/detail/sensor_state__type_support.h
[7.680s] -- Installing: /home/lorena/my_ros2_ws/install/turtlebot3_msgs/include/turtlebot3_msgs/msg/detail/sensor_state__struct.h
[7.680s] -- Installing: /home/lorena/my_ros2_ws/install/turtlebot3_msgs/include/turtlebot3_msgs/msg/detail/version_info__functions.h
[7.681s] -- Installing: /home/lorena/my_ros2_ws/install/turtlebot3_msgs/include/turtlebot3_msgs/msg/detail/sensor_state__functions.c
[7.681s] -- Installing: /home/lorena/my_ros2_ws/install/turtlebot3_msgs/include/turtlebot3_msgs/msg/version_info.h
[7.681s] -- Installing: /home/lorena/my_ros2_ws/install/turtlebot3_msgs/include/turtlebot3_msgs/msg/sensor_state.h
[7.681s] -- Installing: /home/lorena/my_ros2_ws/install/turtlebot3_msgs/include/turtlebot3_msgs/action
[7.681s] -- Installing: /home/lorena/my_ros2_ws/install/turtlebot3_msgs/include/turtlebot3_msgs/action/detail
[7.681s] -- Installing: /home/lorena/my_ros2_ws/install/turtlebot3_msgs/include/turtlebot3_msgs/action/detail/patrol__functions.h
[7.681s] -- Installing: /home/lorena/my_ros2_ws/install/turtlebot3_msgs/include/turtlebot3_msgs/action/detail/patrol__struct.h
[7.681s] -- Installing: /home/lorena/my_ros2_ws/install/turtlebot3_msgs/include/turtlebot3_msgs/action/detail/patrol__functions.c
[7.681s] -- Installing: /home/lorena/my_ros2_ws/install/turtlebot3_msgs/include/turtlebot3_msgs/action/detail/patrol__type_support.h
[7.681s] -- Installing: /home/lorena/my_ros2_ws/install/turtlebot3_msgs/include/turtlebot3_msgs/action/patrol.h
[7.681s] -- Installing: /home/lorena/my_ros2_ws/install/turtlebot3_msgs/share/turtlebot3_msgs/environment/library_path.sh
[7.681s] -- Installing: /home/lorena/my_ros2_ws/install/turtlebot3_msgs/share/turtlebot3_msgs/environment/library_path.dsv
[7.682s] -- Installing: /home/lorena/my_ros2_ws/install/turtlebot3_msgs/lib/libturtlebot3_msgs__rosidl_generator_c.so
[7.682s] -- Set runtime path of "/home/lorena/my_ros2_ws/install/turtlebot3_msgs/lib/libturtlebot3_msgs__rosidl_generator_c.so" to ""
[7.682s] -- Up-to-date: /home/lorena/my_ros2_ws/install/turtlebot3_msgs/include/turtlebot3_msgs
[7.682s] -- Up-to-date: /home/lorena/my_ros2_ws/install/turtlebot3_msgs/include/turtlebot3_msgs/srv
[7.682s] -- Up-to-date: /home/lorena/my_ros2_ws/install/turtlebot3_msgs/include/turtlebot3_msgs/srv/detail
[7.682s] -- Installing: /home/lorena/my_ros2_ws/install/turtlebot3_msgs/include/turtlebot3_msgs/srv/detail/dqn__rosidl_typesupport_fastrtps_c.h
[7.682s] -- Installing: /home/lorena/my_ros2_ws/install/turtlebot3_msgs/include/turtlebot3_msgs/srv/detail/sound__rosidl_typesupport_fastrtps_c.h
[7.683s] -- Up-to-date: /home/lorena/my_ros2_ws/install/turtlebot3_msgs/include/turtlebot3_msgs/msg
[7.683s] -- Installing: /home/lorena/my_ros2_ws/install/turtlebot3_msgs/include/turtlebot3_msgs/msg/rosidl_typesupport_fastrtps_c__visibility_control.h
[7.683s] -- Up-to-date: /home/lorena/my_ros2_ws/install/turtlebot3_msgs/include/turtlebot3_msgs/msg/detail
[7.683s] -- Installing: /home/lorena/my_ros2_ws/install/turtlebot3_msgs/include/turtlebot3_msgs/msg/detail/sensor_state__rosidl_typesupport_fastrtps_c.h
[7.683s] -- Installing: /home/lorena/my_ros2_ws/install/turtlebot3_msgs/include/turtlebot3_msgs/msg/detail/version_info__rosidl_typesupport_fastrtps_c.h
[7.683s] -- Installing: /home/lorena/my_ros2_ws/install/turtlebot3_msgs/include/turtlebot3_msgs/msg/detail/sound__rosidl_typesupport_fastrtps_c.h
[7.683s] -- Up-to-date: /home/lorena/my_ros2_ws/install/turtlebot3_msgs/include/turtlebot3_msgs/action
[7.683s] -- Up-to-date: /home/lorena/my_ros2_ws/install/turtlebot3_msgs/include/turtlebot3_msgs/action/detail
[7.683s] -- Installing: /home/lorena/my_ros2_ws/install/turtlebot3_msgs/include/turtlebot3_msgs/action/detail/patrol__rosidl_typesupport_fastrtps_c.h
[7.683s] -- Installing: /home/lorena/my_ros2_ws/install/turtlebot3_msgs/lib/libturtlebot3_msgs__rosidl_typesupport_fastrtps_c.so
[7.683s] -- Set runtime path of "/home/lorena/my_ros2_ws/install/turtlebot3_msgs/lib/libturtlebot3_msgs__rosidl_typesupport_fastrtps_c.so" to ""
[7.684s] -- Up-to-date: /home/lorena/my_ros2_ws/install/turtlebot3_msgs/include/turtlebot3_msgs
[7.684s] -- Up-to-date: /home/lorena/my_ros2_ws/install/turtlebot3_msgs/include/turtlebot3_msgs/srv
[7.684s] -- Up-to-date: /home/lorena/my_ros2_ws/install/turtlebot3_msgs/include/turtlebot3_msgs/srv/detail
[7.684s] -- Installing: /home/lorena/my_ros2_ws/install/turtlebot3_msgs/include/turtlebot3_msgs/srv/detail/dqn__rosidl_typesupport_fastrtps_cpp.hpp
[7.684s] -- Installing: /home/lorena/my_ros2_ws/install/turtlebot3_msgs/include/turtlebot3_msgs/srv/detail/sound__rosidl_typesupport_fastrtps_cpp.hpp
[7.684s] -- Installing: /home/lorena/my_ros2_ws/install/turtlebot3_msgs/include/turtlebot3_msgs/srv/detail/dds_fastrtps
[7.684s] -- Up-to-date: /home/lorena/my_ros2_ws/install/turtlebot3_msgs/include/turtlebot3_msgs/msg
[7.684s] -- Up-to-date: /home/lorena/my_ros2_ws/install/turtlebot3_msgs/include/turtlebot3_msgs/msg/detail
[7.684s] -- Installing: /home/lorena/my_ros2_ws/install/turtlebot3_msgs/include/turtlebot3_msgs/msg/detail/sound__rosidl_typesupport_fastrtps_cpp.hpp
[7.685s] -- Installing: /home/lorena/my_ros2_ws/install/turtlebot3_msgs/include/turtlebot3_msgs/msg/detail/dds_fastrtps
[7.685s] -- Installing: /home/lorena/my_ros2_ws/install/turtlebot3_msgs/include/turtlebot3_msgs/msg/detail/version_info__rosidl_typesupport_fastrtps_cpp.hpp
[7.685s] -- Installing: /home/lorena/my_ros2_ws/install/turtlebot3_msgs/include/turtlebot3_msgs/msg/detail/sensor_state__rosidl_typesupport_fastrtps_cpp.hpp
[7.685s] -- Installing: /home/lorena/my_ros2_ws/install/turtlebot3_msgs/include/turtlebot3_msgs/msg/rosidl_typesupport_fastrtps_cpp__visibility_control.h
[7.685s] -- Up-to-date: /home/lorena/my_ros2_ws/install/turtlebot3_msgs/include/turtlebot3_msgs/action
[7.685s] -- Up-to-date: /home/lorena/my_ros2_ws/install/turtlebot3_msgs/include/turtlebot3_msgs/action/detail
[7.685s] -- Installing: /home/lorena/my_ros2_ws/install/turtlebot3_msgs/include/turtlebot3_msgs/action/detail/patrol__rosidl_typesupport_fastrtps_cpp.hpp
[7.686s] -- Installing: /home/lorena/my_ros2_ws/install/turtlebot3_msgs/include/turtlebot3_msgs/action/detail/dds_fastrtps
[7.686s] -- Installing: /home/lorena/my_ros2_ws/install/turtlebot3_msgs/lib/libturtlebot3_msgs__rosidl_typesupport_fastrtps_cpp.so
[7.686s] -- Set runtime path of "/home/lorena/my_ros2_ws/install/turtlebot3_msgs/lib/libturtlebot3_msgs__rosidl_typesupport_fastrtps_cpp.so" to ""
[7.686s] -- Up-to-date: /home/lorena/my_ros2_ws/install/turtlebot3_msgs/include/turtlebot3_msgs
[7.686s] -- Up-to-date: /home/lorena/my_ros2_ws/install/turtlebot3_msgs/include/turtlebot3_msgs/srv
[7.686s] -- Up-to-date: /home/lorena/my_ros2_ws/install/turtlebot3_msgs/include/turtlebot3_msgs/srv/detail
[7.686s] -- Installing: /home/lorena/my_ros2_ws/install/turtlebot3_msgs/include/turtlebot3_msgs/srv/detail/sound__rosidl_typesupport_introspection_c.h
[7.686s] -- Installing: /home/lorena/my_ros2_ws/install/turtlebot3_msgs/include/turtlebot3_msgs/srv/detail/sound__type_support.c
[7.686s] -- Installing: /home/lorena/my_ros2_ws/install/turtlebot3_msgs/include/turtlebot3_msgs/srv/detail/dqn__type_support.c
[7.686s] -- Installing: /home/lorena/my_ros2_ws/install/turtlebot3_msgs/include/turtlebot3_msgs/srv/detail/dqn__rosidl_typesupport_introspection_c.h
[7.686s] -- Up-to-date: /home/lorena/my_ros2_ws/install/turtlebot3_msgs/include/turtlebot3_msgs/msg
[7.686s] -- Up-to-date: /home/lorena/my_ros2_ws/install/turtlebot3_msgs/include/turtlebot3_msgs/msg/detail
[7.686s] -- Installing: /home/lorena/my_ros2_ws/install/turtlebot3_msgs/include/turtlebot3_msgs/msg/detail/version_info__rosidl_typesupport_introspection_c.h
[7.687s] -- Installing: /home/lorena/my_ros2_ws/install/turtlebot3_msgs/include/turtlebot3_msgs/msg/detail/sound__rosidl_typesupport_introspection_c.h
[7.687s] -- Installing: /home/lorena/my_ros2_ws/install/turtlebot3_msgs/include/turtlebot3_msgs/msg/detail/sound__type_support.c
[7.687s] -- Installing: /home/lorena/my_ros2_ws/install/turtlebot3_msgs/include/turtlebot3_msgs/msg/detail/sensor_state__type_support.c
[7.687s] -- Installing: /home/lorena/my_ros2_ws/install/turtlebot3_msgs/include/turtlebot3_msgs/msg/detail/version_info__type_support.c
[7.687s] -- Installing: /home/lorena/my_ros2_ws/install/turtlebot3_msgs/include/turtlebot3_msgs/msg/detail/sensor_state__rosidl_typesupport_introspection_c.h
[7.687s] -- Installing: /home/lorena/my_ros2_ws/install/turtlebot3_msgs/include/turtlebot3_msgs/msg/rosidl_typesupport_introspection_c__visibility_control.h
[7.687s] -- Up-to-date: /home/lorena/my_ros2_ws/install/turtlebot3_msgs/include/turtlebot3_msgs/action
[7.687s] -- Up-to-date: /home/lorena/my_ros2_ws/install/turtlebot3_msgs/include/turtlebot3_msgs/action/detail
[7.687s] -- Installing: /home/lorena/my_ros2_ws/install/turtlebot3_msgs/include/turtlebot3_msgs/action/detail/patrol__type_support.c
[7.688s] -- Installing: /home/lorena/my_ros2_ws/install/turtlebot3_msgs/include/turtlebot3_msgs/action/detail/patrol__rosidl_typesupport_introspection_c.h
[7.688s] -- Installing: /home/lorena/my_ros2_ws/install/turtlebot3_msgs/lib/libturtlebot3_msgs__rosidl_typesupport_introspection_c.so
[7.688s] -- Set runtime path of "/home/lorena/my_ros2_ws/install/turtlebot3_msgs/lib/libturtlebot3_msgs__rosidl_typesupport_introspection_c.so" to ""
[7.688s] -- Installing: /home/lorena/my_ros2_ws/install/turtlebot3_msgs/lib/libturtlebot3_msgs__rosidl_typesupport_c.so
[7.688s] -- Set runtime path of "/home/lorena/my_ros2_ws/install/turtlebot3_msgs/lib/libturtlebot3_msgs__rosidl_typesupport_c.so" to ""
[7.688s] -- Up-to-date: /home/lorena/my_ros2_ws/install/turtlebot3_msgs/include/turtlebot3_msgs
[7.688s] -- Up-to-date: /home/lorena/my_ros2_ws/install/turtlebot3_msgs/include/turtlebot3_msgs/srv
[7.688s] -- Up-to-date: /home/lorena/my_ros2_ws/install/turtlebot3_msgs/include/turtlebot3_msgs/srv/detail
[7.688s] -- Installing: /home/lorena/my_ros2_ws/install/turtlebot3_msgs/include/turtlebot3_msgs/srv/detail/dqn__traits.hpp
[7.688s] -- Installing: /home/lorena/my_ros2_ws/install/turtlebot3_msgs/include/turtlebot3_msgs/srv/detail/sound__builder.hpp
[7.688s] -- Installing: /home/lorena/my_ros2_ws/install/turtlebot3_msgs/include/turtlebot3_msgs/srv/detail/sound__traits.hpp
[7.688s] -- Installing: /home/lorena/my_ros2_ws/install/turtlebot3_msgs/include/turtlebot3_msgs/srv/detail/sound__struct.hpp
[7.689s] -- Installing: /home/lorena/my_ros2_ws/install/turtlebot3_msgs/include/turtlebot3_msgs/srv/detail/dqn__struct.hpp
[7.689s] -- Installing: /home/lorena/my_ros2_ws/install/turtlebot3_msgs/include/turtlebot3_msgs/srv/detail/dqn__builder.hpp
[7.689s] -- Installing: /home/lorena/my_ros2_ws/install/turtlebot3_msgs/include/turtlebot3_msgs/srv/sound.hpp
[7.689s] -- Installing: /home/lorena/my_ros2_ws/install/turtlebot3_msgs/include/turtlebot3_msgs/srv/dqn.hpp
[7.689s] -- Up-to-date: /home/lorena/my_ros2_ws/install/turtlebot3_msgs/include/turtlebot3_msgs/msg
[7.689s] -- Installing: /home/lorena/my_ros2_ws/install/turtlebot3_msgs/include/turtlebot3_msgs/msg/sensor_state.hpp
[7.689s] -- Up-to-date: /home/lorena/my_ros2_ws/install/turtlebot3_msgs/include/turtlebot3_msgs/msg/detail
[7.689s] -- Installing: /home/lorena/my_ros2_ws/install/turtlebot3_msgs/include/turtlebot3_msgs/msg/detail/version_info__traits.hpp
[7.689s] -- Installing: /home/lorena/my_ros2_ws/install/turtlebot3_msgs/include/turtlebot3_msgs/msg/detail/version_info__builder.hpp
[7.689s] -- Installing: /home/lorena/my_ros2_ws/install/turtlebot3_msgs/include/turtlebot3_msgs/msg/detail/sensor_state__builder.hpp
[7.689s] -- Installing: /home/lorena/my_ros2_ws/install/turtlebot3_msgs/include/turtlebot3_msgs/msg/detail/sensor_state__struct.hpp
[7.689s] -- Installing: /home/lorena/my_ros2_ws/install/turtlebot3_msgs/include/turtlebot3_msgs/msg/detail/sound__builder.hpp
[7.689s] -- Installing: /home/lorena/my_ros2_ws/install/turtlebot3_msgs/include/turtlebot3_msgs/msg/detail/sound__traits.hpp
[7.689s] -- Installing: /home/lorena/my_ros2_ws/install/turtlebot3_msgs/include/turtlebot3_msgs/msg/detail/sound__struct.hpp
[7.690s] -- Installing: /home/lorena/my_ros2_ws/install/turtlebot3_msgs/include/turtlebot3_msgs/msg/detail/version_info__struct.hpp
[7.690s] -- Installing: /home/lorena/my_ros2_ws/install/turtlebot3_msgs/include/turtlebot3_msgs/msg/detail/sensor_state__traits.hpp
[7.690s] -- Installing: /home/lorena/my_ros2_ws/install/turtlebot3_msgs/include/turtlebot3_msgs/msg/sound.hpp
[7.690s] -- Installing: /home/lorena/my_ros2_ws/install/turtlebot3_msgs/include/turtlebot3_msgs/msg/version_info.hpp
[7.690s] -- Up-to-date: /home/lorena/my_ros2_ws/install/turtlebot3_msgs/include/turtlebot3_msgs/action
[7.690s] -- Installing: /home/lorena/my_ros2_ws/install/turtlebot3_msgs/include/turtlebot3_msgs/action/patrol.hpp
[7.690s] -- Up-to-date: /home/lorena/my_ros2_ws/install/turtlebot3_msgs/include/turtlebot3_msgs/action/detail
[7.690s] -- Installing: /home/lorena/my_ros2_ws/install/turtlebot3_msgs/include/turtlebot3_msgs/action/detail/patrol__struct.hpp
[7.690s] -- Installing: /home/lorena/my_ros2_ws/install/turtlebot3_msgs/include/turtlebot3_msgs/action/detail/patrol__builder.hpp
[7.690s] -- Installing: /home/lorena/my_ros2_ws/install/turtlebot3_msgs/include/turtlebot3_msgs/action/detail/patrol__traits.hpp
[7.690s] -- Up-to-date: /home/lorena/my_ros2_ws/install/turtlebot3_msgs/include/turtlebot3_msgs
[7.690s] -- Up-to-date: /home/lorena/my_ros2_ws/install/turtlebot3_msgs/include/turtlebot3_msgs/srv
[7.691s] -- Up-to-date: /home/lorena/my_ros2_ws/install/turtlebot3_msgs/include/turtlebot3_msgs/srv/detail
[7.691s] -- Installing: /home/lorena/my_ros2_ws/install/turtlebot3_msgs/include/turtlebot3_msgs/srv/detail/sound__rosidl_typesupport_introspection_cpp.hpp
[7.691s] -- Installing: /home/lorena/my_ros2_ws/install/turtlebot3_msgs/include/turtlebot3_msgs/srv/detail/dqn__type_support.cpp
[7.691s] -- Installing: /home/lorena/my_ros2_ws/install/turtlebot3_msgs/include/turtlebot3_msgs/srv/detail/dqn__rosidl_typesupport_introspection_cpp.hpp
[7.691s] -- Installing: /home/lorena/my_ros2_ws/install/turtlebot3_msgs/include/turtlebot3_msgs/srv/detail/sound__type_support.cpp
[7.691s] -- Up-to-date: /home/lorena/my_ros2_ws/install/turtlebot3_msgs/include/turtlebot3_msgs/msg
[7.691s] -- Up-to-date: /home/lorena/my_ros2_ws/install/turtlebot3_msgs/include/turtlebot3_msgs/msg/detail
[7.691s] -- Installing: /home/lorena/my_ros2_ws/install/turtlebot3_msgs/include/turtlebot3_msgs/msg/detail/sound__rosidl_typesupport_introspection_cpp.hpp
[7.691s] -- Installing: /home/lorena/my_ros2_ws/install/turtlebot3_msgs/include/turtlebot3_msgs/msg/detail/version_info__rosidl_typesupport_introspection_cpp.hpp
[7.691s] -- Installing: /home/lorena/my_ros2_ws/install/turtlebot3_msgs/include/turtlebot3_msgs/msg/detail/sensor_state__type_support.cpp
[7.691s] -- Installing: /home/lorena/my_ros2_ws/install/turtlebot3_msgs/include/turtlebot3_msgs/msg/detail/sound__type_support.cpp
[7.691s] -- Installing: /home/lorena/my_ros2_ws/install/turtlebot3_msgs/include/turtlebot3_msgs/msg/detail/version_info__type_support.cpp
[7.692s] -- Installing: /home/lorena/my_ros2_ws/install/turtlebot3_msgs/include/turtlebot3_msgs/msg/detail/sensor_state__rosidl_typesupport_introspection_cpp.hpp
[7.692s] -- Up-to-date: /home/lorena/my_ros2_ws/install/turtlebot3_msgs/include/turtlebot3_msgs/action
[7.692s] -- Up-to-date: /home/lorena/my_ros2_ws/install/turtlebot3_msgs/include/turtlebot3_msgs/action/detail
[7.692s] -- Installing: /home/lorena/my_ros2_ws/install/turtlebot3_msgs/include/turtlebot3_msgs/action/detail/patrol__type_support.cpp
[7.692s] -- Installing: /home/lorena/my_ros2_ws/install/turtlebot3_msgs/include/turtlebot3_msgs/action/detail/patrol__rosidl_typesupport_introspection_cpp.hpp
[7.692s] -- Installing: /home/lorena/my_ros2_ws/install/turtlebot3_msgs/lib/libturtlebot3_msgs__rosidl_typesupport_introspection_cpp.so
[7.695s] -- Set runtime path of "/home/lorena/my_ros2_ws/install/turtlebot3_msgs/lib/libturtlebot3_msgs__rosidl_typesupport_introspection_cpp.so" to ""
[7.695s] -- Installing: /home/lorena/my_ros2_ws/install/turtlebot3_msgs/lib/libturtlebot3_msgs__rosidl_typesupport_cpp.so
[7.698s] -- Set runtime path of "/home/lorena/my_ros2_ws/install/turtlebot3_msgs/lib/libturtlebot3_msgs__rosidl_typesupport_cpp.so" to ""
[7.698s] -- Installing: /home/lorena/my_ros2_ws/install/turtlebot3_msgs/share/turtlebot3_msgs/environment/pythonpath.sh
[7.700s] -- Installing: /home/lorena/my_ros2_ws/install/turtlebot3_msgs/share/turtlebot3_msgs/environment/pythonpath.dsv
[7.702s] -- Installing: /home/lorena/my_ros2_ws/install/turtlebot3_msgs/lib/python3.8/site-packages/turtlebot3_msgs/__init__.py
[7.727s] Compiling '/home/lorena/my_ros2_ws/install/turtlebot3_msgs/lib/python3.8/site-packages/turtlebot3_msgs/__init__.py'...
[7.730s] -- Installing: /home/lorena/my_ros2_ws/install/turtlebot3_msgs/lib/python3.8/site-packages/turtlebot3_msgs/msg
[7.730s] -- Installing: /home/lorena/my_ros2_ws/install/turtlebot3_msgs/lib/python3.8/site-packages/turtlebot3_msgs/msg/_sound_s.c
[7.730s] -- Installing: /home/lorena/my_ros2_ws/install/turtlebot3_msgs/lib/python3.8/site-packages/turtlebot3_msgs/msg/_sound.py
[7.730s] -- Installing: /home/lorena/my_ros2_ws/install/turtlebot3_msgs/lib/python3.8/site-packages/turtlebot3_msgs/msg/__init__.py
[7.730s] -- Installing: /home/lorena/my_ros2_ws/install/turtlebot3_msgs/lib/python3.8/site-packages/turtlebot3_msgs/msg/_version_info_s.c
[7.731s] -- Installing: /home/lorena/my_ros2_ws/install/turtlebot3_msgs/lib/python3.8/site-packages/turtlebot3_msgs/msg/_sensor_state_s.c
[7.731s] -- Installing: /home/lorena/my_ros2_ws/install/turtlebot3_msgs/lib/python3.8/site-packages/turtlebot3_msgs/msg/_sensor_state.py
[7.731s] -- Installing: /home/lorena/my_ros2_ws/install/turtlebot3_msgs/lib/python3.8/site-packages/turtlebot3_msgs/msg/_version_info.py
[7.731s] -- Installing: /home/lorena/my_ros2_ws/install/turtlebot3_msgs/lib/python3.8/site-packages/turtlebot3_msgs/srv
[7.731s] -- Installing: /home/lorena/my_ros2_ws/install/turtlebot3_msgs/lib/python3.8/site-packages/turtlebot3_msgs/srv/_dqn.py
[7.731s] -- Installing: /home/lorena/my_ros2_ws/install/turtlebot3_msgs/lib/python3.8/site-packages/turtlebot3_msgs/srv/_sound_s.c
[7.731s] -- Installing: /home/lorena/my_ros2_ws/install/turtlebot3_msgs/lib/python3.8/site-packages/turtlebot3_msgs/srv/_sound.py
[7.731s] -- Installing: /home/lorena/my_ros2_ws/install/turtlebot3_msgs/lib/python3.8/site-packages/turtlebot3_msgs/srv/_dqn_s.c
[7.731s] -- Installing: /home/lorena/my_ros2_ws/install/turtlebot3_msgs/lib/python3.8/site-packages/turtlebot3_msgs/srv/__init__.py
[7.731s] -- Installing: /home/lorena/my_ros2_ws/install/turtlebot3_msgs/lib/python3.8/site-packages/turtlebot3_msgs/action
[7.731s] -- Installing: /home/lorena/my_ros2_ws/install/turtlebot3_msgs/lib/python3.8/site-packages/turtlebot3_msgs/action/_patrol.py
[7.731s] -- Installing: /home/lorena/my_ros2_ws/install/turtlebot3_msgs/lib/python3.8/site-packages/turtlebot3_msgs/action/__init__.py
[7.731s] -- Installing: /home/lorena/my_ros2_ws/install/turtlebot3_msgs/lib/python3.8/site-packages/turtlebot3_msgs/action/_patrol_s.c
[7.731s] -- Installing: /home/lorena/my_ros2_ws/install/turtlebot3_msgs/lib/python3.8/site-packages/turtlebot3_msgs/turtlebot3_msgs_s__rosidl_typesupport_fastrtps_c.cpython-38-x86_64-linux-gnu.so
[7.732s] -- Set runtime path of "/home/lorena/my_ros2_ws/install/turtlebot3_msgs/lib/python3.8/site-packages/turtlebot3_msgs/turtlebot3_msgs_s__rosidl_typesupport_fastrtps_c.cpython-38-x86_64-linux-gnu.so" to ""
[7.732s] -- Installing: /home/lorena/my_ros2_ws/install/turtlebot3_msgs/lib/python3.8/site-packages/turtlebot3_msgs/turtlebot3_msgs_s__rosidl_typesupport_introspection_c.cpython-38-x86_64-linux-gnu.so
[7.732s] -- Set runtime path of "/home/lorena/my_ros2_ws/install/turtlebot3_msgs/lib/python3.8/site-packages/turtlebot3_msgs/turtlebot3_msgs_s__rosidl_typesupport_introspection_c.cpython-38-x86_64-linux-gnu.so" to ""
[7.732s] -- Installing: /home/lorena/my_ros2_ws/install/turtlebot3_msgs/lib/python3.8/site-packages/turtlebot3_msgs/turtlebot3_msgs_s__rosidl_typesupport_c.cpython-38-x86_64-linux-gnu.so
[7.732s] -- Set runtime path of "/home/lorena/my_ros2_ws/install/turtlebot3_msgs/lib/python3.8/site-packages/turtlebot3_msgs/turtlebot3_msgs_s__rosidl_typesupport_c.cpython-38-x86_64-linux-gnu.so" to ""
[7.733s] -- Installing: /home/lorena/my_ros2_ws/install/turtlebot3_msgs/lib/libturtlebot3_msgs__python.so
[7.734s] -- Set runtime path of "/home/lorena/my_ros2_ws/install/turtlebot3_msgs/lib/libturtlebot3_msgs__python.so" to ""
[7.734s] -- Installing: /home/lorena/my_ros2_ws/install/turtlebot3_msgs/share/turtlebot3_msgs/msg/SensorState.idl
[7.734s] -- Installing: /home/lorena/my_ros2_ws/install/turtlebot3_msgs/share/turtlebot3_msgs/msg/Sound.idl
[7.734s] -- Installing: /home/lorena/my_ros2_ws/install/turtlebot3_msgs/share/turtlebot3_msgs/msg/VersionInfo.idl
[7.734s] -- Installing: /home/lorena/my_ros2_ws/install/turtlebot3_msgs/share/turtlebot3_msgs/srv/Sound.idl
[7.734s] -- Installing: /home/lorena/my_ros2_ws/install/turtlebot3_msgs/share/turtlebot3_msgs/srv/Dqn.idl
[7.734s] -- Installing: /home/lorena/my_ros2_ws/install/turtlebot3_msgs/share/turtlebot3_msgs/action/Patrol.idl
[7.734s] -- Installing: /home/lorena/my_ros2_ws/install/turtlebot3_msgs/share/turtlebot3_msgs/msg/SensorState.msg
[7.734s] -- Installing: /home/lorena/my_ros2_ws/install/turtlebot3_msgs/share/turtlebot3_msgs/msg/Sound.msg
[7.734s] -- Installing: /home/lorena/my_ros2_ws/install/turtlebot3_msgs/share/turtlebot3_msgs/msg/VersionInfo.msg
[7.734s] -- Installing: /home/lorena/my_ros2_ws/install/turtlebot3_msgs/share/turtlebot3_msgs/srv/Sound.srv
[7.734s] -- Installing: /home/lorena/my_ros2_ws/install/turtlebot3_msgs/share/turtlebot3_msgs/srv/Sound_Request.msg
[7.734s] -- Installing: /home/lorena/my_ros2_ws/install/turtlebot3_msgs/share/turtlebot3_msgs/srv/Sound_Response.msg
[7.735s] -- Installing: /home/lorena/my_ros2_ws/install/turtlebot3_msgs/share/turtlebot3_msgs/srv/Dqn.srv
[7.735s] -- Installing: /home/lorena/my_ros2_ws/install/turtlebot3_msgs/share/turtlebot3_msgs/srv/Dqn_Request.msg
[7.735s] -- Installing: /home/lorena/my_ros2_ws/install/turtlebot3_msgs/share/turtlebot3_msgs/srv/Dqn_Response.msg
[7.735s] -- Installing: /home/lorena/my_ros2_ws/install/turtlebot3_msgs/share/turtlebot3_msgs/action/Patrol.action
[7.735s] -- Installing: /home/lorena/my_ros2_ws/install/turtlebot3_msgs/share/ament_index/resource_index/package_run_dependencies/turtlebot3_msgs
[7.735s] -- Installing: /home/lorena/my_ros2_ws/install/turtlebot3_msgs/share/ament_index/resource_index/parent_prefix_path/turtlebot3_msgs
[7.736s] -- Installing: /home/lorena/my_ros2_ws/install/turtlebot3_msgs/share/turtlebot3_msgs/environment/ament_prefix_path.sh
[7.736s] -- Installing: /home/lorena/my_ros2_ws/install/turtlebot3_msgs/share/turtlebot3_msgs/environment/ament_prefix_path.dsv
[7.737s] -- Installing: /home/lorena/my_ros2_ws/install/turtlebot3_msgs/share/turtlebot3_msgs/environment/path.sh
[7.737s] -- Installing: /home/lorena/my_ros2_ws/install/turtlebot3_msgs/share/turtlebot3_msgs/environment/path.dsv
[7.737s] -- Installing: /home/lorena/my_ros2_ws/install/turtlebot3_msgs/share/turtlebot3_msgs/local_setup.bash
[7.737s] -- Installing: /home/lorena/my_ros2_ws/install/turtlebot3_msgs/share/turtlebot3_msgs/local_setup.sh
[7.737s] -- Installing: /home/lorena/my_ros2_ws/install/turtlebot3_msgs/share/turtlebot3_msgs/local_setup.zsh
[7.737s] -- Installing: /home/lorena/my_ros2_ws/install/turtlebot3_msgs/share/turtlebot3_msgs/local_setup.dsv
[7.737s] -- Installing: /home/lorena/my_ros2_ws/install/turtlebot3_msgs/share/turtlebot3_msgs/package.dsv
[7.738s] -- Installing: /home/lorena/my_ros2_ws/install/turtlebot3_msgs/share/ament_index/resource_index/packages/turtlebot3_msgs
[7.738s] -- Installing: /home/lorena/my_ros2_ws/install/turtlebot3_msgs/share/turtlebot3_msgs/cmake/turtlebot3_msgs__rosidl_generator_cExport.cmake
[7.738s] -- Installing: /home/lorena/my_ros2_ws/install/turtlebot3_msgs/share/turtlebot3_msgs/cmake/turtlebot3_msgs__rosidl_generator_cExport-noconfig.cmake
[7.739s] -- Installing: /home/lorena/my_ros2_ws/install/turtlebot3_msgs/share/turtlebot3_msgs/cmake/turtlebot3_msgs__rosidl_typesupport_introspection_cExport.cmake
[7.739s] -- Installing: /home/lorena/my_ros2_ws/install/turtlebot3_msgs/share/turtlebot3_msgs/cmake/turtlebot3_msgs__rosidl_typesupport_introspection_cExport-noconfig.cmake
[7.739s] -- Installing: /home/lorena/my_ros2_ws/install/turtlebot3_msgs/share/turtlebot3_msgs/cmake/turtlebot3_msgs__rosidl_typesupport_cExport.cmake
[7.739s] -- Installing: /home/lorena/my_ros2_ws/install/turtlebot3_msgs/share/turtlebot3_msgs/cmake/turtlebot3_msgs__rosidl_typesupport_cExport-noconfig.cmake
[7.739s] -- Installing: /home/lorena/my_ros2_ws/install/turtlebot3_msgs/share/turtlebot3_msgs/cmake/turtlebot3_msgs__rosidl_generator_cppExport.cmake
[7.740s] -- Installing: /home/lorena/my_ros2_ws/install/turtlebot3_msgs/share/turtlebot3_msgs/cmake/turtlebot3_msgs__rosidl_typesupport_introspection_cppExport.cmake
[7.740s] -- Installing: /home/lorena/my_ros2_ws/install/turtlebot3_msgs/share/turtlebot3_msgs/cmake/turtlebot3_msgs__rosidl_typesupport_introspection_cppExport-noconfig.cmake
[7.740s] -- Installing: /home/lorena/my_ros2_ws/install/turtlebot3_msgs/share/turtlebot3_msgs/cmake/turtlebot3_msgs__rosidl_typesupport_cppExport.cmake
[7.740s] -- Installing: /home/lorena/my_ros2_ws/install/turtlebot3_msgs/share/turtlebot3_msgs/cmake/turtlebot3_msgs__rosidl_typesupport_cppExport-noconfig.cmake
[7.740s] -- Installing: /home/lorena/my_ros2_ws/install/turtlebot3_msgs/share/turtlebot3_msgs/cmake/rosidl_cmake-extras.cmake
[7.740s] -- Installing: /home/lorena/my_ros2_ws/install/turtlebot3_msgs/share/turtlebot3_msgs/cmake/ament_cmake_export_dependencies-extras.cmake
[7.741s] -- Installing: /home/lorena/my_ros2_ws/install/turtlebot3_msgs/share/turtlebot3_msgs/cmake/ament_cmake_export_libraries-extras.cmake
[7.741s] -- Installing: /home/lorena/my_ros2_ws/install/turtlebot3_msgs/share/turtlebot3_msgs/cmake/ament_cmake_export_targets-extras.cmake
[7.741s] -- Installing: /home/lorena/my_ros2_ws/install/turtlebot3_msgs/share/turtlebot3_msgs/cmake/ament_cmake_export_include_directories-extras.cmake
[7.741s] -- Installing: /home/lorena/my_ros2_ws/install/turtlebot3_msgs/share/turtlebot3_msgs/cmake/rosidl_cmake_export_typesupport_libraries-extras.cmake
[7.741s] -- Installing: /home/lorena/my_ros2_ws/install/turtlebot3_msgs/share/turtlebot3_msgs/cmake/rosidl_cmake_export_typesupport_targets-extras.cmake
[7.741s] -- Installing: /home/lorena/my_ros2_ws/install/turtlebot3_msgs/share/turtlebot3_msgs/cmake/turtlebot3_msgsConfig.cmake
[7.741s] -- Installing: /home/lorena/my_ros2_ws/install/turtlebot3_msgs/share/turtlebot3_msgs/cmake/turtlebot3_msgsConfig-version.cmake
[7.742s] -- Installing: /home/lorena/my_ros2_ws/install/turtlebot3_msgs/share/turtlebot3_msgs/package.xml
[7.746s] Invoked command in '/home/lorena/my_ros2_ws/build/turtlebot3_msgs' returned '0': CMAKE_PREFIX_PATH=/opt/ros/foxy /usr/bin/cmake --install /home/lorena/my_ros2_ws/build/turtlebot3_msgs
