[0.000000] (-) TimerEvent: {}
[0.000392] (-) JobUnselected: {'identifier': 'MYROBOT_description'}
[0.000462] (-) JobUnselected: {'identifier': 'MYROBOT_gazebo'}
[0.000476] (-) JobUnselected: {'identifier': 'control_pkg'}
[0.000489] (-) JobUnselected: {'identifier': 'dynamixel_sdk'}
[0.000500] (-) JobUnselected: {'identifier': 'provant_quadrotor'}
[0.000511] (-) JobUnselected: {'identifier': 'provant_quadrotor_state_publisher'}
[0.000523] (-) JobUnselected: {'identifier': 'provant_simulator_control_group_manager'}
[0.000534] (-) JobUnselected: {'identifier': 'provant_simulator_controller'}
[0.000545] (-) JobUnselected: {'identifier': 'provant_simulator_coverage'}
[0.000555] (-) JobUnselected: {'identifier': 'provant_simulator_data_logger'}
[0.000566] (-) JobUnselected: {'identifier': 'provant_simulator_disturbance_generator'}
[0.000577] (-) JobUnselected: {'identifier': 'provant_simulator_gazebo_mocks'}
[0.000588] (-) JobUnselected: {'identifier': 'provant_simulator_gz_plugins'}
[0.000599] (-) JobUnselected: {'identifier': 'provant_simulator_interfaces'}
[0.000609] (-) JobUnselected: {'identifier': 'provant_simulator_launch'}
[0.000620] (-) JobUnselected: {'identifier': 'provant_simulator_linters'}
[0.000630] (-) JobUnselected: {'identifier': 'provant_simulator_lqr_quadcopter'}
[0.000641] (-) JobUnselected: {'identifier': 'provant_simulator_reference_generator'}
[0.000652] (-) JobUnselected: {'identifier': 'provant_simulator_simulation_manager'}
[0.000663] (-) JobUnselected: {'identifier': 'provant_simulator_test_launchers'}
[0.000674] (-) JobUnselected: {'identifier': 'provant_simulator_worlds'}
[0.000685] (-) JobUnselected: {'identifier': 'provant_simulator_zoh'}
[0.000696] (-) JobUnselected: {'identifier': 'turtlebot3'}
[0.000706] (-) JobUnselected: {'identifier': 'turtlebot3_bringup'}
[0.000717] (-) JobUnselected: {'identifier': 'turtlebot3_cartographer'}
[0.000728] (-) JobUnselected: {'identifier': 'turtlebot3_description'}
[0.000738] (-) JobUnselected: {'identifier': 'turtlebot3_example'}
[0.000749] (-) JobUnselected: {'identifier': 'turtlebot3_fake_node'}
[0.000759] (-) JobUnselected: {'identifier': 'turtlebot3_gazebo'}
[0.000770] (-) JobUnselected: {'identifier': 'turtlebot3_msgs'}
[0.000780] (-) JobUnselected: {'identifier': 'turtlebot3_navigation2'}
[0.000791] (-) JobUnselected: {'identifier': 'turtlebot3_node'}
[0.000802] (-) JobUnselected: {'identifier': 'turtlebot3_simulations'}
[0.000812] (-) JobUnselected: {'identifier': 'turtlebot3_teleop'}
[0.001079] (-) EventReactorShutdown: {}
