[0.218s] Invoking command in '/home/lorena/my_ros2_ws/build/MYROBOT_gazebo': CMAKE_PREFIX_PATH=${CMAKE_PREFIX_PATH}:/home/lorena/my_ros2_ws/install/turtlebot3_teleop:/home/lorena/my_ros2_ws/install/turtlebot3_example:/home/lorena/my_ros2_ws/install/control_pkg:/opt/ros/foxy /usr/bin/cmake --build /home/lorena/my_ros2_ws/build/MYROBOT_gazebo -- -j12 -l12
[0.621s] -- The C compiler identification is GNU 9.4.0
[0.622s] -- The CXX compiler identification is GNU 9.4.0
[0.622s] -- Detecting C compiler ABI info
[0.622s] -- Detecting C compiler ABI info - done
[0.622s] -- Check for working C compiler: /usr/bin/cc - skipped
[0.622s] -- Detecting C compile features
[0.622s] -- Detecting C compile features - done
[0.622s] -- Detecting CXX compiler ABI info
[0.622s] -- Detecting CXX compiler ABI info - done
[0.622s] -- Check for working CXX compiler: /usr/bin/c++ - skipped
[0.622s] -- Detecting CXX compile features
[0.622s] -- Detecting CXX compile features - done
[0.622s] -- Found ament_cmake: 0.9.11 (/opt/ros/foxy/share/ament_cmake/cmake)
[0.623s] -- Using PYTHON_EXECUTABLE: /usr/bin/python3
[0.625s] -- Found ament_lint_auto: 0.9.7 (/opt/ros/foxy/share/ament_lint_auto/cmake)
[0.639s] WARNING: Package name "MYROBOT_gazebo" does not follow the naming conventions. It should start with a lower case letter and only contain lower case letters, digits, underscores, and dashes.
[0.665s] -- Added test 'copyright' to check source files copyright and LICENSE
[0.669s] -- Added test 'flake8' to check Python code syntax and style conventions
[0.670s] -- Added test 'lint_cmake' to check CMake code style
[0.670s] -- Added test 'pep257' to check Python code against some of the style conventions in PEP 257
[0.672s] -- Added test 'xmllint' to check XML markup files
[0.674s] -- Configuring done (0.4s)
[0.680s] -- Generating done (0.0s)
[0.681s] -- Build files have been written to: /home/lorena/my_ros2_ws/build/MYROBOT_gazebo
[0.708s] Invoked command in '/home/lorena/my_ros2_ws/build/MYROBOT_gazebo' returned '0': CMAKE_PREFIX_PATH=${CMAKE_PREFIX_PATH}:/home/lorena/my_ros2_ws/install/turtlebot3_teleop:/home/lorena/my_ros2_ws/install/turtlebot3_example:/home/lorena/my_ros2_ws/install/control_pkg:/opt/ros/foxy /usr/bin/cmake --build /home/lorena/my_ros2_ws/build/MYROBOT_gazebo -- -j12 -l12
[0.763s] Invoking command in '/home/lorena/my_ros2_ws/build/MYROBOT_gazebo': CMAKE_PREFIX_PATH=${CMAKE_PREFIX_PATH}:/home/lorena/my_ros2_ws/install/turtlebot3_teleop:/home/lorena/my_ros2_ws/install/turtlebot3_example:/home/lorena/my_ros2_ws/install/control_pkg:/opt/ros/foxy /usr/bin/cmake --install /home/lorena/my_ros2_ws/build/MYROBOT_gazebo
[0.774s] -- Install configuration: ""
[0.774s] -- Up-to-date: /home/lorena/my_ros2_ws/install/MYROBOT_gazebo/share/MYROBOT_gazebo/worlds
[0.774s] -- Up-to-date: /home/lorena/my_ros2_ws/install/MYROBOT_gazebo/share/MYROBOT_gazebo/worlds/MYROBOT.world
[0.774s] -- Up-to-date: /home/lorena/my_ros2_ws/install/MYROBOT_gazebo/share/MYROBOT_gazebo/launch
[0.774s] -- Up-to-date: /home/lorena/my_ros2_ws/install/MYROBOT_gazebo/share/MYROBOT_gazebo/launch/gazebo.launch.py
[0.774s] -- Up-to-date: /home/lorena/my_ros2_ws/install/MYROBOT_gazebo/share/MYROBOT_gazebo/launch/MYROBOT.launch.py
[0.774s] -- Up-to-date: /home/lorena/my_ros2_ws/install/MYROBOT_gazebo/share/ament_index/resource_index/package_run_dependencies/MYROBOT_gazebo
[0.774s] -- Installing: /home/lorena/my_ros2_ws/install/MYROBOT_gazebo/share/ament_index/resource_index/parent_prefix_path/MYROBOT_gazebo
[0.774s] -- Up-to-date: /home/lorena/my_ros2_ws/install/MYROBOT_gazebo/share/MYROBOT_gazebo/environment/ament_prefix_path.sh
[0.774s] -- Installing: /home/lorena/my_ros2_ws/install/MYROBOT_gazebo/share/MYROBOT_gazebo/environment/ament_prefix_path.dsv
[0.775s] -- Up-to-date: /home/lorena/my_ros2_ws/install/MYROBOT_gazebo/share/MYROBOT_gazebo/environment/path.sh
[0.775s] -- Installing: /home/lorena/my_ros2_ws/install/MYROBOT_gazebo/share/MYROBOT_gazebo/environment/path.dsv
[0.775s] -- Up-to-date: /home/lorena/my_ros2_ws/install/MYROBOT_gazebo/share/MYROBOT_gazebo/local_setup.bash
[0.775s] -- Up-to-date: /home/lorena/my_ros2_ws/install/MYROBOT_gazebo/share/MYROBOT_gazebo/local_setup.sh
[0.776s] -- Up-to-date: /home/lorena/my_ros2_ws/install/MYROBOT_gazebo/share/MYROBOT_gazebo/local_setup.zsh
[0.780s] -- Installing: /home/lorena/my_ros2_ws/install/MYROBOT_gazebo/share/MYROBOT_gazebo/local_setup.dsv
[0.780s] -- Installing: /home/lorena/my_ros2_ws/install/MYROBOT_gazebo/share/MYROBOT_gazebo/package.dsv
[0.780s] -- Up-to-date: /home/lorena/my_ros2_ws/install/MYROBOT_gazebo/share/ament_index/resource_index/packages/MYROBOT_gazebo
[0.780s] -- Up-to-date: /home/lorena/my_ros2_ws/install/MYROBOT_gazebo/share/MYROBOT_gazebo/cmake/MYROBOT_gazeboConfig.cmake
[0.780s] -- Up-to-date: /home/lorena/my_ros2_ws/install/MYROBOT_gazebo/share/MYROBOT_gazebo/cmake/MYROBOT_gazeboConfig-version.cmake
[0.780s] -- Up-to-date: /home/lorena/my_ros2_ws/install/MYROBOT_gazebo/share/MYROBOT_gazebo/package.xml
[0.823s] Invoked command in '/home/lorena/my_ros2_ws/build/MYROBOT_gazebo' returned '0': CMAKE_PREFIX_PATH=${CMAKE_PREFIX_PATH}:/home/lorena/my_ros2_ws/install/turtlebot3_teleop:/home/lorena/my_ros2_ws/install/turtlebot3_example:/home/lorena/my_ros2_ws/install/control_pkg:/opt/ros/foxy /usr/bin/cmake --install /home/lorena/my_ros2_ws/build/MYROBOT_gazebo
