[0.000000] (-) TimerEvent: {}
[0.000090] (-) JobUnselected: {'identifier': 'Database'}
[0.000108] (-) JobUnselected: {'identifier': 'MYROBOT_description'}
[0.000119] (-) JobUnselected: {'identifier': 'MYROBOT_gazebo'}
[0.000128] (-) JobUnselected: {'identifier': 'adaptivelqr_vant5_aerod'}
[0.000137] (-) JobUnselected: {'identifier': 'control_pkg'}
[0.000145] (-) JobUnselected: {'identifier': 'control_strategies_base'}
[0.000153] (-) JobUnselected: {'identifier': 'controller'}
[0.000161] (-) JobUnselected: {'identifier': 'custom_plugins'}
[0.000169] (-) JobUnselected: {'identifier': 'estacao'}
[0.000179] (-) JobUnselected: {'identifier': 'lqr_provant_alpha_quadcopter'}
[0.000188] (-) JobUnselected: {'identifier': 'lqr_quad_mateng'}
[0.000196] (-) JobUnselected: {'identifier': 'lqr_quadcopter'}
[0.000204] (-) JobUnselected: {'identifier': 'lqr_vant5'}
[0.000214] (-) JobUnselected: {'identifier': 'open_mesh_test'}
[0.000222] (-) JobUnselected: {'identifier': 'provant_gz_sphere_tests'}
[0.000230] (-) JobUnselected: {'identifier': 'provant_quadrotor'}
[0.000238] (-) JobUnselected: {'identifier': 'provant_quadrotor_state_publisher'}
[0.000247] (-) JobUnselected: {'identifier': 'provant_simulator_camera_plugins'}
[0.000255] (-) JobUnselected: {'identifier': 'provant_simulator_cmake'}
[0.000264] (-) JobUnselected: {'identifier': 'provant_simulator_control_group_manager'}
[0.000272] (-) JobUnselected: {'identifier': 'provant_simulator_controller'}
[0.000280] (-) JobUnselected: {'identifier': 'provant_simulator_coverage'}
[0.000289] (-) JobUnselected: {'identifier': 'provant_simulator_csv_writer'}
[0.000297] (-) JobUnselected: {'identifier': 'provant_simulator_data_logger'}
[0.000307] (-) JobUnselected: {'identifier': 'provant_simulator_disturbance_generator'}
[0.000315] (-) JobUnselected: {'identifier': 'provant_simulator_gazebo_mocks'}
[0.000322] (-) JobUnselected: {'identifier': 'provant_simulator_gui_plugins'}
[0.000330] (-) JobUnselected: {'identifier': 'provant_simulator_gzconfig_reader'}
[0.000338] (-) JobUnselected: {'identifier': 'provant_simulator_hil_serial'}
[0.000346] (-) JobUnselected: {'identifier': 'provant_simulator_interfaces'}
[0.000354] (-) JobUnselected: {'identifier': 'provant_simulator_launch'}
[0.000362] (-) JobUnselected: {'identifier': 'provant_simulator_linters'}
[0.000370] (-) JobUnselected: {'identifier': 'provant_simulator_log_utils'}
[0.000378] (-) JobUnselected: {'identifier': 'provant_simulator_lqr_quadcopter'}
[0.000386] (-) JobUnselected: {'identifier': 'provant_simulator_math_utils'}
[0.000394] (-) JobUnselected: {'identifier': 'provant_simulator_parser_utils'}
[0.000401] (-) JobUnselected: {'identifier': 'provant_simulator_plugins'}
[0.000409] (-) JobUnselected: {'identifier': 'provant_simulator_reference_generator'}
[0.000417] (-) JobUnselected: {'identifier': 'provant_simulator_resource_compiler'}
[0.000425] (-) JobUnselected: {'identifier': 'provant_simulator_sdf_parser'}
[0.000433] (-) JobUnselected: {'identifier': 'provant_simulator_simulation_manager'}
[0.000441] (-) JobUnselected: {'identifier': 'provant_simulator_test_launchers'}
[0.000449] (-) JobUnselected: {'identifier': 'provant_simulator_video_recorder'}
[0.000457] (-) JobUnselected: {'identifier': 'provant_simulator_worlds'}
[0.000465] (-) JobUnselected: {'identifier': 'provant_simulator_xml_reader'}
[0.000473] (-) JobUnselected: {'identifier': 'provant_simulator_zoh'}
[0.000481] (-) JobUnselected: {'identifier': 'radio'}
[0.000489] (-) JobUnselected: {'identifier': 'simulator_msgs'}
[0.000496] (-) JobUnselected: {'identifier': 'sync_hil'}
[0.000504] (-) JobUnselected: {'identifier': 'turtlebot3'}
[0.000512] (-) JobUnselected: {'identifier': 'turtlebot3_bringup'}
[0.000520] (-) JobUnselected: {'identifier': 'turtlebot3_cartographer'}
[0.000528] (-) JobUnselected: {'identifier': 'turtlebot3_description'}
[0.000536] (-) JobUnselected: {'identifier': 'turtlebot3_example'}
[0.000544] (-) JobUnselected: {'identifier': 'turtlebot3_fake_node'}
[0.000552] (-) JobUnselected: {'identifier': 'turtlebot3_gazebo'}
[0.000559] (-) JobUnselected: {'identifier': 'turtlebot3_msgs'}
[0.000588] (-) JobUnselected: {'identifier': 'turtlebot3_navigation2'}
[0.000597] (-) JobUnselected: {'identifier': 'turtlebot3_node'}
[0.000605] (-) JobUnselected: {'identifier': 'turtlebot3_simulations'}
[0.000613] (-) JobUnselected: {'identifier': 'turtlebot3_teleop'}
[0.000620] (-) JobUnselected: {'identifier': 'vant2_lqr'}
[0.000628] (-) JobUnselected: {'identifier': 'vant2load_franklin'}
[0.000636] (-) JobUnselected: {'identifier': 'vant2load_franklin_czl'}
[0.000644] (-) JobUnselected: {'identifier': 'vant2load_franklin_lkf'}
[0.000652] (-) JobUnselected: {'identifier': 'vant2load_franklin_zse'}
[0.000660] (-) JobUnselected: {'identifier': 'vant2load_hinfinity'}
[0.000668] (-) JobUnselected: {'identifier': 'vant3_adaptive_mix_ctrl'}
[0.000676] (-) JobUnselected: {'identifier': 'vant3_lqr'}
[0.000684] (-) JobUnselected: {'identifier': 'vant4_2_winfnonlinear'}
[0.000692] (-) JobUnselected: {'identifier': 'vant4_winf'}
[0.000700] (-) JobUnselected: {'identifier': 'vant4_winf_transition'}
[0.000708] (-) JobUnselected: {'identifier': 'vant5_amch2hinf_transition'}
[0.000716] (-) JobUnselected: {'identifier': 'vant5_ramc_varyinglyapunov'}
[0.000726] (provant_simulator_gz_plugins) JobQueued: {'identifier': 'provant_simulator_gz_plugins', 'dependencies': OrderedDict([('provant_simulator_linters', '/home/lorena/my_ros2_ws/src/install/provant_simulator_linters'), ('provant_simulator_interfaces', '/home/lorena/my_ros2_ws/src/install/provant_simulator_interfaces')])}
[0.000740] (provant_simulator_gz_plugins) JobStarted: {'identifier': 'provant_simulator_gz_plugins'}
[0.010967] (provant_simulator_gz_plugins) JobEnded: {'identifier': 'provant_simulator_gz_plugins', 'rc': 1}
[0.021188] (-) EventReactorShutdown: {}
