[0.052s] Invoking command in '/home/lorena/my_ros2_ws/src/build/provant_simulator_csv_writer': /usr/bin/cmake /home/lorena/my_ros2_ws/src/ProVANT-Simulator_Developer/provant_simulator_utils/provant_simulator_csv_writer -DCATKIN_INSTALL_INTO_PREFIX_ROOT=0 -DCMAKE_INSTALL_PREFIX=/home/lorena/my_ros2_ws/src/install/provant_simulator_csv_writer
[0.366s] -- The C compiler identification is GNU 9.4.0
[0.366s] -- The CXX compiler identification is GNU 9.4.0
[0.366s] -- Check for working C compiler: /usr/bin/cc
[0.366s] -- Check for working C compiler: /usr/bin/cc -- works
[0.366s] -- Detecting C compiler ABI info
[0.405s] -- Detecting C compiler ABI info - done
[0.418s] -- Detecting C compile features
[0.418s] -- Detecting C compile features - done
[0.423s] -- Check for working CXX compiler: /usr/bin/c++
[0.515s] -- Check for working CXX compiler: /usr/bin/c++ -- works
[0.516s] -- Detecting CXX compiler ABI info
[0.607s] -- Detecting CXX compiler ABI info - done
[0.623s] -- Detecting CXX compile features
[0.623s] -- Detecting CXX compile features - done
[0.636s] CMake Error at CMakeLists.txt:15 (find_package):
[0.636s]   By not providing "Findcatkin.cmake" in CMAKE_MODULE_PATH this project has
[0.636s]   asked CMake to find a package configuration file provided by "catkin", but
[0.637s]   CMake did not find one.
[0.637s] 
[0.637s]   Could not find a package configuration file provided by "catkin" with any
[0.637s]   of the following names:
[0.637s] 
[0.637s]     catkinConfig.cmake
[0.637s]     catkin-config.cmake
[0.637s] 
[0.637s]   Add the installation prefix of "catkin" to CMAKE_PREFIX_PATH or set
[0.637s]   "catkin_DIR" to a directory containing one of the above files.  If "catkin"
[0.637s]   provides a separate development package or SDK, be sure it has been
[0.637s]   installed.
[0.637s] 
[0.637s] 
[0.638s] -- Configuring incomplete, errors occurred!
[0.638s] See also "/home/lorena/my_ros2_ws/src/build/provant_simulator_csv_writer/CMakeFiles/CMakeOutput.log".
