[0.150s] Invoking command in '/home/lorena/my_ros2_ws/src/build/provant_simulator_coverage': AMENT_PREFIX_PATH=/home/lorena/my_ros2_ws/src/install/provant_simulator_linters:${AMENT_PREFIX_PATH} CMAKE_PREFIX_PATH=/home/lorena/my_ros2_ws/src/install/provant_simulator_linters:/home/lorena/my_ros2_ws/install/turtlebot3:/home/lorena/my_ros2_ws/install/turtlebot3_simulations:/home/lorena/my_ros2_ws/install/turtlebot3_bringup:/home/lorena/my_ros2_ws/install/turtlebot3_node:/home/lorena/my_ros2_ws/install/turtlebot3_navigation2:/home/lorena/my_ros2_ws/install/turtlebot3_fake_node:/home/lorena/my_ros2_ws/install/turtlebot3_msgs:/home/lorena/my_ros2_ws/install/turtlebot3_gazebo:/home/lorena/my_ros2_ws/install/turtlebot3_description:/home/lorena/my_ros2_ws/install/turtlebot3_cartographer:/home/lorena/my_ros2_ws/install/dynamixel_sdk:/home/lorena/my_ros2_ws/install/MYROBOT_gazebo:/home/lorena/my_ros2_ws/install/MYROBOT_description:/home/lorena/my_ros2_ws/install/turtlebot3_teleop:/home/lorena/my_ros2_ws/install/turtlebot3_example:/home/lorena/my_ros2_ws/install/control_pkg:/opt/ros/foxy /usr/bin/cmake /home/lorena/my_ros2_ws/src/provant_simulator/provant_simulator_coverage -DCMAKE_INSTALL_PREFIX=/home/lorena/my_ros2_ws/src/install/provant_simulator_coverage
[0.218s] -- The C compiler identification is GNU 9.4.0
[0.286s] -- The CXX compiler identification is GNU 9.4.0
[0.290s] -- Check for working C compiler: /usr/bin/cc
[0.345s] -- Check for working C compiler: /usr/bin/cc -- works
[0.346s] -- Detecting C compiler ABI info
[0.410s] -- Detecting C compiler ABI info - done
[0.424s] -- Detecting C compile features
[0.424s] -- Detecting C compile features - done
[0.427s] -- Check for working CXX compiler: /usr/bin/c++
[0.512s] -- Check for working CXX compiler: /usr/bin/c++ -- works
[0.513s] -- Detecting CXX compiler ABI info
[0.571s] -- Detecting CXX compiler ABI info - done
[0.584s] -- Detecting CXX compile features
[0.585s] -- Detecting CXX compile features - done
[0.588s] -- Found ament_cmake: 0.9.11 (/opt/ros/foxy/share/ament_cmake/cmake)
[0.609s] -- Found PythonInterp: /usr/bin/python3 (found suitable version "3.8.10", minimum required is "3") 
[0.609s] -- Using PYTHON_EXECUTABLE: /usr/bin/python3
[0.855s] -- Found ament_lint_auto: 0.9.7 (/opt/ros/foxy/share/ament_lint_auto/cmake)
[0.973s] CMake Error at /home/lorena/my_ros2_ws/src/install/provant_simulator_linters/share/provant_simulator_linters/cmake/ament_cmake_export_dependencies-extras.cmake:21 (find_package):
[0.973s]   By not providing "Findament_cmake_clang_format.cmake" in CMAKE_MODULE_PATH
[0.973s]   this project has asked CMake to find a package configuration file provided
[0.973s]   by "ament_cmake_clang_format", but CMake did not find one.
[0.973s] 
[0.973s]   Could not find a package configuration file provided by
[0.973s]   "ament_cmake_clang_format" with any of the following names:
[0.973s] 
[0.974s]     ament_cmake_clang_formatConfig.cmake
[0.974s]     ament_cmake_clang_format-config.cmake
[0.974s] 
[0.974s]   Add the installation prefix of "ament_cmake_clang_format" to
[0.974s]   CMAKE_PREFIX_PATH or set "ament_cmake_clang_format_DIR" to a directory
[0.974s]   containing one of the above files.  If "ament_cmake_clang_format" provides
[0.974s]   a separate development package or SDK, be sure it has been installed.
[0.974s] Call Stack (most recent call first):
[0.974s]   /home/lorena/my_ros2_ws/src/install/provant_simulator_linters/share/provant_simulator_linters/cmake/provant_simulator_lintersConfig.cmake:41 (include)
[0.974s]   /opt/ros/foxy/share/ament_lint_auto/cmake/ament_lint_auto_find_test_dependencies.cmake:36 (find_package)
[0.974s]   CMakeLists.txt:27 (ament_lint_auto_find_test_dependencies)
[0.974s] 
[0.974s] 
[0.977s] -- Configuring incomplete, errors occurred!
[0.977s] See also "/home/lorena/my_ros2_ws/src/build/provant_simulator_coverage/CMakeFiles/CMakeOutput.log".
