[0.027s] Invoking command in '/home/lorena/my_ros2_ws/build/turtlebot3_bringup': CMAKE_PREFIX_PATH=/home/lorena/my_ros2_ws/install/turtlebot3_node:/home/lorena/my_ros2_ws/install/turtlebot3_msgs:/home/lorena/my_ros2_ws/install/turtlebot3_description:/home/lorena/my_ros2_ws/install/dynamixel_sdk:/home/lorena/my_ros2_ws/install/turtlebot3:/home/lorena/my_ros2_ws/install/turtlebot3_simulations:/home/lorena/my_ros2_ws/install/turtlebot3_bringup:/home/lorena/my_ros2_ws/install/turtlebot3_navigation2:/home/lorena/my_ros2_ws/install/turtlebot3_fake_node:/home/lorena/my_ros2_ws/install/turtlebot3_gazebo:/home/lorena/my_ros2_ws/install/turtlebot3_cartographer:/home/lorena/my_ros2_ws/install/MYROBOT_gazebo:/home/lorena/my_ros2_ws/install/MYROBOT_description:/home/lorena/my_ros2_ws/install/turtlebot3_teleop:/home/lorena/my_ros2_ws/install/turtlebot3_example:/home/lorena/my_ros2_ws/install/control_pkg:/opt/ros/foxy PYTHONPATH=/home/lorena/my_ros2_ws/install/turtlebot3_msgs/lib/python3.8/site-packages:/home/lorena/my_ros2_ws/install/turtlebot3_teleop/lib/python3.8/site-packages:/home/lorena/my_ros2_ws/install/turtlebot3_example/lib/python3.8/site-packages:/home/lorena/my_ros2_ws/install/control_pkg/lib/python3.8/site-packages:/opt/ros/foxy/lib/python3.8/site-packages /usr/bin/cmake --build /home/lorena/my_ros2_ws/build/turtlebot3_bringup -- -j12 -l12
[0.061s] Invoked command in '/home/lorena/my_ros2_ws/build/turtlebot3_bringup' returned '0': CMAKE_PREFIX_PATH=/home/lorena/my_ros2_ws/install/turtlebot3_node:/home/lorena/my_ros2_ws/install/turtlebot3_msgs:/home/lorena/my_ros2_ws/install/turtlebot3_description:/home/lorena/my_ros2_ws/install/dynamixel_sdk:/home/lorena/my_ros2_ws/install/turtlebot3:/home/lorena/my_ros2_ws/install/turtlebot3_simulations:/home/lorena/my_ros2_ws/install/turtlebot3_bringup:/home/lorena/my_ros2_ws/install/turtlebot3_navigation2:/home/lorena/my_ros2_ws/install/turtlebot3_fake_node:/home/lorena/my_ros2_ws/install/turtlebot3_gazebo:/home/lorena/my_ros2_ws/install/turtlebot3_cartographer:/home/lorena/my_ros2_ws/install/MYROBOT_gazebo:/home/lorena/my_ros2_ws/install/MYROBOT_description:/home/lorena/my_ros2_ws/install/turtlebot3_teleop:/home/lorena/my_ros2_ws/install/turtlebot3_example:/home/lorena/my_ros2_ws/install/control_pkg:/opt/ros/foxy PYTHONPATH=/home/lorena/my_ros2_ws/install/turtlebot3_msgs/lib/python3.8/site-packages:/home/lorena/my_ros2_ws/install/turtlebot3_teleop/lib/python3.8/site-packages:/home/lorena/my_ros2_ws/install/turtlebot3_example/lib/python3.8/site-packages:/home/lorena/my_ros2_ws/install/control_pkg/lib/python3.8/site-packages:/opt/ros/foxy/lib/python3.8/site-packages /usr/bin/cmake --build /home/lorena/my_ros2_ws/build/turtlebot3_bringup -- -j12 -l12
[0.077s] Invoking command in '/home/lorena/my_ros2_ws/build/turtlebot3_bringup': CMAKE_PREFIX_PATH=/home/lorena/my_ros2_ws/install/turtlebot3_node:/home/lorena/my_ros2_ws/install/turtlebot3_msgs:/home/lorena/my_ros2_ws/install/turtlebot3_description:/home/lorena/my_ros2_ws/install/dynamixel_sdk:/home/lorena/my_ros2_ws/install/turtlebot3:/home/lorena/my_ros2_ws/install/turtlebot3_simulations:/home/lorena/my_ros2_ws/install/turtlebot3_bringup:/home/lorena/my_ros2_ws/install/turtlebot3_navigation2:/home/lorena/my_ros2_ws/install/turtlebot3_fake_node:/home/lorena/my_ros2_ws/install/turtlebot3_gazebo:/home/lorena/my_ros2_ws/install/turtlebot3_cartographer:/home/lorena/my_ros2_ws/install/MYROBOT_gazebo:/home/lorena/my_ros2_ws/install/MYROBOT_description:/home/lorena/my_ros2_ws/install/turtlebot3_teleop:/home/lorena/my_ros2_ws/install/turtlebot3_example:/home/lorena/my_ros2_ws/install/control_pkg:/opt/ros/foxy PYTHONPATH=/home/lorena/my_ros2_ws/install/turtlebot3_msgs/lib/python3.8/site-packages:/home/lorena/my_ros2_ws/install/turtlebot3_teleop/lib/python3.8/site-packages:/home/lorena/my_ros2_ws/install/turtlebot3_example/lib/python3.8/site-packages:/home/lorena/my_ros2_ws/install/control_pkg/lib/python3.8/site-packages:/opt/ros/foxy/lib/python3.8/site-packages /usr/bin/cmake --install /home/lorena/my_ros2_ws/build/turtlebot3_bringup
[0.083s] -- Install configuration: ""
[0.083s] -- Up-to-date: /home/lorena/my_ros2_ws/install/turtlebot3_bringup/share/turtlebot3_bringup/launch
[0.083s] -- Up-to-date: /home/lorena/my_ros2_ws/install/turtlebot3_bringup/share/turtlebot3_bringup/launch/turtlebot3_state_publisher.launch.py
[0.083s] -- Up-to-date: /home/lorena/my_ros2_ws/install/turtlebot3_bringup/share/turtlebot3_bringup/launch/rviz2.launch.py
[0.083s] -- Up-to-date: /home/lorena/my_ros2_ws/install/turtlebot3_bringup/share/turtlebot3_bringup/launch/robot.launch.py
[0.083s] -- Up-to-date: /home/lorena/my_ros2_ws/install/turtlebot3_bringup/share/turtlebot3_bringup/param
[0.083s] -- Up-to-date: /home/lorena/my_ros2_ws/install/turtlebot3_bringup/share/turtlebot3_bringup/param/burger.yaml
[0.084s] -- Up-to-date: /home/lorena/my_ros2_ws/install/turtlebot3_bringup/share/turtlebot3_bringup/param/waffle_pi.yaml
[0.084s] -- Up-to-date: /home/lorena/my_ros2_ws/install/turtlebot3_bringup/share/turtlebot3_bringup/param/waffle.yaml
[0.084s] -- Up-to-date: /home/lorena/my_ros2_ws/install/turtlebot3_bringup/share/turtlebot3_bringup/script
[0.084s] -- Up-to-date: /home/lorena/my_ros2_ws/install/turtlebot3_bringup/share/turtlebot3_bringup/script/create_udev_rules
[0.084s] -- Up-to-date: /home/lorena/my_ros2_ws/install/turtlebot3_bringup/share/turtlebot3_bringup/script/99-turtlebot3-cdc.rules
[0.084s] -- Up-to-date: /home/lorena/my_ros2_ws/install/turtlebot3_bringup/share/ament_index/resource_index/package_run_dependencies/turtlebot3_bringup
[0.084s] -- Up-to-date: /home/lorena/my_ros2_ws/install/turtlebot3_bringup/share/ament_index/resource_index/parent_prefix_path/turtlebot3_bringup
[0.084s] -- Up-to-date: /home/lorena/my_ros2_ws/install/turtlebot3_bringup/share/turtlebot3_bringup/environment/ament_prefix_path.sh
[0.084s] -- Up-to-date: /home/lorena/my_ros2_ws/install/turtlebot3_bringup/share/turtlebot3_bringup/environment/ament_prefix_path.dsv
[0.084s] -- Up-to-date: /home/lorena/my_ros2_ws/install/turtlebot3_bringup/share/turtlebot3_bringup/environment/path.sh
[0.084s] -- Up-to-date: /home/lorena/my_ros2_ws/install/turtlebot3_bringup/share/turtlebot3_bringup/environment/path.dsv
[0.084s] -- Up-to-date: /home/lorena/my_ros2_ws/install/turtlebot3_bringup/share/turtlebot3_bringup/local_setup.bash
[0.084s] -- Up-to-date: /home/lorena/my_ros2_ws/install/turtlebot3_bringup/share/turtlebot3_bringup/local_setup.sh
[0.084s] -- Up-to-date: /home/lorena/my_ros2_ws/install/turtlebot3_bringup/share/turtlebot3_bringup/local_setup.zsh
[0.084s] -- Up-to-date: /home/lorena/my_ros2_ws/install/turtlebot3_bringup/share/turtlebot3_bringup/local_setup.dsv
[0.084s] -- Installing: /home/lorena/my_ros2_ws/install/turtlebot3_bringup/share/turtlebot3_bringup/package.dsv
[0.084s] -- Up-to-date: /home/lorena/my_ros2_ws/install/turtlebot3_bringup/share/ament_index/resource_index/packages/turtlebot3_bringup
[0.084s] -- Up-to-date: /home/lorena/my_ros2_ws/install/turtlebot3_bringup/share/turtlebot3_bringup/cmake/turtlebot3_bringupConfig.cmake
[0.084s] -- Up-to-date: /home/lorena/my_ros2_ws/install/turtlebot3_bringup/share/turtlebot3_bringup/cmake/turtlebot3_bringupConfig-version.cmake
[0.084s] -- Up-to-date: /home/lorena/my_ros2_ws/install/turtlebot3_bringup/share/turtlebot3_bringup/package.xml
[0.087s] Invoked command in '/home/lorena/my_ros2_ws/build/turtlebot3_bringup' returned '0': CMAKE_PREFIX_PATH=/home/lorena/my_ros2_ws/install/turtlebot3_node:/home/lorena/my_ros2_ws/install/turtlebot3_msgs:/home/lorena/my_ros2_ws/install/turtlebot3_description:/home/lorena/my_ros2_ws/install/dynamixel_sdk:/home/lorena/my_ros2_ws/install/turtlebot3:/home/lorena/my_ros2_ws/install/turtlebot3_simulations:/home/lorena/my_ros2_ws/install/turtlebot3_bringup:/home/lorena/my_ros2_ws/install/turtlebot3_navigation2:/home/lorena/my_ros2_ws/install/turtlebot3_fake_node:/home/lorena/my_ros2_ws/install/turtlebot3_gazebo:/home/lorena/my_ros2_ws/install/turtlebot3_cartographer:/home/lorena/my_ros2_ws/install/MYROBOT_gazebo:/home/lorena/my_ros2_ws/install/MYROBOT_description:/home/lorena/my_ros2_ws/install/turtlebot3_teleop:/home/lorena/my_ros2_ws/install/turtlebot3_example:/home/lorena/my_ros2_ws/install/control_pkg:/opt/ros/foxy PYTHONPATH=/home/lorena/my_ros2_ws/install/turtlebot3_msgs/lib/python3.8/site-packages:/home/lorena/my_ros2_ws/install/turtlebot3_teleop/lib/python3.8/site-packages:/home/lorena/my_ros2_ws/install/turtlebot3_example/lib/python3.8/site-packages:/home/lorena/my_ros2_ws/install/control_pkg/lib/python3.8/site-packages:/opt/ros/foxy/lib/python3.8/site-packages /usr/bin/cmake --install /home/lorena/my_ros2_ws/build/turtlebot3_bringup
