[0.071s] Invoking command in '/home/lorena/my_ros2_ws/build/dynamixel_sdk': CMAKE_PREFIX_PATH=${CMAKE_PREFIX_PATH}:/home/lorena/my_ros2_ws/install/turtlebot3_teleop:/home/lorena/my_ros2_ws/install/turtlebot3_example:/home/lorena/my_ros2_ws/install/control_pkg:/opt/ros/foxy /usr/bin/cmake --build /home/lorena/my_ros2_ws/build/dynamixel_sdk -- -j12 -l12
[0.647s] -- The C compiler identification is GNU 9.4.0
[0.648s] -- The CXX compiler identification is GNU 9.4.0
[0.648s] -- Detecting C compiler ABI info
[0.648s] -- Detecting C compiler ABI info - done
[0.648s] -- Check for working C compiler: /usr/bin/cc - skipped
[0.648s] -- Detecting C compile features
[0.648s] -- Detecting C compile features - done
[0.648s] -- Detecting CXX compiler ABI info
[0.648s] -- Detecting CXX compiler ABI info - done
[0.648s] -- Check for working CXX compiler: /usr/bin/c++ - skipped
[0.648s] -- Detecting CXX compile features
[0.648s] -- Detecting CXX compile features - done
[0.648s] -- Found ament_cmake: 0.9.11 (/opt/ros/foxy/share/ament_cmake/cmake)
[0.648s] -- Using PYTHON_EXECUTABLE: /usr/bin/python3
[0.782s] -- Configuring done (0.7s)
[0.790s] -- Generating done (0.0s)
[0.794s] -- Build files have been written to: /home/lorena/my_ros2_ws/build/dynamixel_sdk
[0.806s] [ 30%] [32mBuilding CXX object CMakeFiles/dynamixel_sdk.dir/src/dynamixel_sdk/protocol1_packet_handler.cpp.o[0m
[0.807s] [ 30%] [32mBuilding CXX object CMakeFiles/dynamixel_sdk.dir/src/dynamixel_sdk/packet_handler.cpp.o[0m
[0.807s] [ 30%] [32mBuilding CXX object CMakeFiles/dynamixel_sdk.dir/src/dynamixel_sdk/group_sync_read.cpp.o[0m
[0.807s] [ 40%] [32mBuilding CXX object CMakeFiles/dynamixel_sdk.dir/src/dynamixel_sdk/group_sync_write.cpp.o[0m
[0.807s] [ 50%] [32mBuilding CXX object CMakeFiles/dynamixel_sdk.dir/src/dynamixel_sdk/protocol2_packet_handler.cpp.o[0m
[0.815s] [ 60%] [32mBuilding CXX object CMakeFiles/dynamixel_sdk.dir/src/dynamixel_sdk/group_bulk_read.cpp.o[0m
[0.815s] [ 70%] [32mBuilding CXX object CMakeFiles/dynamixel_sdk.dir/src/dynamixel_sdk/group_bulk_write.cpp.o[0m
[0.818s] [ 80%] [32mBuilding CXX object CMakeFiles/dynamixel_sdk.dir/src/dynamixel_sdk/port_handler.cpp.o[0m
[0.834s] [ 90%] [32mBuilding CXX object CMakeFiles/dynamixel_sdk.dir/src/dynamixel_sdk/port_handler_linux.cpp.o[0m
[1.143s] [01m[K/home/lorena/my_ros2_ws/DynamixelSDK/dynamixel_sdk/src/dynamixel_sdk/group_bulk_read.cpp:[m[K In member function ‘[01m[Kbool dynamixel::GroupBulkRead::getError(uint8_t, uint8_t*)[m[K’:
[1.144s] [01m[K/home/lorena/my_ros2_ws/DynamixelSDK/dynamixel_sdk/src/dynamixel_sdk/group_bulk_read.cpp:235:19:[m[K [01;35m[Kwarning: [m[Ksuggest parentheses around assignment used as truth value [[01;35m[K-Wparentheses[m[K]
[1.144s]   235 |   return [01;35m[Kerror[0] = error_list_[id][0][m[K;
[1.144s]       |          [01;35m[K~~~~~~~~~^~~~~~~~~~~~~~~~~~~~[m[K
[1.144s] [01m[K/home/lorena/my_ros2_ws/DynamixelSDK/dynamixel_sdk/src/dynamixel_sdk/group_sync_read.cpp:[m[K In member function ‘[01m[Kbool dynamixel::GroupSyncRead::getError(uint8_t, uint8_t*)[m[K’:
[1.144s] [01m[K/home/lorena/my_ros2_ws/DynamixelSDK/dynamixel_sdk/src/dynamixel_sdk/group_sync_read.cpp:204:19:[m[K [01;35m[Kwarning: [m[Ksuggest parentheses around assignment used as truth value [[01;35m[K-Wparentheses[m[K]
[1.145s]   204 |   return [01;35m[Kerror[0] = error_list_[id][0][m[K;
[1.145s]       |          [01;35m[K~~~~~~~~~^~~~~~~~~~~~~~~~~~~~[m[K
[1.461s] [100%] [32m[1mLinking CXX shared library libdynamixel_sdk.so[0m
[1.546s] [100%] Built target dynamixel_sdk
