[1.026s] Invoking command in '/home/lorena/my_ros2_ws/src/control_pkg': PYTHONPATH=/home/lorena/my_ros2_ws/build/control_pkg/prefix_override:/home/lorena/my_ros2_ws/install/control_pkg/lib/python3.8/site-packages:${PYTHONPATH} /usr/bin/python3 setup.py egg_info --egg-base ../../build/control_pkg build --build-base /home/lorena/my_ros2_ws/build/control_pkg/build install --record /home/lorena/my_ros2_ws/build/control_pkg/install.log --install-scripts $base/lib/control_pkg --single-version-externally-managed
[1.226s] running egg_info
[1.226s] writing ../../build/control_pkg/control_pkg.egg-info/PKG-INFO
[1.226s] writing dependency_links to ../../build/control_pkg/control_pkg.egg-info/dependency_links.txt
[1.226s] writing entry points to ../../build/control_pkg/control_pkg.egg-info/entry_points.txt
[1.226s] writing requirements to ../../build/control_pkg/control_pkg.egg-info/requires.txt
[1.226s] writing top-level names to ../../build/control_pkg/control_pkg.egg-info/top_level.txt
[1.259s] reading manifest file '../../build/control_pkg/control_pkg.egg-info/SOURCES.txt'
[1.259s] writing manifest file '../../build/control_pkg/control_pkg.egg-info/SOURCES.txt'
[1.259s] running build
[1.259s] running build_py
[1.260s] running install
[1.260s] running install_lib
[1.263s] running install_data
[1.263s] running install_egg_info
[1.263s] removing '/home/lorena/my_ros2_ws/install/control_pkg/lib/python3.8/site-packages/control_pkg-0.0.0-py3.8.egg-info' (and everything under it)
[1.263s] Copying ../../build/control_pkg/control_pkg.egg-info to /home/lorena/my_ros2_ws/install/control_pkg/lib/python3.8/site-packages/control_pkg-0.0.0-py3.8.egg-info
[1.264s] running install_scripts
[1.287s] writing list of installed files to '/home/lorena/my_ros2_ws/build/control_pkg/install.log'
[1.328s] Invoked command in '/home/lorena/my_ros2_ws/src/control_pkg' returned '0': PYTHONPATH=/home/lorena/my_ros2_ws/build/control_pkg/prefix_override:/home/lorena/my_ros2_ws/install/control_pkg/lib/python3.8/site-packages:${PYTHONPATH} /usr/bin/python3 setup.py egg_info --egg-base ../../build/control_pkg build --build-base /home/lorena/my_ros2_ws/build/control_pkg/build install --record /home/lorena/my_ros2_ws/build/control_pkg/install.log --install-scripts $base/lib/control_pkg --single-version-externally-managed
