[0.133s] Invoking command in '/home/lorena/my_ros2_ws/build/turtlebot3_description': CMAKE_PREFIX_PATH=${CMAKE_PREFIX_PATH}:/home/lorena/my_ros2_ws/install/turtlebot3_teleop:/home/lorena/my_ros2_ws/install/turtlebot3_example:/home/lorena/my_ros2_ws/install/control_pkg:/opt/ros/foxy /usr/bin/cmake --build /home/lorena/my_ros2_ws/build/turtlebot3_description -- -j12 -l12
[0.686s] Invoked command in '/home/lorena/my_ros2_ws/build/turtlebot3_description' returned '0': CMAKE_PREFIX_PATH=${CMAKE_PREFIX_PATH}:/home/lorena/my_ros2_ws/install/turtlebot3_teleop:/home/lorena/my_ros2_ws/install/turtlebot3_example:/home/lorena/my_ros2_ws/install/control_pkg:/opt/ros/foxy /usr/bin/cmake --build /home/lorena/my_ros2_ws/build/turtlebot3_description -- -j12 -l12
[0.766s] Invoking command in '/home/lorena/my_ros2_ws/build/turtlebot3_description': CMAKE_PREFIX_PATH=${CMAKE_PREFIX_PATH}:/home/lorena/my_ros2_ws/install/turtlebot3_teleop:/home/lorena/my_ros2_ws/install/turtlebot3_example:/home/lorena/my_ros2_ws/install/control_pkg:/opt/ros/foxy /usr/bin/cmake --install /home/lorena/my_ros2_ws/build/turtlebot3_description
[0.810s] -- Install configuration: ""
[0.812s] -- Up-to-date: /home/lorena/my_ros2_ws/install/turtlebot3_description/share/turtlebot3_description/meshes
[0.814s] -- Up-to-date: /home/lorena/my_ros2_ws/install/turtlebot3_description/share/turtlebot3_description/meshes/wheels
[0.818s] -- Up-to-date: /home/lorena/my_ros2_ws/install/turtlebot3_description/share/turtlebot3_description/meshes/wheels/right_tire.stl
[0.820s] -- Up-to-date: /home/lorena/my_ros2_ws/install/turtlebot3_description/share/turtlebot3_description/meshes/wheels/left_tire.stl
[0.820s] -- Up-to-date: /home/lorena/my_ros2_ws/install/turtlebot3_description/share/turtlebot3_description/meshes/sensors
[0.820s] -- Up-to-date: /home/lorena/my_ros2_ws/install/turtlebot3_description/share/turtlebot3_description/meshes/sensors/astra.dae
[0.821s] -- Up-to-date: /home/lorena/my_ros2_ws/install/turtlebot3_description/share/turtlebot3_description/meshes/sensors/lds.stl
[0.823s] -- Up-to-date: /home/lorena/my_ros2_ws/install/turtlebot3_description/share/turtlebot3_description/meshes/sensors/r200.jpg
[0.824s] -- Up-to-date: /home/lorena/my_ros2_ws/install/turtlebot3_description/share/turtlebot3_description/meshes/sensors/astra.jpg
[0.827s] -- Up-to-date: /home/lorena/my_ros2_ws/install/turtlebot3_description/share/turtlebot3_description/meshes/sensors/r200.dae
[0.828s] -- Up-to-date: /home/lorena/my_ros2_ws/install/turtlebot3_description/share/turtlebot3_description/meshes/bases
[0.828s] -- Up-to-date: /home/lorena/my_ros2_ws/install/turtlebot3_description/share/turtlebot3_description/meshes/bases/waffle_base.stl
[0.829s] -- Up-to-date: /home/lorena/my_ros2_ws/install/turtlebot3_description/share/turtlebot3_description/meshes/bases/waffle_pi_base.stl
[0.829s] -- Up-to-date: /home/lorena/my_ros2_ws/install/turtlebot3_description/share/turtlebot3_description/meshes/bases/burger_base.stl
[0.829s] -- Up-to-date: /home/lorena/my_ros2_ws/install/turtlebot3_description/share/turtlebot3_description/rviz
[0.829s] -- Up-to-date: /home/lorena/my_ros2_ws/install/turtlebot3_description/share/turtlebot3_description/rviz/model.rviz
[0.829s] -- Up-to-date: /home/lorena/my_ros2_ws/install/turtlebot3_description/share/turtlebot3_description/urdf
[0.829s] -- Up-to-date: /home/lorena/my_ros2_ws/install/turtlebot3_description/share/turtlebot3_description/urdf/turtlebot3_waffle.urdf
[0.830s] -- Up-to-date: /home/lorena/my_ros2_ws/install/turtlebot3_description/share/turtlebot3_description/urdf/turtlebot3_burger.urdf
[0.830s] -- Up-to-date: /home/lorena/my_ros2_ws/install/turtlebot3_description/share/turtlebot3_description/urdf/turtlebot3_waffle_pi.urdf
[0.830s] -- Up-to-date: /home/lorena/my_ros2_ws/install/turtlebot3_description/share/turtlebot3_description/urdf/common_properties.urdf
[0.830s] -- Up-to-date: /home/lorena/my_ros2_ws/install/turtlebot3_description/share/ament_index/resource_index/package_run_dependencies/turtlebot3_description
[0.830s] -- Up-to-date: /home/lorena/my_ros2_ws/install/turtlebot3_description/share/ament_index/resource_index/parent_prefix_path/turtlebot3_description
[0.830s] -- Up-to-date: /home/lorena/my_ros2_ws/install/turtlebot3_description/share/turtlebot3_description/environment/ament_prefix_path.sh
[0.831s] -- Up-to-date: /home/lorena/my_ros2_ws/install/turtlebot3_description/share/turtlebot3_description/environment/ament_prefix_path.dsv
[0.831s] -- Up-to-date: /home/lorena/my_ros2_ws/install/turtlebot3_description/share/turtlebot3_description/environment/path.sh
[0.831s] -- Up-to-date: /home/lorena/my_ros2_ws/install/turtlebot3_description/share/turtlebot3_description/environment/path.dsv
[0.831s] -- Up-to-date: /home/lorena/my_ros2_ws/install/turtlebot3_description/share/turtlebot3_description/local_setup.bash
[0.831s] -- Up-to-date: /home/lorena/my_ros2_ws/install/turtlebot3_description/share/turtlebot3_description/local_setup.sh
[0.831s] -- Up-to-date: /home/lorena/my_ros2_ws/install/turtlebot3_description/share/turtlebot3_description/local_setup.zsh
[0.831s] -- Up-to-date: /home/lorena/my_ros2_ws/install/turtlebot3_description/share/turtlebot3_description/local_setup.dsv
[0.831s] -- Installing: /home/lorena/my_ros2_ws/install/turtlebot3_description/share/turtlebot3_description/package.dsv
[0.831s] -- Up-to-date: /home/lorena/my_ros2_ws/install/turtlebot3_description/share/ament_index/resource_index/packages/turtlebot3_description
[0.832s] -- Up-to-date: /home/lorena/my_ros2_ws/install/turtlebot3_description/share/turtlebot3_description/cmake/turtlebot3_descriptionConfig.cmake
[0.832s] -- Up-to-date: /home/lorena/my_ros2_ws/install/turtlebot3_description/share/turtlebot3_description/cmake/turtlebot3_descriptionConfig-version.cmake
[0.833s] -- Up-to-date: /home/lorena/my_ros2_ws/install/turtlebot3_description/share/turtlebot3_description/package.xml
[0.846s] Invoked command in '/home/lorena/my_ros2_ws/build/turtlebot3_description' returned '0': CMAKE_PREFIX_PATH=${CMAKE_PREFIX_PATH}:/home/lorena/my_ros2_ws/install/turtlebot3_teleop:/home/lorena/my_ros2_ws/install/turtlebot3_example:/home/lorena/my_ros2_ws/install/control_pkg:/opt/ros/foxy /usr/bin/cmake --install /home/lorena/my_ros2_ws/build/turtlebot3_description
