-- Install configuration: ""
-- Up-to-date: /home/lorena/my_ros2_ws/install/MYROBOT_description/share/MYROBOT_description/urdf
-- Up-to-date: /home/lorena/my_ros2_ws/install/MYROBOT_description/share/MYROBOT_description/urdf/.vscode
-- Up-to-date: /home/lorena/my_ros2_ws/install/MYROBOT_description/share/MYROBOT_description/urdf/.vscode/c_cpp_properties.json
-- Up-to-date: /home/lorena/my_ros2_ws/install/MYROBOT_description/share/MYROBOT_description/urdf/.vscode/settings.json
-- Up-to-date: /home/lorena/my_ros2_ws/install/MYROBOT_description/share/MYROBOT_description/urdf/MYROBOT.urdf
-- Up-to-date: /home/lorena/my_ros2_ws/install/MYROBOT_description/share/MYROBOT_description/model.config
-- Up-to-date: /home/lorena/my_ros2_ws/install/MYROBOT_description/share/ament_index/resource_index/package_run_dependencies/MYROBOT_description
-- Up-to-date: /home/lorena/my_ros2_ws/install/MYROBOT_description/share/ament_index/resource_index/parent_prefix_path/MYROBOT_description
-- Up-to-date: /home/lorena/my_ros2_ws/install/MYROBOT_description/share/MYROBOT_description/environment/ament_prefix_path.sh
-- Up-to-date: /home/lorena/my_ros2_ws/install/MYROBOT_description/share/MYROBOT_description/environment/ament_prefix_path.dsv
-- Up-to-date: /home/lorena/my_ros2_ws/install/MYROBOT_description/share/MYROBOT_description/environment/path.sh
-- Up-to-date: /home/lorena/my_ros2_ws/install/MYROBOT_description/share/MYROBOT_description/environment/path.dsv
-- Up-to-date: /home/lorena/my_ros2_ws/install/MYROBOT_description/share/MYROBOT_description/local_setup.bash
-- Up-to-date: /home/lorena/my_ros2_ws/install/MYROBOT_description/share/MYROBOT_description/local_setup.sh
-- Up-to-date: /home/lorena/my_ros2_ws/install/MYROBOT_description/share/MYROBOT_description/local_setup.zsh
-- Up-to-date: /home/lorena/my_ros2_ws/install/MYROBOT_description/share/MYROBOT_description/local_setup.dsv
-- Installing: /home/lorena/my_ros2_ws/install/MYROBOT_description/share/MYROBOT_description/package.dsv
-- Up-to-date: /home/lorena/my_ros2_ws/install/MYROBOT_description/share/ament_index/resource_index/packages/MYROBOT_description
-- Up-to-date: /home/lorena/my_ros2_ws/install/MYROBOT_description/share/MYROBOT_description/cmake/MYROBOT_descriptionConfig.cmake
-- Up-to-date: /home/lorena/my_ros2_ws/install/MYROBOT_description/share/MYROBOT_description/cmake/MYROBOT_descriptionConfig-version.cmake
-- Up-to-date: /home/lorena/my_ros2_ws/install/MYROBOT_description/share/MYROBOT_description/package.xml
