[0.072s] Invoking command in '/home/lorena/my_ros2_ws/src/build/simulator_msgs': /usr/bin/cmake /home/lorena/my_ros2_ws/src/ProVANT-Simulator_Developer/source/Structure/simulator_msgs -DCATKIN_INSTALL_INTO_PREFIX_ROOT=0 -DCMAKE_INSTALL_PREFIX=/home/lorena/my_ros2_ws/src/install/simulator_msgs
[0.395s] -- The C compiler identification is GNU 9.4.0
[0.396s] -- The CXX compiler identification is GNU 9.4.0
[0.396s] -- Check for working C compiler: /usr/bin/cc
[0.396s] -- Check for working C compiler: /usr/bin/cc -- works
[0.396s] -- Detecting C compiler ABI info
[0.432s] -- Detecting C compiler ABI info - done
[0.449s] -- Detecting C compile features
[0.449s] -- Detecting C compile features - done
[0.454s] -- Check for working CXX compiler: /usr/bin/c++
[0.534s] -- Check for working CXX compiler: /usr/bin/c++ -- works
[0.535s] -- Detecting CXX compiler ABI info
[0.622s] -- Detecting CXX compiler ABI info - done
[0.638s] -- Detecting CXX compile features
[0.639s] -- Detecting CXX compile features - done
[0.659s] -- Configuring incomplete, errors occurred!
[0.659s] See also "/home/lorena/my_ros2_ws/src/build/simulator_msgs/CMakeFiles/CMakeOutput.log".
[0.660s] CMake Error at CMakeLists.txt:8 (find_package):
[0.660s]   By not providing "Findcatkin.cmake" in CMAKE_MODULE_PATH this project has
[0.660s]   asked CMake to find a package configuration file provided by "catkin", but
[0.660s]   CMake did not find one.
[0.660s] 
[0.660s]   Could not find a package configuration file provided by "catkin" with any
[0.660s]   of the following names:
[0.660s] 
[0.660s]     catkinConfig.cmake
[0.660s]     catkin-config.cmake
[0.660s] 
[0.661s]   Add the installation prefix of "catkin" to CMAKE_PREFIX_PATH or set
[0.661s]   "catkin_DIR" to a directory containing one of the above files.  If "catkin"
[0.661s]   provides a separate development package or SDK, be sure it has been
[0.661s]   installed.
[0.661s] 
[0.661s] 
[0.668s] Invoked command in '/home/lorena/my_ros2_ws/src/build/simulator_msgs' returned '1': /usr/bin/cmake /home/lorena/my_ros2_ws/src/ProVANT-Simulator_Developer/source/Structure/simulator_msgs -DCATKIN_INSTALL_INTO_PREFIX_ROOT=0 -DCMAKE_INSTALL_PREFIX=/home/lorena/my_ros2_ws/src/install/simulator_msgs
