[0.024s] Invoking command in '/home/lorena/my_ros2_ws/build/turtlebot3_gazebo': AMENT_PREFIX_PATH=/home/lorena/my_ros2_ws/install/turtlebot3_description:${AMENT_PREFIX_PATH} CMAKE_PREFIX_PATH=/home/lorena/my_ros2_ws/install/turtlebot3_description:/opt/ros/foxy /usr/bin/cmake /home/lorena/my_ros2_ws/src/turtlebot3_simulations/turtlebot3_gazebo -DCMAKE_INSTALL_PREFIX=/home/lorena/my_ros2_ws/install/turtlebot3_gazebo
[0.092s] -- The C compiler identification is GNU 9.4.0
[0.156s] -- The CXX compiler identification is GNU 9.4.0
[0.162s] -- Check for working C compiler: /usr/bin/cc
[0.239s] -- Check for working C compiler: /usr/bin/cc -- works
[0.240s] -- Detecting C compiler ABI info
[0.307s] -- Detecting C compiler ABI info - done
[0.315s] -- Detecting C compile features
[0.315s] -- Detecting C compile features - done
[0.317s] -- Check for working CXX compiler: /usr/bin/c++
[0.371s] -- Check for working CXX compiler: /usr/bin/c++ -- works
[0.372s] -- Detecting CXX compiler ABI info
[0.426s] -- Detecting CXX compiler ABI info - done
[0.433s] -- Detecting CXX compile features
[0.433s] -- Detecting CXX compile features - done
[0.435s] -- Found ament_cmake: 0.9.11 (/opt/ros/foxy/share/ament_cmake/cmake)
[0.453s] -- Found PythonInterp: /usr/bin/python3 (found suitable version "3.8.10", minimum required is "3") 
[0.453s] -- Using PYTHON_EXECUTABLE: /usr/bin/python3
[0.593s] -- Found PkgConfig: /usr/bin/pkg-config (found version "0.29.1") 
[0.596s] -- Checking for module 'bullet>=2.82'
[0.605s] --   Found bullet, version 2.88
[0.690s] -- Found ccd: /usr/include (found suitable version "2.0", minimum required is "2.0") 
[0.732s] -- Found fcl: /usr/include (found suitable version "0.5.0", minimum required is "0.3.2") 
[0.781s] -- Found assimp: /usr/include (found version "5.0.0") 
[0.807s] -- Found DART: /usr/include (Required is at least version "6.6") found components: dart 
[1.044s] -- Found Boost: /usr/lib/x86_64-linux-gnu/cmake/Boost-1.71.0/BoostConfig.cmake (found suitable version "1.71.0", minimum required is "1.40.0") found components: thread system filesystem program_options regex iostreams date_time 
[1.071s] -- Found Protobuf: /usr/lib/x86_64-linux-gnu/libprotobuf.so;-lpthread (found version "3.6.1") 
[1.076s] -- Looking for ignition-math6 -- found version 6.13.0
[1.085s] -- Searching for dependencies of ignition-math6
[1.087s] -- Looking for OGRE...
[1.088s] -- OGRE_PREFIX_WATCH changed.
[1.093s] -- Checking for module 'OGRE'
[1.104s] --   Found OGRE, version 1.9.0
[1.132s] -- Found Ogre Ghadamon (1.9.0)
[1.138s] -- Found OGRE: optimized;/usr/lib/x86_64-linux-gnu/libOgreMain.so;debug;/usr/lib/x86_64-linux-gnu/libOgreMain.so
[1.147s] -- Looking for OGRE_Paging...
[1.158s] -- Found OGRE_Paging: optimized;/usr/lib/x86_64-linux-gnu/libOgrePaging.so;debug;/usr/lib/x86_64-linux-gnu/libOgrePaging.so
[1.158s] -- Looking for OGRE_Terrain...
[1.163s] -- Found OGRE_Terrain: optimized;/usr/lib/x86_64-linux-gnu/libOgreTerrain.so;debug;/usr/lib/x86_64-linux-gnu/libOgreTerrain.so
[1.163s] -- Looking for OGRE_Property...
[1.167s] -- Found OGRE_Property: optimized;/usr/lib/x86_64-linux-gnu/libOgreProperty.so;debug;/usr/lib/x86_64-linux-gnu/libOgreProperty.so
[1.167s] -- Looking for OGRE_RTShaderSystem...
[1.171s] -- Found OGRE_RTShaderSystem: optimized;/usr/lib/x86_64-linux-gnu/libOgreRTShaderSystem.so;debug;/usr/lib/x86_64-linux-gnu/libOgreRTShaderSystem.so
[1.171s] -- Looking for OGRE_Volume...
[1.175s] -- Found OGRE_Volume: optimized;/usr/lib/x86_64-linux-gnu/libOgreVolume.so;debug;/usr/lib/x86_64-linux-gnu/libOgreVolume.so
[1.176s] -- Looking for OGRE_Overlay...
[1.180s] -- Found OGRE_Overlay: optimized;/usr/lib/x86_64-linux-gnu/libOgreOverlay.so;debug;/usr/lib/x86_64-linux-gnu/libOgreOverlay.so
[1.261s] -- Looking for ignition-math6 -- found version 6.13.0
[1.263s] -- Looking for ignition-transport8 -- found version 8.4.0
[1.263s] -- Searching for dependencies of ignition-transport8
[1.276s] -- Found Protobuf: /usr/lib/x86_64-linux-gnu/libprotobuf.so;-lpthread (found suitable version "3.6.1", minimum required is "3") 
[1.284s] -- Config-file not installed for ZeroMQ -- checking for pkg-config
[1.288s] -- Checking for module 'libzmq >= 4'
[1.306s] --   Found libzmq , version 4.3.2
[1.364s] -- Found ZeroMQ: TRUE (Required is at least version "4") 
[1.372s] -- Checking for module 'uuid'
[1.396s] --   Found uuid, version 2.34.0
[1.438s] -- Found UUID: TRUE  
[1.441s] -- Looking for ignition-msgs5 -- found version 5.11.0
[1.441s] -- Searching for dependencies of ignition-msgs5
[1.461s] -- Looking for ignition-math6 -- found version 6.13.0
[1.466s] -- Checking for module 'tinyxml2'
[1.479s] --   Found tinyxml2, version 6.2.0
[1.512s] -- Looking for ignition-msgs5 -- found version 5.11.0
[1.515s] -- Looking for ignition-common3 -- found version 3.15.1
[1.515s] -- Searching for dependencies of ignition-common3
[1.516s] -- Looking for dlfcn.h - found
[1.517s] -- Looking for libdl - found
[1.518s] -- Found DL: TRUE  
[1.524s] -- Searching for <ignition-common3> component [graphics]
[1.526s] -- Looking for ignition-common3-graphics -- found version 3.15.1
[1.526s] -- Searching for dependencies of ignition-common3-graphics
[1.527s] -- Looking for ignition-math6 -- found version 6.13.0
[1.529s] -- Looking for ignition-fuel_tools4 -- found version 4.8.1
[1.530s] -- Searching for dependencies of ignition-fuel_tools4
[1.594s] -- Found CURL: /usr/lib/x86_64-linux-gnu/libcurl.so (found version "7.68.0")  
[1.600s] -- Checking for module 'jsoncpp'
[1.613s] --   Found jsoncpp, version 1.7.4
[1.644s] -- Found JSONCPP: TRUE  
[1.650s] -- Checking for module 'libzip'
[1.661s] --   Found libzip, version 1.5.1
[1.694s] -- Found ZIP: TRUE  
[1.694s] -- Looking for ignition-common3 -- found version 3.15.1
[1.695s] -- Looking for ignition-math6 -- found version 6.13.0
[1.695s] -- Looking for ignition-msgs5 -- found version 5.11.0
[1.698s] -- Found gazebo_ros_pkgs: 3.5.3 (/opt/ros/foxy/share/gazebo_ros_pkgs/cmake)
[1.700s] -- Found geometry_msgs: 2.0.5 (/opt/ros/foxy/share/geometry_msgs/cmake)
[1.728s] -- Using all available rosidl_typesupport_c: rosidl_typesupport_fastrtps_c;rosidl_typesupport_introspection_c
[1.735s] -- Found rosidl_adapter: 1.3.0 (/opt/ros/foxy/share/rosidl_adapter/cmake)
[1.822s] -- Found OpenSSL: /usr/lib/x86_64-linux-gnu/libcrypto.so (found version "1.1.1f")  
[1.864s] -- Found FastRTPS: /opt/ros/foxy/include  
[1.957s] -- Using all available rosidl_typesupport_cpp: rosidl_typesupport_fastrtps_cpp;rosidl_typesupport_introspection_cpp
[2.104s] -- Found nav_msgs: 2.0.5 (/opt/ros/foxy/share/nav_msgs/cmake)
[2.203s] -- Found rclcpp: 2.4.2 (/opt/ros/foxy/share/rclcpp/cmake)
[2.268s] -- Found rmw_implementation_cmake: 1.0.3 (/opt/ros/foxy/share/rmw_implementation_cmake/cmake)
[2.271s] -- Using RMW implementation 'rmw_fastrtps_cpp' as default
[2.273s] -- Found Threads: TRUE  
[2.505s] -- Found sensor_msgs: 2.0.5 (/opt/ros/foxy/share/sensor_msgs/cmake)
[2.601s] -- Found tf2: 0.13.13 (/opt/ros/foxy/share/tf2/cmake)
[2.675s] -- Configuring done
[2.710s] -- Generating done
[2.711s] -- Build files have been written to: /home/lorena/my_ros2_ws/build/turtlebot3_gazebo
[2.724s] Invoked command in '/home/lorena/my_ros2_ws/build/turtlebot3_gazebo' returned '0': AMENT_PREFIX_PATH=/home/lorena/my_ros2_ws/install/turtlebot3_description:${AMENT_PREFIX_PATH} CMAKE_PREFIX_PATH=/home/lorena/my_ros2_ws/install/turtlebot3_description:/opt/ros/foxy /usr/bin/cmake /home/lorena/my_ros2_ws/src/turtlebot3_simulations/turtlebot3_gazebo -DCMAKE_INSTALL_PREFIX=/home/lorena/my_ros2_ws/install/turtlebot3_gazebo
[2.727s] Invoking command in '/home/lorena/my_ros2_ws/build/turtlebot3_gazebo': AMENT_PREFIX_PATH=/home/lorena/my_ros2_ws/install/turtlebot3_description:${AMENT_PREFIX_PATH} CMAKE_PREFIX_PATH=/home/lorena/my_ros2_ws/install/turtlebot3_description:/opt/ros/foxy /usr/bin/cmake --build /home/lorena/my_ros2_ws/build/turtlebot3_gazebo -- -j12 -l12
[2.761s] [35m[1mScanning dependencies of target obstacles[0m
[2.762s] [35m[1mScanning dependencies of target obstacle1[0m
[2.763s] [35m[1mScanning dependencies of target obstacle2[0m
[2.763s] [35m[1mScanning dependencies of target turtlebot3_drive[0m
[2.831s] [ 12%] [32mBuilding CXX object CMakeFiles/turtlebot3_drive.dir/src/turtlebot3_drive.cpp.o[0m
[2.902s] [ 25%] [32mBuilding CXX object CMakeFiles/obstacle2.dir/models/turtlebot3_dqn_world/obstacle_plugin/obstacle2.cc.o[0m
[2.903s] [ 37%] [32mBuilding CXX object CMakeFiles/obstacles.dir/models/turtlebot3_dqn_world/obstacle_plugin/obstacles.cc.o[0m
[2.909s] [ 50%] [32mBuilding CXX object CMakeFiles/obstacle1.dir/models/turtlebot3_dqn_world/obstacle_plugin/obstacle1.cc.o[0m
[10.879s] [ 62%] [32m[1mLinking CXX executable turtlebot3_drive[0m
[134.547s] [ 62%] Built target turtlebot3_drive
[137.064s] [ 75%] [32m[1mLinking CXX shared library libobstacle1.so[0m
[137.636s] [ 87%] [32m[1mLinking CXX shared library libobstacle2.so[0m
[137.771s] [ 87%] Built target obstacle1
[137.801s] [100%] [32m[1mLinking CXX shared library libobstacles.so[0m
[138.112s] [100%] Built target obstacle2
[138.247s] [100%] Built target obstacles
[138.262s] Invoked command in '/home/lorena/my_ros2_ws/build/turtlebot3_gazebo' returned '0': AMENT_PREFIX_PATH=/home/lorena/my_ros2_ws/install/turtlebot3_description:${AMENT_PREFIX_PATH} CMAKE_PREFIX_PATH=/home/lorena/my_ros2_ws/install/turtlebot3_description:/opt/ros/foxy /usr/bin/cmake --build /home/lorena/my_ros2_ws/build/turtlebot3_gazebo -- -j12 -l12
[138.288s] Invoking command in '/home/lorena/my_ros2_ws/build/turtlebot3_gazebo': AMENT_PREFIX_PATH=/home/lorena/my_ros2_ws/install/turtlebot3_description:${AMENT_PREFIX_PATH} CMAKE_PREFIX_PATH=/home/lorena/my_ros2_ws/install/turtlebot3_description:/opt/ros/foxy /usr/bin/cmake --install /home/lorena/my_ros2_ws/build/turtlebot3_gazebo
[138.296s] -- Install configuration: ""
[138.297s] -- Installing: /home/lorena/my_ros2_ws/install/turtlebot3_gazebo/lib/turtlebot3_gazebo/turtlebot3_drive
[138.300s] -- Set runtime path of "/home/lorena/my_ros2_ws/install/turtlebot3_gazebo/lib/turtlebot3_gazebo/turtlebot3_drive" to ""
[138.301s] -- Installing: /home/lorena/my_ros2_ws/install/turtlebot3_gazebo/share/turtlebot3_gazebo//launch
[138.302s] -- Installing: /home/lorena/my_ros2_ws/install/turtlebot3_gazebo/share/turtlebot3_gazebo//launch/turtlebot3_dqn_stage2.launch.py
[138.302s] -- Installing: /home/lorena/my_ros2_ws/install/turtlebot3_gazebo/share/turtlebot3_gazebo//launch/turtlebot3_dqn_stage4.launch.py
[138.302s] -- Installing: /home/lorena/my_ros2_ws/install/turtlebot3_gazebo/share/turtlebot3_gazebo//launch/turtlebot3_dqn_stage1.launch.py
[138.302s] -- Installing: /home/lorena/my_ros2_ws/install/turtlebot3_gazebo/share/turtlebot3_gazebo//launch/turtlebot3_autorace.launch.py
[138.302s] -- Installing: /home/lorena/my_ros2_ws/install/turtlebot3_gazebo/share/turtlebot3_gazebo//launch/turtlebot3_world.launch.py
[138.302s] -- Installing: /home/lorena/my_ros2_ws/install/turtlebot3_gazebo/share/turtlebot3_gazebo//launch/empty_world.launch.py
[138.302s] -- Installing: /home/lorena/my_ros2_ws/install/turtlebot3_gazebo/share/turtlebot3_gazebo//launch/turtlebot3_house.launch.py
[138.303s] -- Installing: /home/lorena/my_ros2_ws/install/turtlebot3_gazebo/share/turtlebot3_gazebo//launch/robot_state_publisher.launch.py
[138.303s] -- Installing: /home/lorena/my_ros2_ws/install/turtlebot3_gazebo/share/turtlebot3_gazebo//launch/turtlebot3_dqn_stage3.launch.py
[138.303s] -- Installing: /home/lorena/my_ros2_ws/install/turtlebot3_gazebo/share/turtlebot3_gazebo//models
[138.303s] -- Installing: /home/lorena/my_ros2_ws/install/turtlebot3_gazebo/share/turtlebot3_gazebo//models/turtlebot3_house
[138.303s] -- Installing: /home/lorena/my_ros2_ws/install/turtlebot3_gazebo/share/turtlebot3_gazebo//models/turtlebot3_house/model.config
[138.303s] -- Installing: /home/lorena/my_ros2_ws/install/turtlebot3_gazebo/share/turtlebot3_gazebo//models/turtlebot3_house/model.sdf
[138.304s] -- Installing: /home/lorena/my_ros2_ws/install/turtlebot3_gazebo/share/turtlebot3_gazebo//models/turtlebot3_waffle_pi
[138.304s] -- Installing: /home/lorena/my_ros2_ws/install/turtlebot3_gazebo/share/turtlebot3_gazebo//models/turtlebot3_waffle_pi/model.config
[138.305s] -- Installing: /home/lorena/my_ros2_ws/install/turtlebot3_gazebo/share/turtlebot3_gazebo//models/turtlebot3_waffle_pi/model-1_4_.sdf
[138.305s] -- Installing: /home/lorena/my_ros2_ws/install/turtlebot3_gazebo/share/turtlebot3_gazebo//models/turtlebot3_waffle_pi/model.sdf
[138.305s] -- Installing: /home/lorena/my_ros2_ws/install/turtlebot3_gazebo/share/turtlebot3_gazebo//models/turtlebot3_waffle_pi/meshes
[138.305s] -- Installing: /home/lorena/my_ros2_ws/install/turtlebot3_gazebo/share/turtlebot3_gazebo//models/turtlebot3_waffle_pi/meshes/lds.dae
[138.305s] -- Installing: /home/lorena/my_ros2_ws/install/turtlebot3_gazebo/share/turtlebot3_gazebo//models/turtlebot3_waffle_pi/meshes/tire.dae
[138.306s] -- Installing: /home/lorena/my_ros2_ws/install/turtlebot3_gazebo/share/turtlebot3_gazebo//models/turtlebot3_waffle_pi/meshes/waffle_pi_base.dae
[138.306s] -- Installing: /home/lorena/my_ros2_ws/install/turtlebot3_gazebo/share/turtlebot3_gazebo//models/turtlebot3_autorace
[138.306s] -- Installing: /home/lorena/my_ros2_ws/install/turtlebot3_gazebo/share/turtlebot3_gazebo//models/turtlebot3_autorace/traffic_light_red
[138.306s] -- Installing: /home/lorena/my_ros2_ws/install/turtlebot3_gazebo/share/turtlebot3_gazebo//models/turtlebot3_autorace/traffic_light_red/model.config
[138.306s] -- Installing: /home/lorena/my_ros2_ws/install/turtlebot3_gazebo/share/turtlebot3_gazebo//models/turtlebot3_autorace/traffic_light_red/model.sdf
[138.307s] -- Installing: /home/lorena/my_ros2_ws/install/turtlebot3_gazebo/share/turtlebot3_gazebo//models/turtlebot3_autorace/traffic_bar_up
[138.307s] -- Installing: /home/lorena/my_ros2_ws/install/turtlebot3_gazebo/share/turtlebot3_gazebo//models/turtlebot3_autorace/traffic_bar_up/model.config
[138.307s] -- Installing: /home/lorena/my_ros2_ws/install/turtlebot3_gazebo/share/turtlebot3_gazebo//models/turtlebot3_autorace/traffic_bar_up/model.sdf
[138.307s] -- Installing: /home/lorena/my_ros2_ws/install/turtlebot3_gazebo/share/turtlebot3_gazebo//models/turtlebot3_autorace/traffic_bar_up/materials
[138.307s] -- Installing: /home/lorena/my_ros2_ws/install/turtlebot3_gazebo/share/turtlebot3_gazebo//models/turtlebot3_autorace/traffic_bar_up/materials/textures
[138.308s] -- Installing: /home/lorena/my_ros2_ws/install/turtlebot3_gazebo/share/turtlebot3_gazebo//models/turtlebot3_autorace/traffic_bar_up/materials/textures/traffic_bar.png
[138.308s] -- Installing: /home/lorena/my_ros2_ws/install/turtlebot3_gazebo/share/turtlebot3_gazebo//models/turtlebot3_autorace/traffic_bar_up/materials/scripts
[138.308s] -- Installing: /home/lorena/my_ros2_ws/install/turtlebot3_gazebo/share/turtlebot3_gazebo//models/turtlebot3_autorace/traffic_bar_up/materials/scripts/traffic_bar.material
[138.308s] -- Installing: /home/lorena/my_ros2_ws/install/turtlebot3_gazebo/share/turtlebot3_gazebo//models/turtlebot3_autorace/model.config
[138.308s] -- Installing: /home/lorena/my_ros2_ws/install/turtlebot3_gazebo/share/turtlebot3_gazebo//models/turtlebot3_autorace/traffic_light_yellow
[138.308s] -- Installing: /home/lorena/my_ros2_ws/install/turtlebot3_gazebo/share/turtlebot3_gazebo//models/turtlebot3_autorace/traffic_light_yellow/model.config
[138.309s] -- Installing: /home/lorena/my_ros2_ws/install/turtlebot3_gazebo/share/turtlebot3_gazebo//models/turtlebot3_autorace/traffic_light_yellow/model.sdf
[138.309s] -- Installing: /home/lorena/my_ros2_ws/install/turtlebot3_gazebo/share/turtlebot3_gazebo//models/turtlebot3_autorace/course
[138.309s] -- Installing: /home/lorena/my_ros2_ws/install/turtlebot3_gazebo/share/turtlebot3_gazebo//models/turtlebot3_autorace/course/model.config
[138.309s] -- Installing: /home/lorena/my_ros2_ws/install/turtlebot3_gazebo/share/turtlebot3_gazebo//models/turtlebot3_autorace/course/model.sdf
[138.309s] -- Installing: /home/lorena/my_ros2_ws/install/turtlebot3_gazebo/share/turtlebot3_gazebo//models/turtlebot3_autorace/course/materials
[138.310s] -- Installing: /home/lorena/my_ros2_ws/install/turtlebot3_gazebo/share/turtlebot3_gazebo//models/turtlebot3_autorace/course/materials/textures
[138.310s] -- Installing: /home/lorena/my_ros2_ws/install/turtlebot3_gazebo/share/turtlebot3_gazebo//models/turtlebot3_autorace/course/materials/textures/course.png
[138.311s] -- Installing: /home/lorena/my_ros2_ws/install/turtlebot3_gazebo/share/turtlebot3_gazebo//models/turtlebot3_autorace/course/materials/scripts
[138.311s] -- Installing: /home/lorena/my_ros2_ws/install/turtlebot3_gazebo/share/turtlebot3_gazebo//models/turtlebot3_autorace/course/materials/scripts/course.material
[138.311s] -- Installing: /home/lorena/my_ros2_ws/install/turtlebot3_gazebo/share/turtlebot3_gazebo//models/turtlebot3_autorace/tunnel_obstacles
[138.311s] -- Installing: /home/lorena/my_ros2_ws/install/turtlebot3_gazebo/share/turtlebot3_gazebo//models/turtlebot3_autorace/tunnel_obstacles/model.config
[138.311s] -- Installing: /home/lorena/my_ros2_ws/install/turtlebot3_gazebo/share/turtlebot3_gazebo//models/turtlebot3_autorace/tunnel_obstacles/model.sdf
[138.311s] -- Installing: /home/lorena/my_ros2_ws/install/turtlebot3_gazebo/share/turtlebot3_gazebo//models/turtlebot3_autorace/lights
[138.312s] -- Installing: /home/lorena/my_ros2_ws/install/turtlebot3_gazebo/share/turtlebot3_gazebo//models/turtlebot3_autorace/lights/model.config
[138.312s] -- Installing: /home/lorena/my_ros2_ws/install/turtlebot3_gazebo/share/turtlebot3_gazebo//models/turtlebot3_autorace/lights/model.sdf
[138.312s] -- Installing: /home/lorena/my_ros2_ws/install/turtlebot3_gazebo/share/turtlebot3_gazebo//models/turtlebot3_autorace/traffic_tunnel
[138.312s] -- Installing: /home/lorena/my_ros2_ws/install/turtlebot3_gazebo/share/turtlebot3_gazebo//models/turtlebot3_autorace/traffic_tunnel/model.config
[138.312s] -- Installing: /home/lorena/my_ros2_ws/install/turtlebot3_gazebo/share/turtlebot3_gazebo//models/turtlebot3_autorace/traffic_tunnel/model.sdf
[138.312s] -- Installing: /home/lorena/my_ros2_ws/install/turtlebot3_gazebo/share/turtlebot3_gazebo//models/turtlebot3_autorace/traffic_tunnel/materials
[138.312s] -- Installing: /home/lorena/my_ros2_ws/install/turtlebot3_gazebo/share/turtlebot3_gazebo//models/turtlebot3_autorace/traffic_tunnel/materials/textures
[138.313s] -- Installing: /home/lorena/my_ros2_ws/install/turtlebot3_gazebo/share/turtlebot3_gazebo//models/turtlebot3_autorace/traffic_tunnel/materials/textures/tunnel.png
[138.313s] -- Installing: /home/lorena/my_ros2_ws/install/turtlebot3_gazebo/share/turtlebot3_gazebo//models/turtlebot3_autorace/traffic_tunnel/materials/scripts
[138.313s] -- Installing: /home/lorena/my_ros2_ws/install/turtlebot3_gazebo/share/turtlebot3_gazebo//models/turtlebot3_autorace/traffic_tunnel/materials/scripts/tunnel.material
[138.313s] -- Installing: /home/lorena/my_ros2_ws/install/turtlebot3_gazebo/share/turtlebot3_gazebo//models/turtlebot3_autorace/traffic_light_green
[138.313s] -- Installing: /home/lorena/my_ros2_ws/install/turtlebot3_gazebo/share/turtlebot3_gazebo//models/turtlebot3_autorace/traffic_light_green/model.config
[138.314s] -- Installing: /home/lorena/my_ros2_ws/install/turtlebot3_gazebo/share/turtlebot3_gazebo//models/turtlebot3_autorace/traffic_light_green/model.sdf
[138.314s] -- Installing: /home/lorena/my_ros2_ws/install/turtlebot3_gazebo/share/turtlebot3_gazebo//models/turtlebot3_autorace/traffic_parking
[138.314s] -- Installing: /home/lorena/my_ros2_ws/install/turtlebot3_gazebo/share/turtlebot3_gazebo//models/turtlebot3_autorace/traffic_parking/model.config
[138.314s] -- Installing: /home/lorena/my_ros2_ws/install/turtlebot3_gazebo/share/turtlebot3_gazebo//models/turtlebot3_autorace/traffic_parking/model.sdf
[138.314s] -- Installing: /home/lorena/my_ros2_ws/install/turtlebot3_gazebo/share/turtlebot3_gazebo//models/turtlebot3_autorace/traffic_parking/materials
[138.315s] -- Installing: /home/lorena/my_ros2_ws/install/turtlebot3_gazebo/share/turtlebot3_gazebo//models/turtlebot3_autorace/traffic_parking/materials/textures
[138.315s] -- Installing: /home/lorena/my_ros2_ws/install/turtlebot3_gazebo/share/turtlebot3_gazebo//models/turtlebot3_autorace/traffic_parking/materials/textures/traffic_parking.png
[138.315s] -- Installing: /home/lorena/my_ros2_ws/install/turtlebot3_gazebo/share/turtlebot3_gazebo//models/turtlebot3_autorace/traffic_parking/materials/scripts
[138.316s] -- Installing: /home/lorena/my_ros2_ws/install/turtlebot3_gazebo/share/turtlebot3_gazebo//models/turtlebot3_autorace/traffic_parking/materials/scripts/traffic_parking.material
[138.316s] -- Installing: /home/lorena/my_ros2_ws/install/turtlebot3_gazebo/share/turtlebot3_gazebo//models/turtlebot3_autorace/traffic_bar_down
[138.316s] -- Installing: /home/lorena/my_ros2_ws/install/turtlebot3_gazebo/share/turtlebot3_gazebo//models/turtlebot3_autorace/traffic_bar_down/model.config
[138.316s] -- Installing: /home/lorena/my_ros2_ws/install/turtlebot3_gazebo/share/turtlebot3_gazebo//models/turtlebot3_autorace/traffic_bar_down/model.sdf
[138.316s] -- Installing: /home/lorena/my_ros2_ws/install/turtlebot3_gazebo/share/turtlebot3_gazebo//models/turtlebot3_autorace/traffic_bar_down/materials
[138.316s] -- Installing: /home/lorena/my_ros2_ws/install/turtlebot3_gazebo/share/turtlebot3_gazebo//models/turtlebot3_autorace/traffic_bar_down/materials/textures
[138.316s] -- Installing: /home/lorena/my_ros2_ws/install/turtlebot3_gazebo/share/turtlebot3_gazebo//models/turtlebot3_autorace/traffic_bar_down/materials/textures/traffic_bar.png
[138.317s] -- Installing: /home/lorena/my_ros2_ws/install/turtlebot3_gazebo/share/turtlebot3_gazebo//models/turtlebot3_autorace/traffic_bar_down/materials/scripts
[138.317s] -- Installing: /home/lorena/my_ros2_ws/install/turtlebot3_gazebo/share/turtlebot3_gazebo//models/turtlebot3_autorace/traffic_bar_down/materials/scripts/traffic_bar.material
[138.317s] -- Installing: /home/lorena/my_ros2_ws/install/turtlebot3_gazebo/share/turtlebot3_gazebo//models/turtlebot3_autorace/ground
[138.317s] -- Installing: /home/lorena/my_ros2_ws/install/turtlebot3_gazebo/share/turtlebot3_gazebo//models/turtlebot3_autorace/ground/model.config
[138.317s] -- Installing: /home/lorena/my_ros2_ws/install/turtlebot3_gazebo/share/turtlebot3_gazebo//models/turtlebot3_autorace/ground/model.sdf
[138.318s] -- Installing: /home/lorena/my_ros2_ws/install/turtlebot3_gazebo/share/turtlebot3_gazebo//models/turtlebot3_autorace/traffic_stop
[138.318s] -- Installing: /home/lorena/my_ros2_ws/install/turtlebot3_gazebo/share/turtlebot3_gazebo//models/turtlebot3_autorace/traffic_stop/model.config
[138.318s] -- Installing: /home/lorena/my_ros2_ws/install/turtlebot3_gazebo/share/turtlebot3_gazebo//models/turtlebot3_autorace/traffic_stop/model.sdf
[138.318s] -- Installing: /home/lorena/my_ros2_ws/install/turtlebot3_gazebo/share/turtlebot3_gazebo//models/turtlebot3_autorace/traffic_stop/materials
[138.318s] -- Installing: /home/lorena/my_ros2_ws/install/turtlebot3_gazebo/share/turtlebot3_gazebo//models/turtlebot3_autorace/traffic_stop/materials/textures
[138.319s] -- Installing: /home/lorena/my_ros2_ws/install/turtlebot3_gazebo/share/turtlebot3_gazebo//models/turtlebot3_autorace/traffic_stop/materials/textures/traffic_stop.png
[138.319s] -- Installing: /home/lorena/my_ros2_ws/install/turtlebot3_gazebo/share/turtlebot3_gazebo//models/turtlebot3_autorace/traffic_stop/materials/scripts
[138.319s] -- Installing: /home/lorena/my_ros2_ws/install/turtlebot3_gazebo/share/turtlebot3_gazebo//models/turtlebot3_autorace/traffic_stop/materials/scripts/traffic_stop.material
[138.319s] -- Installing: /home/lorena/my_ros2_ws/install/turtlebot3_gazebo/share/turtlebot3_gazebo//models/turtlebot3_autorace/tunnel_wall
[138.319s] -- Installing: /home/lorena/my_ros2_ws/install/turtlebot3_gazebo/share/turtlebot3_gazebo//models/turtlebot3_autorace/tunnel_wall/model.config
[138.320s] -- Installing: /home/lorena/my_ros2_ws/install/turtlebot3_gazebo/share/turtlebot3_gazebo//models/turtlebot3_autorace/tunnel_wall/model.sdf
[138.320s] -- Installing: /home/lorena/my_ros2_ws/install/turtlebot3_gazebo/share/turtlebot3_gazebo//models/turtlebot3_world
[138.320s] -- Installing: /home/lorena/my_ros2_ws/install/turtlebot3_gazebo/share/turtlebot3_gazebo//models/turtlebot3_world/model.config
[138.320s] -- Installing: /home/lorena/my_ros2_ws/install/turtlebot3_gazebo/share/turtlebot3_gazebo//models/turtlebot3_world/model.sdf
[138.320s] -- Installing: /home/lorena/my_ros2_ws/install/turtlebot3_gazebo/share/turtlebot3_gazebo//models/turtlebot3_world/model-1_4.sdf
[138.320s] -- Installing: /home/lorena/my_ros2_ws/install/turtlebot3_gazebo/share/turtlebot3_gazebo//models/turtlebot3_world/meshes
[138.321s] -- Installing: /home/lorena/my_ros2_ws/install/turtlebot3_gazebo/share/turtlebot3_gazebo//models/turtlebot3_world/meshes/hexagon.dae
[138.321s] -- Installing: /home/lorena/my_ros2_ws/install/turtlebot3_gazebo/share/turtlebot3_gazebo//models/turtlebot3_world/meshes/wall.dae
[138.321s] -- Installing: /home/lorena/my_ros2_ws/install/turtlebot3_gazebo/share/turtlebot3_gazebo//models/turtlebot3_waffle
[138.321s] -- Installing: /home/lorena/my_ros2_ws/install/turtlebot3_gazebo/share/turtlebot3_gazebo//models/turtlebot3_waffle/model.config
[138.321s] -- Installing: /home/lorena/my_ros2_ws/install/turtlebot3_gazebo/share/turtlebot3_gazebo//models/turtlebot3_waffle/model.sdf
[138.321s] -- Installing: /home/lorena/my_ros2_ws/install/turtlebot3_gazebo/share/turtlebot3_gazebo//models/turtlebot3_waffle/model-1_4.sdf
[138.322s] -- Installing: /home/lorena/my_ros2_ws/install/turtlebot3_gazebo/share/turtlebot3_gazebo//models/turtlebot3_waffle/meshes
[138.322s] -- Installing: /home/lorena/my_ros2_ws/install/turtlebot3_gazebo/share/turtlebot3_gazebo//models/turtlebot3_waffle/meshes/waffle_base.dae
[138.322s] -- Installing: /home/lorena/my_ros2_ws/install/turtlebot3_gazebo/share/turtlebot3_gazebo//models/turtlebot3_waffle/meshes/lds.dae
[138.322s] -- Installing: /home/lorena/my_ros2_ws/install/turtlebot3_gazebo/share/turtlebot3_gazebo//models/turtlebot3_waffle/meshes/tire.dae
[138.323s] -- Installing: /home/lorena/my_ros2_ws/install/turtlebot3_gazebo/share/turtlebot3_gazebo//models/turtlebot3_waffle/meshes/r200.dae
[138.323s] -- Installing: /home/lorena/my_ros2_ws/install/turtlebot3_gazebo/share/turtlebot3_gazebo//models/turtlebot3_dqn_world
[138.324s] -- Installing: /home/lorena/my_ros2_ws/install/turtlebot3_gazebo/share/turtlebot3_gazebo//models/turtlebot3_dqn_world/obstacle1
[138.324s] -- Installing: /home/lorena/my_ros2_ws/install/turtlebot3_gazebo/share/turtlebot3_gazebo//models/turtlebot3_dqn_world/obstacle1/model.config
[138.324s] -- Installing: /home/lorena/my_ros2_ws/install/turtlebot3_gazebo/share/turtlebot3_gazebo//models/turtlebot3_dqn_world/obstacle1/model.sdf
[138.324s] -- Installing: /home/lorena/my_ros2_ws/install/turtlebot3_gazebo/share/turtlebot3_gazebo//models/turtlebot3_dqn_world/model.config
[138.324s] -- Installing: /home/lorena/my_ros2_ws/install/turtlebot3_gazebo/share/turtlebot3_gazebo//models/turtlebot3_dqn_world/obstacle2
[138.324s] -- Installing: /home/lorena/my_ros2_ws/install/turtlebot3_gazebo/share/turtlebot3_gazebo//models/turtlebot3_dqn_world/obstacle2/model.config
[138.325s] -- Installing: /home/lorena/my_ros2_ws/install/turtlebot3_gazebo/share/turtlebot3_gazebo//models/turtlebot3_dqn_world/obstacle2/model.sdf
[138.325s] -- Installing: /home/lorena/my_ros2_ws/install/turtlebot3_gazebo/share/turtlebot3_gazebo//models/turtlebot3_dqn_world/goal_box
[138.325s] -- Installing: /home/lorena/my_ros2_ws/install/turtlebot3_gazebo/share/turtlebot3_gazebo//models/turtlebot3_dqn_world/goal_box/model.config
[138.325s] -- Installing: /home/lorena/my_ros2_ws/install/turtlebot3_gazebo/share/turtlebot3_gazebo//models/turtlebot3_dqn_world/goal_box/model.sdf
[138.325s] -- Installing: /home/lorena/my_ros2_ws/install/turtlebot3_gazebo/share/turtlebot3_gazebo//models/turtlebot3_dqn_world/model.sdf
[138.325s] -- Installing: /home/lorena/my_ros2_ws/install/turtlebot3_gazebo/share/turtlebot3_gazebo//models/turtlebot3_dqn_world/obstacles
[138.326s] -- Installing: /home/lorena/my_ros2_ws/install/turtlebot3_gazebo/share/turtlebot3_gazebo//models/turtlebot3_dqn_world/obstacles/model.config
[138.326s] -- Installing: /home/lorena/my_ros2_ws/install/turtlebot3_gazebo/share/turtlebot3_gazebo//models/turtlebot3_dqn_world/obstacles/model.sdf
[138.326s] -- Installing: /home/lorena/my_ros2_ws/install/turtlebot3_gazebo/share/turtlebot3_gazebo//models/turtlebot3_dqn_world/obstacle_plugin
[138.326s] -- Installing: /home/lorena/my_ros2_ws/install/turtlebot3_gazebo/share/turtlebot3_gazebo//models/turtlebot3_dqn_world/obstacle_plugin/obstacle1.cc
[138.326s] -- Installing: /home/lorena/my_ros2_ws/install/turtlebot3_gazebo/share/turtlebot3_gazebo//models/turtlebot3_dqn_world/obstacle_plugin/obstacles.cc
[138.326s] -- Installing: /home/lorena/my_ros2_ws/install/turtlebot3_gazebo/share/turtlebot3_gazebo//models/turtlebot3_dqn_world/obstacle_plugin/CMakeLists.txt
[138.326s] -- Installing: /home/lorena/my_ros2_ws/install/turtlebot3_gazebo/share/turtlebot3_gazebo//models/turtlebot3_dqn_world/obstacle_plugin/obstacle2.cc
[138.327s] -- Installing: /home/lorena/my_ros2_ws/install/turtlebot3_gazebo/share/turtlebot3_gazebo//models/turtlebot3_dqn_world/inner_walls
[138.327s] -- Installing: /home/lorena/my_ros2_ws/install/turtlebot3_gazebo/share/turtlebot3_gazebo//models/turtlebot3_dqn_world/inner_walls/model.config
[138.327s] -- Installing: /home/lorena/my_ros2_ws/install/turtlebot3_gazebo/share/turtlebot3_gazebo//models/turtlebot3_dqn_world/inner_walls/model.sdf
[138.327s] -- Installing: /home/lorena/my_ros2_ws/install/turtlebot3_gazebo/share/turtlebot3_gazebo//models/turtlebot3_burger
[138.327s] -- Installing: /home/lorena/my_ros2_ws/install/turtlebot3_gazebo/share/turtlebot3_gazebo//models/turtlebot3_burger/model.config
[138.327s] -- Installing: /home/lorena/my_ros2_ws/install/turtlebot3_gazebo/share/turtlebot3_gazebo//models/turtlebot3_burger/model.sdf
[138.328s] -- Installing: /home/lorena/my_ros2_ws/install/turtlebot3_gazebo/share/turtlebot3_gazebo//models/turtlebot3_burger/model-1_4.sdf
[138.328s] -- Installing: /home/lorena/my_ros2_ws/install/turtlebot3_gazebo/share/turtlebot3_gazebo//models/turtlebot3_burger/meshes
[138.328s] -- Installing: /home/lorena/my_ros2_ws/install/turtlebot3_gazebo/share/turtlebot3_gazebo//models/turtlebot3_burger/meshes/lds.dae
[138.328s] -- Installing: /home/lorena/my_ros2_ws/install/turtlebot3_gazebo/share/turtlebot3_gazebo//models/turtlebot3_burger/meshes/tire.dae
[138.329s] -- Installing: /home/lorena/my_ros2_ws/install/turtlebot3_gazebo/share/turtlebot3_gazebo//models/turtlebot3_burger/meshes/burger_base.dae
[138.329s] -- Installing: /home/lorena/my_ros2_ws/install/turtlebot3_gazebo/share/turtlebot3_gazebo//rviz
[138.329s] -- Installing: /home/lorena/my_ros2_ws/install/turtlebot3_gazebo/share/turtlebot3_gazebo//rviz/tb3_gazebo.rviz
[138.329s] -- Installing: /home/lorena/my_ros2_ws/install/turtlebot3_gazebo/share/turtlebot3_gazebo//worlds
[138.329s] -- Installing: /home/lorena/my_ros2_ws/install/turtlebot3_gazebo/share/turtlebot3_gazebo//worlds/turtlebot3_dqn_stage3
[138.330s] -- Installing: /home/lorena/my_ros2_ws/install/turtlebot3_gazebo/share/turtlebot3_gazebo//worlds/turtlebot3_dqn_stage3/waffle.model
[138.330s] -- Installing: /home/lorena/my_ros2_ws/install/turtlebot3_gazebo/share/turtlebot3_gazebo//worlds/turtlebot3_dqn_stage3/burger.model
[138.330s] -- Installing: /home/lorena/my_ros2_ws/install/turtlebot3_gazebo/share/turtlebot3_gazebo//worlds/turtlebot3_dqn_stage3/waffle_pi.model
[138.330s] -- Installing: /home/lorena/my_ros2_ws/install/turtlebot3_gazebo/share/turtlebot3_gazebo//worlds/turtlebot3_dqn_stage1
[138.330s] -- Installing: /home/lorena/my_ros2_ws/install/turtlebot3_gazebo/share/turtlebot3_gazebo//worlds/turtlebot3_dqn_stage1/waffle.model
[138.330s] -- Installing: /home/lorena/my_ros2_ws/install/turtlebot3_gazebo/share/turtlebot3_gazebo//worlds/turtlebot3_dqn_stage1/burger.model
[138.331s] -- Installing: /home/lorena/my_ros2_ws/install/turtlebot3_gazebo/share/turtlebot3_gazebo//worlds/turtlebot3_dqn_stage1/waffle_pi.model
[138.331s] -- Installing: /home/lorena/my_ros2_ws/install/turtlebot3_gazebo/share/turtlebot3_gazebo//worlds/turtlebot3_worlds
[138.331s] -- Installing: /home/lorena/my_ros2_ws/install/turtlebot3_gazebo/share/turtlebot3_gazebo//worlds/turtlebot3_worlds/waffle.model
[138.331s] -- Installing: /home/lorena/my_ros2_ws/install/turtlebot3_gazebo/share/turtlebot3_gazebo//worlds/turtlebot3_worlds/burger.model
[138.331s] -- Installing: /home/lorena/my_ros2_ws/install/turtlebot3_gazebo/share/turtlebot3_gazebo//worlds/turtlebot3_worlds/waffle_pi.model
[138.332s] -- Installing: /home/lorena/my_ros2_ws/install/turtlebot3_gazebo/share/turtlebot3_gazebo//worlds/turtlebot3_houses
[138.332s] -- Installing: /home/lorena/my_ros2_ws/install/turtlebot3_gazebo/share/turtlebot3_gazebo//worlds/turtlebot3_houses/waffle.model
[138.332s] -- Installing: /home/lorena/my_ros2_ws/install/turtlebot3_gazebo/share/turtlebot3_gazebo//worlds/turtlebot3_houses/burger.model
[138.332s] -- Installing: /home/lorena/my_ros2_ws/install/turtlebot3_gazebo/share/turtlebot3_gazebo//worlds/turtlebot3_houses/waffle_pi.model
[138.332s] -- Installing: /home/lorena/my_ros2_ws/install/turtlebot3_gazebo/share/turtlebot3_gazebo//worlds/empty_worlds
[138.332s] -- Installing: /home/lorena/my_ros2_ws/install/turtlebot3_gazebo/share/turtlebot3_gazebo//worlds/empty_worlds/waffle.model
[138.333s] -- Installing: /home/lorena/my_ros2_ws/install/turtlebot3_gazebo/share/turtlebot3_gazebo//worlds/empty_worlds/burger.model
[138.333s] -- Installing: /home/lorena/my_ros2_ws/install/turtlebot3_gazebo/share/turtlebot3_gazebo//worlds/empty_worlds/waffle_pi.model
[138.333s] -- Installing: /home/lorena/my_ros2_ws/install/turtlebot3_gazebo/share/turtlebot3_gazebo//worlds/turtlebot3_autoraces
[138.333s] -- Installing: /home/lorena/my_ros2_ws/install/turtlebot3_gazebo/share/turtlebot3_gazebo//worlds/turtlebot3_autoraces/waffle.model
[138.334s] -- Installing: /home/lorena/my_ros2_ws/install/turtlebot3_gazebo/share/turtlebot3_gazebo//worlds/turtlebot3_autoraces/burger.model
[138.334s] -- Installing: /home/lorena/my_ros2_ws/install/turtlebot3_gazebo/share/turtlebot3_gazebo//worlds/turtlebot3_autoraces/waffle_pi.model
[138.334s] -- Installing: /home/lorena/my_ros2_ws/install/turtlebot3_gazebo/share/turtlebot3_gazebo//worlds/turtlebot3_dqn_stage4
[138.334s] -- Installing: /home/lorena/my_ros2_ws/install/turtlebot3_gazebo/share/turtlebot3_gazebo//worlds/turtlebot3_dqn_stage4/waffle.model
[138.334s] -- Installing: /home/lorena/my_ros2_ws/install/turtlebot3_gazebo/share/turtlebot3_gazebo//worlds/turtlebot3_dqn_stage4/burger.model
[138.335s] -- Installing: /home/lorena/my_ros2_ws/install/turtlebot3_gazebo/share/turtlebot3_gazebo//worlds/turtlebot3_dqn_stage4/waffle_pi.model
[138.335s] -- Installing: /home/lorena/my_ros2_ws/install/turtlebot3_gazebo/share/turtlebot3_gazebo//worlds/turtlebot3_dqn_stage2
[138.335s] -- Installing: /home/lorena/my_ros2_ws/install/turtlebot3_gazebo/share/turtlebot3_gazebo//worlds/turtlebot3_dqn_stage2/waffle.model
[138.335s] -- Installing: /home/lorena/my_ros2_ws/install/turtlebot3_gazebo/share/turtlebot3_gazebo//worlds/turtlebot3_dqn_stage2/burger.model
[138.335s] -- Installing: /home/lorena/my_ros2_ws/install/turtlebot3_gazebo/share/turtlebot3_gazebo//worlds/turtlebot3_dqn_stage2/waffle_pi.model
[138.335s] -- Installing: /home/lorena/my_ros2_ws/install/turtlebot3_gazebo/include/
[138.336s] -- Installing: /home/lorena/my_ros2_ws/install/turtlebot3_gazebo/include//turtlebot3_gazebo
[138.336s] -- Installing: /home/lorena/my_ros2_ws/install/turtlebot3_gazebo/include//turtlebot3_gazebo/turtlebot3_drive.hpp
[138.336s] -- Installing: /home/lorena/my_ros2_ws/install/turtlebot3_gazebo/share/ament_index/resource_index/package_run_dependencies/turtlebot3_gazebo
[138.337s] -- Installing: /home/lorena/my_ros2_ws/install/turtlebot3_gazebo/share/ament_index/resource_index/parent_prefix_path/turtlebot3_gazebo
[138.339s] -- Installing: /home/lorena/my_ros2_ws/install/turtlebot3_gazebo/share/turtlebot3_gazebo/environment/ament_prefix_path.sh
[138.339s] -- Installing: /home/lorena/my_ros2_ws/install/turtlebot3_gazebo/share/turtlebot3_gazebo/environment/ament_prefix_path.dsv
[138.339s] -- Installing: /home/lorena/my_ros2_ws/install/turtlebot3_gazebo/share/turtlebot3_gazebo/environment/path.sh
[138.339s] -- Installing: /home/lorena/my_ros2_ws/install/turtlebot3_gazebo/share/turtlebot3_gazebo/environment/path.dsv
[138.340s] -- Installing: /home/lorena/my_ros2_ws/install/turtlebot3_gazebo/share/turtlebot3_gazebo/local_setup.bash
[138.340s] -- Installing: /home/lorena/my_ros2_ws/install/turtlebot3_gazebo/share/turtlebot3_gazebo/local_setup.sh
[138.340s] -- Installing: /home/lorena/my_ros2_ws/install/turtlebot3_gazebo/share/turtlebot3_gazebo/local_setup.zsh
[138.340s] -- Installing: /home/lorena/my_ros2_ws/install/turtlebot3_gazebo/share/turtlebot3_gazebo/local_setup.dsv
[138.340s] -- Installing: /home/lorena/my_ros2_ws/install/turtlebot3_gazebo/share/turtlebot3_gazebo/package.dsv
[138.341s] -- Installing: /home/lorena/my_ros2_ws/install/turtlebot3_gazebo/share/ament_index/resource_index/packages/turtlebot3_gazebo
[138.341s] -- Installing: /home/lorena/my_ros2_ws/install/turtlebot3_gazebo/share/turtlebot3_gazebo/cmake/ament_cmake_export_include_directories-extras.cmake
[138.342s] -- Installing: /home/lorena/my_ros2_ws/install/turtlebot3_gazebo/share/turtlebot3_gazebo/cmake/ament_cmake_export_dependencies-extras.cmake
[138.342s] -- Installing: /home/lorena/my_ros2_ws/install/turtlebot3_gazebo/share/turtlebot3_gazebo/cmake/turtlebot3_gazeboConfig.cmake
[138.342s] -- Installing: /home/lorena/my_ros2_ws/install/turtlebot3_gazebo/share/turtlebot3_gazebo/cmake/turtlebot3_gazeboConfig-version.cmake
[138.342s] -- Installing: /home/lorena/my_ros2_ws/install/turtlebot3_gazebo/share/turtlebot3_gazebo/package.xml
[138.348s] Invoked command in '/home/lorena/my_ros2_ws/build/turtlebot3_gazebo' returned '0': AMENT_PREFIX_PATH=/home/lorena/my_ros2_ws/install/turtlebot3_description:${AMENT_PREFIX_PATH} CMAKE_PREFIX_PATH=/home/lorena/my_ros2_ws/install/turtlebot3_description:/opt/ros/foxy /usr/bin/cmake --install /home/lorena/my_ros2_ws/build/turtlebot3_gazebo
