[1.106s] Invoking command in '/home/lorena/my_ros2_ws/src/control_pkg': PYTHONPATH=/home/lorena/my_ros2_ws/build/control_pkg/prefix_override:/home/lorena/my_ros2_ws/install/control_pkg/lib/python3.8/site-packages:${PYTHONPATH} /usr/bin/python3 setup.py egg_info --egg-base ../../build/control_pkg build --build-base /home/lorena/my_ros2_ws/build/control_pkg/build install --record /home/lorena/my_ros2_ws/build/control_pkg/install.log --install-scripts $base/lib/control_pkg --single-version-externally-managed
[1.386s] running egg_info
[1.387s] creating ../../build/control_pkg/control_pkg.egg-info
[1.387s] writing ../../build/control_pkg/control_pkg.egg-info/PKG-INFO
[1.388s] writing dependency_links to ../../build/control_pkg/control_pkg.egg-info/dependency_links.txt
[1.388s] writing entry points to ../../build/control_pkg/control_pkg.egg-info/entry_points.txt
[1.388s] writing requirements to ../../build/control_pkg/control_pkg.egg-info/requires.txt
[1.388s] writing top-level names to ../../build/control_pkg/control_pkg.egg-info/top_level.txt
[1.389s] writing manifest file '../../build/control_pkg/control_pkg.egg-info/SOURCES.txt'
[1.418s] reading manifest file '../../build/control_pkg/control_pkg.egg-info/SOURCES.txt'
[1.419s] writing manifest file '../../build/control_pkg/control_pkg.egg-info/SOURCES.txt'
[1.419s] running build
[1.419s] running build_py
[1.420s] creating /home/lorena/my_ros2_ws/build/control_pkg/build
[1.420s] creating /home/lorena/my_ros2_ws/build/control_pkg/build/lib
[1.420s] creating /home/lorena/my_ros2_ws/build/control_pkg/build/lib/control_pkg
[1.420s] copying control_pkg/__init__.py -> /home/lorena/my_ros2_ws/build/control_pkg/build/lib/control_pkg
[1.420s] running install
[1.420s] running install_lib
[1.422s] creating /home/lorena/my_ros2_ws/install/control_pkg/lib/python3.8/site-packages/control_pkg
[1.422s] copying /home/lorena/my_ros2_ws/build/control_pkg/build/lib/control_pkg/__init__.py -> /home/lorena/my_ros2_ws/install/control_pkg/lib/python3.8/site-packages/control_pkg
[1.423s] byte-compiling /home/lorena/my_ros2_ws/install/control_pkg/lib/python3.8/site-packages/control_pkg/__init__.py to __init__.cpython-38.pyc
[1.425s] running install_data
[1.426s] creating /home/lorena/my_ros2_ws/install/control_pkg/share/ament_index
[1.426s] creating /home/lorena/my_ros2_ws/install/control_pkg/share/ament_index/resource_index
[1.426s] creating /home/lorena/my_ros2_ws/install/control_pkg/share/ament_index/resource_index/packages
[1.426s] copying resource/control_pkg -> /home/lorena/my_ros2_ws/install/control_pkg/share/ament_index/resource_index/packages
[1.426s] copying package.xml -> /home/lorena/my_ros2_ws/install/control_pkg/share/control_pkg
[1.426s] running install_egg_info
[1.428s] Copying ../../build/control_pkg/control_pkg.egg-info to /home/lorena/my_ros2_ws/install/control_pkg/lib/python3.8/site-packages/control_pkg-0.0.0-py3.8.egg-info
[1.429s] running install_scripts
[1.447s] writing list of installed files to '/home/lorena/my_ros2_ws/build/control_pkg/install.log'
[1.494s] Invoked command in '/home/lorena/my_ros2_ws/src/control_pkg' returned '0': PYTHONPATH=/home/lorena/my_ros2_ws/build/control_pkg/prefix_override:/home/lorena/my_ros2_ws/install/control_pkg/lib/python3.8/site-packages:${PYTHONPATH} /usr/bin/python3 setup.py egg_info --egg-base ../../build/control_pkg build --build-base /home/lorena/my_ros2_ws/build/control_pkg/build install --record /home/lorena/my_ros2_ws/build/control_pkg/install.log --install-scripts $base/lib/control_pkg --single-version-externally-managed
