/home/lorena/my_ros2_ws/install/provant_simulator_launch/lib/python3.8/site-packages/provant_simulator_launch/mytest.py
/home/lorena/my_ros2_ws/install/provant_simulator_launch/lib/python3.8/site-packages/provant_simulator_launch/__init__.py
/home/lorena/my_ros2_ws/install/provant_simulator_launch/lib/python3.8/site-packages/provant_simulator_launch/substitutions/xacro_str.py
/home/lorena/my_ros2_ws/install/provant_simulator_launch/lib/python3.8/site-packages/provant_simulator_launch/substitutions/xacro_file.py
/home/lorena/my_ros2_ws/install/provant_simulator_launch/lib/python3.8/site-packages/provant_simulator_launch/substitutions/yaml_msg_str.py
/home/lorena/my_ros2_ws/install/provant_simulator_launch/lib/python3.8/site-packages/provant_simulator_launch/substitutions/__init__.py
/home/lorena/my_ros2_ws/install/provant_simulator_launch/lib/python3.8/site-packages/provant_simulator_launch/substitutions/jinja_str.py
/home/lorena/my_ros2_ws/install/provant_simulator_launch/lib/python3.8/site-packages/provant_simulator_launch/substitutions/callable.py
/home/lorena/my_ros2_ws/install/provant_simulator_launch/lib/python3.8/site-packages/provant_simulator_launch/substitutions/gazebo_xml.py
/home/lorena/my_ros2_ws/install/provant_simulator_launch/lib/python3.8/site-packages/provant_simulator_launch/substitutions/read_file.py
/home/lorena/my_ros2_ws/install/provant_simulator_launch/lib/python3.8/site-packages/provant_simulator_launch/substitutions/join_substitution.py
/home/lorena/my_ros2_ws/install/provant_simulator_launch/lib/python3.8/site-packages/provant_simulator_launch/substitutions/gazebo_urdf.py
/home/lorena/my_ros2_ws/install/provant_simulator_launch/lib/python3.8/site-packages/provant_simulator_launch/substitutions/jinja_file.py
/home/lorena/my_ros2_ws/install/provant_simulator_launch/lib/python3.8/site-packages/provant_simulator_launch/utils/xml_utils.py
/home/lorena/my_ros2_ws/install/provant_simulator_launch/lib/python3.8/site-packages/provant_simulator_launch/utils/__init__.py
/home/lorena/my_ros2_ws/install/provant_simulator_launch/lib/python3.8/site-packages/provant_simulator_launch/utils/dict_utils.py
/home/lorena/my_ros2_ws/install/provant_simulator_launch/lib/python3.8/site-packages/provant_simulator_launch/actions/execute_in_sequence.py
/home/lorena/my_ros2_ws/install/provant_simulator_launch/lib/python3.8/site-packages/provant_simulator_launch/actions/__init__.py
/home/lorena/my_ros2_ws/install/provant_simulator_launch/lib/python3.8/site-packages/provant_simulator_launch/actions/kill_process.py
/home/lorena/my_ros2_ws/install/provant_simulator_launch/lib/python3.8/site-packages/provant_simulator_launch/__pycache__/mytest.cpython-38.pyc
/home/lorena/my_ros2_ws/install/provant_simulator_launch/lib/python3.8/site-packages/provant_simulator_launch/__pycache__/__init__.cpython-38.pyc
/home/lorena/my_ros2_ws/install/provant_simulator_launch/lib/python3.8/site-packages/provant_simulator_launch/substitutions/__pycache__/xacro_str.cpython-38.pyc
/home/lorena/my_ros2_ws/install/provant_simulator_launch/lib/python3.8/site-packages/provant_simulator_launch/substitutions/__pycache__/xacro_file.cpython-38.pyc
/home/lorena/my_ros2_ws/install/provant_simulator_launch/lib/python3.8/site-packages/provant_simulator_launch/substitutions/__pycache__/yaml_msg_str.cpython-38.pyc
/home/lorena/my_ros2_ws/install/provant_simulator_launch/lib/python3.8/site-packages/provant_simulator_launch/substitutions/__pycache__/__init__.cpython-38.pyc
/home/lorena/my_ros2_ws/install/provant_simulator_launch/lib/python3.8/site-packages/provant_simulator_launch/substitutions/__pycache__/jinja_str.cpython-38.pyc
/home/lorena/my_ros2_ws/install/provant_simulator_launch/lib/python3.8/site-packages/provant_simulator_launch/substitutions/__pycache__/callable.cpython-38.pyc
/home/lorena/my_ros2_ws/install/provant_simulator_launch/lib/python3.8/site-packages/provant_simulator_launch/substitutions/__pycache__/gazebo_xml.cpython-38.pyc
/home/lorena/my_ros2_ws/install/provant_simulator_launch/lib/python3.8/site-packages/provant_simulator_launch/substitutions/__pycache__/read_file.cpython-38.pyc
/home/lorena/my_ros2_ws/install/provant_simulator_launch/lib/python3.8/site-packages/provant_simulator_launch/substitutions/__pycache__/join_substitution.cpython-38.pyc
/home/lorena/my_ros2_ws/install/provant_simulator_launch/lib/python3.8/site-packages/provant_simulator_launch/substitutions/__pycache__/gazebo_urdf.cpython-38.pyc
/home/lorena/my_ros2_ws/install/provant_simulator_launch/lib/python3.8/site-packages/provant_simulator_launch/substitutions/__pycache__/jinja_file.cpython-38.pyc
/home/lorena/my_ros2_ws/install/provant_simulator_launch/lib/python3.8/site-packages/provant_simulator_launch/utils/__pycache__/xml_utils.cpython-38.pyc
/home/lorena/my_ros2_ws/install/provant_simulator_launch/lib/python3.8/site-packages/provant_simulator_launch/utils/__pycache__/__init__.cpython-38.pyc
/home/lorena/my_ros2_ws/install/provant_simulator_launch/lib/python3.8/site-packages/provant_simulator_launch/utils/__pycache__/dict_utils.cpython-38.pyc
/home/lorena/my_ros2_ws/install/provant_simulator_launch/lib/python3.8/site-packages/provant_simulator_launch/actions/__pycache__/execute_in_sequence.cpython-38.pyc
/home/lorena/my_ros2_ws/install/provant_simulator_launch/lib/python3.8/site-packages/provant_simulator_launch/actions/__pycache__/__init__.cpython-38.pyc
/home/lorena/my_ros2_ws/install/provant_simulator_launch/lib/python3.8/site-packages/provant_simulator_launch/actions/__pycache__/kill_process.cpython-38.pyc
/home/lorena/my_ros2_ws/install/provant_simulator_launch/share/ament_index/resource_index/packages/provant_simulator_launch
/home/lorena/my_ros2_ws/install/provant_simulator_launch/share/provant_simulator_launch/package.xml
/home/lorena/my_ros2_ws/install/provant_simulator_launch/share/provant_simulator_launch/launch/gazebo.launch.py
/home/lorena/my_ros2_ws/install/provant_simulator_launch/share/provant_simulator_launch/launch/spawn_urdf_model.launch.py
/home/lorena/my_ros2_ws/install/provant_simulator_launch/share/provant_simulator_launch/launch/control_group.launch.py
/home/lorena/my_ros2_ws/install/provant_simulator_launch/share/provant_simulator_launch/launch/quadrotor_demo.launch.py
/home/lorena/my_ros2_ws/install/provant_simulator_launch/share/provant_simulator_launch/launch/simulation_manager.launch.py
/home/lorena/my_ros2_ws/install/provant_simulator_launch/lib/python3.8/site-packages/provant_simulator_launch-0.1.0-py3.8.egg-info/zip-safe
/home/lorena/my_ros2_ws/install/provant_simulator_launch/lib/python3.8/site-packages/provant_simulator_launch-0.1.0-py3.8.egg-info/PKG-INFO
/home/lorena/my_ros2_ws/install/provant_simulator_launch/lib/python3.8/site-packages/provant_simulator_launch-0.1.0-py3.8.egg-info/entry_points.txt
/home/lorena/my_ros2_ws/install/provant_simulator_launch/lib/python3.8/site-packages/provant_simulator_launch-0.1.0-py3.8.egg-info/SOURCES.txt
/home/lorena/my_ros2_ws/install/provant_simulator_launch/lib/python3.8/site-packages/provant_simulator_launch-0.1.0-py3.8.egg-info/top_level.txt
/home/lorena/my_ros2_ws/install/provant_simulator_launch/lib/python3.8/site-packages/provant_simulator_launch-0.1.0-py3.8.egg-info/requires.txt
/home/lorena/my_ros2_ws/install/provant_simulator_launch/lib/python3.8/site-packages/provant_simulator_launch-0.1.0-py3.8.egg-info/dependency_links.txt
