[0.771s] Invoking command in '/home/lorena/my_ros2_ws/src/turtlebot3/turtlebot3_teleop': PYTHONPATH=/home/lorena/my_ros2_ws/build/turtlebot3_teleop/prefix_override:/home/lorena/my_ros2_ws/install/turtlebot3_teleop/lib/python3.8/site-packages:${PYTHONPATH} /usr/bin/python3 setup.py egg_info --egg-base ../../../build/turtlebot3_teleop build --build-base /home/lorena/my_ros2_ws/build/turtlebot3_teleop/build install --record /home/lorena/my_ros2_ws/build/turtlebot3_teleop/install.log --single-version-externally-managed
[0.919s] running egg_info
[0.919s] writing ../../../build/turtlebot3_teleop/turtlebot3_teleop.egg-info/PKG-INFO
[0.919s] writing dependency_links to ../../../build/turtlebot3_teleop/turtlebot3_teleop.egg-info/dependency_links.txt
[0.920s] writing entry points to ../../../build/turtlebot3_teleop/turtlebot3_teleop.egg-info/entry_points.txt
[0.920s] writing requirements to ../../../build/turtlebot3_teleop/turtlebot3_teleop.egg-info/requires.txt
[0.920s] writing top-level names to ../../../build/turtlebot3_teleop/turtlebot3_teleop.egg-info/top_level.txt
[0.942s] reading manifest file '../../../build/turtlebot3_teleop/turtlebot3_teleop.egg-info/SOURCES.txt'
[0.943s] writing manifest file '../../../build/turtlebot3_teleop/turtlebot3_teleop.egg-info/SOURCES.txt'
[0.943s] running build
[0.943s] running build_py
[0.944s] running install
[0.944s] running install_lib
[0.944s] running install_data
[0.945s] running install_egg_info
[0.946s] removing '/home/lorena/my_ros2_ws/install/turtlebot3_teleop/lib/python3.8/site-packages/turtlebot3_teleop-2.1.4-py3.8.egg-info' (and everything under it)
[0.946s] Copying ../../../build/turtlebot3_teleop/turtlebot3_teleop.egg-info to /home/lorena/my_ros2_ws/install/turtlebot3_teleop/lib/python3.8/site-packages/turtlebot3_teleop-2.1.4-py3.8.egg-info
[0.946s] running install_scripts
[0.959s] Installing teleop_keyboard script to /home/lorena/my_ros2_ws/install/turtlebot3_teleop/lib/turtlebot3_teleop
[0.959s] writing list of installed files to '/home/lorena/my_ros2_ws/build/turtlebot3_teleop/install.log'
[1.002s] Invoked command in '/home/lorena/my_ros2_ws/src/turtlebot3/turtlebot3_teleop' returned '0': PYTHONPATH=/home/lorena/my_ros2_ws/build/turtlebot3_teleop/prefix_override:/home/lorena/my_ros2_ws/install/turtlebot3_teleop/lib/python3.8/site-packages:${PYTHONPATH} /usr/bin/python3 setup.py egg_info --egg-base ../../../build/turtlebot3_teleop build --build-base /home/lorena/my_ros2_ws/build/turtlebot3_teleop/build install --record /home/lorena/my_ros2_ws/build/turtlebot3_teleop/install.log --single-version-externally-managed
