[0.245s] Invoking command in '/home/lorena/my_ros2_ws/build/MYROBOT_description': CMAKE_PREFIX_PATH=/opt/ros/foxy /usr/bin/cmake /home/lorena/my_ros2_ws/src/MYROBOT_description -DCMAKE_INSTALL_PREFIX=/home/lorena/my_ros2_ws/install/MYROBOT_description
[0.511s] -- The C compiler identification is GNU 9.4.0
[0.511s] -- The CXX compiler identification is GNU 9.4.0
[0.511s] -- Check for working C compiler: /usr/bin/cc
[0.511s] -- Check for working C compiler: /usr/bin/cc -- works
[0.511s] -- Detecting C compiler ABI info
[0.512s] -- Detecting C compiler ABI info - done
[0.512s] -- Detecting C compile features
[0.512s] -- Detecting C compile features - done
[0.514s] -- Check for working CXX compiler: /usr/bin/c++
[0.607s] -- Check for working CXX compiler: /usr/bin/c++ -- works
[0.608s] -- Detecting CXX compiler ABI info
[0.682s] -- Detecting CXX compiler ABI info - done
[0.696s] -- Detecting CXX compile features
[0.697s] -- Detecting CXX compile features - done
[0.699s] -- Found ament_cmake: 0.9.11 (/opt/ros/foxy/share/ament_cmake/cmake)
[0.722s] -- Found PythonInterp: /usr/bin/python3 (found suitable version "3.8.10", minimum required is "3") 
[0.722s] -- Using PYTHON_EXECUTABLE: /usr/bin/python3
[1.036s] -- Found ament_lint_auto: 0.9.7 (/opt/ros/foxy/share/ament_lint_auto/cmake)
[1.108s] WARNING: Package name "MYROBOT_description" does not follow the naming conventions. It should start with a lower case letter and only contain lower case letters, digits, underscores, and dashes.
[1.144s] -- Added test 'copyright' to check source files copyright and LICENSE
[1.144s] -- Added test 'lint_cmake' to check CMake code style
[1.144s] -- Added test 'xmllint' to check XML markup files
[1.146s] -- Configuring done
[1.149s] -- Generating done
[1.150s] -- Build files have been written to: /home/lorena/my_ros2_ws/build/MYROBOT_description
[1.194s] Invoked command in '/home/lorena/my_ros2_ws/build/MYROBOT_description' returned '0': CMAKE_PREFIX_PATH=/opt/ros/foxy /usr/bin/cmake /home/lorena/my_ros2_ws/src/MYROBOT_description -DCMAKE_INSTALL_PREFIX=/home/lorena/my_ros2_ws/install/MYROBOT_description
[1.195s] Invoking command in '/home/lorena/my_ros2_ws/build/MYROBOT_description': CMAKE_PREFIX_PATH=/opt/ros/foxy /usr/bin/cmake --build /home/lorena/my_ros2_ws/build/MYROBOT_description -- -j12 -l12
[1.259s] Invoked command in '/home/lorena/my_ros2_ws/build/MYROBOT_description' returned '0': CMAKE_PREFIX_PATH=/opt/ros/foxy /usr/bin/cmake --build /home/lorena/my_ros2_ws/build/MYROBOT_description -- -j12 -l12
[1.288s] Invoking command in '/home/lorena/my_ros2_ws/build/MYROBOT_description': CMAKE_PREFIX_PATH=/opt/ros/foxy /usr/bin/cmake --install /home/lorena/my_ros2_ws/build/MYROBOT_description
[1.305s] -- Install configuration: ""
[1.305s] -- Installing: /home/lorena/my_ros2_ws/install/MYROBOT_description/share/MYROBOT_description/urdf
[1.305s] -- Installing: /home/lorena/my_ros2_ws/install/MYROBOT_description/share/MYROBOT_description/urdf/.vscode
[1.306s] -- Installing: /home/lorena/my_ros2_ws/install/MYROBOT_description/share/MYROBOT_description/urdf/.vscode/c_cpp_properties.json
[1.306s] -- Installing: /home/lorena/my_ros2_ws/install/MYROBOT_description/share/MYROBOT_description/urdf/.vscode/settings.json
[1.306s] -- Installing: /home/lorena/my_ros2_ws/install/MYROBOT_description/share/MYROBOT_description/urdf/MYROBOT.urdf
[1.306s] -- Installing: /home/lorena/my_ros2_ws/install/MYROBOT_description/share/MYROBOT_description/model.config
[1.306s] -- Installing: /home/lorena/my_ros2_ws/install/MYROBOT_description/share/ament_index/resource_index/package_run_dependencies/MYROBOT_description
[1.306s] -- Installing: /home/lorena/my_ros2_ws/install/MYROBOT_description/share/ament_index/resource_index/parent_prefix_path/MYROBOT_description
[1.306s] -- Installing: /home/lorena/my_ros2_ws/install/MYROBOT_description/share/MYROBOT_description/environment/ament_prefix_path.sh
[1.307s] -- Installing: /home/lorena/my_ros2_ws/install/MYROBOT_description/share/MYROBOT_description/environment/ament_prefix_path.dsv
[1.307s] -- Installing: /home/lorena/my_ros2_ws/install/MYROBOT_description/share/MYROBOT_description/environment/path.sh
[1.307s] -- Installing: /home/lorena/my_ros2_ws/install/MYROBOT_description/share/MYROBOT_description/environment/path.dsv
[1.307s] -- Installing: /home/lorena/my_ros2_ws/install/MYROBOT_description/share/MYROBOT_description/local_setup.bash
[1.307s] -- Installing: /home/lorena/my_ros2_ws/install/MYROBOT_description/share/MYROBOT_description/local_setup.sh
[1.307s] -- Installing: /home/lorena/my_ros2_ws/install/MYROBOT_description/share/MYROBOT_description/local_setup.zsh
[1.307s] -- Installing: /home/lorena/my_ros2_ws/install/MYROBOT_description/share/MYROBOT_description/local_setup.dsv
[1.307s] -- Installing: /home/lorena/my_ros2_ws/install/MYROBOT_description/share/MYROBOT_description/package.dsv
[1.307s] -- Installing: /home/lorena/my_ros2_ws/install/MYROBOT_description/share/ament_index/resource_index/packages/MYROBOT_description
[1.308s] -- Installing: /home/lorena/my_ros2_ws/install/MYROBOT_description/share/MYROBOT_description/cmake/MYROBOT_descriptionConfig.cmake
[1.308s] -- Installing: /home/lorena/my_ros2_ws/install/MYROBOT_description/share/MYROBOT_description/cmake/MYROBOT_descriptionConfig-version.cmake
[1.308s] -- Installing: /home/lorena/my_ros2_ws/install/MYROBOT_description/share/MYROBOT_description/package.xml
[1.316s] Invoked command in '/home/lorena/my_ros2_ws/build/MYROBOT_description' returned '0': CMAKE_PREFIX_PATH=/opt/ros/foxy /usr/bin/cmake --install /home/lorena/my_ros2_ws/build/MYROBOT_description
