[0.173s] Invoking command in '/home/lorena/my_ros2_ws/build/turtlebot3_cartographer': CMAKE_PREFIX_PATH=${CMAKE_PREFIX_PATH}:/home/lorena/my_ros2_ws/install/turtlebot3_teleop:/home/lorena/my_ros2_ws/install/turtlebot3_example:/home/lorena/my_ros2_ws/install/control_pkg:/opt/ros/foxy /usr/bin/cmake --build /home/lorena/my_ros2_ws/build/turtlebot3_cartographer -- -j12 -l12
[1.936s] Invoked command in '/home/lorena/my_ros2_ws/build/turtlebot3_cartographer' returned '0': CMAKE_PREFIX_PATH=${CMAKE_PREFIX_PATH}:/home/lorena/my_ros2_ws/install/turtlebot3_teleop:/home/lorena/my_ros2_ws/install/turtlebot3_example:/home/lorena/my_ros2_ws/install/control_pkg:/opt/ros/foxy /usr/bin/cmake --build /home/lorena/my_ros2_ws/build/turtlebot3_cartographer -- -j12 -l12
[2.002s] Invoking command in '/home/lorena/my_ros2_ws/build/turtlebot3_cartographer': CMAKE_PREFIX_PATH=${CMAKE_PREFIX_PATH}:/home/lorena/my_ros2_ws/install/turtlebot3_teleop:/home/lorena/my_ros2_ws/install/turtlebot3_example:/home/lorena/my_ros2_ws/install/control_pkg:/opt/ros/foxy /usr/bin/cmake --install /home/lorena/my_ros2_ws/build/turtlebot3_cartographer
[2.046s] -- Install configuration: ""
[2.046s] -- Up-to-date: /home/lorena/my_ros2_ws/install/turtlebot3_cartographer/share/turtlebot3_cartographer/config
[2.046s] -- Up-to-date: /home/lorena/my_ros2_ws/install/turtlebot3_cartographer/share/turtlebot3_cartographer/config/turtlebot3_lds_2d.lua
[2.046s] -- Up-to-date: /home/lorena/my_ros2_ws/install/turtlebot3_cartographer/share/turtlebot3_cartographer/launch
[2.046s] -- Up-to-date: /home/lorena/my_ros2_ws/install/turtlebot3_cartographer/share/turtlebot3_cartographer/launch/occupancy_grid.launch.py
[2.046s] -- Up-to-date: /home/lorena/my_ros2_ws/install/turtlebot3_cartographer/share/turtlebot3_cartographer/launch/cartographer.launch.py
[2.047s] -- Up-to-date: /home/lorena/my_ros2_ws/install/turtlebot3_cartographer/share/turtlebot3_cartographer/rviz
[2.047s] -- Up-to-date: /home/lorena/my_ros2_ws/install/turtlebot3_cartographer/share/turtlebot3_cartographer/rviz/tb3_cartographer.rviz
[2.047s] -- Up-to-date: /home/lorena/my_ros2_ws/install/turtlebot3_cartographer/share/ament_index/resource_index/package_run_dependencies/turtlebot3_cartographer
[2.047s] -- Up-to-date: /home/lorena/my_ros2_ws/install/turtlebot3_cartographer/share/ament_index/resource_index/parent_prefix_path/turtlebot3_cartographer
[2.048s] -- Up-to-date: /home/lorena/my_ros2_ws/install/turtlebot3_cartographer/share/turtlebot3_cartographer/environment/ament_prefix_path.sh
[2.048s] -- Up-to-date: /home/lorena/my_ros2_ws/install/turtlebot3_cartographer/share/turtlebot3_cartographer/environment/ament_prefix_path.dsv
[2.048s] -- Up-to-date: /home/lorena/my_ros2_ws/install/turtlebot3_cartographer/share/turtlebot3_cartographer/environment/path.sh
[2.048s] -- Up-to-date: /home/lorena/my_ros2_ws/install/turtlebot3_cartographer/share/turtlebot3_cartographer/environment/path.dsv
[2.048s] -- Up-to-date: /home/lorena/my_ros2_ws/install/turtlebot3_cartographer/share/turtlebot3_cartographer/local_setup.bash
[2.048s] -- Up-to-date: /home/lorena/my_ros2_ws/install/turtlebot3_cartographer/share/turtlebot3_cartographer/local_setup.sh
[2.048s] -- Up-to-date: /home/lorena/my_ros2_ws/install/turtlebot3_cartographer/share/turtlebot3_cartographer/local_setup.zsh
[2.048s] -- Up-to-date: /home/lorena/my_ros2_ws/install/turtlebot3_cartographer/share/turtlebot3_cartographer/local_setup.dsv
[2.048s] -- Up-to-date: /home/lorena/my_ros2_ws/install/turtlebot3_cartographer/share/turtlebot3_cartographer/package.dsv
[2.048s] -- Up-to-date: /home/lorena/my_ros2_ws/install/turtlebot3_cartographer/share/ament_index/resource_index/packages/turtlebot3_cartographer
[2.048s] -- Up-to-date: /home/lorena/my_ros2_ws/install/turtlebot3_cartographer/share/turtlebot3_cartographer/cmake/turtlebot3_cartographerConfig.cmake
[2.049s] -- Up-to-date: /home/lorena/my_ros2_ws/install/turtlebot3_cartographer/share/turtlebot3_cartographer/cmake/turtlebot3_cartographerConfig-version.cmake
[2.049s] -- Up-to-date: /home/lorena/my_ros2_ws/install/turtlebot3_cartographer/share/turtlebot3_cartographer/package.xml
[2.124s] Invoked command in '/home/lorena/my_ros2_ws/build/turtlebot3_cartographer' returned '0': CMAKE_PREFIX_PATH=${CMAKE_PREFIX_PATH}:/home/lorena/my_ros2_ws/install/turtlebot3_teleop:/home/lorena/my_ros2_ws/install/turtlebot3_example:/home/lorena/my_ros2_ws/install/control_pkg:/opt/ros/foxy /usr/bin/cmake --install /home/lorena/my_ros2_ws/build/turtlebot3_cartographer
