[0.061s] Invoking command in '/home/lorena/my_ros2_ws/build/turtlebot3_gazebo': CMAKE_PREFIX_PATH=/home/lorena/my_ros2_ws/install/turtlebot3_description:/home/lorena/my_ros2_ws/install/turtlebot3:/home/lorena/my_ros2_ws/install/turtlebot3_simulations:/home/lorena/my_ros2_ws/install/turtlebot3_bringup:/home/lorena/my_ros2_ws/install/turtlebot3_node:/home/lorena/my_ros2_ws/install/turtlebot3_navigation2:/home/lorena/my_ros2_ws/install/turtlebot3_fake_node:/home/lorena/my_ros2_ws/install/turtlebot3_msgs:/home/lorena/my_ros2_ws/install/turtlebot3_gazebo:/home/lorena/my_ros2_ws/install/turtlebot3_cartographer:/home/lorena/my_ros2_ws/install/dynamixel_sdk:/home/lorena/my_ros2_ws/install/MYROBOT_gazebo:/home/lorena/my_ros2_ws/install/MYROBOT_description:/home/lorena/my_ros2_ws/install/turtlebot3_teleop:/home/lorena/my_ros2_ws/install/turtlebot3_example:/home/lorena/my_ros2_ws/install/control_pkg:/opt/ros/foxy /usr/bin/cmake --build /home/lorena/my_ros2_ws/build/turtlebot3_gazebo -- -j12 -l12
[0.191s] -- The C compiler identification is GNU 9.4.0
[0.234s] -- The CXX compiler identification is GNU 9.4.0
[0.244s] -- Detecting C compiler ABI info
[0.306s] -- Detecting C compiler ABI info - done
[0.318s] -- Check for working C compiler: /usr/bin/cc - skipped
[0.318s] -- Detecting C compile features
[0.318s] -- Detecting C compile features - done
[0.321s] -- Detecting CXX compiler ABI info
[0.372s] -- Detecting CXX compiler ABI info - done
[0.379s] -- Check for working CXX compiler: /usr/bin/c++ - skipped
[0.379s] -- Detecting CXX compile features
[0.380s] -- Detecting CXX compile features - done
[0.380s] -- Found ament_cmake: 0.9.11 (/opt/ros/foxy/share/ament_cmake/cmake)
[0.399s] -- Using PYTHON_EXECUTABLE: /usr/bin/python3
[0.587s] [33mCMake Warning (dev) at /usr/share/cmake-3.26/Modules/FindPackageHandleStandardArgs.cmake:438 (message):
[0.587s]   The package name passed to `find_package_handle_standard_args` (PkgConfig)
[0.587s]   does not match the name of the calling package (gazebo).  This can lead to
[0.587s]   problems in calling code that expects `find_package` result variables
[0.587s]   (e.g., `_FOUND`) to follow a certain pattern.
[0.587s] Call Stack (most recent call first):
[0.587s]   /usr/share/cmake-3.26/Modules/FindPkgConfig.cmake:99 (find_package_handle_standard_args)
[0.587s]   /usr/lib/x86_64-linux-gnu/cmake/gazebo/gazebo-config.cmake:72 (include)
[0.587s]   CMakeLists.txt:23 (find_package)
[0.587s] This warning is for project developers.  Use -Wno-dev to suppress it.
[0.587s] [0m
[0.660s] -- Found DART: /usr/include (Required is at least version "6.6") found components: dart 
[0.728s] -- Found Protobuf: /usr/lib/x86_64-linux-gnu/libprotobuf.so;-lpthread (found version "3.6.1") 
[0.730s] -- Looking for ignition-math6 -- found version 6.13.0
[0.738s] -- Searching for dependencies of ignition-math6
[0.740s] -- Looking for OGRE...
[0.758s] -- Found Ogre Ghadamon (1.9.0)
[0.758s] -- Found OGRE: optimized;/usr/lib/x86_64-linux-gnu/libOgreMain.so;debug;/usr/lib/x86_64-linux-gnu/libOgreMain.so
[0.770s] -- Looking for OGRE_Paging...
[0.785s] -- Found OGRE_Paging: optimized;/usr/lib/x86_64-linux-gnu/libOgrePaging.so;debug;/usr/lib/x86_64-linux-gnu/libOgrePaging.so
[0.785s] -- Looking for OGRE_Terrain...
[0.786s] -- Found OGRE_Terrain: optimized;/usr/lib/x86_64-linux-gnu/libOgreTerrain.so;debug;/usr/lib/x86_64-linux-gnu/libOgreTerrain.so
[0.786s] -- Looking for OGRE_Property...
[0.786s] -- Found OGRE_Property: optimized;/usr/lib/x86_64-linux-gnu/libOgreProperty.so;debug;/usr/lib/x86_64-linux-gnu/libOgreProperty.so
[0.786s] -- Looking for OGRE_RTShaderSystem...
[0.786s] -- Found OGRE_RTShaderSystem: optimized;/usr/lib/x86_64-linux-gnu/libOgreRTShaderSystem.so;debug;/usr/lib/x86_64-linux-gnu/libOgreRTShaderSystem.so
[0.786s] -- Looking for OGRE_Volume...
[0.786s] -- Found OGRE_Volume: optimized;/usr/lib/x86_64-linux-gnu/libOgreVolume.so;debug;/usr/lib/x86_64-linux-gnu/libOgreVolume.so
[0.786s] -- Looking for OGRE_Overlay...
[0.786s] -- Found OGRE_Overlay: optimized;/usr/lib/x86_64-linux-gnu/libOgreOverlay.so;debug;/usr/lib/x86_64-linux-gnu/libOgreOverlay.so
[1.349s] -- Looking for ignition-math6 -- found version 6.13.0
[1.349s] -- Looking for ignition-transport8 -- found version 8.4.0
[1.350s] -- Searching for dependencies of ignition-transport8
[1.363s] -- Found Protobuf: /usr/lib/x86_64-linux-gnu/libprotobuf.so;-lpthread (found suitable version "3.6.1", minimum required is "3") 
[1.372s] -- Config-file not installed for ZeroMQ -- checking for pkg-config
[1.375s] -- Checking for module 'libzmq >= 4'
[1.386s] --   Found libzmq , version 4.3.2
[1.413s] -- Checking for module 'uuid'
[1.422s] --   Found uuid, version 2.34.0
[1.445s] -- Looking for ignition-msgs5 -- found version 5.11.0
[1.446s] -- Searching for dependencies of ignition-msgs5
[1.459s] -- Looking for ignition-math6 -- found version 6.13.0
[1.463s] -- Checking for module 'tinyxml2'
[1.474s] --   Found tinyxml2, version 6.2.0
[1.500s] -- Looking for ignition-msgs5 -- found version 5.11.0
[1.501s] -- Looking for ignition-common3 -- found version 3.15.1
[1.501s] -- Searching for dependencies of ignition-common3
[1.501s] -- Looking for dlfcn.h - found
[1.501s] -- Looking for libdl - found
[1.510s] -- Searching for <ignition-common3> component [graphics]
[1.510s] -- Looking for ignition-common3-graphics -- found version 3.15.1
[1.510s] -- Searching for dependencies of ignition-common3-graphics
[1.510s] -- Looking for ignition-math6 -- found version 6.13.0
[1.511s] -- Looking for ignition-fuel_tools4 -- found version 4.8.3
[1.511s] -- Searching for dependencies of ignition-fuel_tools4
[1.542s] -- Checking for module 'jsoncpp'
[1.551s] --   Found jsoncpp, version 1.7.4
[1.577s] -- Checking for module 'libzip'
[1.586s] --   Found libzip, version 1.5.1
[1.608s] -- Looking for ignition-common3 -- found version 3.15.1
[1.609s] -- Looking for ignition-math6 -- found version 6.13.0
[1.609s] -- Looking for ignition-msgs5 -- found version 5.11.0
[1.610s] -- Found gazebo_ros_pkgs: 3.5.3 (/opt/ros/foxy/share/gazebo_ros_pkgs/cmake)
[1.611s] -- Found geometry_msgs: 2.0.5 (/opt/ros/foxy/share/geometry_msgs/cmake)
[1.624s] -- Using all available rosidl_typesupport_c: rosidl_typesupport_fastrtps_c;rosidl_typesupport_introspection_c
[1.626s] -- Found rosidl_adapter: 1.3.0 (/opt/ros/foxy/share/rosidl_adapter/cmake)
[1.714s] -- Using all available rosidl_typesupport_cpp: rosidl_typesupport_fastrtps_cpp;rosidl_typesupport_introspection_cpp
[1.764s] -- Found nav_msgs: 2.0.5 (/opt/ros/foxy/share/nav_msgs/cmake)
[1.807s] -- Found rclcpp: 2.4.2 (/opt/ros/foxy/share/rclcpp/cmake)
[1.827s] -- Found rmw_implementation_cmake: 1.0.3 (/opt/ros/foxy/share/rmw_implementation_cmake/cmake)
[1.828s] -- Using RMW implementation 'rmw_fastrtps_cpp' as default
[1.902s] -- Found sensor_msgs: 2.0.5 (/opt/ros/foxy/share/sensor_msgs/cmake)
[1.942s] -- Found tf2: 0.13.13 (/opt/ros/foxy/share/tf2/cmake)
[1.993s] -- Configuring done (1.9s)
[2.041s] -- Generating done (0.0s)
[2.042s] -- Build files have been written to: /home/lorena/my_ros2_ws/build/turtlebot3_gazebo
[2.065s] [ 50%] [32mBuilding CXX object CMakeFiles/obstacle2.dir/models/turtlebot3_dqn_world/obstacle_plugin/obstacle2.cc.o[0m
[2.065s] [ 50%] [32mBuilding CXX object CMakeFiles/turtlebot3_drive.dir/src/turtlebot3_drive.cpp.o[0m
[2.065s] [ 50%] [32mBuilding CXX object CMakeFiles/obstacles.dir/models/turtlebot3_dqn_world/obstacle_plugin/obstacles.cc.o[0m
[2.065s] [ 50%] [32mBuilding CXX object CMakeFiles/obstacle1.dir/models/turtlebot3_dqn_world/obstacle_plugin/obstacle1.cc.o[0m
[6.856s] [ 62%] [32m[1mLinking CXX executable turtlebot3_drive[0m
[7.082s] [ 62%] Built target turtlebot3_drive
[8.675s] [ 75%] [32m[1mLinking CXX shared library libobstacle1.so[0m
[8.713s] [ 87%] [32m[1mLinking CXX shared library libobstacle2.so[0m
[8.795s] [100%] [32m[1mLinking CXX shared library libobstacles.so[0m
[8.923s] [100%] Built target obstacle1
[8.923s] [100%] Built target obstacle2
[8.984s] [100%] Built target obstacles
