[0.790s] Invoking command in '/home/lorena/my_ros2_ws/build/MYROBOT_description': CMAKE_PREFIX_PATH=${CMAKE_PREFIX_PATH}:/home/lorena/my_ros2_ws/install/turtlebot3_teleop:/home/lorena/my_ros2_ws/install/turtlebot3_example:/home/lorena/my_ros2_ws/install/control_pkg:/opt/ros/foxy /usr/bin/cmake --build /home/lorena/my_ros2_ws/build/MYROBOT_description -- -j12 -l12
[1.889s] Invoked command in '/home/lorena/my_ros2_ws/build/MYROBOT_description' returned '0': CMAKE_PREFIX_PATH=${CMAKE_PREFIX_PATH}:/home/lorena/my_ros2_ws/install/turtlebot3_teleop:/home/lorena/my_ros2_ws/install/turtlebot3_example:/home/lorena/my_ros2_ws/install/control_pkg:/opt/ros/foxy /usr/bin/cmake --build /home/lorena/my_ros2_ws/build/MYROBOT_description -- -j12 -l12
[1.963s] Invoking command in '/home/lorena/my_ros2_ws/build/MYROBOT_description': CMAKE_PREFIX_PATH=${CMAKE_PREFIX_PATH}:/home/lorena/my_ros2_ws/install/turtlebot3_teleop:/home/lorena/my_ros2_ws/install/turtlebot3_example:/home/lorena/my_ros2_ws/install/control_pkg:/opt/ros/foxy /usr/bin/cmake --install /home/lorena/my_ros2_ws/build/MYROBOT_description
[2.000s] -- Install configuration: ""
[2.001s] -- Up-to-date: /home/lorena/my_ros2_ws/install/MYROBOT_description/share/MYROBOT_description/urdf
[2.001s] -- Up-to-date: /home/lorena/my_ros2_ws/install/MYROBOT_description/share/MYROBOT_description/urdf/.vscode
[2.001s] -- Up-to-date: /home/lorena/my_ros2_ws/install/MYROBOT_description/share/MYROBOT_description/urdf/.vscode/c_cpp_properties.json
[2.001s] -- Up-to-date: /home/lorena/my_ros2_ws/install/MYROBOT_description/share/MYROBOT_description/urdf/.vscode/settings.json
[2.001s] -- Up-to-date: /home/lorena/my_ros2_ws/install/MYROBOT_description/share/MYROBOT_description/urdf/MYROBOT.urdf
[2.001s] -- Up-to-date: /home/lorena/my_ros2_ws/install/MYROBOT_description/share/MYROBOT_description/model.config
[2.001s] -- Up-to-date: /home/lorena/my_ros2_ws/install/MYROBOT_description/share/ament_index/resource_index/package_run_dependencies/MYROBOT_description
[2.001s] -- Up-to-date: /home/lorena/my_ros2_ws/install/MYROBOT_description/share/ament_index/resource_index/parent_prefix_path/MYROBOT_description
[2.001s] -- Up-to-date: /home/lorena/my_ros2_ws/install/MYROBOT_description/share/MYROBOT_description/environment/ament_prefix_path.sh
[2.001s] -- Up-to-date: /home/lorena/my_ros2_ws/install/MYROBOT_description/share/MYROBOT_description/environment/ament_prefix_path.dsv
[2.001s] -- Up-to-date: /home/lorena/my_ros2_ws/install/MYROBOT_description/share/MYROBOT_description/environment/path.sh
[2.001s] -- Up-to-date: /home/lorena/my_ros2_ws/install/MYROBOT_description/share/MYROBOT_description/environment/path.dsv
[2.001s] -- Up-to-date: /home/lorena/my_ros2_ws/install/MYROBOT_description/share/MYROBOT_description/local_setup.bash
[2.001s] -- Up-to-date: /home/lorena/my_ros2_ws/install/MYROBOT_description/share/MYROBOT_description/local_setup.sh
[2.001s] -- Up-to-date: /home/lorena/my_ros2_ws/install/MYROBOT_description/share/MYROBOT_description/local_setup.zsh
[2.002s] -- Up-to-date: /home/lorena/my_ros2_ws/install/MYROBOT_description/share/MYROBOT_description/local_setup.dsv
[2.002s] -- Up-to-date: /home/lorena/my_ros2_ws/install/MYROBOT_description/share/MYROBOT_description/package.dsv
[2.002s] -- Up-to-date: /home/lorena/my_ros2_ws/install/MYROBOT_description/share/ament_index/resource_index/packages/MYROBOT_description
[2.002s] -- Up-to-date: /home/lorena/my_ros2_ws/install/MYROBOT_description/share/MYROBOT_description/cmake/MYROBOT_descriptionConfig.cmake
[2.002s] -- Up-to-date: /home/lorena/my_ros2_ws/install/MYROBOT_description/share/MYROBOT_description/cmake/MYROBOT_descriptionConfig-version.cmake
[2.002s] -- Up-to-date: /home/lorena/my_ros2_ws/install/MYROBOT_description/share/MYROBOT_description/package.xml
[2.061s] Invoked command in '/home/lorena/my_ros2_ws/build/MYROBOT_description' returned '0': CMAKE_PREFIX_PATH=${CMAKE_PREFIX_PATH}:/home/lorena/my_ros2_ws/install/turtlebot3_teleop:/home/lorena/my_ros2_ws/install/turtlebot3_example:/home/lorena/my_ros2_ws/install/control_pkg:/opt/ros/foxy /usr/bin/cmake --install /home/lorena/my_ros2_ws/build/MYROBOT_description
