[0.061s] Invoking command in '/home/lorena/my_ros2_ws/src/build/provant_simulator_parser_utils': /usr/bin/cmake /home/lorena/my_ros2_ws/src/ProVANT-Simulator_Developer/provant_simulator_utils/provant_simulator_parser_utils -DCATKIN_INSTALL_INTO_PREFIX_ROOT=0 -DCMAKE_INSTALL_PREFIX=/home/lorena/my_ros2_ws/src/install/provant_simulator_parser_utils
[0.384s] -- The C compiler identification is GNU 9.4.0
[0.384s] -- The CXX compiler identification is GNU 9.4.0
[0.384s] -- Check for working C compiler: /usr/bin/cc
[0.384s] -- Check for working C compiler: /usr/bin/cc -- works
[0.384s] -- Detecting C compiler ABI info
[0.410s] -- Detecting C compiler ABI info - done
[0.426s] -- Detecting C compile features
[0.426s] -- Detecting C compile features - done
[0.429s] -- Check for working CXX compiler: /usr/bin/c++
[0.513s] -- Check for working CXX compiler: /usr/bin/c++ -- works
[0.514s] -- Detecting CXX compiler ABI info
[0.606s] -- Detecting CXX compiler ABI info - done
[0.621s] -- Detecting CXX compile features
[0.622s] -- Detecting CXX compile features - done
[0.640s] -- Configuring incomplete, errors occurred!
[0.640s] See also "/home/lorena/my_ros2_ws/src/build/provant_simulator_parser_utils/CMakeFiles/CMakeOutput.log".
[0.640s] CMake Error at CMakeLists.txt:16 (find_package):
[0.640s]   By not providing "Findcatkin.cmake" in CMAKE_MODULE_PATH this project has
[0.640s]   asked CMake to find a package configuration file provided by "catkin", but
[0.640s]   CMake did not find one.
[0.640s] 
[0.640s]   Could not find a package configuration file provided by "catkin" with any
[0.640s]   of the following names:
[0.641s] 
[0.641s]     catkinConfig.cmake
[0.641s]     catkin-config.cmake
[0.641s] 
[0.641s]   Add the installation prefix of "catkin" to CMAKE_PREFIX_PATH or set
[0.641s]   "catkin_DIR" to a directory containing one of the above files.  If "catkin"
[0.641s]   provides a separate development package or SDK, be sure it has been
[0.641s]   installed.
[0.641s] 
[0.641s] 
[0.664s] Invoked command in '/home/lorena/my_ros2_ws/src/build/provant_simulator_parser_utils' returned '1': /usr/bin/cmake /home/lorena/my_ros2_ws/src/ProVANT-Simulator_Developer/provant_simulator_utils/provant_simulator_parser_utils -DCATKIN_INSTALL_INTO_PREFIX_ROOT=0 -DCMAKE_INSTALL_PREFIX=/home/lorena/my_ros2_ws/src/install/provant_simulator_parser_utils
