[0.000000] (-) TimerEvent: {}
[0.000265] (-) JobUnselected: {'identifier': 'MYROBOT_description'}
[0.000487] (-) JobUnselected: {'identifier': 'MYROBOT_gazebo'}
[0.000518] (-) JobUnselected: {'identifier': 'control_pkg'}
[0.000529] (-) JobUnselected: {'identifier': 'provant_quadrotor'}
[0.000538] (-) JobUnselected: {'identifier': 'provant_quadrotor_state_publisher'}
[0.000547] (-) JobUnselected: {'identifier': 'provant_simulator_control_group_manager'}
[0.000555] (-) JobUnselected: {'identifier': 'provant_simulator_controller'}
[0.000563] (-) JobUnselected: {'identifier': 'provant_simulator_coverage'}
[0.000572] (-) JobUnselected: {'identifier': 'provant_simulator_data_logger'}
[0.000580] (-) JobUnselected: {'identifier': 'provant_simulator_disturbance_generator'}
[0.000588] (-) JobUnselected: {'identifier': 'provant_simulator_gazebo_mocks'}
[0.000596] (-) JobUnselected: {'identifier': 'provant_simulator_interfaces'}
[0.000604] (-) JobUnselected: {'identifier': 'provant_simulator_launch'}
[0.000611] (-) JobUnselected: {'identifier': 'provant_simulator_linters'}
[0.000619] (-) JobUnselected: {'identifier': 'provant_simulator_lqr_quadcopter'}
[0.000627] (-) JobUnselected: {'identifier': 'provant_simulator_reference_generator'}
[0.000635] (-) JobUnselected: {'identifier': 'provant_simulator_simulation_manager'}
[0.000644] (-) JobUnselected: {'identifier': 'provant_simulator_test_launchers'}
[0.000652] (-) JobUnselected: {'identifier': 'provant_simulator_worlds'}
[0.000660] (-) JobUnselected: {'identifier': 'provant_simulator_zoh'}
[0.000668] (-) JobUnselected: {'identifier': 'turtlebot3'}
[0.000676] (-) JobUnselected: {'identifier': 'turtlebot3_bringup'}
[0.000684] (-) JobUnselected: {'identifier': 'turtlebot3_cartographer'}
[0.000692] (-) JobUnselected: {'identifier': 'turtlebot3_description'}
[0.000700] (-) JobUnselected: {'identifier': 'turtlebot3_example'}
[0.000708] (-) JobUnselected: {'identifier': 'turtlebot3_fake_node'}
[0.000715] (-) JobUnselected: {'identifier': 'turtlebot3_gazebo'}
[0.000723] (-) JobUnselected: {'identifier': 'turtlebot3_msgs'}
[0.000731] (-) JobUnselected: {'identifier': 'turtlebot3_navigation2'}
[0.000739] (-) JobUnselected: {'identifier': 'turtlebot3_node'}
[0.000747] (-) JobUnselected: {'identifier': 'turtlebot3_simulations'}
[0.000754] (-) JobUnselected: {'identifier': 'turtlebot3_teleop'}
[0.000764] (provant_simulator_gz_plugins) JobQueued: {'identifier': 'provant_simulator_gz_plugins', 'dependencies': OrderedDict([('provant_simulator_linters', '/home/lorena/my_ros2_ws/src/install/provant_simulator_linters'), ('provant_simulator_interfaces', '/home/lorena/my_ros2_ws/src/install/provant_simulator_interfaces')])}
[0.000779] (provant_simulator_gz_plugins) JobStarted: {'identifier': 'provant_simulator_gz_plugins'}
[0.011461] (provant_simulator_gz_plugins) JobEnded: {'identifier': 'provant_simulator_gz_plugins', 'rc': 1}
[0.021700] (-) EventReactorShutdown: {}
