[0.064s] Invoking command in '/home/lorena/my_ros2_ws/src/build/provant_simulator_cmake': /usr/bin/cmake /home/lorena/my_ros2_ws/src/ProVANT-Simulator_Developer/provant_simulator_cmake -DCATKIN_INSTALL_INTO_PREFIX_ROOT=0 -DCMAKE_INSTALL_PREFIX=/home/lorena/my_ros2_ws/src/install/provant_simulator_cmake
[0.389s] -- The C compiler identification is GNU 9.4.0
[0.390s] -- The CXX compiler identification is GNU 9.4.0
[0.390s] -- Check for working C compiler: /usr/bin/cc
[0.390s] -- Check for working C compiler: /usr/bin/cc -- works
[0.390s] -- Detecting C compiler ABI info
[0.419s] -- Detecting C compiler ABI info - done
[0.435s] -- Detecting C compile features
[0.435s] -- Detecting C compile features - done
[0.439s] -- Check for working CXX compiler: /usr/bin/c++
[0.520s] -- Check for working CXX compiler: /usr/bin/c++ -- works
[0.525s] -- Detecting CXX compiler ABI info
[0.607s] -- Detecting CXX compiler ABI info - done
[0.624s] -- Detecting CXX compile features
[0.624s] -- Detecting CXX compile features - done
[0.643s] CMake Error at CMakeLists.txt:7 (find_package):
[0.643s]   By not providing "Findcatkin.cmake" in CMAKE_MODULE_PATH this project has
[0.643s]   asked CMake to find a package configuration file provided by "catkin", but
[0.643s]   CMake did not find one.
[0.644s] 
[0.644s]   Could not find a package configuration file provided by "catkin" with any
[0.644s]   of the following names:
[0.644s] 
[0.644s]     catkinConfig.cmake
[0.644s]     catkin-config.cmake
[0.644s] 
[0.644s]   Add the installation prefix of "catkin" to CMAKE_PREFIX_PATH or set
[0.644s]   "catkin_DIR" to a directory containing one of the above files.  If "catkin"
[0.644s]   provides a separate development package or SDK, be sure it has been
[0.644s]   installed.
[0.644s] 
[0.644s] 
[0.646s] -- Configuring incomplete, errors occurred!
[0.646s] See also "/home/lorena/my_ros2_ws/src/build/provant_simulator_cmake/CMakeFiles/CMakeOutput.log".
[0.651s] Invoked command in '/home/lorena/my_ros2_ws/src/build/provant_simulator_cmake' returned '1': /usr/bin/cmake /home/lorena/my_ros2_ws/src/ProVANT-Simulator_Developer/provant_simulator_cmake -DCATKIN_INSTALL_INTO_PREFIX_ROOT=0 -DCMAKE_INSTALL_PREFIX=/home/lorena/my_ros2_ws/src/install/provant_simulator_cmake
