[0.254s] Invoking command in '/home/lorena/my_ros2_ws/build/provant_simulator_gazebo_mocks': CMAKE_PREFIX_PATH=/home/lorena/my_ros2_ws/install/provant_simulator_linters:/home/lorena/my_ros2_ws/install/turtlebot3:/home/lorena/my_ros2_ws/install/turtlebot3_simulations:/home/lorena/my_ros2_ws/install/turtlebot3_bringup:/home/lorena/my_ros2_ws/install/turtlebot3_node:/home/lorena/my_ros2_ws/install/turtlebot3_navigation2:/home/lorena/my_ros2_ws/install/turtlebot3_fake_node:/home/lorena/my_ros2_ws/install/turtlebot3_msgs:/home/lorena/my_ros2_ws/install/turtlebot3_gazebo:/home/lorena/my_ros2_ws/install/turtlebot3_description:/home/lorena/my_ros2_ws/install/turtlebot3_cartographer:/home/lorena/my_ros2_ws/install/dynamixel_sdk:/home/lorena/my_ros2_ws/install/MYROBOT_gazebo:/home/lorena/my_ros2_ws/install/MYROBOT_description:/home/lorena/my_ros2_ws/install/turtlebot3_teleop:/home/lorena/my_ros2_ws/install/turtlebot3_example:/home/lorena/my_ros2_ws/install/control_pkg:/opt/ros/foxy /usr/bin/cmake /home/lorena/my_ros2_ws/src/provant_simulator/provant_simulator_tests/provant_simulator_gazebo_mocks -DCMAKE_INSTALL_PREFIX=/home/lorena/my_ros2_ws/install/provant_simulator_gazebo_mocks
[0.313s] -- Found ament_cmake: 0.9.11 (/opt/ros/foxy/share/ament_cmake/cmake)
[0.344s] -- Using PYTHON_EXECUTABLE: /usr/bin/python3
[0.714s] -- Found gazebo_ros: 3.5.3 (/opt/ros/foxy/share/gazebo_ros/cmake)
[0.840s] -- Using all available rosidl_typesupport_c: rosidl_typesupport_fastrtps_c;rosidl_typesupport_introspection_c
[0.877s] -- Found rosidl_adapter: 1.3.0 (/opt/ros/foxy/share/rosidl_adapter/cmake)
[1.203s] -- Using all available rosidl_typesupport_cpp: rosidl_typesupport_fastrtps_cpp;rosidl_typesupport_introspection_cpp
[1.323s] -- Found rmw_implementation_cmake: 1.0.3 (/opt/ros/foxy/share/rmw_implementation_cmake/cmake)
[1.327s] -- Using RMW implementation 'rmw_fastrtps_cpp' as default
[1.616s] [33mCMake Warning (dev) at /usr/share/cmake-3.26/Modules/FindPackageHandleStandardArgs.cmake:438 (message):
[1.616s]   The package name passed to `find_package_handle_standard_args` (PkgConfig)
[1.616s]   does not match the name of the calling package (gazebo).  This can lead to
[1.616s]   problems in calling code that expects `find_package` result variables
[1.616s]   (e.g., `_FOUND`) to follow a certain pattern.
[1.616s] Call Stack (most recent call first):
[1.616s]   /usr/share/cmake-3.26/Modules/FindPkgConfig.cmake:99 (find_package_handle_standard_args)
[1.616s]   /usr/lib/x86_64-linux-gnu/cmake/gazebo/gazebo-config.cmake:72 (include)
[1.617s]   /opt/ros/foxy/share/gazebo_dev/cmake/gazebo_dev-extras.cmake:2 (find_package)
[1.617s]   /opt/ros/foxy/share/gazebo_dev/cmake/gazebo_devConfig.cmake:41 (include)
[1.617s]   /opt/ros/foxy/share/gazebo_ros/cmake/ament_cmake_export_dependencies-extras.cmake:21 (find_package)
[1.617s]   /opt/ros/foxy/share/gazebo_ros/cmake/gazebo_rosConfig.cmake:41 (include)
[1.617s]   CMakeLists.txt:15 (find_package)
[1.617s] This warning is for project developers.  Use -Wno-dev to suppress it.
[1.617s] [0m
[1.681s] -- Found DART: /usr/include (Required is at least version "6.6") found components: dart 
[1.737s] -- Found Protobuf: /usr/lib/x86_64-linux-gnu/libprotobuf.so;-lpthread (found version "3.6.1") 
[1.739s] -- Looking for ignition-math6 -- found version 6.13.0
[1.748s] -- Searching for dependencies of ignition-math6
[1.752s] -- Looking for OGRE...
[1.762s] -- Found Ogre Ghadamon (1.9.0)
[1.763s] -- Found OGRE: optimized;/usr/lib/x86_64-linux-gnu/libOgreMain.so;debug;/usr/lib/x86_64-linux-gnu/libOgreMain.so
[1.779s] -- Looking for OGRE_Paging...
[1.779s] -- Found OGRE_Paging: optimized;/usr/lib/x86_64-linux-gnu/libOgrePaging.so;debug;/usr/lib/x86_64-linux-gnu/libOgrePaging.so
[1.780s] -- Looking for OGRE_Terrain...
[1.780s] -- Found OGRE_Terrain: optimized;/usr/lib/x86_64-linux-gnu/libOgreTerrain.so;debug;/usr/lib/x86_64-linux-gnu/libOgreTerrain.so
[1.780s] -- Looking for OGRE_Property...
[1.780s] -- Found OGRE_Property: optimized;/usr/lib/x86_64-linux-gnu/libOgreProperty.so;debug;/usr/lib/x86_64-linux-gnu/libOgreProperty.so
[1.780s] -- Looking for OGRE_RTShaderSystem...
[1.780s] -- Found OGRE_RTShaderSystem: optimized;/usr/lib/x86_64-linux-gnu/libOgreRTShaderSystem.so;debug;/usr/lib/x86_64-linux-gnu/libOgreRTShaderSystem.so
[1.780s] -- Looking for OGRE_Volume...
[1.780s] -- Found OGRE_Volume: optimized;/usr/lib/x86_64-linux-gnu/libOgreVolume.so;debug;/usr/lib/x86_64-linux-gnu/libOgreVolume.so
[1.780s] -- Looking for OGRE_Overlay...
[1.780s] -- Found OGRE_Overlay: optimized;/usr/lib/x86_64-linux-gnu/libOgreOverlay.so;debug;/usr/lib/x86_64-linux-gnu/libOgreOverlay.so
[2.235s] -- Looking for ignition-math6 -- found version 6.13.0
[2.235s] -- Looking for ignition-transport8 -- found version 8.4.0
[2.236s] -- Searching for dependencies of ignition-transport8
[2.259s] -- Found Protobuf: /usr/lib/x86_64-linux-gnu/libprotobuf.so;-lpthread (found suitable version "3.6.1", minimum required is "3") 
[2.275s] -- Config-file not installed for ZeroMQ -- checking for pkg-config
[2.283s] -- Checking for module 'libzmq >= 4'
[2.315s] --   Found libzmq , version 4.3.2
[2.388s] -- Checking for module 'uuid'
[2.412s] --   Found uuid, version 2.34.0
[2.477s] -- Looking for ignition-msgs5 -- found version 5.11.0
[2.477s] -- Searching for dependencies of ignition-msgs5
[2.517s] -- Looking for ignition-math6 -- found version 6.13.0
[2.525s] -- Checking for module 'tinyxml2'
[2.548s] --   Found tinyxml2, version 6.2.0
[2.600s] -- Looking for ignition-msgs5 -- found version 5.11.0
[2.601s] -- Looking for ignition-common3 -- found version 3.15.1
[2.601s] -- Searching for dependencies of ignition-common3
[2.601s] -- Looking for dlfcn.h - found
[2.601s] -- Looking for libdl - found
[2.616s] -- Searching for <ignition-common3> component [graphics]
[2.616s] -- Looking for ignition-common3-graphics -- found version 3.15.1
[2.617s] -- Searching for dependencies of ignition-common3-graphics
[2.617s] -- Looking for ignition-math6 -- found version 6.13.0
[2.619s] -- Looking for ignition-fuel_tools4 -- found version 4.8.3
[2.619s] -- Searching for dependencies of ignition-fuel_tools4
[2.671s] -- Checking for module 'jsoncpp'
[2.687s] --   Found jsoncpp, version 1.7.4
[2.732s] -- Checking for module 'libzip'
[2.748s] --   Found libzip, version 1.5.1
[2.787s] -- Looking for ignition-common3 -- found version 3.15.1
[2.787s] -- Looking for ignition-math6 -- found version 6.13.0
[2.787s] -- Looking for ignition-msgs5 -- found version 5.11.0
[2.789s] -- Gazebo version: 11.12
[2.795s] -- Found ament_cmake_gmock: 0.9.11 (/opt/ros/foxy/share/ament_cmake_gmock/cmake)
[2.795s] -- Found gmock sources under '/opt/ros/foxy/src/gmock_vendor': C++ tests using 'Google Mock' will be built
[2.800s] -- Found ament_cmake_gtest: 0.9.11 (/opt/ros/foxy/share/ament_cmake_gtest/cmake)
[2.800s] -- Found gtest sources under '/opt/ros/foxy/src/gtest_vendor': C++ tests using 'Google Test' will be built
[2.820s] -- Found ament_lint_auto: 0.9.7 (/opt/ros/foxy/share/ament_lint_auto/cmake)
[2.899s] [31mCMake Error at /home/lorena/my_ros2_ws/install/provant_simulator_linters/share/provant_simulator_linters/cmake/ament_cmake_export_dependencies-extras.cmake:21 (find_package):
[2.900s]   By not providing "Findament_cmake_clang_format.cmake" in CMAKE_MODULE_PATH
[2.900s]   this project has asked CMake to find a package configuration file provided
[2.900s]   by "ament_cmake_clang_format", but CMake did not find one.
[2.900s] 
[2.900s]   Could not find a package configuration file provided by
[2.900s]   "ament_cmake_clang_format" with any of the following names:
[2.900s] 
[2.900s]     ament_cmake_clang_formatConfig.cmake
[2.900s]     ament_cmake_clang_format-config.cmake
[2.900s] 
[2.900s]   Add the installation prefix of "ament_cmake_clang_format" to
[2.900s]   CMAKE_PREFIX_PATH or set "ament_cmake_clang_format_DIR" to a directory
[2.900s]   containing one of the above files.  If "ament_cmake_clang_format" provides
[2.900s]   a separate development package or SDK, be sure it has been installed.
[2.900s] Call Stack (most recent call first):
[2.900s]   /home/lorena/my_ros2_ws/install/provant_simulator_linters/share/provant_simulator_linters/cmake/provant_simulator_lintersConfig.cmake:41 (include)
[2.900s]   /opt/ros/foxy/share/ament_lint_auto/cmake/ament_lint_auto_find_test_dependencies.cmake:36 (find_package)
[2.901s]   CMakeLists.txt:48 (ament_lint_auto_find_test_dependencies)
[2.901s] 
[2.901s] [0m
[2.901s] -- Configuring incomplete, errors occurred!
