[0.060s] Invoking command in '/home/lorena/my_ros2_ws/src/build/turtlebot3_msgs': CMAKE_PREFIX_PATH=${CMAKE_PREFIX_PATH}:/home/lorena/my_ros2_ws/install/turtlebot3_teleop:/home/lorena/my_ros2_ws/install/turtlebot3_example:/home/lorena/my_ros2_ws/install/control_pkg:/opt/ros/foxy /usr/bin/cmake --build /home/lorena/my_ros2_ws/src/build/turtlebot3_msgs -- -j12 -l12
[0.538s] [35m[1mScanning dependencies of target turtlebot3_msgs__cpp[0m
[0.538s] [  1%] [34m[1mGenerating C code for ROS interfaces[0m
[0.538s] [  2%] [34m[1mGenerating C++ code for ROS interfaces[0m
[0.684s] [  2%] Built target turtlebot3_msgs__cpp
[0.694s] [  7%] [34m[1mGenerating C++ type support for eProsima Fast-RTPS[0m
[0.694s] [  7%] [34m[1mGenerating C++ introspection for ROS interfaces[0m
[0.694s] [  7%] [34m[1mGenerating C++ type support dispatch for ROS interfaces[0m
[0.803s] [35m[1mScanning dependencies of target turtlebot3_msgs__rosidl_generator_c[0m
[0.815s] [  8%] [32mBuilding C object CMakeFiles/turtlebot3_msgs__rosidl_generator_c.dir/rosidl_generator_c/turtlebot3_msgs/msg/detail/sensor_state__functions.c.o[0m
[0.815s] [  9%] [32mBuilding C object CMakeFiles/turtlebot3_msgs__rosidl_generator_c.dir/rosidl_generator_c/turtlebot3_msgs/srv/detail/sound__functions.c.o[0m
[0.816s] [ 11%] [32mBuilding C object CMakeFiles/turtlebot3_msgs__rosidl_generator_c.dir/rosidl_generator_c/turtlebot3_msgs/srv/detail/dqn__functions.c.o[0m
[0.818s] [ 12%] [32mBuilding C object CMakeFiles/turtlebot3_msgs__rosidl_generator_c.dir/rosidl_generator_c/turtlebot3_msgs/msg/detail/sound__functions.c.o[0m
[0.826s] [ 14%] [32mBuilding C object CMakeFiles/turtlebot3_msgs__rosidl_generator_c.dir/rosidl_generator_c/turtlebot3_msgs/action/detail/patrol__functions.c.o[0m
[0.827s] [ 15%] [32mBuilding C object CMakeFiles/turtlebot3_msgs__rosidl_generator_c.dir/rosidl_generator_c/turtlebot3_msgs/msg/detail/version_info__functions.c.o[0m
[1.005s] [ 16%] [32m[1mLinking C shared library libturtlebot3_msgs__rosidl_generator_c.so[0m
[1.059s] [ 16%] Built target turtlebot3_msgs__rosidl_generator_c
[1.067s] [ 18%] [34m[1mGenerating C introspection for ROS interfaces[0m
[1.069s] [ 19%] [34m[1mGenerating C type support dispatch for ROS interfaces[0m
[1.425s] [35m[1mScanning dependencies of target turtlebot3_msgs__rosidl_typesupport_cpp[0m
[1.442s] [ 26%] [32mBuilding CXX object CMakeFiles/turtlebot3_msgs__rosidl_typesupport_cpp.dir/rosidl_typesupport_cpp/turtlebot3_msgs/msg/sensor_state__type_support.cpp.o[0m
[1.442s] [ 26%] [32mBuilding CXX object CMakeFiles/turtlebot3_msgs__rosidl_typesupport_cpp.dir/rosidl_typesupport_cpp/turtlebot3_msgs/srv/sound__type_support.cpp.o[0m
[1.442s] [ 26%] [32mBuilding CXX object CMakeFiles/turtlebot3_msgs__rosidl_typesupport_cpp.dir/rosidl_typesupport_cpp/turtlebot3_msgs/msg/version_info__type_support.cpp.o[0m
[1.442s] [ 26%] [32mBuilding CXX object CMakeFiles/turtlebot3_msgs__rosidl_typesupport_cpp.dir/rosidl_typesupport_cpp/turtlebot3_msgs/msg/sound__type_support.cpp.o[0m
[1.442s] [ 26%] [32mBuilding CXX object CMakeFiles/turtlebot3_msgs__rosidl_typesupport_cpp.dir/rosidl_typesupport_cpp/turtlebot3_msgs/srv/dqn__type_support.cpp.o[0m
[1.442s] [35m[1mScanning dependencies of target turtlebot3_msgs__rosidl_typesupport_fastrtps_cpp[0m
[1.442s] [ 28%] [32mBuilding CXX object CMakeFiles/turtlebot3_msgs__rosidl_typesupport_cpp.dir/rosidl_typesupport_cpp/turtlebot3_msgs/action/patrol__type_support.cpp.o[0m
[1.470s] [ 29%] [32mBuilding CXX object CMakeFiles/turtlebot3_msgs__rosidl_typesupport_fastrtps_cpp.dir/rosidl_typesupport_fastrtps_cpp/turtlebot3_msgs/msg/detail/dds_fastrtps/sensor_state__type_support.cpp.o[0m
[1.483s] [ 30%] [32mBuilding CXX object CMakeFiles/turtlebot3_msgs__rosidl_typesupport_fastrtps_cpp.dir/rosidl_typesupport_fastrtps_cpp/turtlebot3_msgs/msg/detail/dds_fastrtps/sound__type_support.cpp.o[0m
[1.495s] [ 32%] [32mBuilding CXX object CMakeFiles/turtlebot3_msgs__rosidl_typesupport_fastrtps_cpp.dir/rosidl_typesupport_fastrtps_cpp/turtlebot3_msgs/msg/detail/dds_fastrtps/version_info__type_support.cpp.o[0m
[1.709s] [35m[1mScanning dependencies of target turtlebot3_msgs__rosidl_typesupport_introspection_cpp[0m
[1.756s] [35m[1mScanning dependencies of target turtlebot3_msgs__rosidl_typesupport_c[0m
[1.773s] [ 33%] [32mBuilding CXX object CMakeFiles/turtlebot3_msgs__rosidl_typesupport_introspection_cpp.dir/rosidl_typesupport_introspection_cpp/turtlebot3_msgs/msg/detail/sound__type_support.cpp.o[0m
[1.774s] [ 35%] [32mBuilding CXX object CMakeFiles/turtlebot3_msgs__rosidl_typesupport_introspection_cpp.dir/rosidl_typesupport_introspection_cpp/turtlebot3_msgs/msg/detail/sensor_state__type_support.cpp.o[0m
[1.778s] [ 36%] [32mBuilding CXX object CMakeFiles/turtlebot3_msgs__rosidl_typesupport_c.dir/rosidl_typesupport_c/turtlebot3_msgs/msg/sensor_state__type_support.cpp.o[0m
[1.780s] [ 38%] [32mBuilding CXX object CMakeFiles/turtlebot3_msgs__rosidl_typesupport_fastrtps_cpp.dir/rosidl_typesupport_fastrtps_cpp/turtlebot3_msgs/srv/detail/dds_fastrtps/sound__type_support.cpp.o[0m
[1.807s] [ 39%] [32mBuilding CXX object CMakeFiles/turtlebot3_msgs__rosidl_typesupport_c.dir/rosidl_typesupport_c/turtlebot3_msgs/msg/sound__type_support.cpp.o[0m
[1.818s] [ 40%] [32mBuilding CXX object CMakeFiles/turtlebot3_msgs__rosidl_typesupport_introspection_cpp.dir/rosidl_typesupport_introspection_cpp/turtlebot3_msgs/msg/detail/version_info__type_support.cpp.o[0m
[1.837s] [ 42%] [32mBuilding CXX object CMakeFiles/turtlebot3_msgs__rosidl_typesupport_c.dir/rosidl_typesupport_c/turtlebot3_msgs/msg/version_info__type_support.cpp.o[0m
[1.853s] [ 43%] [32mBuilding CXX object CMakeFiles/turtlebot3_msgs__rosidl_typesupport_c.dir/rosidl_typesupport_c/turtlebot3_msgs/srv/sound__type_support.cpp.o[0m
[1.865s] [35m[1mScanning dependencies of target turtlebot3_msgs__rosidl_typesupport_introspection_c[0m
[1.865s] [ 45%] [32mBuilding CXX object CMakeFiles/turtlebot3_msgs__rosidl_typesupport_c.dir/rosidl_typesupport_c/turtlebot3_msgs/srv/dqn__type_support.cpp.o[0m
[1.884s] [ 46%] [32mBuilding C object CMakeFiles/turtlebot3_msgs__rosidl_typesupport_introspection_c.dir/rosidl_typesupport_introspection_c/turtlebot3_msgs/msg/detail/sensor_state__type_support.c.o[0m
[1.896s] [ 47%] [32m[1mLinking CXX shared library libturtlebot3_msgs__rosidl_typesupport_cpp.so[0m
[1.898s] [ 49%] [32mBuilding CXX object CMakeFiles/turtlebot3_msgs__rosidl_typesupport_c.dir/rosidl_typesupport_c/turtlebot3_msgs/action/patrol__type_support.cpp.o[0m
[1.901s] [ 50%] [32mBuilding C object CMakeFiles/turtlebot3_msgs__rosidl_typesupport_introspection_c.dir/rosidl_typesupport_introspection_c/turtlebot3_msgs/msg/detail/sound__type_support.c.o[0m
[1.923s] [ 52%] [32mBuilding C object CMakeFiles/turtlebot3_msgs__rosidl_typesupport_introspection_c.dir/rosidl_typesupport_introspection_c/turtlebot3_msgs/msg/detail/version_info__type_support.c.o[0m
[1.932s] [ 53%] [32mBuilding C object CMakeFiles/turtlebot3_msgs__rosidl_typesupport_introspection_c.dir/rosidl_typesupport_introspection_c/turtlebot3_msgs/srv/detail/sound__type_support.c.o[0m
[1.943s] [ 54%] [32mBuilding C object CMakeFiles/turtlebot3_msgs__rosidl_typesupport_introspection_c.dir/rosidl_typesupport_introspection_c/turtlebot3_msgs/srv/detail/dqn__type_support.c.o[0m
[1.954s] [ 56%] [32m[1mLinking CXX shared library libturtlebot3_msgs__rosidl_typesupport_c.so[0m
[1.971s] [ 57%] [32mBuilding CXX object CMakeFiles/turtlebot3_msgs__rosidl_typesupport_fastrtps_cpp.dir/rosidl_typesupport_fastrtps_cpp/turtlebot3_msgs/srv/detail/dds_fastrtps/dqn__type_support.cpp.o[0m
[1.975s] [ 57%] Built target turtlebot3_msgs__rosidl_typesupport_cpp
[1.976s] [ 59%] [32mBuilding C object CMakeFiles/turtlebot3_msgs__rosidl_typesupport_introspection_c.dir/rosidl_typesupport_introspection_c/turtlebot3_msgs/action/detail/patrol__type_support.c.o[0m
[1.986s] [ 60%] [32mBuilding CXX object CMakeFiles/turtlebot3_msgs__rosidl_typesupport_introspection_cpp.dir/rosidl_typesupport_introspection_cpp/turtlebot3_msgs/srv/detail/sound__type_support.cpp.o[0m
[1.986s] [ 61%] [32mBuilding CXX object CMakeFiles/turtlebot3_msgs__rosidl_typesupport_fastrtps_cpp.dir/rosidl_typesupport_fastrtps_cpp/turtlebot3_msgs/action/detail/dds_fastrtps/patrol__type_support.cpp.o[0m
[1.994s] [ 63%] [32mBuilding CXX object CMakeFiles/turtlebot3_msgs__rosidl_typesupport_introspection_cpp.dir/rosidl_typesupport_introspection_cpp/turtlebot3_msgs/srv/detail/dqn__type_support.cpp.o[0m
[2.011s] [ 63%] Built target turtlebot3_msgs__rosidl_typesupport_c
[2.029s] [ 64%] [32m[1mLinking C shared library libturtlebot3_msgs__rosidl_typesupport_introspection_c.so[0m
[2.030s] [ 66%] [32mBuilding CXX object CMakeFiles/turtlebot3_msgs__rosidl_typesupport_introspection_cpp.dir/rosidl_typesupport_introspection_cpp/turtlebot3_msgs/action/detail/patrol__type_support.cpp.o[0m
[2.066s] [ 66%] Built target turtlebot3_msgs__rosidl_typesupport_introspection_c
[2.332s] [ 67%] [32m[1mLinking CXX shared library libturtlebot3_msgs__rosidl_typesupport_introspection_cpp.so[0m
[2.373s] [ 69%] [32m[1mLinking CXX shared library libturtlebot3_msgs__rosidl_typesupport_fastrtps_cpp.so[0m
[2.383s] [ 69%] Built target turtlebot3_msgs__rosidl_typesupport_introspection_cpp
[2.449s] [ 69%] Built target turtlebot3_msgs__rosidl_typesupport_fastrtps_cpp
[2.456s] [ 70%] [34m[1mGenerating C type support for eProsima Fast-RTPS[0m
[2.922s] [35m[1mScanning dependencies of target turtlebot3_msgs__rosidl_typesupport_fastrtps_c[0m
[2.939s] [ 74%] [32mBuilding CXX object CMakeFiles/turtlebot3_msgs__rosidl_typesupport_fastrtps_c.dir/rosidl_typesupport_fastrtps_c/turtlebot3_msgs/msg/detail/sensor_state__type_support_c.cpp.o[0m
[2.939s] [ 74%] [32mBuilding CXX object CMakeFiles/turtlebot3_msgs__rosidl_typesupport_fastrtps_c.dir/rosidl_typesupport_fastrtps_c/turtlebot3_msgs/srv/detail/sound__type_support_c.cpp.o[0m
[2.939s] [ 74%] [32mBuilding CXX object CMakeFiles/turtlebot3_msgs__rosidl_typesupport_fastrtps_c.dir/rosidl_typesupport_fastrtps_c/turtlebot3_msgs/msg/detail/version_info__type_support_c.cpp.o[0m
[2.940s] [ 76%] [32mBuilding CXX object CMakeFiles/turtlebot3_msgs__rosidl_typesupport_fastrtps_c.dir/rosidl_typesupport_fastrtps_c/turtlebot3_msgs/msg/detail/sound__type_support_c.cpp.o[0m
[2.941s] [ 77%] [32mBuilding CXX object CMakeFiles/turtlebot3_msgs__rosidl_typesupport_fastrtps_c.dir/rosidl_typesupport_fastrtps_c/turtlebot3_msgs/srv/detail/dqn__type_support_c.cpp.o[0m
[2.941s] [ 78%] [32mBuilding CXX object CMakeFiles/turtlebot3_msgs__rosidl_typesupport_fastrtps_c.dir/rosidl_typesupport_fastrtps_c/turtlebot3_msgs/action/detail/patrol__type_support_c.cpp.o[0m
[3.284s] [ 80%] [32m[1mLinking CXX shared library libturtlebot3_msgs__rosidl_typesupport_fastrtps_c.so[0m
[3.340s] [ 80%] Built target turtlebot3_msgs__rosidl_typesupport_fastrtps_c
[3.346s] [35m[1mScanning dependencies of target turtlebot3_msgs[0m
[3.353s] [ 80%] Built target turtlebot3_msgs
[3.359s] [35m[1mScanning dependencies of target turtlebot3_msgs__py[0m
[3.366s] [ 81%] [34m[1mGenerating Python code for ROS interfaces[0m
[4.416s] [ 81%] Built target turtlebot3_msgs__py
[4.423s] [35m[1mScanning dependencies of target turtlebot3_msgs__python[0m
[4.452s] [ 87%] [32mBuilding C object CMakeFiles/turtlebot3_msgs__python.dir/rosidl_generator_py/turtlebot3_msgs/srv/_dqn_s.c.o[0m
[4.452s] [ 87%] [32mBuilding C object CMakeFiles/turtlebot3_msgs__python.dir/rosidl_generator_py/turtlebot3_msgs/srv/_sound_s.c.o[0m
[4.452s] [ 87%] [32mBuilding C object CMakeFiles/turtlebot3_msgs__python.dir/rosidl_generator_py/turtlebot3_msgs/msg/_sensor_state_s.c.o[0m
[4.452s] [ 87%] [32mBuilding C object CMakeFiles/turtlebot3_msgs__python.dir/rosidl_generator_py/turtlebot3_msgs/msg/_version_info_s.c.o[0m
[4.453s] [ 88%] [32mBuilding C object CMakeFiles/turtlebot3_msgs__python.dir/rosidl_generator_py/turtlebot3_msgs/msg/_sound_s.c.o[0m
[4.454s] [ 90%] [32mBuilding C object CMakeFiles/turtlebot3_msgs__python.dir/rosidl_generator_py/turtlebot3_msgs/action/_patrol_s.c.o[0m
[4.541s] [ 91%] [32m[1mLinking C shared library rosidl_generator_py/turtlebot3_msgs/libturtlebot3_msgs__python.so[0m
[4.571s] [ 91%] Built target turtlebot3_msgs__python
[4.578s] [35m[1mScanning dependencies of target turtlebot3_msgs__rosidl_typesupport_introspection_c__pyext[0m
[4.578s] [35m[1mScanning dependencies of target turtlebot3_msgs__rosidl_typesupport_c__pyext[0m
[4.578s] [35m[1mScanning dependencies of target turtlebot3_msgs__rosidl_typesupport_fastrtps_c__pyext[0m
[4.590s] [ 95%] [32mBuilding C object CMakeFiles/turtlebot3_msgs__rosidl_typesupport_fastrtps_c__pyext.dir/rosidl_generator_py/turtlebot3_msgs/_turtlebot3_msgs_s.ep.rosidl_typesupport_fastrtps_c.c.o[0m
[4.590s] [ 95%] [32mBuilding C object CMakeFiles/turtlebot3_msgs__rosidl_typesupport_introspection_c__pyext.dir/rosidl_generator_py/turtlebot3_msgs/_turtlebot3_msgs_s.ep.rosidl_typesupport_introspection_c.c.o[0m
[4.590s] [ 95%] [32mBuilding C object CMakeFiles/turtlebot3_msgs__rosidl_typesupport_c__pyext.dir/rosidl_generator_py/turtlebot3_msgs/_turtlebot3_msgs_s.ep.rosidl_typesupport_c.c.o[0m
[4.668s] [100%] [32m[1mLinking CXX shared library rosidl_generator_py/turtlebot3_msgs/turtlebot3_msgs_s__rosidl_typesupport_fastrtps_c.cpython-38-x86_64-linux-gnu.so[0m
[4.668s] [100%] [32m[1mLinking C shared library rosidl_generator_py/turtlebot3_msgs/turtlebot3_msgs_s__rosidl_typesupport_c.cpython-38-x86_64-linux-gnu.so[0m
[4.669s] [100%] [32m[1mLinking C shared library rosidl_generator_py/turtlebot3_msgs/turtlebot3_msgs_s__rosidl_typesupport_introspection_c.cpython-38-x86_64-linux-gnu.so[0m
[4.695s] [100%] Built target turtlebot3_msgs__rosidl_typesupport_introspection_c__pyext
[4.695s] [100%] Built target turtlebot3_msgs__rosidl_typesupport_c__pyext
[4.713s] [100%] Built target turtlebot3_msgs__rosidl_typesupport_fastrtps_c__pyext
