[0.076s] Invoking command in '/home/lorena/my_ros2_ws/build/turtlebot3_description': CMAKE_PREFIX_PATH=${CMAKE_PREFIX_PATH}:/home/lorena/my_ros2_ws/install/turtlebot3_teleop:/home/lorena/my_ros2_ws/install/turtlebot3_example:/home/lorena/my_ros2_ws/install/control_pkg:/opt/ros/foxy /usr/bin/cmake --build /home/lorena/my_ros2_ws/build/turtlebot3_description -- -j12 -l12
[0.652s] -- The C compiler identification is GNU 9.4.0
[0.653s] -- The CXX compiler identification is GNU 9.4.0
[0.654s] -- Detecting C compiler ABI info
[0.654s] -- Detecting C compiler ABI info - done
[0.654s] -- Check for working C compiler: /usr/bin/cc - skipped
[0.654s] -- Detecting C compile features
[0.654s] -- Detecting C compile features - done
[0.654s] -- Detecting CXX compiler ABI info
[0.654s] -- Detecting CXX compiler ABI info - done
[0.654s] -- Check for working CXX compiler: /usr/bin/c++ - skipped
[0.654s] -- Detecting CXX compile features
[0.654s] -- Detecting CXX compile features - done
[0.654s] -- Found ament_cmake: 0.9.11 (/opt/ros/foxy/share/ament_cmake/cmake)
[0.654s] -- Using PYTHON_EXECUTABLE: /usr/bin/python3
[0.734s] -- Found urdf: 2.4.0 (/opt/ros/foxy/share/urdf/cmake)
[0.827s] -- Configuring done (0.7s)
[0.844s] -- Generating done (0.0s)
[0.845s] -- Build files have been written to: /home/lorena/my_ros2_ws/build/turtlebot3_description
[0.889s] Invoked command in '/home/lorena/my_ros2_ws/build/turtlebot3_description' returned '0': CMAKE_PREFIX_PATH=${CMAKE_PREFIX_PATH}:/home/lorena/my_ros2_ws/install/turtlebot3_teleop:/home/lorena/my_ros2_ws/install/turtlebot3_example:/home/lorena/my_ros2_ws/install/control_pkg:/opt/ros/foxy /usr/bin/cmake --build /home/lorena/my_ros2_ws/build/turtlebot3_description -- -j12 -l12
[1.002s] Invoking command in '/home/lorena/my_ros2_ws/build/turtlebot3_description': CMAKE_PREFIX_PATH=${CMAKE_PREFIX_PATH}:/home/lorena/my_ros2_ws/install/turtlebot3_teleop:/home/lorena/my_ros2_ws/install/turtlebot3_example:/home/lorena/my_ros2_ws/install/control_pkg:/opt/ros/foxy /usr/bin/cmake --install /home/lorena/my_ros2_ws/build/turtlebot3_description
[1.037s] -- Install configuration: ""
[1.038s] -- Up-to-date: /home/lorena/my_ros2_ws/install/turtlebot3_description/share/turtlebot3_description/meshes
[1.038s] -- Up-to-date: /home/lorena/my_ros2_ws/install/turtlebot3_description/share/turtlebot3_description/meshes/wheels
[1.042s] -- Up-to-date: /home/lorena/my_ros2_ws/install/turtlebot3_description/share/turtlebot3_description/meshes/wheels/right_tire.stl
[1.042s] -- Up-to-date: /home/lorena/my_ros2_ws/install/turtlebot3_description/share/turtlebot3_description/meshes/wheels/left_tire.stl
[1.042s] -- Up-to-date: /home/lorena/my_ros2_ws/install/turtlebot3_description/share/turtlebot3_description/meshes/sensors
[1.042s] -- Up-to-date: /home/lorena/my_ros2_ws/install/turtlebot3_description/share/turtlebot3_description/meshes/sensors/astra.dae
[1.042s] -- Up-to-date: /home/lorena/my_ros2_ws/install/turtlebot3_description/share/turtlebot3_description/meshes/sensors/lds.stl
[1.042s] -- Up-to-date: /home/lorena/my_ros2_ws/install/turtlebot3_description/share/turtlebot3_description/meshes/sensors/r200.jpg
[1.042s] -- Up-to-date: /home/lorena/my_ros2_ws/install/turtlebot3_description/share/turtlebot3_description/meshes/sensors/astra.jpg
[1.042s] -- Up-to-date: /home/lorena/my_ros2_ws/install/turtlebot3_description/share/turtlebot3_description/meshes/sensors/r200.dae
[1.042s] -- Up-to-date: /home/lorena/my_ros2_ws/install/turtlebot3_description/share/turtlebot3_description/meshes/bases
[1.042s] -- Up-to-date: /home/lorena/my_ros2_ws/install/turtlebot3_description/share/turtlebot3_description/meshes/bases/waffle_base.stl
[1.043s] -- Up-to-date: /home/lorena/my_ros2_ws/install/turtlebot3_description/share/turtlebot3_description/meshes/bases/waffle_pi_base.stl
[1.043s] -- Up-to-date: /home/lorena/my_ros2_ws/install/turtlebot3_description/share/turtlebot3_description/meshes/bases/burger_base.stl
[1.043s] -- Up-to-date: /home/lorena/my_ros2_ws/install/turtlebot3_description/share/turtlebot3_description/rviz
[1.043s] -- Up-to-date: /home/lorena/my_ros2_ws/install/turtlebot3_description/share/turtlebot3_description/rviz/model.rviz
[1.043s] -- Up-to-date: /home/lorena/my_ros2_ws/install/turtlebot3_description/share/turtlebot3_description/urdf
[1.043s] -- Up-to-date: /home/lorena/my_ros2_ws/install/turtlebot3_description/share/turtlebot3_description/urdf/turtlebot3_waffle.urdf
[1.043s] -- Up-to-date: /home/lorena/my_ros2_ws/install/turtlebot3_description/share/turtlebot3_description/urdf/turtlebot3_burger.urdf
[1.043s] -- Up-to-date: /home/lorena/my_ros2_ws/install/turtlebot3_description/share/turtlebot3_description/urdf/turtlebot3_waffle_pi.urdf
[1.043s] -- Up-to-date: /home/lorena/my_ros2_ws/install/turtlebot3_description/share/turtlebot3_description/urdf/common_properties.urdf
[1.044s] -- Up-to-date: /home/lorena/my_ros2_ws/install/turtlebot3_description/share/ament_index/resource_index/package_run_dependencies/turtlebot3_description
[1.044s] -- Installing: /home/lorena/my_ros2_ws/install/turtlebot3_description/share/ament_index/resource_index/parent_prefix_path/turtlebot3_description
[1.044s] -- Up-to-date: /home/lorena/my_ros2_ws/install/turtlebot3_description/share/turtlebot3_description/environment/ament_prefix_path.sh
[1.044s] -- Installing: /home/lorena/my_ros2_ws/install/turtlebot3_description/share/turtlebot3_description/environment/ament_prefix_path.dsv
[1.044s] -- Up-to-date: /home/lorena/my_ros2_ws/install/turtlebot3_description/share/turtlebot3_description/environment/path.sh
[1.044s] -- Installing: /home/lorena/my_ros2_ws/install/turtlebot3_description/share/turtlebot3_description/environment/path.dsv
[1.045s] -- Up-to-date: /home/lorena/my_ros2_ws/install/turtlebot3_description/share/turtlebot3_description/local_setup.bash
[1.045s] -- Up-to-date: /home/lorena/my_ros2_ws/install/turtlebot3_description/share/turtlebot3_description/local_setup.sh
[1.045s] -- Up-to-date: /home/lorena/my_ros2_ws/install/turtlebot3_description/share/turtlebot3_description/local_setup.zsh
[1.045s] -- Installing: /home/lorena/my_ros2_ws/install/turtlebot3_description/share/turtlebot3_description/local_setup.dsv
[1.045s] -- Installing: /home/lorena/my_ros2_ws/install/turtlebot3_description/share/turtlebot3_description/package.dsv
[1.045s] -- Up-to-date: /home/lorena/my_ros2_ws/install/turtlebot3_description/share/ament_index/resource_index/packages/turtlebot3_description
[1.045s] -- Up-to-date: /home/lorena/my_ros2_ws/install/turtlebot3_description/share/turtlebot3_description/cmake/turtlebot3_descriptionConfig.cmake
[1.045s] -- Up-to-date: /home/lorena/my_ros2_ws/install/turtlebot3_description/share/turtlebot3_description/cmake/turtlebot3_descriptionConfig-version.cmake
[1.045s] -- Up-to-date: /home/lorena/my_ros2_ws/install/turtlebot3_description/share/turtlebot3_description/package.xml
[1.066s] Invoked command in '/home/lorena/my_ros2_ws/build/turtlebot3_description' returned '0': CMAKE_PREFIX_PATH=${CMAKE_PREFIX_PATH}:/home/lorena/my_ros2_ws/install/turtlebot3_teleop:/home/lorena/my_ros2_ws/install/turtlebot3_example:/home/lorena/my_ros2_ws/install/control_pkg:/opt/ros/foxy /usr/bin/cmake --install /home/lorena/my_ros2_ws/build/turtlebot3_description
