[0.808s] Invoking command in '/home/lorena/my_ros2_ws/src/turtlebot3/turtlebot3_teleop': PYTHONPATH=/home/lorena/my_ros2_ws/build/turtlebot3_teleop/prefix_override:/home/lorena/my_ros2_ws/install/turtlebot3_teleop/lib/python3.8/site-packages:${PYTHONPATH} /usr/bin/python3 setup.py egg_info --egg-base ../../../build/turtlebot3_teleop build --build-base /home/lorena/my_ros2_ws/build/turtlebot3_teleop/build install --record /home/lorena/my_ros2_ws/build/turtlebot3_teleop/install.log --single-version-externally-managed
[0.972s] running egg_info
[0.972s] writing ../../../build/turtlebot3_teleop/turtlebot3_teleop.egg-info/PKG-INFO
[0.972s] writing dependency_links to ../../../build/turtlebot3_teleop/turtlebot3_teleop.egg-info/dependency_links.txt
[0.972s] writing entry points to ../../../build/turtlebot3_teleop/turtlebot3_teleop.egg-info/entry_points.txt
[0.972s] writing requirements to ../../../build/turtlebot3_teleop/turtlebot3_teleop.egg-info/requires.txt
[0.972s] writing top-level names to ../../../build/turtlebot3_teleop/turtlebot3_teleop.egg-info/top_level.txt
[0.997s] reading manifest file '../../../build/turtlebot3_teleop/turtlebot3_teleop.egg-info/SOURCES.txt'
[0.998s] writing manifest file '../../../build/turtlebot3_teleop/turtlebot3_teleop.egg-info/SOURCES.txt'
[0.998s] running build
[0.999s] running build_py
[0.999s] running install
[0.999s] running install_lib
[0.999s] running install_data
[0.999s] running install_egg_info
[1.003s] removing '/home/lorena/my_ros2_ws/install/turtlebot3_teleop/lib/python3.8/site-packages/turtlebot3_teleop-2.1.4-py3.8.egg-info' (and everything under it)
[1.004s] Copying ../../../build/turtlebot3_teleop/turtlebot3_teleop.egg-info to /home/lorena/my_ros2_ws/install/turtlebot3_teleop/lib/python3.8/site-packages/turtlebot3_teleop-2.1.4-py3.8.egg-info
[1.006s] running install_scripts
[1.014s] Installing teleop_keyboard script to /home/lorena/my_ros2_ws/install/turtlebot3_teleop/lib/turtlebot3_teleop
[1.015s] writing list of installed files to '/home/lorena/my_ros2_ws/build/turtlebot3_teleop/install.log'
[1.039s] Invoked command in '/home/lorena/my_ros2_ws/src/turtlebot3/turtlebot3_teleop' returned '0': PYTHONPATH=/home/lorena/my_ros2_ws/build/turtlebot3_teleop/prefix_override:/home/lorena/my_ros2_ws/install/turtlebot3_teleop/lib/python3.8/site-packages:${PYTHONPATH} /usr/bin/python3 setup.py egg_info --egg-base ../../../build/turtlebot3_teleop build --build-base /home/lorena/my_ros2_ws/build/turtlebot3_teleop/build install --record /home/lorena/my_ros2_ws/build/turtlebot3_teleop/install.log --single-version-externally-managed
