[0.266s] Invoking command in '/home/lorena/my_ros2_ws/build/MYROBOT_gazebo': CMAKE_PREFIX_PATH=${CMAKE_PREFIX_PATH}:/home/lorena/my_ros2_ws/install/turtlebot3_teleop:/home/lorena/my_ros2_ws/install/turtlebot3_example:/home/lorena/my_ros2_ws/install/control_pkg:/opt/ros/foxy /usr/bin/cmake --build /home/lorena/my_ros2_ws/build/MYROBOT_gazebo -- -j12 -l12
[0.469s] Invoked command in '/home/lorena/my_ros2_ws/build/MYROBOT_gazebo' returned '0': CMAKE_PREFIX_PATH=${CMAKE_PREFIX_PATH}:/home/lorena/my_ros2_ws/install/turtlebot3_teleop:/home/lorena/my_ros2_ws/install/turtlebot3_example:/home/lorena/my_ros2_ws/install/control_pkg:/opt/ros/foxy /usr/bin/cmake --build /home/lorena/my_ros2_ws/build/MYROBOT_gazebo -- -j12 -l12
[0.549s] Invoking command in '/home/lorena/my_ros2_ws/build/MYROBOT_gazebo': CMAKE_PREFIX_PATH=${CMAKE_PREFIX_PATH}:/home/lorena/my_ros2_ws/install/turtlebot3_teleop:/home/lorena/my_ros2_ws/install/turtlebot3_example:/home/lorena/my_ros2_ws/install/control_pkg:/opt/ros/foxy /usr/bin/cmake --install /home/lorena/my_ros2_ws/build/MYROBOT_gazebo
[0.578s] -- Install configuration: ""
[0.578s] -- Up-to-date: /home/lorena/my_ros2_ws/install/MYROBOT_gazebo/share/MYROBOT_gazebo/worlds
[0.578s] -- Installing: /home/lorena/my_ros2_ws/install/MYROBOT_gazebo/share/MYROBOT_gazebo/worlds/MYROBOT.world
[0.578s] -- Up-to-date: /home/lorena/my_ros2_ws/install/MYROBOT_gazebo/share/MYROBOT_gazebo/launch
[0.578s] -- Up-to-date: /home/lorena/my_ros2_ws/install/MYROBOT_gazebo/share/MYROBOT_gazebo/launch/gazebo.launch.py
[0.578s] -- Installing: /home/lorena/my_ros2_ws/install/MYROBOT_gazebo/share/MYROBOT_gazebo/launch/MYROBOT.launch.py
[0.578s] -- Up-to-date: /home/lorena/my_ros2_ws/install/MYROBOT_gazebo/share/ament_index/resource_index/package_run_dependencies/MYROBOT_gazebo
[0.578s] -- Up-to-date: /home/lorena/my_ros2_ws/install/MYROBOT_gazebo/share/ament_index/resource_index/parent_prefix_path/MYROBOT_gazebo
[0.578s] -- Up-to-date: /home/lorena/my_ros2_ws/install/MYROBOT_gazebo/share/MYROBOT_gazebo/environment/ament_prefix_path.sh
[0.578s] -- Up-to-date: /home/lorena/my_ros2_ws/install/MYROBOT_gazebo/share/MYROBOT_gazebo/environment/ament_prefix_path.dsv
[0.578s] -- Up-to-date: /home/lorena/my_ros2_ws/install/MYROBOT_gazebo/share/MYROBOT_gazebo/environment/path.sh
[0.578s] -- Up-to-date: /home/lorena/my_ros2_ws/install/MYROBOT_gazebo/share/MYROBOT_gazebo/environment/path.dsv
[0.578s] -- Up-to-date: /home/lorena/my_ros2_ws/install/MYROBOT_gazebo/share/MYROBOT_gazebo/local_setup.bash
[0.578s] -- Up-to-date: /home/lorena/my_ros2_ws/install/MYROBOT_gazebo/share/MYROBOT_gazebo/local_setup.sh
[0.579s] -- Up-to-date: /home/lorena/my_ros2_ws/install/MYROBOT_gazebo/share/MYROBOT_gazebo/local_setup.zsh
[0.579s] -- Up-to-date: /home/lorena/my_ros2_ws/install/MYROBOT_gazebo/share/MYROBOT_gazebo/local_setup.dsv
[0.579s] -- Installing: /home/lorena/my_ros2_ws/install/MYROBOT_gazebo/share/MYROBOT_gazebo/package.dsv
[0.579s] -- Up-to-date: /home/lorena/my_ros2_ws/install/MYROBOT_gazebo/share/ament_index/resource_index/packages/MYROBOT_gazebo
[0.579s] -- Up-to-date: /home/lorena/my_ros2_ws/install/MYROBOT_gazebo/share/MYROBOT_gazebo/cmake/MYROBOT_gazeboConfig.cmake
[0.579s] -- Up-to-date: /home/lorena/my_ros2_ws/install/MYROBOT_gazebo/share/MYROBOT_gazebo/cmake/MYROBOT_gazeboConfig-version.cmake
[0.579s] -- Up-to-date: /home/lorena/my_ros2_ws/install/MYROBOT_gazebo/share/MYROBOT_gazebo/package.xml
[0.626s] Invoked command in '/home/lorena/my_ros2_ws/build/MYROBOT_gazebo' returned '0': CMAKE_PREFIX_PATH=${CMAKE_PREFIX_PATH}:/home/lorena/my_ros2_ws/install/turtlebot3_teleop:/home/lorena/my_ros2_ws/install/turtlebot3_example:/home/lorena/my_ros2_ws/install/control_pkg:/opt/ros/foxy /usr/bin/cmake --install /home/lorena/my_ros2_ws/build/MYROBOT_gazebo
