[0.053s] Invoking command in '/home/lorena/my_ros2_ws/build/turtlebot3_description': CMAKE_PREFIX_PATH=/opt/ros/foxy /usr/bin/cmake /home/lorena/my_ros2_ws/src/turtlebot3/turtlebot3_description -DCMAKE_INSTALL_PREFIX=/home/lorena/my_ros2_ws/install/turtlebot3_description
[0.525s] -- The C compiler identification is GNU 9.4.0
[0.525s] -- The CXX compiler identification is GNU 9.4.0
[0.526s] -- Check for working C compiler: /usr/bin/cc
[0.527s] -- Check for working C compiler: /usr/bin/cc -- works
[0.527s] -- Detecting C compiler ABI info
[0.527s] -- Detecting C compiler ABI info - done
[0.527s] -- Detecting C compile features
[0.527s] -- Detecting C compile features - done
[0.527s] -- Check for working CXX compiler: /usr/bin/c++
[0.528s] -- Check for working CXX compiler: /usr/bin/c++ -- works
[0.528s] -- Detecting CXX compiler ABI info
[0.528s] -- Detecting CXX compiler ABI info - done
[0.530s] -- Detecting CXX compile features
[0.531s] -- Detecting CXX compile features - done
[0.531s] -- Found ament_cmake: 0.9.11 (/opt/ros/foxy/share/ament_cmake/cmake)
[0.531s] -- Found PythonInterp: /usr/bin/python3 (found suitable version "3.8.10", minimum required is "3") 
[0.531s] -- Using PYTHON_EXECUTABLE: /usr/bin/python3
[0.670s] -- Found urdf: 2.4.0 (/opt/ros/foxy/share/urdf/cmake)
[0.777s] -- Configuring done
[0.779s] -- Generating done
[0.780s] -- Build files have been written to: /home/lorena/my_ros2_ws/build/turtlebot3_description
[0.790s] Invoked command in '/home/lorena/my_ros2_ws/build/turtlebot3_description' returned '0': CMAKE_PREFIX_PATH=/opt/ros/foxy /usr/bin/cmake /home/lorena/my_ros2_ws/src/turtlebot3/turtlebot3_description -DCMAKE_INSTALL_PREFIX=/home/lorena/my_ros2_ws/install/turtlebot3_description
[0.794s] Invoking command in '/home/lorena/my_ros2_ws/build/turtlebot3_description': CMAKE_PREFIX_PATH=/opt/ros/foxy /usr/bin/cmake --build /home/lorena/my_ros2_ws/build/turtlebot3_description -- -j12 -l12
[0.883s] Invoked command in '/home/lorena/my_ros2_ws/build/turtlebot3_description' returned '0': CMAKE_PREFIX_PATH=/opt/ros/foxy /usr/bin/cmake --build /home/lorena/my_ros2_ws/build/turtlebot3_description -- -j12 -l12
[0.966s] Invoking command in '/home/lorena/my_ros2_ws/build/turtlebot3_description': CMAKE_PREFIX_PATH=/opt/ros/foxy /usr/bin/cmake --install /home/lorena/my_ros2_ws/build/turtlebot3_description
[1.018s] -- Install configuration: ""
[1.019s] -- Installing: /home/lorena/my_ros2_ws/install/turtlebot3_description/share/turtlebot3_description/meshes
[1.019s] -- Installing: /home/lorena/my_ros2_ws/install/turtlebot3_description/share/turtlebot3_description/meshes/wheels
[1.019s] -- Installing: /home/lorena/my_ros2_ws/install/turtlebot3_description/share/turtlebot3_description/meshes/wheels/right_tire.stl
[1.019s] -- Installing: /home/lorena/my_ros2_ws/install/turtlebot3_description/share/turtlebot3_description/meshes/wheels/left_tire.stl
[1.019s] -- Installing: /home/lorena/my_ros2_ws/install/turtlebot3_description/share/turtlebot3_description/meshes/sensors
[1.019s] -- Installing: /home/lorena/my_ros2_ws/install/turtlebot3_description/share/turtlebot3_description/meshes/sensors/astra.dae
[1.038s] -- Installing: /home/lorena/my_ros2_ws/install/turtlebot3_description/share/turtlebot3_description/meshes/sensors/lds.stl
[1.042s] -- Installing: /home/lorena/my_ros2_ws/install/turtlebot3_description/share/turtlebot3_description/meshes/sensors/r200.jpg
[1.043s] -- Installing: /home/lorena/my_ros2_ws/install/turtlebot3_description/share/turtlebot3_description/meshes/sensors/astra.jpg
[1.043s] -- Installing: /home/lorena/my_ros2_ws/install/turtlebot3_description/share/turtlebot3_description/meshes/sensors/r200.dae
[1.043s] -- Installing: /home/lorena/my_ros2_ws/install/turtlebot3_description/share/turtlebot3_description/meshes/bases
[1.043s] -- Installing: /home/lorena/my_ros2_ws/install/turtlebot3_description/share/turtlebot3_description/meshes/bases/waffle_base.stl
[1.069s] -- Installing: /home/lorena/my_ros2_ws/install/turtlebot3_description/share/turtlebot3_description/meshes/bases/waffle_pi_base.stl
[1.081s] -- Installing: /home/lorena/my_ros2_ws/install/turtlebot3_description/share/turtlebot3_description/meshes/bases/burger_base.stl
[1.092s] -- Installing: /home/lorena/my_ros2_ws/install/turtlebot3_description/share/turtlebot3_description/rviz
[1.092s] -- Installing: /home/lorena/my_ros2_ws/install/turtlebot3_description/share/turtlebot3_description/rviz/model.rviz
[1.093s] -- Installing: /home/lorena/my_ros2_ws/install/turtlebot3_description/share/turtlebot3_description/urdf
[1.093s] -- Installing: /home/lorena/my_ros2_ws/install/turtlebot3_description/share/turtlebot3_description/urdf/turtlebot3_waffle.urdf
[1.093s] -- Installing: /home/lorena/my_ros2_ws/install/turtlebot3_description/share/turtlebot3_description/urdf/turtlebot3_burger.urdf
[1.093s] -- Installing: /home/lorena/my_ros2_ws/install/turtlebot3_description/share/turtlebot3_description/urdf/turtlebot3_waffle_pi.urdf
[1.093s] -- Installing: /home/lorena/my_ros2_ws/install/turtlebot3_description/share/turtlebot3_description/urdf/common_properties.urdf
[1.093s] -- Installing: /home/lorena/my_ros2_ws/install/turtlebot3_description/share/ament_index/resource_index/package_run_dependencies/turtlebot3_description
[1.093s] -- Installing: /home/lorena/my_ros2_ws/install/turtlebot3_description/share/ament_index/resource_index/parent_prefix_path/turtlebot3_description
[1.093s] -- Installing: /home/lorena/my_ros2_ws/install/turtlebot3_description/share/turtlebot3_description/environment/ament_prefix_path.sh
[1.093s] -- Installing: /home/lorena/my_ros2_ws/install/turtlebot3_description/share/turtlebot3_description/environment/ament_prefix_path.dsv
[1.093s] -- Installing: /home/lorena/my_ros2_ws/install/turtlebot3_description/share/turtlebot3_description/environment/path.sh
[1.093s] -- Installing: /home/lorena/my_ros2_ws/install/turtlebot3_description/share/turtlebot3_description/environment/path.dsv
[1.094s] -- Installing: /home/lorena/my_ros2_ws/install/turtlebot3_description/share/turtlebot3_description/local_setup.bash
[1.094s] -- Installing: /home/lorena/my_ros2_ws/install/turtlebot3_description/share/turtlebot3_description/local_setup.sh
[1.094s] -- Installing: /home/lorena/my_ros2_ws/install/turtlebot3_description/share/turtlebot3_description/local_setup.zsh
[1.094s] -- Installing: /home/lorena/my_ros2_ws/install/turtlebot3_description/share/turtlebot3_description/local_setup.dsv
[1.094s] -- Installing: /home/lorena/my_ros2_ws/install/turtlebot3_description/share/turtlebot3_description/package.dsv
[1.094s] -- Installing: /home/lorena/my_ros2_ws/install/turtlebot3_description/share/ament_index/resource_index/packages/turtlebot3_description
[1.094s] -- Installing: /home/lorena/my_ros2_ws/install/turtlebot3_description/share/turtlebot3_description/cmake/turtlebot3_descriptionConfig.cmake
[1.094s] -- Installing: /home/lorena/my_ros2_ws/install/turtlebot3_description/share/turtlebot3_description/cmake/turtlebot3_descriptionConfig-version.cmake
[1.094s] -- Installing: /home/lorena/my_ros2_ws/install/turtlebot3_description/share/turtlebot3_description/package.xml
[1.172s] Invoked command in '/home/lorena/my_ros2_ws/build/turtlebot3_description' returned '0': CMAKE_PREFIX_PATH=/opt/ros/foxy /usr/bin/cmake --install /home/lorena/my_ros2_ws/build/turtlebot3_description
