[0.069s] Invoking command in '/home/lorena/my_ros2_ws/build/turtlebot3_cartographer': CMAKE_PREFIX_PATH=${CMAKE_PREFIX_PATH}:/home/lorena/my_ros2_ws/install/turtlebot3_teleop:/home/lorena/my_ros2_ws/install/turtlebot3_example:/home/lorena/my_ros2_ws/install/control_pkg:/opt/ros/foxy /usr/bin/cmake --build /home/lorena/my_ros2_ws/build/turtlebot3_cartographer -- -j12 -l12
[0.643s] -- The C compiler identification is GNU 9.4.0
[0.643s] -- The CXX compiler identification is GNU 9.4.0
[0.643s] -- Detecting C compiler ABI info
[0.643s] -- Detecting C compiler ABI info - done
[0.643s] -- Check for working C compiler: /usr/bin/cc - skipped
[0.643s] -- Detecting C compile features
[0.643s] -- Detecting C compile features - done
[0.643s] -- Detecting CXX compiler ABI info
[0.643s] -- Detecting CXX compiler ABI info - done
[0.643s] -- Check for working CXX compiler: /usr/bin/c++ - skipped
[0.644s] -- Detecting CXX compile features
[0.645s] -- Detecting CXX compile features - done
[0.646s] -- Found ament_cmake: 0.9.11 (/opt/ros/foxy/share/ament_cmake/cmake)
[0.646s] -- Using PYTHON_EXECUTABLE: /usr/bin/python3
[0.782s] -- Configuring done (0.7s)
[0.789s] -- Generating done (0.0s)
[0.791s] -- Build files have been written to: /home/lorena/my_ros2_ws/build/turtlebot3_cartographer
[0.833s] Invoked command in '/home/lorena/my_ros2_ws/build/turtlebot3_cartographer' returned '0': CMAKE_PREFIX_PATH=${CMAKE_PREFIX_PATH}:/home/lorena/my_ros2_ws/install/turtlebot3_teleop:/home/lorena/my_ros2_ws/install/turtlebot3_example:/home/lorena/my_ros2_ws/install/control_pkg:/opt/ros/foxy /usr/bin/cmake --build /home/lorena/my_ros2_ws/build/turtlebot3_cartographer -- -j12 -l12
[0.938s] Invoking command in '/home/lorena/my_ros2_ws/build/turtlebot3_cartographer': CMAKE_PREFIX_PATH=${CMAKE_PREFIX_PATH}:/home/lorena/my_ros2_ws/install/turtlebot3_teleop:/home/lorena/my_ros2_ws/install/turtlebot3_example:/home/lorena/my_ros2_ws/install/control_pkg:/opt/ros/foxy /usr/bin/cmake --install /home/lorena/my_ros2_ws/build/turtlebot3_cartographer
[1.010s] -- Install configuration: ""
[1.011s] -- Up-to-date: /home/lorena/my_ros2_ws/install/turtlebot3_cartographer/share/turtlebot3_cartographer/config
[1.011s] -- Up-to-date: /home/lorena/my_ros2_ws/install/turtlebot3_cartographer/share/turtlebot3_cartographer/config/turtlebot3_lds_2d.lua
[1.011s] -- Up-to-date: /home/lorena/my_ros2_ws/install/turtlebot3_cartographer/share/turtlebot3_cartographer/launch
[1.011s] -- Up-to-date: /home/lorena/my_ros2_ws/install/turtlebot3_cartographer/share/turtlebot3_cartographer/launch/occupancy_grid.launch.py
[1.011s] -- Up-to-date: /home/lorena/my_ros2_ws/install/turtlebot3_cartographer/share/turtlebot3_cartographer/launch/cartographer.launch.py
[1.011s] -- Up-to-date: /home/lorena/my_ros2_ws/install/turtlebot3_cartographer/share/turtlebot3_cartographer/rviz
[1.011s] -- Up-to-date: /home/lorena/my_ros2_ws/install/turtlebot3_cartographer/share/turtlebot3_cartographer/rviz/tb3_cartographer.rviz
[1.011s] -- Up-to-date: /home/lorena/my_ros2_ws/install/turtlebot3_cartographer/share/ament_index/resource_index/package_run_dependencies/turtlebot3_cartographer
[1.011s] -- Installing: /home/lorena/my_ros2_ws/install/turtlebot3_cartographer/share/ament_index/resource_index/parent_prefix_path/turtlebot3_cartographer
[1.011s] -- Up-to-date: /home/lorena/my_ros2_ws/install/turtlebot3_cartographer/share/turtlebot3_cartographer/environment/ament_prefix_path.sh
[1.011s] -- Installing: /home/lorena/my_ros2_ws/install/turtlebot3_cartographer/share/turtlebot3_cartographer/environment/ament_prefix_path.dsv
[1.011s] -- Up-to-date: /home/lorena/my_ros2_ws/install/turtlebot3_cartographer/share/turtlebot3_cartographer/environment/path.sh
[1.012s] -- Installing: /home/lorena/my_ros2_ws/install/turtlebot3_cartographer/share/turtlebot3_cartographer/environment/path.dsv
[1.012s] -- Up-to-date: /home/lorena/my_ros2_ws/install/turtlebot3_cartographer/share/turtlebot3_cartographer/local_setup.bash
[1.012s] -- Up-to-date: /home/lorena/my_ros2_ws/install/turtlebot3_cartographer/share/turtlebot3_cartographer/local_setup.sh
[1.012s] -- Up-to-date: /home/lorena/my_ros2_ws/install/turtlebot3_cartographer/share/turtlebot3_cartographer/local_setup.zsh
[1.012s] -- Installing: /home/lorena/my_ros2_ws/install/turtlebot3_cartographer/share/turtlebot3_cartographer/local_setup.dsv
[1.012s] -- Installing: /home/lorena/my_ros2_ws/install/turtlebot3_cartographer/share/turtlebot3_cartographer/package.dsv
[1.012s] -- Up-to-date: /home/lorena/my_ros2_ws/install/turtlebot3_cartographer/share/ament_index/resource_index/packages/turtlebot3_cartographer
[1.012s] -- Up-to-date: /home/lorena/my_ros2_ws/install/turtlebot3_cartographer/share/turtlebot3_cartographer/cmake/turtlebot3_cartographerConfig.cmake
[1.012s] -- Up-to-date: /home/lorena/my_ros2_ws/install/turtlebot3_cartographer/share/turtlebot3_cartographer/cmake/turtlebot3_cartographerConfig-version.cmake
[1.012s] -- Up-to-date: /home/lorena/my_ros2_ws/install/turtlebot3_cartographer/share/turtlebot3_cartographer/package.xml
[1.031s] Invoked command in '/home/lorena/my_ros2_ws/build/turtlebot3_cartographer' returned '0': CMAKE_PREFIX_PATH=${CMAKE_PREFIX_PATH}:/home/lorena/my_ros2_ws/install/turtlebot3_teleop:/home/lorena/my_ros2_ws/install/turtlebot3_example:/home/lorena/my_ros2_ws/install/control_pkg:/opt/ros/foxy /usr/bin/cmake --install /home/lorena/my_ros2_ws/build/turtlebot3_cartographer
