[0.000000] (-) TimerEvent: {}
[0.000158] (-) JobUnselected: {'identifier': 'MYROBOT_description'}
[0.000254] (-) JobUnselected: {'identifier': 'MYROBOT_gazebo'}
[0.000268] (-) JobUnselected: {'identifier': 'control_pkg'}
[0.000278] (-) JobUnselected: {'identifier': 'dynamixel_sdk'}
[0.000288] (-) JobUnselected: {'identifier': 'provant_quadrotor'}
[0.000298] (-) JobUnselected: {'identifier': 'provant_quadrotor_state_publisher'}
[0.000307] (-) JobUnselected: {'identifier': 'provant_simulator_control_group_manager'}
[0.000316] (-) JobUnselected: {'identifier': 'provant_simulator_controller'}
[0.000343] (-) JobUnselected: {'identifier': 'provant_simulator_coverage'}
[0.001946] (-) JobUnselected: {'identifier': 'provant_simulator_data_logger'}
[0.002018] (-) JobUnselected: {'identifier': 'provant_simulator_disturbance_generator'}
[0.002037] (-) JobUnselected: {'identifier': 'provant_simulator_gazebo_mocks'}
[0.002051] (-) JobUnselected: {'identifier': 'provant_simulator_interfaces'}
[0.002066] (-) JobUnselected: {'identifier': 'provant_simulator_launch'}
[0.002079] (-) JobUnselected: {'identifier': 'provant_simulator_linters'}
[0.002093] (-) JobUnselected: {'identifier': 'provant_simulator_lqr_quadcopter'}
[0.002111] (-) JobUnselected: {'identifier': 'provant_simulator_reference_generator'}
[0.002124] (-) JobUnselected: {'identifier': 'provant_simulator_simulation_manager'}
[0.002138] (-) JobUnselected: {'identifier': 'provant_simulator_test_launchers'}
[0.002152] (-) JobUnselected: {'identifier': 'provant_simulator_worlds'}
[0.002165] (-) JobUnselected: {'identifier': 'provant_simulator_zoh'}
[0.002178] (-) JobUnselected: {'identifier': 'turtlebot3'}
[0.002192] (-) JobUnselected: {'identifier': 'turtlebot3_bringup'}
[0.002204] (-) JobUnselected: {'identifier': 'turtlebot3_cartographer'}
[0.002217] (-) JobUnselected: {'identifier': 'turtlebot3_description'}
[0.002230] (-) JobUnselected: {'identifier': 'turtlebot3_example'}
[0.002243] (-) JobUnselected: {'identifier': 'turtlebot3_fake_node'}
[0.002256] (-) JobUnselected: {'identifier': 'turtlebot3_gazebo'}
[0.002272] (-) JobUnselected: {'identifier': 'turtlebot3_msgs'}
[0.002285] (-) JobUnselected: {'identifier': 'turtlebot3_navigation2'}
[0.002298] (-) JobUnselected: {'identifier': 'turtlebot3_node'}
[0.002311] (-) JobUnselected: {'identifier': 'turtlebot3_simulations'}
[0.002324] (-) JobUnselected: {'identifier': 'turtlebot3_teleop'}
[0.002341] (provant_simulator_gz_plugins) JobQueued: {'identifier': 'provant_simulator_gz_plugins', 'dependencies': OrderedDict([('provant_simulator_linters', '/home/lorena/my_ros2_ws/install/provant_simulator_linters'), ('provant_simulator_interfaces', '/home/lorena/my_ros2_ws/install/provant_simulator_interfaces')])}
[0.002366] (provant_simulator_gz_plugins) JobStarted: {'identifier': 'provant_simulator_gz_plugins'}
[0.018704] (provant_simulator_gz_plugins) JobEnded: {'identifier': 'provant_simulator_gz_plugins', 'rc': 1}
[0.029622] (-) EventReactorShutdown: {}
