[0.076s] Invoking command in '/home/lorena/my_ros2_ws/build/turtlebot3_node': CMAKE_PREFIX_PATH=/home/lorena/my_ros2_ws/install/turtlebot3_msgs:/home/lorena/my_ros2_ws/install/dynamixel_sdk:/home/lorena/my_ros2_ws/install/turtlebot3:/home/lorena/my_ros2_ws/install/turtlebot3_simulations:/home/lorena/my_ros2_ws/install/turtlebot3_bringup:/home/lorena/my_ros2_ws/install/turtlebot3_node:/home/lorena/my_ros2_ws/install/turtlebot3_navigation2:/home/lorena/my_ros2_ws/install/turtlebot3_fake_node:/home/lorena/my_ros2_ws/install/turtlebot3_gazebo:/home/lorena/my_ros2_ws/install/turtlebot3_description:/home/lorena/my_ros2_ws/install/turtlebot3_cartographer:/home/lorena/my_ros2_ws/install/MYROBOT_gazebo:/home/lorena/my_ros2_ws/install/MYROBOT_description:/home/lorena/my_ros2_ws/install/turtlebot3_teleop:/home/lorena/my_ros2_ws/install/turtlebot3_example:/home/lorena/my_ros2_ws/install/control_pkg:/opt/ros/foxy PYTHONPATH=/home/lorena/my_ros2_ws/install/turtlebot3_msgs/lib/python3.8/site-packages:/home/lorena/my_ros2_ws/install/turtlebot3_teleop/lib/python3.8/site-packages:/home/lorena/my_ros2_ws/install/turtlebot3_example/lib/python3.8/site-packages:/home/lorena/my_ros2_ws/install/control_pkg/lib/python3.8/site-packages:/opt/ros/foxy/lib/python3.8/site-packages /usr/bin/cmake --build /home/lorena/my_ros2_ws/build/turtlebot3_node -- -j12 -l12
[0.285s] [ 85%] Built target turtlebot3_node_lib
[0.289s] [100%] Built target turtlebot3_ros
[0.306s] Invoked command in '/home/lorena/my_ros2_ws/build/turtlebot3_node' returned '0': CMAKE_PREFIX_PATH=/home/lorena/my_ros2_ws/install/turtlebot3_msgs:/home/lorena/my_ros2_ws/install/dynamixel_sdk:/home/lorena/my_ros2_ws/install/turtlebot3:/home/lorena/my_ros2_ws/install/turtlebot3_simulations:/home/lorena/my_ros2_ws/install/turtlebot3_bringup:/home/lorena/my_ros2_ws/install/turtlebot3_node:/home/lorena/my_ros2_ws/install/turtlebot3_navigation2:/home/lorena/my_ros2_ws/install/turtlebot3_fake_node:/home/lorena/my_ros2_ws/install/turtlebot3_gazebo:/home/lorena/my_ros2_ws/install/turtlebot3_description:/home/lorena/my_ros2_ws/install/turtlebot3_cartographer:/home/lorena/my_ros2_ws/install/MYROBOT_gazebo:/home/lorena/my_ros2_ws/install/MYROBOT_description:/home/lorena/my_ros2_ws/install/turtlebot3_teleop:/home/lorena/my_ros2_ws/install/turtlebot3_example:/home/lorena/my_ros2_ws/install/control_pkg:/opt/ros/foxy PYTHONPATH=/home/lorena/my_ros2_ws/install/turtlebot3_msgs/lib/python3.8/site-packages:/home/lorena/my_ros2_ws/install/turtlebot3_teleop/lib/python3.8/site-packages:/home/lorena/my_ros2_ws/install/turtlebot3_example/lib/python3.8/site-packages:/home/lorena/my_ros2_ws/install/control_pkg/lib/python3.8/site-packages:/opt/ros/foxy/lib/python3.8/site-packages /usr/bin/cmake --build /home/lorena/my_ros2_ws/build/turtlebot3_node -- -j12 -l12
[0.370s] Invoking command in '/home/lorena/my_ros2_ws/build/turtlebot3_node': CMAKE_PREFIX_PATH=/home/lorena/my_ros2_ws/install/turtlebot3_msgs:/home/lorena/my_ros2_ws/install/dynamixel_sdk:/home/lorena/my_ros2_ws/install/turtlebot3:/home/lorena/my_ros2_ws/install/turtlebot3_simulations:/home/lorena/my_ros2_ws/install/turtlebot3_bringup:/home/lorena/my_ros2_ws/install/turtlebot3_node:/home/lorena/my_ros2_ws/install/turtlebot3_navigation2:/home/lorena/my_ros2_ws/install/turtlebot3_fake_node:/home/lorena/my_ros2_ws/install/turtlebot3_gazebo:/home/lorena/my_ros2_ws/install/turtlebot3_description:/home/lorena/my_ros2_ws/install/turtlebot3_cartographer:/home/lorena/my_ros2_ws/install/MYROBOT_gazebo:/home/lorena/my_ros2_ws/install/MYROBOT_description:/home/lorena/my_ros2_ws/install/turtlebot3_teleop:/home/lorena/my_ros2_ws/install/turtlebot3_example:/home/lorena/my_ros2_ws/install/control_pkg:/opt/ros/foxy PYTHONPATH=/home/lorena/my_ros2_ws/install/turtlebot3_msgs/lib/python3.8/site-packages:/home/lorena/my_ros2_ws/install/turtlebot3_teleop/lib/python3.8/site-packages:/home/lorena/my_ros2_ws/install/turtlebot3_example/lib/python3.8/site-packages:/home/lorena/my_ros2_ws/install/control_pkg/lib/python3.8/site-packages:/opt/ros/foxy/lib/python3.8/site-packages /usr/bin/cmake --install /home/lorena/my_ros2_ws/build/turtlebot3_node
[0.380s] -- Install configuration: ""
[0.380s] -- Up-to-date: /home/lorena/my_ros2_ws/install/turtlebot3_node/share/turtlebot3_node/param
[0.380s] -- Up-to-date: /home/lorena/my_ros2_ws/install/turtlebot3_node/share/turtlebot3_node/param/burger.yaml
[0.380s] -- Up-to-date: /home/lorena/my_ros2_ws/install/turtlebot3_node/share/turtlebot3_node/param/waffle_pi.yaml
[0.380s] -- Up-to-date: /home/lorena/my_ros2_ws/install/turtlebot3_node/share/turtlebot3_node/param/waffle.yaml
[0.380s] -- Up-to-date: /home/lorena/my_ros2_ws/install/turtlebot3_node/lib/turtlebot3_node/turtlebot3_ros
[0.380s] -- Up-to-date: /home/lorena/my_ros2_ws/install/turtlebot3_node/share/ament_index/resource_index/package_run_dependencies/turtlebot3_node
[0.380s] -- Up-to-date: /home/lorena/my_ros2_ws/install/turtlebot3_node/share/ament_index/resource_index/parent_prefix_path/turtlebot3_node
[0.380s] -- Up-to-date: /home/lorena/my_ros2_ws/install/turtlebot3_node/share/turtlebot3_node/environment/ament_prefix_path.sh
[0.381s] -- Up-to-date: /home/lorena/my_ros2_ws/install/turtlebot3_node/share/turtlebot3_node/environment/ament_prefix_path.dsv
[0.381s] -- Up-to-date: /home/lorena/my_ros2_ws/install/turtlebot3_node/share/turtlebot3_node/environment/path.sh
[0.381s] -- Up-to-date: /home/lorena/my_ros2_ws/install/turtlebot3_node/share/turtlebot3_node/environment/path.dsv
[0.381s] -- Up-to-date: /home/lorena/my_ros2_ws/install/turtlebot3_node/share/turtlebot3_node/local_setup.bash
[0.381s] -- Up-to-date: /home/lorena/my_ros2_ws/install/turtlebot3_node/share/turtlebot3_node/local_setup.sh
[0.381s] -- Up-to-date: /home/lorena/my_ros2_ws/install/turtlebot3_node/share/turtlebot3_node/local_setup.zsh
[0.381s] -- Up-to-date: /home/lorena/my_ros2_ws/install/turtlebot3_node/share/turtlebot3_node/local_setup.dsv
[0.381s] -- Installing: /home/lorena/my_ros2_ws/install/turtlebot3_node/share/turtlebot3_node/package.dsv
[0.381s] -- Up-to-date: /home/lorena/my_ros2_ws/install/turtlebot3_node/share/ament_index/resource_index/packages/turtlebot3_node
[0.381s] -- Up-to-date: /home/lorena/my_ros2_ws/install/turtlebot3_node/share/turtlebot3_node/cmake/ament_cmake_export_include_directories-extras.cmake
[0.381s] -- Up-to-date: /home/lorena/my_ros2_ws/install/turtlebot3_node/share/turtlebot3_node/cmake/turtlebot3_nodeConfig.cmake
[0.381s] -- Up-to-date: /home/lorena/my_ros2_ws/install/turtlebot3_node/share/turtlebot3_node/cmake/turtlebot3_nodeConfig-version.cmake
[0.381s] -- Up-to-date: /home/lorena/my_ros2_ws/install/turtlebot3_node/share/turtlebot3_node/package.xml
[0.387s] Invoked command in '/home/lorena/my_ros2_ws/build/turtlebot3_node' returned '0': CMAKE_PREFIX_PATH=/home/lorena/my_ros2_ws/install/turtlebot3_msgs:/home/lorena/my_ros2_ws/install/dynamixel_sdk:/home/lorena/my_ros2_ws/install/turtlebot3:/home/lorena/my_ros2_ws/install/turtlebot3_simulations:/home/lorena/my_ros2_ws/install/turtlebot3_bringup:/home/lorena/my_ros2_ws/install/turtlebot3_node:/home/lorena/my_ros2_ws/install/turtlebot3_navigation2:/home/lorena/my_ros2_ws/install/turtlebot3_fake_node:/home/lorena/my_ros2_ws/install/turtlebot3_gazebo:/home/lorena/my_ros2_ws/install/turtlebot3_description:/home/lorena/my_ros2_ws/install/turtlebot3_cartographer:/home/lorena/my_ros2_ws/install/MYROBOT_gazebo:/home/lorena/my_ros2_ws/install/MYROBOT_description:/home/lorena/my_ros2_ws/install/turtlebot3_teleop:/home/lorena/my_ros2_ws/install/turtlebot3_example:/home/lorena/my_ros2_ws/install/control_pkg:/opt/ros/foxy PYTHONPATH=/home/lorena/my_ros2_ws/install/turtlebot3_msgs/lib/python3.8/site-packages:/home/lorena/my_ros2_ws/install/turtlebot3_teleop/lib/python3.8/site-packages:/home/lorena/my_ros2_ws/install/turtlebot3_example/lib/python3.8/site-packages:/home/lorena/my_ros2_ws/install/control_pkg/lib/python3.8/site-packages:/opt/ros/foxy/lib/python3.8/site-packages /usr/bin/cmake --install /home/lorena/my_ros2_ws/build/turtlebot3_node
