[0.243s] Invoking command in '/home/lorena/my_ros2_ws/build/MYROBOT_gazebo': CMAKE_PREFIX_PATH=/opt/ros/foxy /usr/bin/cmake /home/lorena/my_ros2_ws/src/MYROBOT_gazebo -DCMAKE_INSTALL_PREFIX=/home/lorena/my_ros2_ws/install/MYROBOT_gazebo
[0.506s] -- The C compiler identification is GNU 9.4.0
[0.507s] -- The CXX compiler identification is GNU 9.4.0
[0.507s] -- Check for working C compiler: /usr/bin/cc
[0.507s] -- Check for working C compiler: /usr/bin/cc -- works
[0.507s] -- Detecting C compiler ABI info
[0.507s] -- Detecting C compiler ABI info - done
[0.516s] -- Detecting C compile features
[0.516s] -- Detecting C compile features - done
[0.520s] -- Check for working CXX compiler: /usr/bin/c++
[0.605s] -- Check for working CXX compiler: /usr/bin/c++ -- works
[0.607s] -- Detecting CXX compiler ABI info
[0.701s] -- Detecting CXX compiler ABI info - done
[0.713s] -- Detecting CXX compile features
[0.714s] -- Detecting CXX compile features - done
[0.718s] -- Found ament_cmake: 0.9.11 (/opt/ros/foxy/share/ament_cmake/cmake)
[0.742s] -- Found PythonInterp: /usr/bin/python3 (found suitable version "3.8.10", minimum required is "3") 
[0.742s] -- Using PYTHON_EXECUTABLE: /usr/bin/python3
[1.070s] -- Found ament_lint_auto: 0.9.7 (/opt/ros/foxy/share/ament_lint_auto/cmake)
[1.129s] WARNING: Package name "MYROBOT_gazebo" does not follow the naming conventions. It should start with a lower case letter and only contain lower case letters, digits, underscores, and dashes.
[1.162s] -- Added test 'copyright' to check source files copyright and LICENSE
[1.163s] -- Added test 'lint_cmake' to check CMake code style
[1.164s] -- Added test 'xmllint' to check XML markup files
[1.166s] -- Configuring done
[1.179s] -- Generating done
[1.180s] -- Build files have been written to: /home/lorena/my_ros2_ws/build/MYROBOT_gazebo
[1.224s] Invoked command in '/home/lorena/my_ros2_ws/build/MYROBOT_gazebo' returned '0': CMAKE_PREFIX_PATH=/opt/ros/foxy /usr/bin/cmake /home/lorena/my_ros2_ws/src/MYROBOT_gazebo -DCMAKE_INSTALL_PREFIX=/home/lorena/my_ros2_ws/install/MYROBOT_gazebo
[1.229s] Invoking command in '/home/lorena/my_ros2_ws/build/MYROBOT_gazebo': CMAKE_PREFIX_PATH=/opt/ros/foxy /usr/bin/cmake --build /home/lorena/my_ros2_ws/build/MYROBOT_gazebo -- -j12 -l12
[1.276s] Invoked command in '/home/lorena/my_ros2_ws/build/MYROBOT_gazebo' returned '0': CMAKE_PREFIX_PATH=/opt/ros/foxy /usr/bin/cmake --build /home/lorena/my_ros2_ws/build/MYROBOT_gazebo -- -j12 -l12
[1.330s] Invoking command in '/home/lorena/my_ros2_ws/build/MYROBOT_gazebo': CMAKE_PREFIX_PATH=/opt/ros/foxy /usr/bin/cmake --install /home/lorena/my_ros2_ws/build/MYROBOT_gazebo
[1.338s] -- Install configuration: ""
[1.338s] -- Installing: /home/lorena/my_ros2_ws/install/MYROBOT_gazebo/share/MYROBOT_gazebo/worlds
[1.338s] -- Installing: /home/lorena/my_ros2_ws/install/MYROBOT_gazebo/share/MYROBOT_gazebo/worlds/MYROBOT.world
[1.338s] -- Installing: /home/lorena/my_ros2_ws/install/MYROBOT_gazebo/share/MYROBOT_gazebo/launch
[1.339s] -- Installing: /home/lorena/my_ros2_ws/install/MYROBOT_gazebo/share/MYROBOT_gazebo/launch/MYROBOT.launch
[1.339s] -- Installing: /home/lorena/my_ros2_ws/install/MYROBOT_gazebo/share/ament_index/resource_index/package_run_dependencies/MYROBOT_gazebo
[1.339s] -- Installing: /home/lorena/my_ros2_ws/install/MYROBOT_gazebo/share/ament_index/resource_index/parent_prefix_path/MYROBOT_gazebo
[1.339s] -- Installing: /home/lorena/my_ros2_ws/install/MYROBOT_gazebo/share/MYROBOT_gazebo/environment/ament_prefix_path.sh
[1.339s] -- Installing: /home/lorena/my_ros2_ws/install/MYROBOT_gazebo/share/MYROBOT_gazebo/environment/ament_prefix_path.dsv
[1.339s] -- Installing: /home/lorena/my_ros2_ws/install/MYROBOT_gazebo/share/MYROBOT_gazebo/environment/path.sh
[1.339s] -- Installing: /home/lorena/my_ros2_ws/install/MYROBOT_gazebo/share/MYROBOT_gazebo/environment/path.dsv
[1.340s] -- Installing: /home/lorena/my_ros2_ws/install/MYROBOT_gazebo/share/MYROBOT_gazebo/local_setup.bash
[1.340s] -- Installing: /home/lorena/my_ros2_ws/install/MYROBOT_gazebo/share/MYROBOT_gazebo/local_setup.sh
[1.340s] -- Installing: /home/lorena/my_ros2_ws/install/MYROBOT_gazebo/share/MYROBOT_gazebo/local_setup.zsh
[1.340s] -- Installing: /home/lorena/my_ros2_ws/install/MYROBOT_gazebo/share/MYROBOT_gazebo/local_setup.dsv
[1.340s] -- Installing: /home/lorena/my_ros2_ws/install/MYROBOT_gazebo/share/MYROBOT_gazebo/package.dsv
[1.340s] -- Installing: /home/lorena/my_ros2_ws/install/MYROBOT_gazebo/share/ament_index/resource_index/packages/MYROBOT_gazebo
[1.340s] -- Installing: /home/lorena/my_ros2_ws/install/MYROBOT_gazebo/share/MYROBOT_gazebo/cmake/MYROBOT_gazeboConfig.cmake
[1.340s] -- Installing: /home/lorena/my_ros2_ws/install/MYROBOT_gazebo/share/MYROBOT_gazebo/cmake/MYROBOT_gazeboConfig-version.cmake
[1.340s] -- Installing: /home/lorena/my_ros2_ws/install/MYROBOT_gazebo/share/MYROBOT_gazebo/package.xml
[1.344s] Invoked command in '/home/lorena/my_ros2_ws/build/MYROBOT_gazebo' returned '0': CMAKE_PREFIX_PATH=/opt/ros/foxy /usr/bin/cmake --install /home/lorena/my_ros2_ws/build/MYROBOT_gazebo
